# Game Session ID 
1 
### Session Start ### 
########  Status report at	 11:30:4:148 ------------------ ##### 
### Collision !!! ### 
 ########  Status report at	 11:30:4:155 ------------------ ##### 
### Collision !!! ### 
 ########  Status report at	 11:30:4:169 ------------------ ##### 
### Collision !!! ### 
 ########  Status report at	 11:30:4:186 ------------------ ##### 
### Collision !!! ### 
 ########  Status report at	 11:30:4:203 ------------------ ##### 
### Collision !!! ### 
 ########  Status report at	 11:30:4:219 ------------------ ##### 
### Collision !!! ### 
 ########  Status report at	 11:30:4:237 ------------------ ##### 
### Collision !!! ### 
 ########  Status report at	 11:30:4:253 ------------------ ##### 
### Collision !!! ### 
 ########  Status report at	 11:30:4:270 ------------------ ##### 
### Collision !!! ### 
 ########  Status report at	 11:30:4:287 ------------------ ##### 
### Collision !!! ### 
 ########  Status report at	 11:30:4:303 ------------------ ##### 
### Collision !!! ### 
 ########  Status report at	 11:30:4:320 ------------------ ##### 
### Collision !!! ### 
 ########  Status report at	 11:30:4:336 ------------------ ##### 
### Collision !!! ### 
 ########  Status report at	 11:30:4:353 ------------------ ##### 
### Collision !!! ### 
 ########  Status report at	 11:30:4:370 ------------------ ##### 
### Collision !!! ### 
 ########  Status report at	 11:30:4:387 ------------------ ##### 
### Collision !!! ### 
 ########  Status report at	 11:30:4:403 ------------------ ##### 
### Collision !!! ### 
 ########  Status report at	 11:30:4:420 ------------------ ##### 
### Collision !!! ### 
 ########  Status report at	 11:30:4:436 ------------------ ##### 
### Collision !!! ### 
 ########  Status report at	 11:30:4:453 ------------------ ##### 
### Collision !!! ### 
 ########  Status report at	 11:30:4:470 ------------------ ##### 
### Collision !!! ### 
 ########  Status report at	 11:30:4:486 ------------------ ##### 
### Collision !!! ### 
 ########  Status report at	 11:30:4:503 ------------------ ##### 
### Collision !!! ### 
 ########  Status report at	 11:30:4:519 ------------------ ##### 
### Collision !!! ### 
 ########  Status report at	 11:30:4:536 ------------------ ##### 
### Collision !!! ### 
 ########  Status report at	 11:30:4:553 ------------------ ##### 
### Collision !!! ### 
 ########  Status report at	 11:30:4:569 ------------------ ##### 
### Collision !!! ### 
 ########  Status report at	 11:30:4:586 ------------------ ##### 
### Collision !!! ### 
 ########  Status report at	 11:30:4:603 ------------------ ##### 
### Collision !!! ### 
 ########  Status report at	 11:30:4:619 ------------------ ##### 
### Collision !!! ### 
 ########  Status report at	 11:30:4:637 ------------------ ##### 
### Collision !!! ### 
 ########  Status report at	 11:30:4:653 ------------------ ##### 
### Collision !!! ### 
 ########  Status report at	 11:30:4:670 ------------------ ##### 
### Collision !!! ### 
 ########  Status report at	 11:30:4:687 ------------------ ##### 
### Collision !!! ### 
 ########  Status report at	 11:30:4:703 ------------------ ##### 
### Collision !!! ### 
 ########  Status report at	 11:30:4:720 ------------------ ##### 
### Collision !!! ### 
 ########  Status report at	 11:30:4:737 ------------------ ##### 
### Collision !!! ### 
 ########  Status report at	 11:30:4:753 ------------------ ##### 
### Collision !!! ### 
 ########  Status report at	 11:30:4:770 ------------------ ##### 
### Collision !!! ### 
 ########  Status report at	 11:30:4:786 ------------------ ##### 
### Collision !!! ### 
 ########  Status report at	 11:30:4:803 ------------------ ##### 
### Collision !!! ### 
 ########  Status report at	 11:30:4:820 ------------------ ##### 
### Collision !!! ### 
 ########  Status report at	 11:30:4:836 ------------------ ##### 
### Collision !!! ### 
 ########  Status report at	 11:30:4:853 ------------------ ##### 
### Collision !!! ### 
 ########  Status report at	 11:30:4:870 ------------------ ##### 
### Collision !!! ### 
 ########  Status report at	 11:30:4:886 ------------------ ##### 
### Collision !!! ### 
 ########  Status report at	 11:30:4:903 ------------------ ##### 
### Collision !!! ### 
 ########  Status report at	 11:30:4:920 ------------------ ##### 
### Collision !!! ### 
 ########  Status report at	 11:30:4:936 ------------------ ##### 
### Collision !!! ### 
 ########  Status report at	 11:30:4:953 ------------------ ##### 
### Collision !!! ### 
 ########  Status report at	 11:30:4:969 ------------------ ##### 
### Collision !!! ### 
 ########  Status report at	 11:30:4:986 ------------------ ##### 
### Collision !!! ### 
 ########  Status report at	 11:30:5:3 ------------------ ##### 
### Collision !!! ### 
 ########  Status report at	 11:30:5:19 ------------------ ##### 
### Collision !!! ### 
 ########  Status report at	 11:30:5:37 ------------------ ##### 
### Collision !!! ### 
 ########  Status report at	 11:30:5:53 ------------------ ##### 
### Collision !!! ### 
 ########  Status report at	 11:30:5:70 ------------------ ##### 
### Collision !!! ### 
 ########  Status report at	 11:30:5:87 ------------------ ##### 
### Collision !!! ### 
 ########  Status report at	 11:30:5:103 ------------------ ##### 
### Collision !!! ### 
 ########  Status report at	 11:30:5:120 ------------------ ##### 
### Collision !!! ### 
 ########  Status report at	 11:30:5:136 ------------------ ##### 
### Collision !!! ### 
 ########  Status report at	 11:30:5:153 ------------------ ##### 
### Collision !!! ### 
 ########  Status report at	 11:30:5:170 ------------------ ##### 
### Collision !!! ### 
 ########  Status report at	 11:30:5:186 ------------------ ##### 
### Collision !!! ### 
 ########  Status report at	 11:30:5:203 ------------------ ##### 
### Collision !!! ### 
 ########  Status report at	 11:30:5:220 ------------------ ##### 
### Collision !!! ### 
 ########  Status report at	 11:30:5:236 ------------------ ##### 
### Collision !!! ### 
 ########  Status report at	 11:30:5:253 ------------------ ##### 
### Collision !!! ### 
 ########  Status report at	 11:30:5:269 ------------------ ##### 
### Collision !!! ### 
 ########  Status report at	 11:30:5:286 ------------------ ##### 
### Collision !!! ### 
 ########  Status report at	 11:30:5:303 ------------------ ##### 
### Collision !!! ### 
 ########  Status report at	 11:30:5:319 ------------------ ##### 
### Collision !!! ### 
 ########  Status report at	 11:30:5:336 ------------------ ##### 
### Collision !!! ### 
 ########  Status report at	 11:30:5:353 ------------------ ##### 
### Collision !!! ### 
 ########  Status report at	 11:30:5:369 ------------------ ##### 
### Collision !!! ### 
 ########  Status report at	 11:30:5:387 ------------------ ##### 
### Collision !!! ### 
 ########  Status report at	 11:30:5:403 ------------------ ##### 
### Collision !!! ### 
 ########  Status report at	 11:30:5:420 ------------------ ##### 
### Collision !!! ### 
 ########  Status report at	 11:30:5:437 ------------------ ##### 
### Collision !!! ### 
 ########  Status report at	 11:30:5:453 ------------------ ##### 
### Collision !!! ### 
 ########  Status report at	 11:30:5:470 ------------------ ##### 
### Collision !!! ### 
 ########  Status report at	 11:30:5:487 ------------------ ##### 
### Collision !!! ### 
 ########  Status report at	 11:30:5:503 ------------------ ##### 
### Collision !!! ### 
 ########  Status report at	 11:30:5:520 ------------------ ##### 
### Collision !!! ### 
 ########  Status report at	 11:30:5:537 ------------------ ##### 
### Collision !!! ### 
 ########  Status report at	 11:30:5:553 ------------------ ##### 
### Collision !!! ### 
 ########  Status report at	 11:30:5:570 ------------------ ##### 
### Collision !!! ### 
 ########  Status report at	 11:30:5:586 ------------------ ##### 
### Collision !!! ### 
 ########  Status report at	 11:30:5:603 ------------------ ##### 
### Collision !!! ### 
 ########  Status report at	 11:30:5:620 ------------------ ##### 
### Collision !!! ### 
 ########  Status report at	 11:30:5:636 ------------------ ##### 
### Collision !!! ### 
 ########  Status report at	 11:30:5:653 ------------------ ##### 
### Collision !!! ### 
 ########  Status report at	 11:30:5:669 ------------------ ##### 
### Collision !!! ### 
 ########  Status report at	 11:30:5:686 ------------------ ##### 
### Collision !!! ### 
 ########  Status report at	 11:30:5:703 ------------------ ##### 
### Collision !!! ### 
 ########  Status report at	 11:30:5:719 ------------------ ##### 
### Collision !!! ### 
 ########  Status report at	 11:30:5:736 ------------------ ##### 
### Collision !!! ### 
 ########  Status report at	 11:30:5:753 ------------------ ##### 
### Collision !!! ### 
 ########  Status report at	 11:30:5:770 ------------------ ##### 
### Collision !!! ### 
 ########  Status report at	 11:30:5:787 ------------------ ##### 
### Collision !!! ### 
 ########  Status report at	 11:30:5:804 ------------------ ##### 
### Collision !!! ### 
 ########  Status report at	 11:30:5:820 ------------------ ##### 
### Collision !!! ### 
 ########  Status report at	 11:30:5:837 ------------------ ##### 
### Collision !!! ### 
 ########  Status report at	 11:30:5:853 ------------------ ##### 
### Collision !!! ### 
 ########  Status report at	 11:30:5:870 ------------------ ##### 
### Collision !!! ### 
 ########  Status report at	 11:30:5:887 ------------------ ##### 
### Collision !!! ### 
 ########  Status report at	 11:30:5:903 ------------------ ##### 
### Collision !!! ### 
 ########  Status report at	 11:30:5:920 ------------------ ##### 
### Collision !!! ### 
 ########  Status report at	 11:30:5:936 ------------------ ##### 
### Collision !!! ### 
 ########  Status report at	 11:30:5:953 ------------------ ##### 
### Collision !!! ### 
 ########  Status report at	 11:30:5:970 ------------------ ##### 
### Collision !!! ### 
 ########  Status report at	 11:30:5:986 ------------------ ##### 
### Collision !!! ### 
 ########  Status report at	 11:30:6:3 ------------------ ##### 
### Collision !!! ### 
 ########  Status report at	 11:30:13:576 ------------------ ##### 
### Collision !!! ### 
 ########  Status report at	 11:30:13:593 ------------------ ##### 
### Collision !!! ### 
 ########  Status report at	 11:30:13:609 ------------------ ##### 
### Collision !!! ### 
 ########  Status report at	 11:30:13:626 ------------------ ##### 
### Collision !!! ### 
 ########  Status report at	 11:30:13:642 ------------------ ##### 
### Collision !!! ### 
 ########  Status report at	 11:30:13:659 ------------------ ##### 
### Collision !!! ### 
 ########  Status report at	 11:30:13:677 ------------------ ##### 
### Collision !!! ### 
 ########  Status report at	 11:30:13:692 ------------------ ##### 
### Collision !!! ### 
 ########  Status report at	 11:30:13:710 ------------------ ##### 
### Collision !!! ### 
 ########  Status report at	 11:30:13:727 ------------------ ##### 
### Collision !!! ### 
 ########  Status report at	 11:30:13:743 ------------------ ##### 
### Collision !!! ### 
 ########  Status report at	 11:30:16:842 ------------------ ##### 
### Collision !!! ### 
 ########  Status report at	 11:30:16:860 ------------------ ##### 
### Collision !!! ### 
 ########  Status report at	 11:30:16:877 ------------------ ##### 
### Collision !!! ### 
 ########  Status report at	 11:30:16:893 ------------------ ##### 
### Collision !!! ### 
 ########  Status report at	 11:30:16:910 ------------------ ##### 
### Collision !!! ### 
 ########  Status report at	 11:30:16:926 ------------------ ##### 
### Collision !!! ### 
 ########  Status report at	 11:30:16:943 ------------------ ##### 
### Collision !!! ### 
 ########  Status report at	 11:30:16:960 ------------------ ##### 
### Collision !!! ### 
 ########  Status report at	 11:30:16:976 ------------------ ##### 
### Collision !!! ### 
 ########  Status report at	 11:30:16:993 ------------------ ##### 
### Collision !!! ### 
 ########  Status report at	 11:30:17:10 ------------------ ##### 
### Collision !!! ### 
 ########  Status report at	 11:30:17:26 ------------------ ##### 
### Collision !!! ### 
 ########  Status report at	 11:30:17:43 ------------------ ##### 
### Collision !!! ### 
 ########  Status report at	 11:30:17:59 ------------------ ##### 
### Collision !!! ### 
 ########  Status report at	 11:30:17:76 ------------------ ##### 
### Collision !!! ### 
 ########  Status report at	 11:30:17:94 ------------------ ##### 
### Collision !!! ### 
 ########  Status report at	 11:30:17:109 ------------------ ##### 
### Collision !!! ### 
 ########  Status report at	 11:30:17:126 ------------------ ##### 
### Collision !!! ### 
 ########  Status report at	 11:30:17:143 ------------------ ##### 
### Collision !!! ### 
 ########  Status report at	 11:30:17:159 ------------------ ##### 
### Collision !!! ### 
 ########  Status report at	 11:30:17:176 ------------------ ##### 
### Collision !!! ### 
 ########  Status report at	 11:30:17:193 ------------------ ##### 
### Collision !!! ### 
 ########  Status report at	 11:30:17:209 ------------------ ##### 
### Collision !!! ### 
 ########  Status report at	 11:30:17:227 ------------------ ##### 
### Collision !!! ### 
 ########  Status report at	 11:30:17:243 ------------------ ##### 
### Collision !!! ### 
 ########  Status report at	 11:30:17:260 ------------------ ##### 
### Collision !!! ### 
 ########  Status report at	 11:30:17:277 ------------------ ##### 
### Collision !!! ### 
 ########  Status report at	 11:30:17:293 ------------------ ##### 
### Collision !!! ### 
 ########  Status report at	 11:30:17:310 ------------------ ##### 
### Collision !!! ### 
 ########  Status report at	 11:30:17:326 ------------------ ##### 
### Collision !!! ### 
 ########  Status report at	 11:30:17:343 ------------------ ##### 
### Collision !!! ### 
 ########  Status report at	 11:30:17:360 ------------------ ##### 
### Collision !!! ### 
 ########  Status report at	 11:30:17:376 ------------------ ##### 
### Collision !!! ### 
 ########  Status report at	 11:30:17:393 ------------------ ##### 
### Collision !!! ### 
 ########  Status report at	 11:30:17:410 ------------------ ##### 
### Collision !!! ### 
 ########  Status report at	 11:30:23:94 ------------------ ##### 
### Collision !!! ### 
 ########  Status report at	 11:30:23:109 ------------------ ##### 
### Collision !!! ### 
 ########  Status report at	 11:30:23:126 ------------------ ##### 
### Collision !!! ### 
 ########  Status report at	 11:30:23:142 ------------------ ##### 
### Collision !!! ### 
 ########  Status report at	 11:30:23:160 ------------------ ##### 
### Collision !!! ### 
 ########  Status report at	 11:30:23:176 ------------------ ##### 
### Collision !!! ### 
 ########  Status report at	 11:30:23:193 ------------------ ##### 
### Collision !!! ### 
 ########  Status report at	 11:30:23:210 ------------------ ##### 
### Collision !!! ### 
 ########  Status report at	 11:30:23:226 ------------------ ##### 
### Collision !!! ### 
 ########  Status report at	 11:30:23:243 ------------------ ##### 
### Collision !!! ### 
 ########  Status report at	 11:30:23:259 ------------------ ##### 
### Collision !!! ### 
 ########  Status report at	 11:30:23:276 ------------------ ##### 
### Collision !!! ### 
 ########  Status report at	 11:30:23:309 ------------------ ##### 
### Collision !!! ### 
 ########  Status report at	 11:30:32:243 ------------------ ##### 
### Collision !!! ### 
 ########  Status report at	 11:30:32:261 ------------------ ##### 
### Collision !!! ### 
 ########  Status report at	 11:30:32:277 ------------------ ##### 
### Collision !!! ### 
 ########  Status report at	 11:30:32:294 ------------------ ##### 
### Collision !!! ### 
 ########  Status report at	 11:30:32:310 ------------------ ##### 
### Collision !!! ### 
 ########  Status report at	 11:30:32:327 ------------------ ##### 
### Collision !!! ### 
 ########  Status report at	 11:30:32:344 ------------------ ##### 
### Collision !!! ### 
 ########  Status report at	 11:30:32:360 ------------------ ##### 
### Collision !!! ### 
 ########  Status report at	 11:30:32:377 ------------------ ##### 
### Collision !!! ### 
 ########  Status report at	 11:30:32:394 ------------------ ##### 
### Collision !!! ### 
 ########  Status report at	 11:30:32:410 ------------------ ##### 
### Collision !!! ### 
 ########  Status report at	 11:30:32:427 ------------------ ##### 
### Collision !!! ### 
 ########  Status report at	 11:30:32:443 ------------------ ##### 
### Collision !!! ### 
 ########  Status report at	 11:30:32:460 ------------------ ##### 
### Collision !!! ### 
 ########  Status report at	 11:30:32:477 ------------------ ##### 
### Collision !!! ### 
 ########  Status report at	 11:30:32:493 ------------------ ##### 
### Collision !!! ### 
 ########  Status report at	 11:30:32:510 ------------------ ##### 
### Collision !!! ### 
 ########  Status report at	 11:30:32:527 ------------------ ##### 
### Collision !!! ### 
 ########  Status report at	 11:30:32:543 ------------------ ##### 
### Collision !!! ### 
 ########  Status report at	 11:30:32:560 ------------------ ##### 
### Collision !!! ### 
 ########  Status report at	 11:30:32:576 ------------------ ##### 
### Collision !!! ### 
 ########  Status report at	 11:30:32:593 ------------------ ##### 
### Collision !!! ### 
 ########  Status report at	 11:30:32:610 ------------------ ##### 
### Collision !!! ### 
 ########  Status report at	 11:30:32:626 ------------------ ##### 
### Collision !!! ### 
 ########  Status report at	 11:30:32:644 ------------------ ##### 
### Collision !!! ### 
 ########  Status report at	 11:30:32:660 ------------------ ##### 
### Collision !!! ### 
 ########  Status report at	 11:30:32:677 ------------------ ##### 
### Collision !!! ### 
 ########  Status report at	 11:30:32:694 ------------------ ##### 
### Collision !!! ### 
 ########  Status report at	 11:30:32:710 ------------------ ##### 
### Collision !!! ### 
 ########  Status report at	 11:30:32:727 ------------------ ##### 
### Collision !!! ### 
 ########  Status report at	 11:30:32:744 ------------------ ##### 
### Collision !!! ### 
 ########  Status report at	 11:30:32:760 ------------------ ##### 
### Collision !!! ### 
 ########  Status report at	 11:30:32:777 ------------------ ##### 
### Collision !!! ### 
 ########  Status report at	 11:30:32:794 ------------------ ##### 
### Collision !!! ### 
 ########  Status report at	 11:30:32:810 ------------------ ##### 
### Collision !!! ### 
 ########  Status report at	 11:30:32:827 ------------------ ##### 
### Collision !!! ### 
 ########  Status report at	 11:30:32:843 ------------------ ##### 
### Collision !!! ### 
 ########  Status report at	 11:30:32:860 ------------------ ##### 
### Collision !!! ### 
 ########  Status report at	 11:30:32:877 ------------------ ##### 
### Collision !!! ### 
 ########  Status report at	 11:30:32:893 ------------------ ##### 
### Collision !!! ### 
 ########  Status report at	 11:30:32:910 ------------------ ##### 
### Collision !!! ### 
 ########  Status report at	 11:30:32:927 ------------------ ##### 
### Collision !!! ### 
 ########  Status report at	 11:30:32:943 ------------------ ##### 
### Collision !!! ### 
 ########  Status report at	 11:30:32:960 ------------------ ##### 
### Collision !!! ### 
 ########  Status report at	 11:30:32:976 ------------------ ##### 
### Collision !!! ### 
 ########  Status report at	 11:30:32:993 ------------------ ##### 
### Collision !!! ### 
 ########  Status report at	 11:30:33:10 ------------------ ##### 
### Collision !!! ### 
 ########  Status report at	 11:30:33:27 ------------------ ##### 
### Collision !!! ### 
 ########  Status report at	 11:30:33:44 ------------------ ##### 
### Collision !!! ### 
 ########  Status report at	 11:30:33:60 ------------------ ##### 
### Collision !!! ### 
 ########  Status report at	 11:30:33:77 ------------------ ##### 
### Collision !!! ### 
 ########  Status report at	 11:30:33:94 ------------------ ##### 
### Collision !!! ### 
 ########  Status report at	 11:30:33:110 ------------------ ##### 
### Collision !!! ### 
 ########  Status report at	 11:30:33:127 ------------------ ##### 
### Collision !!! ### 
 ########  Status report at	 11:30:33:144 ------------------ ##### 
### Collision !!! ### 
 ########  Status report at	 11:30:33:160 ------------------ ##### 
### Collision !!! ### 
 ########  Status report at	 11:30:33:177 ------------------ ##### 
### Collision !!! ### 
 ########  Status report at	 11:30:33:193 ------------------ ##### 
### Collision !!! ### 
 ########  Status report at	 11:30:33:210 ------------------ ##### 
### Collision !!! ### 
 ########  Status report at	 11:30:33:227 ------------------ ##### 
### Collision !!! ### 
 ########  Status report at	 11:30:33:243 ------------------ ##### 
### Collision !!! ### 
 ########  Status report at	 11:30:33:260 ------------------ ##### 
### Collision !!! ### 
 ########  Status report at	 11:30:33:277 ------------------ ##### 
### Collision !!! ### 
 ########  Status report at	 11:30:33:293 ------------------ ##### 
### Collision !!! ### 
 ########  Status report at	 11:30:33:310 ------------------ ##### 
### Collision !!! ### 
 ########  Status report at	 11:30:33:327 ------------------ ##### 
### Collision !!! ### 
 ########  Status report at	 11:30:33:343 ------------------ ##### 
### Collision !!! ### 
 ########  Status report at	 11:30:33:360 ------------------ ##### 
### Collision !!! ### 
 ########  Status report at	 11:30:33:376 ------------------ ##### 
### Collision !!! ### 
 ########  Status report at	 11:30:33:394 ------------------ ##### 
### Collision !!! ### 
 ########  Status report at	 11:30:33:411 ------------------ ##### 
### Collision !!! ### 
 ########  Status report at	 11:30:33:427 ------------------ ##### 
### Collision !!! ### 
 ########  Status report at	 11:30:33:444 ------------------ ##### 
### Collision !!! ### 
 ########  Status report at	 11:30:33:461 ------------------ ##### 
### Collision !!! ### 
 ########  Status report at	 11:30:33:477 ------------------ ##### 
### Collision !!! ### 
 ########  Status report at	 11:30:33:494 ------------------ ##### 
### Collision !!! ### 
 ########  Status report at	 11:30:33:510 ------------------ ##### 
### Collision !!! ### 
 ########  Status report at	 11:30:33:527 ------------------ ##### 
### Collision !!! ### 
 ########  Status report at	 11:30:33:544 ------------------ ##### 
### Collision !!! ### 
 ########  Status report at	 11:30:33:560 ------------------ ##### 
### Collision !!! ### 
 ########  Status report at	 11:30:33:577 ------------------ ##### 
### Collision !!! ### 
 ########  Status report at	 11:30:33:593 ------------------ ##### 
### Collision !!! ### 
 ########  Status report at	 11:30:33:610 ------------------ ##### 
### Collision !!! ### 
 ########  Status report at	 11:30:33:627 ------------------ ##### 
### Collision !!! ### 
 ########  Status report at	 11:30:33:643 ------------------ ##### 
### Collision !!! ### 
 ########  Status report at	 11:30:33:660 ------------------ ##### 
### Collision !!! ### 
 ########  Status report at	 11:30:33:677 ------------------ ##### 
### Collision !!! ### 
 ########  Status report at	 11:30:33:693 ------------------ ##### 
### Collision !!! ### 
 ########  Status report at	 11:30:33:710 ------------------ ##### 
### Collision !!! ### 
 ########  Status report at	 11:30:33:726 ------------------ ##### 
### Collision !!! ### 
 ########  Status report at	 11:30:33:743 ------------------ ##### 
### Collision !!! ### 
 ########  Status report at	 11:30:33:760 ------------------ ##### 
### Collision !!! ### 
 ########  Status report at	 11:30:33:777 ------------------ ##### 
### Collision !!! ### 
 ########  Status report at	 11:30:33:794 ------------------ ##### 
### Collision !!! ### 
 ########  Status report at	 11:30:33:811 ------------------ ##### 
### Collision !!! ### 
 ########  Status report at	 11:30:33:827 ------------------ ##### 
### Collision !!! ### 
 ########  Status report at	 11:30:33:844 ------------------ ##### 
### Collision !!! ### 
 ########  Status report at	 11:30:33:861 ------------------ ##### 
### Collision !!! ### 
 ########  Status report at	 11:30:33:877 ------------------ ##### 
### Collision !!! ### 
 ########  Status report at	 11:30:33:894 ------------------ ##### 
### Collision !!! ### 
 ########  Status report at	 11:30:33:910 ------------------ ##### 
### Collision !!! ### 
 ########  Status report at	 11:30:33:927 ------------------ ##### 
### Collision !!! ### 
 ########  Status report at	 11:30:33:944 ------------------ ##### 
### Collision !!! ### 
 ########  Status report at	 11:30:33:960 ------------------ ##### 
### Collision !!! ### 
 ########  Status report at	 11:30:33:977 ------------------ ##### 
### Collision !!! ### 
 ########  Status report at	 11:30:33:993 ------------------ ##### 
### Collision !!! ### 
 ########  Status report at	 11:30:34:10 ------------------ ##### 
### Collision !!! ### 
 ########  Status report at	 11:30:45:856 ------------------ ##### 
### Collision !!! ### 
 ########  Status report at	 11:30:45:873 ------------------ ##### 
### Collision !!! ### 
 ########  Status report at	 11:30:45:916 ------------------ ##### 
### Collision !!! ### 
 ########  Status report at	 11:30:45:926 ------------------ ##### 
### Collision !!! ### 
 ########  Status report at	 11:30:45:939 ------------------ ##### 
### Collision !!! ### 
 ########  Status report at	 11:30:45:956 ------------------ ##### 
### Collision !!! ### 
 ########  Status report at	 11:30:45:972 ------------------ ##### 
### Collision !!! ### 
 ########  Status report at	 11:30:45:990 ------------------ ##### 
### Collision !!! ### 
 ########  Status report at	 11:30:46:26 ------------------ ##### 
### Collision !!! ### 
 ########  Status report at	 11:30:46:41 ------------------ ##### 
### Collision !!! ### 
 ########  Status report at	 11:30:46:56 ------------------ ##### 
### Collision !!! ### 
 ########  Status report at	 11:30:46:73 ------------------ ##### 
### Collision !!! ### 
 ########  Status report at	 11:30:46:110 ------------------ ##### 
### Collision !!! ### 
 ########  Status report at	 11:30:46:124 ------------------ ##### 
### Collision !!! ### 
 ########  Status report at	 11:30:46:140 ------------------ ##### 
### Collision !!! ### 
 ########  Status report at	 11:30:46:159 ------------------ ##### 
### Collision !!! ### 
 ########  Status report at	 11:30:46:173 ------------------ ##### 
### Collision !!! ### 
 ########  Status report at	 11:30:46:210 ------------------ ##### 
### Collision !!! ### 
 ########  Status report at	 11:30:46:223 ------------------ ##### 
### Collision !!! ### 
 ########  Status report at	 11:30:46:239 ------------------ ##### 
### Collision !!! ### 
 ########  Status report at	 11:30:46:256 ------------------ ##### 
### Collision !!! ### 
 ########  Status report at	 11:30:46:306 ------------------ ##### 
### Collision !!! ### 
 ########  Status report at	 11:30:46:323 ------------------ ##### 
### Collision !!! ### 
 ########  Status report at	 11:30:46:339 ------------------ ##### 
### Collision !!! ### 
 ########  Status report at	 11:30:46:356 ------------------ ##### 
### Collision !!! ### 
 ########  Status report at	 11:30:46:424 ------------------ ##### 
### Collision !!! ### 
 ########  Status report at	 11:30:46:440 ------------------ ##### 
### Collision !!! ### 
 ########  Status report at	 11:30:46:455 ------------------ ##### 
### Collision !!! ### 
 ########  Status report at	 11:30:46:472 ------------------ ##### 
### Collision !!! ### 
 ########  Status report at	 11:30:46:540 ------------------ ##### 
### Collision !!! ### 
 ########  Status report at	 11:30:46:555 ------------------ ##### 
### Collision !!! ### 
 ########  Status report at	 11:30:46:572 ------------------ ##### 
### Collision !!! ### 
 ########  Status report at	 11:30:46:588 ------------------ ##### 
### Collision !!! ### 
 ########  Status report at	 11:30:46:605 ------------------ ##### 
### Collision !!! ### 
 ########  Status report at	 11:30:46:674 ------------------ ##### 
### Collision !!! ### 
 ########  Status report at	 11:30:46:689 ------------------ ##### 
### Collision !!! ### 
 ########  Status report at	 11:30:46:706 ------------------ ##### 
### Collision !!! ### 
 ########  Status report at	 11:30:46:722 ------------------ ##### 
### Collision !!! ### 
 ########  Status report at	 11:30:46:790 ------------------ ##### 
### Collision !!! ### 
 ########  Status report at	 11:30:46:807 ------------------ ##### 
### Collision !!! ### 
 ########  Status report at	 11:30:46:822 ------------------ ##### 
### Collision !!! ### 
 ########  Status report at	 11:30:46:839 ------------------ ##### 
### Collision !!! ### 
 ########  Status report at	 11:30:46:890 ------------------ ##### 
### Collision !!! ### 
 ########  Status report at	 11:30:46:905 ------------------ ##### 
### Collision !!! ### 
 ########  Status report at	 11:30:46:923 ------------------ ##### 
### Collision !!! ### 
 ########  Status report at	 11:30:46:939 ------------------ ##### 
### Collision !!! ### 
 ########  Status report at	 11:30:46:990 ------------------ ##### 
### Collision !!! ### 
 ########  Status report at	 11:30:47:6 ------------------ ##### 
### Collision !!! ### 
 ########  Status report at	 11:30:47:23 ------------------ ##### 
### Collision !!! ### 
 ########  Status report at	 11:30:47:38 ------------------ ##### 
### Collision !!! ### 
 ########  Status report at	 11:30:47:105 ------------------ ##### 
### Collision !!! ### 
 ########  Status report at	 11:30:47:123 ------------------ ##### 
### Collision !!! ### 
 ########  Status report at	 11:30:47:139 ------------------ ##### 
### Collision !!! ### 
 ########  Status report at	 11:30:47:155 ------------------ ##### 
### Collision !!! ### 
 ########  Status report at	 11:30:47:171 ------------------ ##### 
### Collision !!! ### 
 ########  Status report at	 11:30:47:224 ------------------ ##### 
### Collision !!! ### 
 ########  Status report at	 11:30:47:239 ------------------ ##### 
### Collision !!! ### 
 ########  Status report at	 11:30:47:256 ------------------ ##### 
### Collision !!! ### 
 ########  Status report at	 11:30:47:272 ------------------ ##### 
### Collision !!! ### 
 ########  Status report at	 11:30:47:357 ------------------ ##### 
### Collision !!! ### 
 ########  Status report at	 11:30:47:374 ------------------ ##### 
### Collision !!! ### 
 ########  Status report at	 11:30:47:388 ------------------ ##### 
### Collision !!! ### 
 ########  Status report at	 11:30:47:406 ------------------ ##### 
### Collision !!! ### 
 ########  Status report at	 11:30:47:490 ------------------ ##### 
### Collision !!! ### 
 ########  Status report at	 11:30:47:507 ------------------ ##### 
### Collision !!! ### 
 ########  Status report at	 11:30:47:522 ------------------ ##### 
### Collision !!! ### 
 ########  Status report at	 11:30:47:538 ------------------ ##### 
### Collision !!! ### 
 ########  Status report at	 11:30:47:610 ------------------ ##### 
### Collision !!! ### 
 ########  Status report at	 11:30:47:622 ------------------ ##### 
### Collision !!! ### 
 ########  Status report at	 11:30:47:639 ------------------ ##### 
### Collision !!! ### 
 ########  Status report at	 11:30:47:655 ------------------ ##### 
### Collision !!! ### 
 ########  Status report at	 11:30:47:709 ------------------ ##### 
### Collision !!! ### 
 ########  Status report at	 11:30:47:722 ------------------ ##### 
### Collision !!! ### 
 ########  Status report at	 11:30:47:739 ------------------ ##### 
### Collision !!! ### 
 ########  Status report at	 11:30:47:755 ------------------ ##### 
### Collision !!! ### 
 ########  Status report at	 11:30:47:809 ------------------ ##### 
### Collision !!! ### 
 ########  Status report at	 11:30:47:823 ------------------ ##### 
### Collision !!! ### 
 ########  Status report at	 11:30:47:838 ------------------ ##### 
### Collision !!! ### 
 ########  Status report at	 11:30:47:855 ------------------ ##### 
### Collision !!! ### 
 ########  Status report at	 11:30:47:909 ------------------ ##### 
### Collision !!! ### 
 ########  Status report at	 11:30:47:923 ------------------ ##### 
### Collision !!! ### 
 ########  Status report at	 11:30:47:938 ------------------ ##### 
### Collision !!! ### 
 ########  Status report at	 11:30:47:956 ------------------ ##### 
### Collision !!! ### 
 ########  Status report at	 11:30:48:8 ------------------ ##### 
### Collision !!! ### 
 ########  Status report at	 11:30:48:22 ------------------ ##### 
### Collision !!! ### 
 ########  Status report at	 11:30:48:39 ------------------ ##### 
### Collision !!! ### 
 ########  Status report at	 11:30:48:55 ------------------ ##### 
### Collision !!! ### 
 ########  Status report at	 11:30:48:112 ------------------ ##### 
### Collision !!! ### 
 ########  Status report at	 11:30:48:123 ------------------ ##### 
### Collision !!! ### 
 ########  Status report at	 11:30:48:138 ------------------ ##### 
### Collision !!! ### 
 ########  Status report at	 11:30:48:155 ------------------ ##### 
### Collision !!! ### 
 ########  Status report at	 11:30:48:172 ------------------ ##### 
### Collision !!! ### 
 ########  Status report at	 11:30:48:188 ------------------ ##### 
### Collision !!! ### 
 ########  Status report at	 11:30:48:243 ------------------ ##### 
### Collision !!! ### 
 ########  Status report at	 11:30:48:256 ------------------ ##### 
### Collision !!! ### 
 ########  Status report at	 11:30:48:271 ------------------ ##### 
### Collision !!! ### 
 ########  Status report at	 11:30:48:288 ------------------ ##### 
### Collision !!! ### 
 ########  Status report at	 11:30:48:342 ------------------ ##### 
### Collision !!! ### 
 ########  Status report at	 11:30:48:357 ------------------ ##### 
### Collision !!! ### 
 ########  Status report at	 11:30:48:372 ------------------ ##### 
### Collision !!! ### 
 ########  Status report at	 11:30:48:389 ------------------ ##### 
### Collision !!! ### 
 ########  Status report at	 11:30:48:405 ------------------ ##### 
### Collision !!! ### 
 ########  Status report at	 11:30:48:474 ------------------ ##### 
### Collision !!! ### 
 ########  Status report at	 11:30:48:490 ------------------ ##### 
### Collision !!! ### 
 ########  Status report at	 11:30:48:505 ------------------ ##### 
### Collision !!! ### 
 ########  Status report at	 11:30:48:522 ------------------ ##### 
### Collision !!! ### 
 ########  Status report at	 11:30:48:575 ------------------ ##### 
### Collision !!! ### 
 ########  Status report at	 11:30:48:589 ------------------ ##### 
### Collision !!! ### 
 ########  Status report at	 11:30:48:605 ------------------ ##### 
### Collision !!! ### 
 ########  Status report at	 11:30:48:622 ------------------ ##### 
### Collision !!! ### 
 ########  Status report at	 11:30:48:676 ------------------ ##### 
### Collision !!! ### 
 ########  Status report at	 11:30:48:689 ------------------ ##### 
### Collision !!! ### 
 ########  Status report at	 11:30:48:706 ------------------ ##### 
### Collision !!! ### 
 ########  Status report at	 11:30:48:721 ------------------ ##### 
### Collision !!! ### 
 ########  Status report at	 11:30:48:775 ------------------ ##### 
### Collision !!! ### 
 ########  Status report at	 11:30:48:789 ------------------ ##### 
### Collision !!! ### 
 ########  Status report at	 11:30:48:805 ------------------ ##### 
### Collision !!! ### 
 ########  Status report at	 11:30:48:822 ------------------ ##### 
### Collision !!! ### 
 ########  Status report at	 11:30:48:876 ------------------ ##### 
### Collision !!! ### 
 ########  Status report at	 11:30:48:890 ------------------ ##### 
### Collision !!! ### 
 ########  Status report at	 11:30:48:905 ------------------ ##### 
### Collision !!! ### 
 ########  Status report at	 11:30:48:922 ------------------ ##### 
### Collision !!! ### 
 ########  Status report at	 11:30:48:976 ------------------ ##### 
### Collision !!! ### 
 ########  Status report at	 11:30:48:990 ------------------ ##### 
### Collision !!! ### 
 ########  Status report at	 11:30:49:5 ------------------ ##### 
### Collision !!! ### 
 ########  Status report at	 11:30:49:22 ------------------ ##### 
### Collision !!! ### 
 ########  Status report at	 11:30:49:82 ------------------ ##### 
### Collision !!! ### 
 ########  Status report at	 11:30:49:106 ------------------ ##### 
### Collision !!! ### 
 ########  Status report at	 11:30:49:121 ------------------ ##### 
### Collision !!! ### 
 ########  Status report at	 11:30:49:174 ------------------ ##### 
### Collision !!! ### 
 ########  Status report at	 11:30:49:189 ------------------ ##### 
### Collision !!! ### 
 ########  Status report at	 11:30:49:205 ------------------ ##### 
### Collision !!! ### 
 ########  Status report at	 11:30:49:222 ------------------ ##### 
### Collision !!! ### 
 ########  Status report at	 11:30:49:276 ------------------ ##### 
### Collision !!! ### 
 ########  Status report at	 11:30:49:290 ------------------ ##### 
### Collision !!! ### 
 ########  Status report at	 11:30:49:305 ------------------ ##### 
### Collision !!! ### 
 ########  Status report at	 11:30:49:322 ------------------ ##### 
### Collision !!! ### 
 ########  Status report at	 11:30:49:376 ------------------ ##### 
### Collision !!! ### 
 ########  Status report at	 11:30:49:390 ------------------ ##### 
### Collision !!! ### 
 ########  Status report at	 11:30:49:405 ------------------ ##### 
### Collision !!! ### 
 ########  Status report at	 11:30:49:421 ------------------ ##### 
### Collision !!! ### 
 ########  Status report at	 11:30:49:476 ------------------ ##### 
### Collision !!! ### 
 ########  Status report at	 11:30:49:490 ------------------ ##### 
### Collision !!! ### 
 ########  Status report at	 11:30:49:506 ------------------ ##### 
### Collision !!! ### 
 ########  Status report at	 11:30:49:522 ------------------ ##### 
### Collision !!! ### 
 ########  Status report at	 11:30:49:576 ------------------ ##### 
### Collision !!! ### 
 ########  Status report at	 11:30:49:590 ------------------ ##### 
### Collision !!! ### 
 ########  Status report at	 11:30:49:605 ------------------ ##### 
### Collision !!! ### 
 ########  Status report at	 11:30:49:622 ------------------ ##### 
### Collision !!! ### 
 ########  Status report at	 11:30:49:674 ------------------ ##### 
### Collision !!! ### 
 ########  Status report at	 11:30:49:690 ------------------ ##### 
### Collision !!! ### 
 ########  Status report at	 11:30:49:705 ------------------ ##### 
### Collision !!! ### 
 ########  Status report at	 11:30:49:722 ------------------ ##### 
### Collision !!! ### 
 ########  Status report at	 11:30:49:776 ------------------ ##### 
### Collision !!! ### 
 ########  Status report at	 11:30:49:790 ------------------ ##### 
### Collision !!! ### 
 ########  Status report at	 11:30:49:805 ------------------ ##### 
### Collision !!! ### 
 ########  Status report at	 11:30:49:821 ------------------ ##### 
### Collision !!! ### 
 ########  Status report at	 11:30:49:876 ------------------ ##### 
### Collision !!! ### 
 ########  Status report at	 11:30:49:890 ------------------ ##### 
### Collision !!! ### 
 ########  Status report at	 11:30:49:906 ------------------ ##### 
### Collision !!! ### 
 ########  Status report at	 11:30:49:922 ------------------ ##### 
### Collision !!! ### 
 ########  Status report at	 11:30:49:976 ------------------ ##### 
### Collision !!! ### 
 ########  Status report at	 11:30:49:990 ------------------ ##### 
### Collision !!! ### 
 ########  Status report at	 11:30:50:5 ------------------ ##### 
### Collision !!! ### 
 ########  Status report at	 11:31:3:258 ------------------ ##### 
### Collision !!! ### 
 ########  Status report at	 11:31:3:274 ------------------ ##### 
### Collision !!! ### 
 ########  Status report at	 11:31:3:291 ------------------ ##### 
### Collision !!! ### 
 ########  Status report at	 11:31:3:306 ------------------ ##### 
### Collision !!! ### 
 ########  Status report at	 11:31:3:374 ------------------ ##### 
### Collision !!! ### 
 ########  Status report at	 11:31:3:389 ------------------ ##### 
### Collision !!! ### 
 ########  Status report at	 11:31:3:406 ------------------ ##### 
### Collision !!! ### 
 ########  Status report at	 11:31:3:424 ------------------ ##### 
### Collision !!! ### 
 ########  Status report at	 11:31:3:475 ------------------ ##### 
### Collision !!! ### 
 ########  Status report at	 11:31:3:491 ------------------ ##### 
### Collision !!! ### 
 ########  Status report at	 11:31:3:522 ------------------ ##### 
### Collision !!! ### 
 ########  Status report at	 11:31:3:574 ------------------ ##### 
### Collision !!! ### 
 ########  Status report at	 11:31:5:891 ------------------ ##### 
### Collision !!! ### 
 ########  Status report at	 11:31:5:908 ------------------ ##### 
### Collision !!! ### 
 ########  Status report at	 11:31:5:924 ------------------ ##### 
### Collision !!! ### 
 ########  Status report at	 11:31:5:939 ------------------ ##### 
### Collision !!! ### 
 ########  Status report at	 11:31:5:992 ------------------ ##### 
### Collision !!! ### 
 ########  Status report at	 11:31:6:7 ------------------ ##### 
### Collision !!! ### 
 ########  Status report at	 11:31:11:157 ------------------ ##### 
### Collision !!! ### 
 ########  Status report at	 11:31:14:656 ------------------ ##### 
### Collision !!! ### 
 ########  Status report at	 11:31:14:673 ------------------ ##### 
### Collision !!! ### 
 ########  Status report at	 11:31:14:689 ------------------ ##### 
### Collision !!! ### 
 ########  Status report at	 11:31:14:705 ------------------ ##### 
### Collision !!! ### 
 ########  Status report at	 11:31:14:722 ------------------ ##### 
### Collision !!! ### 
 ########  Status report at	 11:31:14:759 ------------------ ##### 
### Collision !!! ### 
 ########  Status report at	 11:31:14:860 ------------------ ##### 
### Collision !!! ### 
 ########  Status report at	 11:31:17:74 ------------------ ##### 
### Collision !!! ### 
 ########  Status report at	 11:31:17:113 ------------------ ##### 
### Collision !!! ### 
 ########  Status report at	 11:31:17:126 ------------------ ##### 
### Collision !!! ### 
 ########  Status report at	 11:31:17:140 ------------------ ##### 
### Collision !!! ### 
 ########  Status report at	 11:31:17:158 ------------------ ##### 
### Collision !!! ### 
 ########  Status report at	 11:31:17:210 ------------------ ##### 
### Collision !!! ### 
 ########  Status report at	 11:31:17:226 ------------------ ##### 
### Collision !!! ### 
 ########  Status report at	 11:31:17:241 ------------------ ##### 
### Collision !!! ### 
 ########  Status report at	 11:31:17:258 ------------------ ##### 
### Collision !!! ### 
 ########  Status report at	 11:31:17:311 ------------------ ##### 
### Collision !!! ### 
 ########  Status report at	 11:31:17:325 ------------------ ##### 
### Collision !!! ### 
 ########  Status report at	 11:31:17:341 ------------------ ##### 
### Collision !!! ### 
 ########  Status report at	 11:31:17:357 ------------------ ##### 
### Collision !!! ### 
 ########  Status report at	 11:31:17:374 ------------------ ##### 
### Collision !!! ### 
 ########  Status report at	 11:31:17:429 ------------------ ##### 
### Collision !!! ### 
 ########  Status report at	 11:31:43:114 ------------------ ##### 
### Collision !!! ### 
 ########  Status report at	 11:31:43:131 ------------------ ##### 
### Collision !!! ### 
 ########  Status report at	 11:31:43:147 ------------------ ##### 
### Collision !!! ### 
 ########  Status report at	 11:31:43:162 ------------------ ##### 
### Collision !!! ### 
 ########  Status report at	 11:31:43:179 ------------------ ##### 
### Collision !!! ### 
 ########  Status report at	 11:31:43:196 ------------------ ##### 
### Collision !!! ### 
 ########  Status report at	 11:31:43:241 ------------------ ##### 
### Collision !!! ### 
 ########  Status report at	 11:31:43:257 ------------------ ##### 
### Collision !!! ### 
 ########  Status report at	 11:31:43:274 ------------------ ##### 
### Collision !!! ### 
 ########  Status report at	 11:31:43:290 ------------------ ##### 
### Collision !!! ### 
 ########  Status report at	 11:31:43:307 ------------------ ##### 
### Collision !!! ### 
 ########  Status report at	 11:31:43:358 ------------------ ##### 
### Collision !!! ### 
 ########  Status report at	 11:31:43:373 ------------------ ##### 
### Collision !!! ### 
 ########  Status report at	 11:32:23:161 ------------------ ##### 
### Collision !!! ### 
 ########  Status report at	 11:32:23:175 ------------------ ##### 
### Collision !!! ### 
 ########  Status report at	 11:32:23:190 ------------------ ##### 
### Collision !!! ### 
 ########  Status report at	 11:32:23:207 ------------------ ##### 
### Collision !!! ### 
 ########  Status report at	 11:32:23:246 ------------------ ##### 
### Collision !!! ### 
 ########  Status report at	 11:32:23:258 ------------------ ##### 
### Collision !!! ### 
 ########  Status report at	 11:32:23:274 ------------------ ##### 
### Collision !!! ### 
 ########  Status report at	 11:32:23:291 ------------------ ##### 
### Collision !!! ### 
 ########  Status report at	 11:32:23:343 ------------------ ##### 
### Collision !!! ### 
 ########  Status report at	 11:32:23:357 ------------------ ##### 
### Collision !!! ### 
 ########  Status report at	 11:32:23:374 ------------------ ##### 
### Collision !!! ### 
 ########  Status report at	 11:32:23:392 ------------------ ##### 
### Collision !!! ### 
 ########  Status report at	 11:32:23:443 ------------------ ##### 
### Collision !!! ### 
 ########  Status report at	 11:32:23:458 ------------------ ##### 
### Collision !!! ### 
 ########  Status report at	 11:32:23:559 ------------------ ##### 
### Collision !!! ### 
 ########  Status report at	 11:32:28:227 ------------------ ##### 
### Collision !!! ### 
 ########  Status report at	 11:32:28:344 ------------------ ##### 
### Collision !!! ### 
 ########  Status report at	 11:32:28:460 ------------------ ##### 
### Collision !!! ### 
 ########  Status report at	 11:32:29:350 ------------------ ##### 
### Collision !!! ### 
 ########  Status report at	 11:32:29:459 ------------------ ##### 
### Collision !!! ### 
 ########  Status report at	 11:32:29:577 ------------------ ##### 
### Collision !!! ### 
 ########  Status report at	 11:32:29:694 ------------------ ##### 
### Collision !!! ### 
 ########  Status report at	 11:32:58:114 ------------------ ##### 
### Collision !!! ### 
 ########  Status report at	 11:32:58:131 ------------------ ##### 
### Collision !!! ### 
 ########  Status report at	 11:32:58:147 ------------------ ##### 
### Collision !!! ### 
 ########  Status report at	 11:32:58:164 ------------------ ##### 
### Collision !!! ### 
 ########  Status report at	 11:32:58:180 ------------------ ##### 
### Collision !!! ### 
 ########  Status report at	 11:32:58:197 ------------------ ##### 
### Collision !!! ### 
 ########  Status report at	 11:32:58:213 ------------------ ##### 
### Collision !!! ### 
 ########  Status report at	 11:32:58:230 ------------------ ##### 
### Collision !!! ### 
 ########  Status report at	 11:32:58:246 ------------------ ##### 
### Collision !!! ### 
 ########  Status report at	 11:32:58:264 ------------------ ##### 
### Collision !!! ### 
 ########  Status report at	 11:32:58:280 ------------------ ##### 
### Collision !!! ### 
 ########  Status report at	 11:32:58:296 ------------------ ##### 
### Collision !!! ### 
 ########  Status report at	 11:32:58:314 ------------------ ##### 
### Collision !!! ### 
 ########  Status report at	 11:32:58:329 ------------------ ##### 
### Collision !!! ### 
 ########  Status report at	 11:32:58:346 ------------------ ##### 
### Collision !!! ### 
 ########  Status report at	 11:32:58:363 ------------------ ##### 
### Collision !!! ### 
 ########  Status report at	 11:32:58:379 ------------------ ##### 
### Collision !!! ### 
 ########  Status report at	 11:32:58:396 ------------------ ##### 
### Collision !!! ### 
 ########  Status report at	 11:32:58:413 ------------------ ##### 
### Collision !!! ### 
 ########  Status report at	 11:32:58:429 ------------------ ##### 
### Collision !!! ### 
 ########  Status report at	 11:32:58:446 ------------------ ##### 
### Collision !!! ### 
 ########  Status report at	 11:32:58:463 ------------------ ##### 
### Collision !!! ### 
 ########  Status report at	 11:32:58:480 ------------------ ##### 
### Collision !!! ### 
 ########  Status report at	 11:32:58:497 ------------------ ##### 
### Collision !!! ### 
 ########  Status report at	 11:32:58:512 ------------------ ##### 
### Collision !!! ### 
 ########  Status report at	 11:32:58:530 ------------------ ##### 
### Collision !!! ### 
 ########  Status report at	 11:32:58:547 ------------------ ##### 
### Collision !!! ### 
 ########  Status report at	 11:32:58:563 ------------------ ##### 
### Collision !!! ### 
 ########  Status report at	 11:32:58:580 ------------------ ##### 
### Collision !!! ### 
 ########  Status report at	 11:32:58:596 ------------------ ##### 
### Collision !!! ### 
 ########  Status report at	 11:32:58:613 ------------------ ##### 
### Collision !!! ### 
 ########  Status report at	 11:32:58:630 ------------------ ##### 
### Collision !!! ### 
 ########  Status report at	 11:32:58:646 ------------------ ##### 
### Collision !!! ### 
 ########  Status report at	 11:32:58:663 ------------------ ##### 
### Collision !!! ### 
 ########  Status report at	 11:32:58:680 ------------------ ##### 
### Collision !!! ### 
 ########  Status report at	 11:32:58:696 ------------------ ##### 
### Collision !!! ### 
 ########  Status report at	 11:32:58:714 ------------------ ##### 
### Collision !!! ### 
 ########  Status report at	 11:32:58:729 ------------------ ##### 
### Collision !!! ### 
 ########  Status report at	 11:32:58:746 ------------------ ##### 
### Collision !!! ### 
 ########  Status report at	 11:32:58:763 ------------------ ##### 
### Collision !!! ### 
 ########  Status report at	 11:32:58:779 ------------------ ##### 
### Collision !!! ### 
 ########  Status report at	 11:32:58:796 ------------------ ##### 
### Collision !!! ### 
 ########  Status report at	 11:32:58:813 ------------------ ##### 
### Collision !!! ### 
 ########  Status report at	 11:32:58:829 ------------------ ##### 
### Collision !!! ### 
 ########  Status report at	 11:32:58:846 ------------------ ##### 
### Collision !!! ### 
 ########  Status report at	 11:32:58:863 ------------------ ##### 
### Collision !!! ### 
 ########  Status report at	 11:32:58:880 ------------------ ##### 
### Collision !!! ### 
 ########  Status report at	 11:32:58:897 ------------------ ##### 
### Collision !!! ### 
 ########  Status report at	 11:32:58:913 ------------------ ##### 
### Collision !!! ### 
 ########  Status report at	 11:32:58:930 ------------------ ##### 
### Collision !!! ### 
 ########  Status report at	 11:32:58:947 ------------------ ##### 
### Collision !!! ### 
 ########  Status report at	 11:32:58:963 ------------------ ##### 
### Collision !!! ### 
 ########  Status report at	 11:32:58:980 ------------------ ##### 
### Collision !!! ### 
 ########  Status report at	 11:32:58:997 ------------------ ##### 
### Collision !!! ### 
 ########  Status report at	 11:32:59:13 ------------------ ##### 
### Collision !!! ### 
 ########  Status report at	 11:33:2:849 ------------------ ##### 
### Collision !!! ### 
 ########  Status report at	 11:33:2:865 ------------------ ##### 
### Collision !!! ### 
 ########  Status report at	 11:33:2:882 ------------------ ##### 
### Collision !!! ### 
 ########  Status report at	 11:33:2:899 ------------------ ##### 
### Collision !!! ### 
 ########  Status report at	 11:33:2:915 ------------------ ##### 
### Collision !!! ### 
 ########  Status report at	 11:33:2:932 ------------------ ##### 
### Collision !!! ### 
 ########  Status report at	 11:33:2:948 ------------------ ##### 
### Collision !!! ### 
 ########  Status report at	 11:33:2:965 ------------------ ##### 
### Collision !!! ### 
 ########  Status report at	 11:33:2:982 ------------------ ##### 
### Collision !!! ### 
 ########  Status report at	 11:33:2:998 ------------------ ##### 
### Collision !!! ### 
 ########  Status report at	 11:33:3:15 ------------------ ##### 
### Collision !!! ### 
 ########  Status report at	 11:33:3:31 ------------------ ##### 
### Collision !!! ### 
 ########  Status report at	 11:33:3:48 ------------------ ##### 
### Collision !!! ### 
 ########  Status report at	 11:33:3:65 ------------------ ##### 
### Collision !!! ### 
 ########  Status report at	 11:33:3:81 ------------------ ##### 
### Collision !!! ### 
 ########  Status report at	 11:33:3:98 ------------------ ##### 
### Collision !!! ### 
 ########  Status report at	 11:33:3:115 ------------------ ##### 
### Collision !!! ### 
 ########  Status report at	 11:33:3:131 ------------------ ##### 
### Collision !!! ### 
 ########  Status report at	 11:33:3:148 ------------------ ##### 
### Collision !!! ### 
 ########  Status report at	 11:33:3:165 ------------------ ##### 
### Collision !!! ### 
 ########  Status report at	 11:33:26:195 ------------------ ##### 
### Collision !!! ### 
 ########  Status report at	 11:33:36:624 ------------------ ##### 
### Collision !!! ### 
 ########  Status report at	 11:33:36:640 ------------------ ##### 
### Collision !!! ### 
 ########  Status report at	 11:33:36:691 ------------------ ##### 
### Collision !!! ### 
 ########  Status report at	 11:33:36:709 ------------------ ##### 
### Collision !!! ### 
 ########  Status report at	 11:33:36:722 ------------------ ##### 
### Collision !!! ### 
 ########  Status report at	 11:33:36:739 ------------------ ##### 
### Collision !!! ### 
 ########  Status report at	 11:33:36:757 ------------------ ##### 
### Collision !!! ### 
 ########  Status report at	 11:33:36:772 ------------------ ##### 
### Collision !!! ### 
 ########  Status report at	 11:33:36:789 ------------------ ##### 
### Collision !!! ### 
 ########  Status report at	 11:33:36:840 ------------------ ##### 
### Collision !!! ### 
 ########  Status report at	 11:33:36:858 ------------------ ##### 
### Collision !!! ### 
 ########  Status report at	 11:33:36:875 ------------------ ##### 
### Collision !!! ### 
 ########  Status report at	 11:33:36:890 ------------------ ##### 
### Collision !!! ### 
 ########  Status report at	 11:33:36:906 ------------------ ##### 
### Collision !!! ### 
 ########  Status report at	 11:33:36:922 ------------------ ##### 
### Collision !!! ### 
 ########  Status report at	 11:33:36:974 ------------------ ##### 
### Collision !!! ### 
 ########  Status report at	 11:33:36:990 ------------------ ##### 
### Collision !!! ### 
 ########  Status report at	 11:33:37:6 ------------------ ##### 
### Collision !!! ### 
 ########  Status report at	 11:33:37:23 ------------------ ##### 
### Collision !!! ### 
 ########  Status report at	 11:33:37:92 ------------------ ##### 
### Collision !!! ### 
 ########  Status report at	 11:33:37:107 ------------------ ##### 
### Collision !!! ### 
 ########  Status report at	 11:33:37:122 ------------------ ##### 
### Collision !!! ### 
 ########  Status report at	 11:33:37:139 ------------------ ##### 
### Collision !!! ### 
 ########  Status report at	 11:33:37:191 ------------------ ##### 
### Collision !!! ### 
 ########  Status report at	 11:33:37:206 ------------------ ##### 
### Collision !!! ### 
 ########  Status report at	 11:33:37:223 ------------------ ##### 
### Collision !!! ### 
 ########  Status report at	 11:33:37:239 ------------------ ##### 
### Collision !!! ### 
 ########  Status report at	 11:33:37:291 ------------------ ##### 
### Collision !!! ### 
 ########  Status report at	 11:33:37:306 ------------------ ##### 
### Collision !!! ### 
 ########  Status report at	 11:33:37:323 ------------------ ##### 
### Collision !!! ### 
 ########  Status report at	 11:33:37:340 ------------------ ##### 
### Collision !!! ### 
 ########  Status report at	 11:33:37:390 ------------------ ##### 
### Collision !!! ### 
 ########  Status report at	 11:33:37:406 ------------------ ##### 
### Collision !!! ### 
 ########  Status report at	 11:33:37:423 ------------------ ##### 
### Collision !!! ### 
 ########  Status report at	 11:33:37:439 ------------------ ##### 
### Collision !!! ### 
 ########  Status report at	 11:33:37:456 ------------------ ##### 
### Collision !!! ### 
 ########  Status report at	 11:33:37:493 ------------------ ##### 
### Collision !!! ### 
 ########  Status report at	 11:33:37:506 ------------------ ##### 
### Collision !!! ### 
 ########  Status report at	 11:33:37:522 ------------------ ##### 
### Collision !!! ### 
 ########  Status report at	 11:34:41:563 ------------------ ##### 
### Collision !!! ### 
 ########  Status report at	 11:34:41:579 ------------------ ##### 
### Collision !!! ### 
 ########  Status report at	 11:34:41:596 ------------------ ##### 
### Collision !!! ### 
 ########  Status report at	 11:34:41:613 ------------------ ##### 
### Collision !!! ### 
 ########  Status report at	 11:34:41:629 ------------------ ##### 
### Collision !!! ### 
 ########  Status report at	 11:34:41:646 ------------------ ##### 
### Collision !!! ### 
 ########  Status report at	 11:34:41:662 ------------------ ##### 
### Collision !!! ### 
 ########  Status report at	 11:34:41:679 ------------------ ##### 
### Collision !!! ### 
 ########  Status report at	 11:34:41:696 ------------------ ##### 
### Collision !!! ### 
 ########  Status report at	 11:34:41:712 ------------------ ##### 
### Collision !!! ### 
 ########  Status report at	 11:34:41:729 ------------------ ##### 
### Collision !!! ### 
 ########  Status report at	 11:34:41:746 ------------------ ##### 
### Collision !!! ### 
 ########  Status report at	 11:34:58:396 ------------------ ##### 
### Collision !!! ### 
 ########  Status report at	 11:34:58:413 ------------------ ##### 
### Collision !!! ### 
 ########  Status report at	 11:34:58:430 ------------------ ##### 
### Collision !!! ### 
 ########  Status report at	 11:34:58:446 ------------------ ##### 
### Collision !!! ### 
 ########  Status report at	 11:34:58:464 ------------------ ##### 
### Collision !!! ### 
 ########  Status report at	 11:34:58:480 ------------------ ##### 
### Collision !!! ### 
 ########  Status report at	 11:34:58:497 ------------------ ##### 
### Collision !!! ### 
 ########  Status report at	 11:34:58:513 ------------------ ##### 
### Collision !!! ### 
 ########  Status report at	 11:34:58:530 ------------------ ##### 
### Collision !!! ### 
 ########  Status report at	 11:34:58:547 ------------------ ##### 
### Collision !!! ### 
 ########  Status report at	 11:34:58:563 ------------------ ##### 
### Collision !!! ### 
 ########  Status report at	 11:34:58:580 ------------------ ##### 
### Collision !!! ### 
 ########  Status report at	 11:34:58:596 ------------------ ##### 
### Collision !!! ### 
 ########  Status report at	 11:34:58:613 ------------------ ##### 
### Collision !!! ### 
 ########  Status report at	 11:34:58:630 ------------------ ##### 
### Collision !!! ### 
 ########  Status report at	 11:34:58:646 ------------------ ##### 
### Collision !!! ### 
 ########  Status report at	 11:34:58:663 ------------------ ##### 
### Collision !!! ### 
 ########  Status report at	 11:34:58:680 ------------------ ##### 
### Collision !!! ### 
 ########  Status report at	 11:34:58:696 ------------------ ##### 
### Collision !!! ### 
 ########  Status report at	 11:34:58:713 ------------------ ##### 
### Collision !!! ### 
 ########  Status report at	 11:34:58:746 ------------------ ##### 
### Collision !!! ### 
 ########  Status report at	 11:34:58:763 ------------------ ##### 
### Collision !!! ### 
 ########  Status report at	 11:35:2:96 ------------------ ##### 
### Collision !!! ### 
 ########  Status report at	 11:35:2:113 ------------------ ##### 
### Collision !!! ### 
 ########  Status report at	 11:35:2:130 ------------------ ##### 
### Collision !!! ### 
 ########  Status report at	 11:35:2:147 ------------------ ##### 
### Collision !!! ### 
 ########  Status report at	 11:35:2:163 ------------------ ##### 
### Collision !!! ### 
 ########  Status report at	 11:35:2:180 ------------------ ##### 
### Collision !!! ### 
 ########  Status report at	 11:35:2:196 ------------------ ##### 
### Collision !!! ### 
 ########  Status report at	 11:35:2:213 ------------------ ##### 
### Collision !!! ### 
 ########  Status report at	 11:35:2:230 ------------------ ##### 
### Collision !!! ### 
 ########  Status report at	 11:35:2:246 ------------------ ##### 
### Collision !!! ### 
 ########  Status report at	 11:35:2:263 ------------------ ##### 
### Collision !!! ### 
 ########  Status report at	 11:35:2:279 ------------------ ##### 
### Collision !!! ### 
 ########  Status report at	 11:35:2:296 ------------------ ##### 
### Collision !!! ### 
 ########  Status report at	 11:35:2:313 ------------------ ##### 
### Collision !!! ### 
 ########  Status report at	 11:35:2:329 ------------------ ##### 
### Collision !!! ### 
 ########  Status report at	 11:35:2:346 ------------------ ##### 
### Collision !!! ### 
 ########  Status report at	 11:35:2:363 ------------------ ##### 
### Collision !!! ### 
 ########  Status report at	 11:35:2:379 ------------------ ##### 
### Collision !!! ### 
 ########  Status report at	 11:35:2:413 ------------------ ##### 
### Collision !!! ### 
 ########  Status report at	 11:35:2:430 ------------------ ##### 
### Collision !!! ### 
 ########  Status report at	 11:35:5:531 ------------------ ##### 
### Collision !!! ### 
 ########  Status report at	 11:35:5:548 ------------------ ##### 
### Collision !!! ### 
 ########  Status report at	 11:35:5:563 ------------------ ##### 
### Collision !!! ### 
 ########  Status report at	 11:35:5:581 ------------------ ##### 
### Collision !!! ### 
 ########  Status report at	 11:35:5:598 ------------------ ##### 
### Collision !!! ### 
 ########  Status report at	 11:35:5:614 ------------------ ##### 
### Collision !!! ### 
 ########  Status report at	 11:35:5:631 ------------------ ##### 
### Collision !!! ### 
 ########  Status report at	 11:35:5:647 ------------------ ##### 
### Collision !!! ### 
 ########  Status report at	 11:35:5:664 ------------------ ##### 
### Collision !!! ### 
 ########  Status report at	 11:35:5:681 ------------------ ##### 
### Collision !!! ### 
 ########  Status report at	 11:35:5:697 ------------------ ##### 
### Collision !!! ### 
 ########  Status report at	 11:35:5:714 ------------------ ##### 
### Collision !!! ### 
 ########  Status report at	 11:35:5:731 ------------------ ##### 
### Collision !!! ### 
 ########  Status report at	 11:35:5:747 ------------------ ##### 
### Collision !!! ### 
 ########  Status report at	 11:35:14:847 ------------------ ##### 
### Collision !!! ### 
 ########  Status report at	 11:35:14:864 ------------------ ##### 
### Collision !!! ### 
 ########  Status report at	 11:35:14:880 ------------------ ##### 
### Collision !!! ### 
 ########  Status report at	 11:35:14:897 ------------------ ##### 
### Collision !!! ### 
 ########  Status report at	 11:35:14:913 ------------------ ##### 
### Collision !!! ### 
 ########  Status report at	 11:35:14:930 ------------------ ##### 
### Collision !!! ### 
 ########  Status report at	 11:35:14:947 ------------------ ##### 
### Collision !!! ### 
 ########  Status report at	 11:35:14:963 ------------------ ##### 
### Collision !!! ### 
 ########  Status report at	 11:35:14:980 ------------------ ##### 
### Collision !!! ### 
 ########  Status report at	 11:35:14:997 ------------------ ##### 
### Collision !!! ### 
 ########  Status report at	 11:35:15:13 ------------------ ##### 
### Collision !!! ### 
 ########  Status report at	 11:35:15:30 ------------------ ##### 
### Collision !!! ### 
 ########  Status report at	 11:35:15:47 ------------------ ##### 
### Collision !!! ### 
 ########  Status report at	 11:35:15:64 ------------------ ##### 
### Collision !!! ### 
 ########  Status report at	 11:35:15:81 ------------------ ##### 
### Collision !!! ### 
 ########  Status report at	 11:35:15:97 ------------------ ##### 
### Collision !!! ### 
 ########  Status report at	 11:35:15:114 ------------------ ##### 
### Collision !!! ### 
 ########  Status report at	 11:35:15:131 ------------------ ##### 
### Collision !!! ### 
 ########  Status report at	 11:35:15:147 ------------------ ##### 
### Collision !!! ### 
 ########  Status report at	 11:35:15:164 ------------------ ##### 
### Collision !!! ### 
 ########  Status report at	 11:35:15:180 ------------------ ##### 
### Collision !!! ### 
 ########  Status report at	 11:35:15:197 ------------------ ##### 
### Collision !!! ### 
 ########  Status report at	 11:35:15:214 ------------------ ##### 
### Collision !!! ### 
 ########  Status report at	 11:35:15:230 ------------------ ##### 
### Collision !!! ### 
 ########  Status report at	 11:35:15:247 ------------------ ##### 
### Collision !!! ### 
 ########  Status report at	 11:35:15:263 ------------------ ##### 
### Collision !!! ### 
 ########  Status report at	 11:35:15:280 ------------------ ##### 
### Collision !!! ### 
 ########  Status report at	 11:35:15:297 ------------------ ##### 
### Collision !!! ### 
 ########  Status report at	 11:35:15:313 ------------------ ##### 
### Collision !!! ### 
 ########  Status report at	 11:35:15:330 ------------------ ##### 
### Collision !!! ### 
 ########  Status report at	 11:35:15:347 ------------------ ##### 
### Collision !!! ### 
 ########  Status report at	 11:35:15:363 ------------------ ##### 
### Collision !!! ### 
 ########  Status report at	 11:35:15:380 ------------------ ##### 
### Collision !!! ### 
 ########  Status report at	 11:35:15:397 ------------------ ##### 
### Collision !!! ### 
 ########  Status report at	 11:35:15:414 ------------------ ##### 
### Collision !!! ### 
 ########  Status report at	 11:35:15:431 ------------------ ##### 
### Collision !!! ### 
 ########  Status report at	 11:35:15:447 ------------------ ##### 
### Collision !!! ### 
 ########  Status report at	 11:35:15:464 ------------------ ##### 
### Collision !!! ### 
 ########  Status report at	 11:35:15:481 ------------------ ##### 
### Collision !!! ### 
 ########  Status report at	 11:35:15:497 ------------------ ##### 
### Collision !!! ### 
 ########  Status report at	 11:35:33:445 ------------------ ##### 
### Collision !!! ### 
 ########  Status report at	 11:35:34:659 ------------------ ##### 
### Collision !!! ### 
 ########  Status report at	 11:35:34:676 ------------------ ##### 
### Collision !!! ### 
 ########  Status report at	 11:35:34:692 ------------------ ##### 
### Collision !!! ### 
 ########  Status report at	 11:35:34:708 ------------------ ##### 
### Collision !!! ### 
 ########  Status report at	 11:35:34:760 ------------------ ##### 
### Collision !!! ### 
 ########  Status report at	 11:35:34:792 ------------------ ##### 
### Collision !!! ### 
 ########  Status report at	 11:35:34:861 ------------------ ##### 
### Collision !!! ### 
 ########  Status report at	 11:35:40:743 ------------------ ##### 
### Collision !!! ### 
 ########  Status report at	 11:35:40:795 ------------------ ##### 
### Collision !!! ### 
 ########  Status report at	 11:35:46:442 ------------------ ##### 
### Collision !!! ### 
 ########  Status report at	 11:35:46:460 ------------------ ##### 
### Collision !!! ### 
 ########  Status report at	 11:35:46:543 ------------------ ##### 
### Collision !!! ### 
 ########  Status report at	 11:35:46:561 ------------------ ##### 
### Collision !!! ### 
 ########  Status report at	 11:35:46:627 ------------------ ##### 
### Collision !!! ### 
 ########  Status report at	 11:35:46:648 ------------------ ##### 
### Collision !!! ### 
 ########  Status report at	 11:35:46:666 ------------------ ##### 
### Collision !!! ### 
 ########  Status report at	 11:35:46:743 ------------------ ##### 
### Collision !!! ### 
 ########  Status report at	 11:35:49:930 ------------------ ##### 
### Collision !!! ### 
 ########  Status report at	 11:35:49:948 ------------------ ##### 
### Collision !!! ### 
 ########  Status report at	 11:35:49:960 ------------------ ##### 
### Collision !!! ### 
 ########  Status report at	 11:35:50:13 ------------------ ##### 
### Collision !!! ### 
 ########  Status report at	 11:35:50:32 ------------------ ##### 
### Collision !!! ### 
 ########  Status report at	 11:35:50:47 ------------------ ##### 
### Collision !!! ### 
 ########  Status report at	 11:35:50:61 ------------------ ##### 
### Collision !!! ### 
 ########  Status report at	 11:35:50:130 ------------------ ##### 
### Collision !!! ### 
 ########  Status report at	 11:35:50:148 ------------------ ##### 
### Collision !!! ### 
 ########  Status report at	 11:35:50:163 ------------------ ##### 
### Collision !!! ### 
 ########  Status report at	 11:35:50:178 ------------------ ##### 
### Collision !!! ### 
 ########  Status report at	 11:35:50:195 ------------------ ##### 
### Collision !!! ### 
 ########  Status report at	 11:35:50:247 ------------------ ##### 
### Collision !!! ### 
 ########  Status report at	 11:35:50:266 ------------------ ##### 
### Collision !!! ### 
 ########  Status report at	 11:35:50:283 ------------------ ##### 
### Collision !!! ### 
 ########  Status report at	 11:35:50:297 ------------------ ##### 
### Collision !!! ### 
 ########  Status report at	 11:35:50:345 ------------------ ##### 
### Collision !!! ### 
 ########  Status report at	 11:35:50:365 ------------------ ##### 
### Collision !!! ### 
 ########  Status report at	 11:35:50:446 ------------------ ##### 
### Collision !!! ### 
 ########  Status report at	 11:35:58:429 ------------------ ##### 
### Collision !!! ### 
 ########  Status report at	 11:35:58:448 ------------------ ##### 
### Collision !!! ### 
 ########  Status report at	 11:35:58:464 ------------------ ##### 
### Collision !!! ### 
 ########  Status report at	 11:35:58:478 ------------------ ##### 
### Collision !!! ### 
 ########  Status report at	 11:35:58:495 ------------------ ##### 
### Collision !!! ### 
 ########  Status report at	 11:35:58:563 ------------------ ##### 
### Collision !!! ### 
 ########  Status report at	 11:35:58:580 ------------------ ##### 
### Collision !!! ### 
 ########  Status report at	 11:35:58:594 ------------------ ##### 
### Collision !!! ### 
 ########  Status report at	 11:35:58:610 ------------------ ##### 
### Collision !!! ### 
 ########  Status report at	 11:35:58:695 ------------------ ##### 
### Collision !!! ### 
 ########  Status report at	 11:35:58:711 ------------------ ##### 
### Collision !!! ### 
 ########  Status report at	 11:35:58:726 ------------------ ##### 
### Collision !!! ### 
 ########  Status report at	 11:35:58:744 ------------------ ##### 
### Collision !!! ### 
 ########  Status report at	 11:35:58:828 ------------------ ##### 
### Collision !!! ### 
 ########  Status report at	 11:35:58:844 ------------------ ##### 
### Collision !!! ### 
 ########  Status report at	 11:35:58:859 ------------------ ##### 
### Collision !!! ### 
 ########  Status report at	 11:35:58:876 ------------------ ##### 
### Collision !!! ### 
 ########  Status report at	 11:35:58:962 ------------------ ##### 
### Collision !!! ### 
 ########  Status report at	 11:36:10:178 ------------------ ##### 
### Collision !!! ### 
 ########  Status report at	 11:36:10:294 ------------------ ##### 
### Collision !!! ### 
 ########  Status report at	 11:36:10:395 ------------------ ##### 
### Collision !!! ### 
 ########  Status report at	 11:36:10:495 ------------------ ##### 
### Collision !!! ### 
 ########  Status report at	 11:36:10:595 ------------------ ##### 
### Collision !!! ### 
 ########  Status report at	 11:36:10:695 ------------------ ##### 
### Collision !!! ### 
 ########  Status report at	 11:36:10:793 ------------------ ##### 
### Collision !!! ### 
 ########  Status report at	 11:36:10:977 ------------------ ##### 
### Collision !!! ### 
 ########  Status report at	 11:36:20:111 ------------------ ##### 
### Collision !!! ### 
 ########  Status report at	 11:36:20:127 ------------------ ##### 
### Collision !!! ### 
 ########  Status report at	 11:36:20:143 ------------------ ##### 
### Collision !!! ### 
 ########  Status report at	 11:36:20:160 ------------------ ##### 
### Collision !!! ### 
 ########  Status report at	 11:36:20:212 ------------------ ##### 
### Collision !!! ### 
 ########  Status report at	 11:36:20:227 ------------------ ##### 
### Collision !!! ### 
 ########  Status report at	 11:36:20:244 ------------------ ##### 
### Collision !!! ### 
 ########  Status report at	 11:36:20:260 ------------------ ##### 
### Collision !!! ### 
 ########  Status report at	 11:36:20:328 ------------------ ##### 
### Collision !!! ### 
 ########  Status report at	 11:36:20:344 ------------------ ##### 
### Collision !!! ### 
 ########  Status report at	 11:36:20:360 ------------------ ##### 
### Collision !!! ### 
 ########  Status report at	 11:36:20:377 ------------------ ##### 
### Collision !!! ### 
 ########  Status report at	 11:36:20:429 ------------------ ##### 
### Collision !!! ### 
 ########  Status report at	 11:36:27:180 ------------------ ##### 
### Collision !!! ### 
 ########  Status report at	 11:36:27:280 ------------------ ##### 
### Collision !!! ### 
 ########  Status report at	 11:36:27:379 ------------------ ##### 
### Collision !!! ### 
 ########  Status report at	 11:36:48:532 ------------------ ##### 
### Collision !!! ### 
 ########  Status report at	 11:36:48:548 ------------------ ##### 
### Collision !!! ### 
 ########  Status report at	 11:36:48:565 ------------------ ##### 
### Collision !!! ### 
 ########  Status report at	 11:36:48:581 ------------------ ##### 
### Collision !!! ### 
 ########  Status report at	 11:36:48:598 ------------------ ##### 
### Collision !!! ### 
 ########  Status report at	 11:36:48:615 ------------------ ##### 
### Collision !!! ### 
 ########  Status report at	 11:36:48:631 ------------------ ##### 
### Collision !!! ### 
 ########  Status report at	 11:36:48:648 ------------------ ##### 
### Collision !!! ### 
 ########  Status report at	 11:36:48:665 ------------------ ##### 
### Collision !!! ### 
 ########  Status report at	 11:36:48:681 ------------------ ##### 
### Collision !!! ### 
 ########  Status report at	 11:36:48:698 ------------------ ##### 
### Collision !!! ### 
 ########  Status report at	 11:36:48:714 ------------------ ##### 
### Collision !!! ### 
 ########  Status report at	 11:36:48:731 ------------------ ##### 
### Collision !!! ### 
 ########  Status report at	 11:36:48:748 ------------------ ##### 
### Collision !!! ### 
 ########  Status report at	 11:36:53:847 ------------------ ##### 
### Collision !!! ### 
 ########  Status report at	 11:36:57:232 ------------------ ##### 
### Collision !!! ### 
 ########  Status report at	 11:36:57:330 ------------------ ##### 
### Collision !!! ### 
 ########  Status report at	 11:36:57:464 ------------------ ##### 
### Collision !!! ### 
 ########  Status report at	 11:37:7:215 ------------------ ##### 
### Collision !!! ### 
 ########  Status report at	 11:37:7:315 ------------------ ##### 
### Collision !!! ### 
 ########  Status report at	 11:37:7:414 ------------------ ##### 
### Collision !!! ### 
 ########  Status report at	 11:37:7:514 ------------------ ##### 
### Collision !!! ### 
 ########  Status report at	 11:37:22:244 ------------------ ##### 
### Collision !!! ### 
 ########  Status report at	 11:37:22:315 ------------------ ##### 
### Collision !!! ### 
 ########  Status report at	 11:37:22:428 ------------------ ##### 
### Collision !!! ### 
 ########  Status report at	 11:37:23:379 ------------------ ##### 
### Collision !!! ### 
 ########  Status report at	 11:37:28:346 ------------------ ##### 
### Collision !!! ### 
 ########  Status report at	 11:37:28:360 ------------------ ##### 
### Collision !!! ### 
 ########  Status report at	 11:37:28:415 ------------------ ##### 
### Collision !!! ### 
 ########  Status report at	 11:37:28:429 ------------------ ##### 
### Collision !!! ### 
 ########  Status report at	 11:37:28:445 ------------------ ##### 
### Collision !!! ### 
 ########  Status report at	 11:37:28:462 ------------------ ##### 
### Collision !!! ### 
 ########  Status report at	 11:37:28:515 ------------------ ##### 
### Collision !!! ### 
 ########  Status report at	 11:37:28:534 ------------------ ##### 
### Collision !!! ### 
 ########  Status report at	 11:37:43:85 ------------------ ##### 
### Collision !!! ### 
 ########  Status report at	 11:37:43:101 ------------------ ##### 
### Collision !!! ### 
 ########  Status report at	 11:37:43:117 ------------------ ##### 
### Collision !!! ### 
 ########  Status report at	 11:37:43:134 ------------------ ##### 
### Collision !!! ### 
 ########  Status report at	 11:37:43:151 ------------------ ##### 
### Collision !!! ### 
 ########  Status report at	 11:37:43:198 ------------------ ##### 
### Collision !!! ### 
 ########  Status report at	 11:37:43:212 ------------------ ##### 
### Collision !!! ### 
 ########  Status report at	 11:37:43:228 ------------------ ##### 
### Collision !!! ### 
 ########  Status report at	 11:37:43:245 ------------------ ##### 
### Collision !!! ### 
 ########  Status report at	 11:37:43:261 ------------------ ##### 
### Collision !!! ### 
 ########  Status report at	 11:37:43:278 ------------------ ##### 
### Collision !!! ### 
 ########  Status report at	 11:37:43:294 ------------------ ##### 
### Collision !!! ### 
 ########  Status report at	 11:37:43:311 ------------------ ##### 
### Collision !!! ### 
 ########  Status report at	 11:37:43:350 ------------------ ##### 
### Collision !!! ### 
 ########  Status report at	 11:37:58:249 ------------------ ##### 
### Collision !!! ### 
 ########  Status report at	 11:37:58:263 ------------------ ##### 
### Collision !!! ### 
 ########  Status report at	 11:37:58:278 ------------------ ##### 
### Collision !!! ### 
 ########  Status report at	 11:37:58:295 ------------------ ##### 
### Collision !!! ### 
 ########  Status report at	 11:37:58:349 ------------------ ##### 
### Collision !!! ### 
 ########  Status report at	 11:37:58:363 ------------------ ##### 
### Collision !!! ### 
 ########  Status report at	 11:37:58:378 ------------------ ##### 
### Collision !!! ### 
 ########  Status report at	 11:37:58:395 ------------------ ##### 
### Collision !!! ### 
 ########  Status report at	 11:37:58:456 ------------------ ##### 
### Collision !!! ### 
 ########  Status report at	 11:37:58:479 ------------------ ##### 
### Collision !!! ### 
 ########  Status report at	 11:37:58:496 ------------------ ##### 
### Collision !!! ### 
 ########  Status report at	 11:37:58:548 ------------------ ##### 
### Collision !!! ### 
 ########  Status report at	 11:37:58:562 ------------------ ##### 
### Collision !!! ### 
 ########  Status report at	 11:37:58:649 ------------------ ##### 
### Collision !!! ### 
 ########  Status report at	 11:38:4:189 ------------------ ##### 
### Collision !!! ### 
 ########  Status report at	 11:38:10:946 ------------------ ##### 
### Collision !!! ### 
 ########  Status report at	 11:38:10:962 ------------------ ##### 
### Collision !!! ### 
 ########  Status report at	 11:38:11:16 ------------------ ##### 
### Collision !!! ### 
 ########  Status report at	 11:38:11:30 ------------------ ##### 
### Collision !!! ### 
 ########  Status report at	 11:38:11:45 ------------------ ##### 
### Collision !!! ### 
 ########  Status report at	 11:38:11:62 ------------------ ##### 
### Collision !!! ### 
 ########  Status report at	 11:38:11:115 ------------------ ##### 
### Collision !!! ### 
 ########  Status report at	 11:38:11:130 ------------------ ##### 
### Collision !!! ### 
 ########  Status report at	 11:38:11:146 ------------------ ##### 
### Collision !!! ### 
 ########  Status report at	 11:38:11:163 ------------------ ##### 
### Collision !!! ### 
 ########  Status report at	 11:38:11:215 ------------------ ##### 
### Collision !!! ### 
 ########  Status report at	 11:38:11:229 ------------------ ##### 
### Collision !!! ### 
 ########  Status report at	 11:38:11:246 ------------------ ##### 
### Collision !!! ### 
 ########  Status report at	 11:38:11:265 ------------------ ##### 
### Collision !!! ### 
 ########  Status report at	 11:38:11:317 ------------------ ##### 
### Collision !!! ### 
 ########  Status report at	 11:38:11:333 ------------------ ##### 
### Collision !!! ### 
 ########  Status report at	 11:38:11:348 ------------------ ##### 
### Collision !!! ### 
 ########  Status report at	 11:38:11:364 ------------------ ##### 
### Collision !!! ### 
 ########  Status report at	 11:38:11:418 ------------------ ##### 
### Collision !!! ### 
 ########  Status report at	 11:38:11:434 ------------------ ##### 
### Collision !!! ### 
 ########  Status report at	 11:38:11:448 ------------------ ##### 
### Collision !!! ### 
 ########  Status report at	 11:38:11:464 ------------------ ##### 
### Collision !!! ### 
 ########  Status report at	 11:38:11:517 ------------------ ##### 
### Collision !!! ### 
 ########  Status report at	 11:38:11:534 ------------------ ##### 
### Collision !!! ### 
 ########  Status report at	 11:38:11:548 ------------------ ##### 
### Collision !!! ### 
 ########  Status report at	 11:38:11:565 ------------------ ##### 
### Collision !!! ### 
 ########  Status report at	 11:38:11:619 ------------------ ##### 
### Collision !!! ### 
 ########  Status report at	 11:38:11:638 ------------------ ##### 
### Collision !!! ### 
 ########  Status report at	 11:38:11:652 ------------------ ##### 
### Collision !!! ### 
 ########  Status report at	 11:38:11:665 ------------------ ##### 
### Collision !!! ### 
 ########  Status report at	 11:38:11:681 ------------------ ##### 
### Collision !!! ### 
 ########  Status report at	 11:38:11:734 ------------------ ##### 
### Collision !!! ### 
 ########  Status report at	 11:38:11:752 ------------------ ##### 
### Collision !!! ### 
 ########  Status report at	 11:38:11:767 ------------------ ##### 
### Collision !!! ### 
 ########  Status report at	 11:38:11:783 ------------------ ##### 
### Collision !!! ### 
 ########  Status report at	 11:38:11:834 ------------------ ##### 
### Collision !!! ### 
 ########  Status report at	 11:38:11:853 ------------------ ##### 
### Collision !!! ### 
 ########  Status report at	 11:38:11:868 ------------------ ##### 
### Collision !!! ### 
 ########  Status report at	 11:38:11:884 ------------------ ##### 
### Collision !!! ### 
 ########  Status report at	 11:38:11:933 ------------------ ##### 
### Collision !!! ### 
 ########  Status report at	 11:38:11:953 ------------------ ##### 
### Collision !!! ### 
 ########  Status report at	 11:38:11:968 ------------------ ##### 
### Collision !!! ### 
 ########  Status report at	 11:38:11:984 ------------------ ##### 
### Collision !!! ### 
 ########  Status report at	 11:38:12:33 ------------------ ##### 
### Collision !!! ### 
 ########  Status report at	 11:38:12:51 ------------------ ##### 
### Collision !!! ### 
 ########  Status report at	 11:38:12:65 ------------------ ##### 
### Collision !!! ### 
 ########  Status report at	 11:38:12:83 ------------------ ##### 
### Collision !!! ### 
 ########  Status report at	 11:38:12:134 ------------------ ##### 
### Collision !!! ### 
 ########  Status report at	 11:38:12:153 ------------------ ##### 
### Collision !!! ### 
 ########  Status report at	 11:38:12:169 ------------------ ##### 
### Collision !!! ### 
 ########  Status report at	 11:38:12:181 ------------------ ##### 
### Collision !!! ### 
 ########  Status report at	 11:38:12:198 ------------------ ##### 
### Collision !!! ### 
 ########  Status report at	 11:38:12:250 ------------------ ##### 
### Collision !!! ### 
 ########  Status report at	 11:38:12:271 ------------------ ##### 
### Collision !!! ### 
 ########  Status report at	 11:38:12:299 ------------------ ##### 
### Collision !!! ### 
 ########  Status report at	 11:38:12:370 ------------------ ##### 
### Collision !!! ### 
 ########  Status report at	 11:38:12:398 ------------------ ##### 
### Collision !!! ### 
 ########  Status report at	 11:38:12:415 ------------------ ##### 
### Collision !!! ### 
 ########  Status report at	 11:38:12:431 ------------------ ##### 
### Collision !!! ### 
 ########  Status report at	 11:38:12:483 ------------------ ##### 
### Collision !!! ### 
 ########  Status report at	 11:38:12:504 ------------------ ##### 
### Collision !!! ### 
 ########  Status report at	 11:38:12:520 ------------------ ##### 
### Collision !!! ### 
 ########  Status report at	 11:38:12:536 ------------------ ##### 
### Collision !!! ### 
 ########  Status report at	 11:38:12:584 ------------------ ##### 
### Collision !!! ### 
 ########  Status report at	 11:38:12:603 ------------------ ##### 
### Collision !!! ### 
 ########  Status report at	 11:38:12:618 ------------------ ##### 
### Collision !!! ### 
 ########  Status report at	 11:38:12:636 ------------------ ##### 
### Collision !!! ### 
 ########  Status report at	 11:38:12:692 ------------------ ##### 
### Collision !!! ### 
 ########  Status report at	 11:38:12:716 ------------------ ##### 
### Collision !!! ### 
 ########  Status report at	 11:38:12:731 ------------------ ##### 
### Collision !!! ### 
 ########  Status report at	 11:38:12:784 ------------------ ##### 
### Collision !!! ### 
 ########  Status report at	 11:38:12:804 ------------------ ##### 
### Collision !!! ### 
 ########  Status report at	 11:38:12:831 ------------------ ##### 
### Collision !!! ### 
 ########  Status report at	 11:38:12:883 ------------------ ##### 
### Collision !!! ### 
 ########  Status report at	 11:38:12:902 ------------------ ##### 
### Collision !!! ### 
 ########  Status report at	 11:38:12:915 ------------------ ##### 
### Collision !!! ### 
 ########  Status report at	 11:38:12:931 ------------------ ##### 
### Collision !!! ### 
 ########  Status report at	 11:38:12:970 ------------------ ##### 
### Collision !!! ### 
 ########  Status report at	 11:38:12:985 ------------------ ##### 
### Collision !!! ### 
 ########  Status report at	 11:38:12:997 ------------------ ##### 
### Collision !!! ### 
 ########  Status report at	 11:38:13:14 ------------------ ##### 
### Collision !!! ### 
 