# Game Session ID 
4 
### Session Start ### 
########  Status at	 18:15:56:244 ------------------ ##### 
### Collision !!! ### 
 ########  Status at	 18:15:56:261 ------------------ ##### 
### Collision !!! ### 
 ########  Status at	 18:15:56:278 ------------------ ##### 
### Collision !!! ### 
 ########  Status at	 18:15:56:294 ------------------ ##### 
### Collision !!! ### 
 ########  Status at	 18:15:56:311 ------------------ ##### 
### Collision !!! ### 
 ########  Status at	 18:15:56:327 ------------------ ##### 
### Collision !!! ### 
 ########  Status at	 18:15:56:344 ------------------ ##### 
### Collision !!! ### 
 ########  Status at	 18:15:56:361 ------------------ ##### 
### Collision !!! ### 
 ########  Status at	 18:15:56:377 ------------------ ##### 
### Collision !!! ### 
 ########  Status at	 18:15:56:394 ------------------ ##### 
### Collision !!! ### 
 ########  Status at	 18:15:56:410 ------------------ ##### 
### Collision !!! ### 
 ########  Status at	 18:15:56:427 ------------------ ##### 
### Collision !!! ### 
 ########  Status at	 18:15:56:444 ------------------ ##### 
### Collision !!! ### 
 ########  Status at	 18:15:56:460 ------------------ ##### 
### Collision !!! ### 
 ########  Status at	 18:15:56:477 ------------------ ##### 
### Collision !!! ### 
 ########  Status at	 18:15:56:494 ------------------ ##### 
### Collision !!! ### 
 ########  Status at	 18:15:56:510 ------------------ ##### 
### Collision !!! ### 
 ########  Status at	 18:15:56:528 ------------------ ##### 
### Collision !!! ### 
 ########  Status at	 18:15:56:544 ------------------ ##### 
### Collision !!! ### 
 ########  Status at	 18:15:56:561 ------------------ ##### 
### Collision !!! ### 
 ########  Status at	 18:15:56:611 ------------------ ##### 
### Collision !!! ### 
 ########  Status at	 18:15:59:615 ------------------ ##### 
### Collision !!! ### 
 ########  Status at	 18:15:59:632 ------------------ ##### 
### Collision !!! ### 
 ########  Status at	 18:15:59:649 ------------------ ##### 
### Collision !!! ### 
 ########  Status at	 18:15:59:665 ------------------ ##### 
### Collision !!! ### 
 ########  Status at	 18:15:59:683 ------------------ ##### 
### Collision !!! ### 
 ########  Status at	 18:15:59:699 ------------------ ##### 
### Collision !!! ### 
 ########  Status at	 18:15:59:716 ------------------ ##### 
### Collision !!! ### 
 ########  Status at	 18:15:59:732 ------------------ ##### 
### Collision !!! ### 
 ########  Status at	 18:15:59:750 ------------------ ##### 
### Collision !!! ### 
 ########  Status at	 18:16:12:845 ------------------ ##### 
### Collision !!! ### 
 ########  Status at	 18:16:12:861 ------------------ ##### 
### Collision !!! ### 
 ########  Status at	 18:16:12:878 ------------------ ##### 
### Collision !!! ### 
 ########  Status at	 18:16:12:895 ------------------ ##### 
### Collision !!! ### 
 ########  Status at	 18:16:12:911 ------------------ ##### 
### Collision !!! ### 
 ########  Status at	 18:16:12:928 ------------------ ##### 
### Collision !!! ### 
 ########  Status at	 18:16:12:944 ------------------ ##### 
### Collision !!! ### 
 ########  Status at	 18:16:12:961 ------------------ ##### 
### Collision !!! ### 
 ########  Status at	 18:16:12:978 ------------------ ##### 
### Collision !!! ### 
 ########  Status at	 18:16:12:994 ------------------ ##### 
### Collision !!! ### 
 ########  Status at	 18:16:13:11 ------------------ ##### 
### Collision !!! ### 
 ########  Status at	 18:16:13:28 ------------------ ##### 
### Collision !!! ### 
 ########  Status at	 18:16:13:44 ------------------ ##### 
### Collision !!! ### 
 ########  Status at	 18:16:13:61 ------------------ ##### 
### Collision !!! ### 
 ########  Status at	 18:16:13:77 ------------------ ##### 
### Collision !!! ### 
 ########  Status at	 18:16:13:94 ------------------ ##### 
### Collision !!! ### 
 ########  Status at	 18:16:13:112 ------------------ ##### 
### Collision !!! ### 
 ########  Status at	 18:16:13:127 ------------------ ##### 
### Collision !!! ### 
 ########  Status at	 18:16:13:144 ------------------ ##### 
### Collision !!! ### 
 ########  Status at	 18:16:13:162 ------------------ ##### 
### Collision !!! ### 
 ########  Status at	 18:16:18:78 ------------------ ##### 
### Collision !!! ### 
 ########  Status at	 18:16:18:94 ------------------ ##### 
### Collision !!! ### 
 ########  Status at	 18:16:18:111 ------------------ ##### 
### Collision !!! ### 
 ########  Status at	 18:16:18:127 ------------------ ##### 
### Collision !!! ### 
 ########  Status at	 18:16:18:144 ------------------ ##### 
### Collision !!! ### 
 ########  Status at	 18:16:18:161 ------------------ ##### 
### Collision !!! ### 
 ########  Status at	 18:16:18:177 ------------------ ##### 
### Collision !!! ### 
 ########  Status at	 18:16:18:194 ------------------ ##### 
### Collision !!! ### 
 ########  Status at	 18:16:18:211 ------------------ ##### 
### Collision !!! ### 
 ########  Status at	 18:16:18:227 ------------------ ##### 
### Collision !!! ### 
 ########  Status at	 18:16:18:246 ------------------ ##### 
### Collision !!! ### 
 ########  Status at	 18:16:18:261 ------------------ ##### 
### Collision !!! ### 
 ########  Status at	 18:16:18:278 ------------------ ##### 
### Collision !!! ### 
 ########  Status at	 18:16:18:296 ------------------ ##### 
### Collision !!! ### 
 ########  Status at	 18:16:18:329 ------------------ ##### 
### Collision !!! ### 
 ########  Status at	 18:16:25:12 ------------------ ##### 
# Effector position  -4.77331 -4.77331 -4.77331
# Ball 0
# Position  -3.7 -3.7 -3.7
# Color  Red
# Value 20
# Ball 1
# Position  2.682 2.682 2.682
# Color  Yellow
# Value -10
# Ball 2
# Position  7.28201 7.28201 7.28201
# Color  Blue
# Value 10
# Ball 3
# Position  7.7 7.7 7.7
# Color  Yellow
# Value -10
# Ball 4
# Position  21.246 21.246 21.246
# Color  Yellow
# Value -10
# Ball 5
# Position  21.664 21.664 21.664
# Color  Yellow
# Value -10
# Ball 6
# Position  20.3 20.3 20.3
# Color  Yellow
# Value -10
# Ball 7
# Position  -22.2504 -22.2504 -22.2504
# Color  Yellow
# Value -10
# Ball 8
# Position  -11.7 -11.7 -11.7
# Color  Yellow
# Value -10
# Ball 9
# Position  -8.3 -8.3 -8.3
# Color  Yellow
# Value -10
# Vitesse de depart 20
########  Status at	 18:16:27:12 ------------------ ##### 
# Effector position  -4.47941 -4.47941 -4.47941
# Ball 0
# Position  -3.7 -3.7 -3.7
# Color  Red
# Value 20
# Ball 1
# Position  4.58676 4.58676 4.58676
# Color  Yellow
# Value -10
# Ball 2
# Position  9.28201 9.28201 9.28201
# Color  Blue
# Value 10
# Ball 3
# Position  7.70001 7.70001 7.70001
# Color  Yellow
# Value -10
# Ball 4
# Position  27.2461 27.2461 27.2461
# Color  Yellow
# Value -10
# Ball 5
# Position  25.4759 25.4759 25.4759
# Color  Yellow
# Value -10
# Ball 6
# Position  20.3 20.3 20.3
# Color  Yellow
# Value -10
# Ball 7
# Position  -25.677 -25.677 -25.677
# Color  Yellow
# Value -10
# Ball 8
# Position  -11.7 -11.7 -11.7
# Color  Yellow
# Value -10
# Ball 9
# Position  -8.29996 -8.29996 -8.29996
# Color  Yellow
# Value -10
# Vitesse de depart 20
########  Status at	 18:16:29:17 ------------------ ##### 
# Effector position  -2.54171 -2.54171 -2.54171
# Ball 0
# Position  -3.70005 -3.70005 -3.70005
# Color  Red
# Value 20
# Ball 1
# Position  6.18766 6.18766 6.18766
# Color  Yellow
# Value -10
# Ball 2
# Position  11.2523 11.2523 11.2523
# Color  Blue
# Value 10
# Ball 3
# Position  7.70001 7.70001 7.70001
# Color  Yellow
# Value -10
# Ball 4
# Position  32.3427 32.3427 32.3427
# Color  Yellow
# Value -10
# Ball 5
# Position  28.6879 28.6879 28.6879
# Color  Yellow
# Value -10
# Ball 6
# Position  20.3 20.3 20.3
# Color  Yellow
# Value -10
# Ball 7
# Position  -28.7299 -28.7299 -28.7299
# Color  Yellow
# Value -10
# Ball 8
# Position  -11.6999 -11.6999 -11.6999
# Color  Yellow
# Value -10
# Ball 9
# Position  -8.29984 -8.29984 -8.29984
# Color  Yellow
# Value -10
# Vitesse de depart 20
########  Status at	 18:16:31:1 ------------------ ##### 
# Effector position  12.9191 12.9191 12.9191
# Ball 0
# Position  9.271 9.271 9.271
# Color  Red
# Value 20
# Ball 1
# Position  10.729 10.729 10.729
# Color  Yellow
# Value -10
# Ball 2
# Position  15.3 15.3 15.3
# Color  Blue
# Value 10
# Ball 3
# Position  20.7 20.7 20.7
# Color  Yellow
# Value -10
# Ball 4
# Position  -16.7 -16.7 -16.7
# Color  Yellow
# Value -10
# Ball 5
# Position  -11.3 -11.3 -11.3
# Color  Yellow
# Value -10
# Ball 6
# Position  -8.7 -8.7 -8.7
# Color  Yellow
# Value -10
# Ball 7
# Position  -5.271 -5.271 -5.271
# Color  Yellow
# Value -10
# Ball 8
# Position  -4.642 -4.642 -4.642
# Color  Yellow
# Value -10
# Ball 9
# Position  0.758003 0.758003 0.758003
# Color  Yellow
# Value -10
# Vitesse de depart 20
########  Status at	 18:16:33:1 ------------------ ##### 
# Effector position  13.1156 13.1156 13.1156
# Ball 0
# Position  11.271 11.271 11.271
# Color  Red
# Value 20
# Ball 1
# Position  8.72899 8.72899 8.72899
# Color  Yellow
# Value -10
# Ball 2
# Position  15.3 15.3 15.3
# Color  Blue
# Value 10
# Ball 3
# Position  20.7 20.7 20.7
# Color  Yellow
# Value -10
# Ball 4
# Position  -16.7 -16.7 -16.7
# Color  Yellow
# Value -10
# Ball 5
# Position  -11.3 -11.3 -11.3
# Color  Yellow
# Value -10
# Ball 6
# Position  -8.7 -8.7 -8.7
# Color  Yellow
# Value -10
# Ball 7
# Position  -7.14368 -7.14368 -7.14368
# Color  Yellow
# Value -10
# Ball 8
# Position  -8.642 -8.642 -8.642
# Color  Yellow
# Value -10
# Ball 9
# Position  -3.242 -3.242 -3.242
# Color  Yellow
# Value -10
# Vitesse de depart 20
########  Status at	 18:16:35:12 ------------------ ##### 
# Effector position  8.56961 8.56961 8.56961
# Ball 0
# Position  13.1668 13.1668 13.1668
# Color  Red
# Value 20
# Ball 1
# Position  6.98997 6.98997 6.98997
# Color  Yellow
# Value -10
# Ball 2
# Position  15.3 15.3 15.3
# Color  Blue
# Value 10
# Ball 3
# Position  20.7 20.7 20.7
# Color  Yellow
# Value -10
# Ball 4
# Position  -16.7 -16.7 -16.7
# Color  Yellow
# Value -10
# Ball 5
# Position  -11.3 -11.3 -11.3
# Color  Yellow
# Value -10
# Ball 6
# Position  -8.7 -8.7 -8.7
# Color  Yellow
# Value -10
# Ball 7
# Position  -8.76879 -8.76879 -8.76879
# Color  Yellow
# Value -10
# Ball 8
# Position  -12.4364 -12.4364 -12.4364
# Color  Yellow
# Value -10
# Ball 9
# Position  -6.72697 -6.72697 -6.72697
# Color  Yellow
# Value -10
# Vitesse de depart 20
########  Status at	 18:16:36:712 ------------------ ##### 
### Collision !!! ### 
 ########  Status at	 18:16:36:729 ------------------ ##### 
### Collision !!! ### 
 ########  Status at	 18:16:36:745 ------------------ ##### 
### Collision !!! ### 
 ########  Status at	 18:16:37:13 ------------------ ##### 
# Effector position  8.33612 8.33612 8.33612
# Ball 0
# Position  6.9 6.9 6.9
# Color  Red
# Value 20
# Ball 1
# Position  9.1 9.1 9.1
# Color  Yellow
# Value -10
# Ball 2
# Position  13.9 13.9 13.9
# Color  Blue
# Value 10
# Ball 3
# Position  18.1 18.1 18.1
# Color  Yellow
# Value -10
# Ball 4
# Position  19.9 19.9 19.9
# Color  Yellow
# Value -10
# Ball 5
# Position  -15.9 -15.9 -15.9
# Color  Yellow
# Value -10
# Ball 6
# Position  -9.10001 -9.10001 -9.10001
# Color  Yellow
# Value -10
# Ball 7
# Position  -8.9 -8.9 -8.9
# Color  Yellow
# Value -10
# Ball 8
# Position  -1.1 -1.1 -1.1
# Color  Yellow
# Value -10
# Ball 9
# Position  -1.9 -1.9 -1.9
# Color  Yellow
# Value -10
# Vitesse de depart 20
########  Status at	 18:16:39:12 ------------------ ##### 
# Effector position  18.0647 18.0647 18.0647
# Ball 0
# Position  12.9 12.9 12.9
# Color  Red
# Value 20
# Ball 1
# Position  11.1 11.1 11.1
# Color  Yellow
# Value -10
# Ball 2
# Position  17.9 17.9 17.9
# Color  Blue
# Value 10
# Ball 3
# Position  22.0816 22.0816 22.0816
# Color  Yellow
# Value -10
# Ball 4
# Position  19.9 19.9 19.9
# Color  Yellow
# Value -10
# Ball 5
# Position  -15.9 -15.9 -15.9
# Color  Yellow
# Value -10
# Ball 6
# Position  -3.1 -3.1 -3.1
# Color  Yellow
# Value -10
# Ball 7
# Position  -10.8906 -10.8906 -10.8906
# Color  Yellow
# Value -10
# Ball 8
# Position  4.90001 4.90001 4.90001
# Color  Yellow
# Value -10
# Ball 9
# Position  -5.9 -5.9 -5.9
# Color  Yellow
# Value -10
# Vitesse de depart 20
########  Status at	 18:16:41:0 ------------------ ##### 
# Effector position  12.1784 12.1784 12.1784
# Ball 0
# Position  18.852 18.852 18.852
# Color  Red
# Value 20
# Ball 1
# Position  12.9866 12.9866 12.9866
# Color  Yellow
# Value -10
# Ball 2
# Position  21.868 21.868 21.868
# Color  Blue
# Value 10
# Ball 3
# Position  25.4793 25.4793 25.4793
# Color  Yellow
# Value -10
# Ball 4
# Position  19.9 19.9 19.9
# Color  Yellow
# Value -10
# Ball 5
# Position  -15.9 -15.9 -15.9
# Color  Yellow
# Value -10
# Ball 6
# Position  2.852 2.852 2.852
# Color  Yellow
# Value -10
# Ball 7
# Position  -12.5856 -12.5856 -12.5856
# Color  Yellow
# Value -10
# Ball 8
# Position  10.852 10.852 10.852
# Color  Yellow
# Value -10
# Ball 9
# Position  -9.67576 -9.67576 -9.67576
# Color  Yellow
# Value -10
# Vitesse de depart 20
########  Status at	 18:16:41:95 ------------------ ##### 
### Collision !!! ### 
 ########  Status at	 18:16:41:112 ------------------ ##### 
### Collision !!! ### 
 ########  Status at	 18:16:41:129 ------------------ ##### 
### Collision !!! ### 
 ########  Status at	 18:16:41:145 ------------------ ##### 
### Collision !!! ### 
 ########  Status at	 18:16:41:162 ------------------ ##### 
### Collision !!! ### 
 ########  Status at	 18:16:41:180 ------------------ ##### 
### Collision !!! ### 
 ########  Status at	 18:16:41:196 ------------------ ##### 
### Collision !!! ### 
 ########  Status at	 18:16:41:213 ------------------ ##### 
### Collision !!! ### 
 ########  Status at	 18:16:41:229 ------------------ ##### 
### Collision !!! ### 
 ########  Status at	 18:16:41:246 ------------------ ##### 
### Collision !!! ### 
 ########  Status at	 18:16:41:263 ------------------ ##### 
### Collision !!! ### 
 ########  Status at	 18:16:41:280 ------------------ ##### 
### Collision !!! ### 
 ########  Status at	 18:16:41:296 ------------------ ##### 
### Collision !!! ### 
 ########  Status at	 18:16:41:312 ------------------ ##### 
### Collision !!! ### 
 ########  Status at	 18:16:41:334 ------------------ ##### 
### Collision !!! ### 
 ########  Status at	 18:16:41:346 ------------------ ##### 
### Collision !!! ### 
 ########  Status at	 18:16:41:362 ------------------ ##### 
### Collision !!! ### 
 ########  Status at	 18:16:41:379 ------------------ ##### 
### Collision !!! ### 
 ########  Status at	 18:16:41:396 ------------------ ##### 
### Collision !!! ### 
 ########  Status at	 18:16:41:412 ------------------ ##### 
### Collision !!! ### 
 ########  Status at	 18:16:41:429 ------------------ ##### 
### Collision !!! ### 
 ########  Status at	 18:16:41:445 ------------------ ##### 
### Collision !!! ### 
 ########  Status at	 18:16:41:462 ------------------ ##### 
### Collision !!! ### 
 ########  Status at	 18:16:41:479 ------------------ ##### 
### Collision !!! ### 
 ########  Status at	 18:16:41:495 ------------------ ##### 
### Collision !!! ### 
 ########  Status at	 18:16:41:512 ------------------ ##### 
### Collision !!! ### 
 ########  Status at	 18:16:41:530 ------------------ ##### 
### Collision !!! ### 
 ########  Status at	 18:16:41:546 ------------------ ##### 
### Collision !!! ### 
 ########  Status at	 18:16:41:562 ------------------ ##### 
### Collision !!! ### 
 ########  Status at	 18:16:41:579 ------------------ ##### 
### Collision !!! ### 
 ########  Status at	 18:16:41:596 ------------------ ##### 
### Collision !!! ### 
 ########  Status at	 18:16:41:613 ------------------ ##### 
### Collision !!! ### 
 ########  Status at	 18:16:41:629 ------------------ ##### 
### Collision !!! ### 
 ########  Status at	 18:16:41:646 ------------------ ##### 
### Collision !!! ### 
 ########  Status at	 18:16:41:668 ------------------ ##### 
### Collision !!! ### 
 ########  Status at	 18:16:41:684 ------------------ ##### 
### Collision !!! ### 
 ########  Status at	 18:16:41:701 ------------------ ##### 
### Collision !!! ### 
 ########  Status at	 18:16:41:717 ------------------ ##### 
### Collision !!! ### 
 ########  Status at	 18:16:41:734 ------------------ ##### 
### Collision !!! ### 
 ########  Status at	 18:16:41:751 ------------------ ##### 
### Collision !!! ### 
 ########  Status at	 18:16:41:767 ------------------ ##### 
### Collision !!! ### 
 ########  Status at	 18:16:41:784 ------------------ ##### 
### Collision !!! ### 
 ########  Status at	 18:16:41:801 ------------------ ##### 
### Collision !!! ### 
 ########  Status at	 18:16:41:817 ------------------ ##### 
### Collision !!! ### 
 ########  Status at	 18:16:41:834 ------------------ ##### 
### Collision !!! ### 
 ########  Status at	 18:16:41:850 ------------------ ##### 
### Collision !!! ### 
 ########  Status at	 18:16:41:867 ------------------ ##### 
### Collision !!! ### 
 ########  Status at	 18:16:41:884 ------------------ ##### 
### Collision !!! ### 
 ########  Status at	 18:16:41:901 ------------------ ##### 
### Collision !!! ### 
 ########  Status at	 18:16:41:918 ------------------ ##### 
### Collision !!! ### 
 ########  Status at	 18:16:41:935 ------------------ ##### 
### Collision !!! ### 
 ########  Status at	 18:16:41:951 ------------------ ##### 
### Collision !!! ### 
 ########  Status at	 18:16:41:968 ------------------ ##### 
### Collision !!! ### 
 ########  Status at	 18:16:41:984 ------------------ ##### 
### Collision !!! ### 
 ########  Status at	 18:16:42:1 ------------------ ##### 
### Collision !!! ### 
 ########  Status at	 18:16:42:18 ------------------ ##### 
### Collision !!! ### 
 ########  Status at	 18:16:42:34 ------------------ ##### 
### Collision !!! ### 
 ########  Status at	 18:16:42:51 ------------------ ##### 
### Collision !!! ### 
 ########  Status at	 18:16:42:68 ------------------ ##### 
### Collision !!! ### 
 ########  Status at	 18:16:42:84 ------------------ ##### 
### Collision !!! ### 
 ########  Status at	 18:16:42:101 ------------------ ##### 
### Collision !!! ### 
 ########  Status at	 18:16:42:118 ------------------ ##### 
### Collision !!! ### 
 ########  Status at	 18:16:42:134 ------------------ ##### 
### Collision !!! ### 
 ########  Status at	 18:16:42:151 ------------------ ##### 
### Collision !!! ### 
 ########  Status at	 18:16:42:167 ------------------ ##### 
### Collision !!! ### 
 ########  Status at	 18:16:42:184 ------------------ ##### 
### Collision !!! ### 
 ########  Status at	 18:16:42:201 ------------------ ##### 
### Collision !!! ### 
 ########  Status at	 18:16:42:217 ------------------ ##### 
### Collision !!! ### 
 ########  Status at	 18:16:42:234 ------------------ ##### 
### Collision !!! ### 
 ########  Status at	 18:16:42:250 ------------------ ##### 
### Collision !!! ### 
 ########  Status at	 18:16:42:267 ------------------ ##### 
### Collision !!! ### 
 ########  Status at	 18:16:42:285 ------------------ ##### 
### Collision !!! ### 
 ########  Status at	 18:16:42:301 ------------------ ##### 
### Collision !!! ### 
 ########  Status at	 18:16:42:318 ------------------ ##### 
### Collision !!! ### 
 ########  Status at	 18:16:42:335 ------------------ ##### 
### Collision !!! ### 
 ########  Status at	 18:16:42:351 ------------------ ##### 
### Collision !!! ### 
 ########  Status at	 18:16:42:368 ------------------ ##### 
### Collision !!! ### 
 ########  Status at	 18:16:42:384 ------------------ ##### 
### Collision !!! ### 
 ########  Status at	 18:16:42:401 ------------------ ##### 
### Collision !!! ### 
 ########  Status at	 18:16:42:418 ------------------ ##### 
### Collision !!! ### 
 ########  Status at	 18:16:42:434 ------------------ ##### 
### Collision !!! ### 
 ########  Status at	 18:16:42:451 ------------------ ##### 
### Collision !!! ### 
 ########  Status at	 18:16:42:468 ------------------ ##### 
### Collision !!! ### 
 ########  Status at	 18:16:42:484 ------------------ ##### 
### Collision !!! ### 
 ########  Status at	 18:16:42:501 ------------------ ##### 
### Collision !!! ### 
 ########  Status at	 18:16:42:518 ------------------ ##### 
### Collision !!! ### 
 ########  Status at	 18:16:42:534 ------------------ ##### 
### Collision !!! ### 
 ########  Status at	 18:16:42:551 ------------------ ##### 
### Collision !!! ### 
 ########  Status at	 18:16:42:567 ------------------ ##### 
### Collision !!! ### 
 ########  Status at	 18:16:42:584 ------------------ ##### 
### Collision !!! ### 
 ########  Status at	 18:16:42:601 ------------------ ##### 
### Collision !!! ### 
 ########  Status at	 18:16:42:617 ------------------ ##### 
### Collision !!! ### 
 ########  Status at	 18:16:42:634 ------------------ ##### 
### Collision !!! ### 
 ########  Status at	 18:16:42:650 ------------------ ##### 
### Collision !!! ### 
 ########  Status at	 18:16:42:667 ------------------ ##### 
### Collision !!! ### 
 ########  Status at	 18:16:42:685 ------------------ ##### 
### Collision !!! ### 
 ########  Status at	 18:16:42:701 ------------------ ##### 
### Collision !!! ### 
 ########  Status at	 18:16:42:718 ------------------ ##### 
### Collision !!! ### 
 ########  Status at	 18:16:42:735 ------------------ ##### 
### Collision !!! ### 
 ########  Status at	 18:16:42:751 ------------------ ##### 
### Collision !!! ### 
 ########  Status at	 18:16:42:768 ------------------ ##### 
### Collision !!! ### 
 ########  Status at	 18:16:42:784 ------------------ ##### 
### Collision !!! ### 
 ########  Status at	 18:16:42:801 ------------------ ##### 
### Collision !!! ### 
 ########  Status at	 18:16:42:818 ------------------ ##### 
### Collision !!! ### 
 ########  Status at	 18:16:42:834 ------------------ ##### 
### Collision !!! ### 
 ########  Status at	 18:16:42:851 ------------------ ##### 
### Collision !!! ### 
 ########  Status at	 18:16:42:868 ------------------ ##### 
### Collision !!! ### 
 ########  Status at	 18:16:42:884 ------------------ ##### 
### Collision !!! ### 
 ########  Status at	 18:16:42:901 ------------------ ##### 
### Collision !!! ### 
 ########  Status at	 18:16:42:917 ------------------ ##### 
### Collision !!! ### 
 ########  Status at	 18:16:42:934 ------------------ ##### 
### Collision !!! ### 
 ########  Status at	 18:16:42:951 ------------------ ##### 
### Collision !!! ### 
 ########  Status at	 18:16:42:967 ------------------ ##### 
### Collision !!! ### 
 ########  Status at	 18:16:42:984 ------------------ ##### 
### Collision !!! ### 
 ########  Status at	 18:16:43:0 ------------------ ##### 
# Effector position  -0.490624 -0.490624 -0.490624
# Ball 0
# Position  21.5588 21.5588 21.5588
# Color  Red
# Value 20
# Ball 1
# Position  14.5864 14.5864 14.5864
# Color  Yellow
# Value -10
# Ball 2
# Position  25.8027 25.8027 25.8027
# Color  Blue
# Value 10
# Ball 3
# Position  28.5305 28.5305 28.5305
# Color  Yellow
# Value -10
# Ball 4
# Position  22.2592 22.2592 22.2592
# Color  Yellow
# Value -10
# Ball 5
# Position  -15.9 -15.9 -15.9
# Color  Yellow
# Value -10
# Ball 6
# Position  8.75598 8.75598 8.75598
# Color  Yellow
# Value -10
# Ball 7
# Position  -14.1048 -14.1048 -14.1048
# Color  Yellow
# Value -10
# Ball 8
# Position  15.945 15.945 15.945
# Color  Yellow
# Value -10
# Ball 9
# Position  -12.886 -12.886 -12.886
# Color  Yellow
# Value -10
# Vitesse de depart 20
########  Status at	 18:16:43:4 ------------------ ##### 
### Collision !!! ### 
 ########  Status at	 18:16:45:13 ------------------ ##### 
# Effector position  14.4412 14.4412 14.4412
# Ball 0
# Position  15.048 15.048 15.048
# Color  Red
# Value 20
# Ball 1
# Position  16.95 16.95 16.95
# Color  Yellow
# Value -10
# Ball 2
# Position  23.048 23.048 23.048
# Color  Blue
# Value 10
# Ball 3
# Position  -11.052 -11.052 -11.052
# Color  Yellow
# Value -10
# Ball 4
# Position  -14.949 -14.949 -14.949
# Color  Yellow
# Value -10
# Ball 5
# Position  -7.05 -7.05 -7.05
# Color  Yellow
# Value -10
# Ball 6
# Position  -2.951 -2.951 -2.951
# Color  Yellow
# Value -10
# Ball 7
# Position  -1.049 -1.049 -1.049
# Color  Yellow
# Value -10
# Ball 8
# Position  5.049 5.049 5.049
# Color  Yellow
# Value -10
# Ball 9
# Position  8.95 8.95 8.95
# Color  Yellow
# Value -10
# Vitesse de depart 20
########  Status at	 18:16:47:13 ------------------ ##### 
# Effector position  17.9709 17.9709 17.9709
# Ball 0
# Position  19.048 19.048 19.048
# Color  Red
# Value 20
# Ball 1
# Position  16.95 16.95 16.95
# Color  Yellow
# Value -10
# Ball 2
# Position  27.048 27.048 27.048
# Color  Blue
# Value 10
# Ball 3
# Position  -7.30983 -7.30983 -7.30983
# Color  Yellow
# Value -10
# Ball 4
# Position  -16.949 -16.949 -16.949
# Color  Yellow
# Value -10
# Ball 5
# Position  -7.05 -7.05 -7.05
# Color  Yellow
# Value -10
# Ball 6
# Position  -0.951004 -0.951004 -0.951004
# Color  Yellow
# Value -10
# Ball 7
# Position  -2.91839 -2.91839 -2.91839
# Color  Yellow
# Value -10
# Ball 8
# Position  7.04901 7.04901 7.04901
# Color  Yellow
# Value -10
# Ball 9
# Position  8.95 8.95 8.95
# Color  Yellow
# Value -10
# Vitesse de depart 20
