# Game Session ID 
45 
### Session Start ### 
# Game ID 
0 
# Begin play Date and Time 
 17 / 5 / 2013    10:16:10 
# With Fead back 
 True  
# With Visible Trajectory 
 False  
### Game start ### 
 # Throw number 1 of 30
# Type of Balls 
 Ball 0 -> Good ball 
 Ball 1 -> Bad ball 
 Ball 2 -> Ok ball 
 Ball 3 -> Bad ball 
 Ball 4 -> Bad ball 
 Ball 5 -> Bad ball 
 Ball 6 -> Bad ball 
 Ball 7 -> Bad ball 
# Throw number 2 of 30
# Type of Balls 
 Ball 0 -> Good ball 
 Ball 1 -> Bad ball 
 Ball 2 -> Ok ball 
 Ball 3 -> Bad ball 
 Ball 4 -> Bad ball 
 Ball 5 -> Bad ball 
 Ball 6 -> Bad ball 
 Ball 7 -> Bad ball 
# Throw number 3 of 30
# Type of Balls 
 Ball 0 -> Good ball 
 Ball 1 -> Bad ball 
 Ball 2 -> Ok ball 
 Ball 3 -> Bad ball 
 Ball 4 -> Bad ball 
 Ball 5 -> Bad ball 
 Ball 6 -> Bad ball 
 Ball 7 -> Bad ball 
# Throw number 4 of 30
# Type of Balls 
 Ball 0 -> Good ball 
 Ball 1 -> Bad ball 
 Ball 2 -> Ok ball 
 Ball 3 -> Bad ball 
 Ball 4 -> Bad ball 
 Ball 5 -> Bad ball 
 Ball 6 -> Bad ball 
 Ball 7 -> Bad ball 
# Throw number 5 of 30
# Type of Balls 
 Ball 0 -> Good ball 
 Ball 1 -> Bad ball 
 Ball 2 -> Ok ball 
 Ball 3 -> Bad ball 
 Ball 4 -> Bad ball 
 Ball 5 -> Bad ball 
 Ball 6 -> Bad ball 
 Ball 7 -> Bad ball 
# Throw number 6 of 30
# Type of Balls 
 Ball 0 -> Good ball 
 Ball 1 -> Bad ball 
 Ball 2 -> Ok ball 
 Ball 3 -> Bad ball 
 Ball 4 -> Bad ball 
 Ball 5 -> Bad ball 
 Ball 6 -> Bad ball 
 Ball 7 -> Bad ball 
# Throw number 7 of 30
# Type of Balls 
 Ball 0 -> Good ball 
 Ball 1 -> Bad ball 
 Ball 2 -> Ok ball 
 Ball 3 -> Bad ball 
# Throw number 8 of 30
# Type of Balls 
 Ball 0 -> Good ball 
 Ball 1 -> Bad ball 
 Ball 2 -> Ok ball 
 Ball 3 -> Bad ball 
 Ball 4 -> Bad ball 
# Throw number 9 of 30
# Type of Balls 
 Ball 0 -> Good ball 
 Ball 1 -> Bad ball 
 Ball 2 -> Ok ball 
 Ball 3 -> Bad ball 
 Ball 4 -> Bad ball 
 Ball 5 -> Bad ball 
# Throw number 10 of 30
# Type of Balls 
 Ball 0 -> Good ball 
 Ball 1 -> Bad ball 
 Ball 2 -> Ok ball 
 Ball 3 -> Bad ball 
 Ball 4 -> Bad ball 
 Ball 5 -> Bad ball 
 Ball 6 -> Bad ball 
# Throw number 11 of 30
# Type of Balls 
 Ball 0 -> Good ball 
 Ball 1 -> Bad ball 
 Ball 2 -> Ok ball 
 Ball 3 -> Bad ball 
 Ball 4 -> Bad ball 
 Ball 5 -> Bad ball 
 Ball 6 -> Bad ball 
 Ball 7 -> Bad ball 
# Throw number 12 of 30
# Type of Balls 
 Ball 0 -> Good ball 
 Ball 1 -> Bad ball 
 Ball 2 -> Ok ball 
 Ball 3 -> Bad ball 
 Ball 4 -> Bad ball 
 Ball 5 -> Bad ball 
 Ball 6 -> Bad ball 
 Ball 7 -> Bad ball 
# Throw number 13 of 30
# Type of Balls 
 Ball 0 -> Good ball 
 Ball 1 -> Bad ball 
 Ball 2 -> Ok ball 
 Ball 3 -> Bad ball 
# Throw number 14 of 30
# Type of Balls 
 Ball 0 -> Good ball 
 Ball 1 -> Bad ball 
 Ball 2 -> Ok ball 
 Ball 3 -> Bad ball 
 Ball 4 -> Bad ball 
# Throw number 15 of 30
# Type of Balls 
 Ball 0 -> Good ball 
 Ball 1 -> Bad ball 
 Ball 2 -> Ok ball 
 Ball 3 -> Bad ball 
 Ball 4 -> Bad ball 
 Ball 5 -> Bad ball 
# Throw number 16 of 30
# Type of Balls 
 Ball 0 -> Good ball 
 Ball 1 -> Bad ball 
 Ball 2 -> Ok ball 
 Ball 3 -> Bad ball 
 Ball 4 -> Bad ball 
 Ball 5 -> Bad ball 
 Ball 6 -> Bad ball 
# Throw number 17 of 30
# Type of Balls 
 Ball 0 -> Good ball 
 Ball 1 -> Bad ball 
 Ball 2 -> Ok ball 
 Ball 3 -> Bad ball 
 Ball 4 -> Bad ball 
 Ball 5 -> Bad ball 
 Ball 6 -> Bad ball 
 Ball 7 -> Bad ball 
# Throw number 18 of 30
# Type of Balls 
 Ball 0 -> Good ball 
 Ball 1 -> Bad ball 
 Ball 2 -> Ok ball 
 Ball 3 -> Bad ball 
 Ball 4 -> Bad ball 
 Ball 5 -> Bad ball 
 Ball 6 -> Bad ball 
 Ball 7 -> Bad ball 
# Throw number 19 of 30
# Type of Balls 
 Ball 0 -> Good ball 
 Ball 1 -> Bad ball 
 Ball 2 -> Ok ball 
 Ball 3 -> Bad ball 
# Throw number 20 of 30
# Type of Balls 
 Ball 0 -> Good ball 
 Ball 1 -> Bad ball 
 Ball 2 -> Ok ball 
 Ball 3 -> Bad ball 
 Ball 4 -> Bad ball 
# Throw number 21 of 30
# Type of Balls 
 Ball 0 -> Good ball 
 Ball 1 -> Bad ball 
 Ball 2 -> Ok ball 
 Ball 3 -> Bad ball 
 Ball 4 -> Bad ball 
 Ball 5 -> Bad ball 
# Throw number 22 of 30
# Type of Balls 
 Ball 0 -> Good ball 
 Ball 1 -> Bad ball 
 Ball 2 -> Ok ball 
 Ball 3 -> Bad ball 
 Ball 4 -> Bad ball 
 Ball 5 -> Bad ball 
 Ball 6 -> Bad ball 
# Throw number 23 of 30
# Type of Balls 
 Ball 0 -> Good ball 
 Ball 1 -> Bad ball 
 Ball 2 -> Ok ball 
 Ball 3 -> Bad ball 
 Ball 4 -> Bad ball 
 Ball 5 -> Bad ball 
 Ball 6 -> Bad ball 
 Ball 7 -> Bad ball 
# Throw number 24 of 30
# Type of Balls 
 Ball 0 -> Good ball 
 Ball 1 -> Bad ball 
 Ball 2 -> Ok ball 
 Ball 3 -> Bad ball 
 Ball 4 -> Bad ball 
 Ball 5 -> Bad ball 
 Ball 6 -> Bad ball 
 Ball 7 -> Bad ball 
# Throw number 25 of 30
# Type of Balls 
 Ball 0 -> Good ball 
 Ball 1 -> Bad ball 
 Ball 2 -> Ok ball 
 Ball 3 -> Bad ball 
# Throw number 26 of 30
# Type of Balls 
 Ball 0 -> Good ball 
 Ball 1 -> Bad ball 
 Ball 2 -> Ok ball 
 Ball 3 -> Bad ball 
 Ball 4 -> Bad ball 
# Throw number 27 of 30
# Type of Balls 
 Ball 0 -> Good ball 
 Ball 1 -> Bad ball 
 Ball 2 -> Ok ball 
 Ball 3 -> Bad ball 
 Ball 4 -> Bad ball 
 Ball 5 -> Bad ball 
# Throw number 28 of 30
# Type of Balls 
 Ball 0 -> Good ball 
 Ball 1 -> Bad ball 
 Ball 2 -> Ok ball 
 Ball 3 -> Bad ball 
 Ball 4 -> Bad ball 
 Ball 5 -> Bad ball 
 Ball 6 -> Bad ball 
# Throw number 29 of 30
# Type of Balls 
 Ball 0 -> Good ball 
 Ball 1 -> Bad ball 
 Ball 2 -> Ok ball 
 Ball 3 -> Bad ball 
 Ball 4 -> Bad ball 
 Ball 5 -> Bad ball 
 Ball 6 -> Bad ball 
 Ball 7 -> Bad ball 
# Throw number 30 of 30
# Type of Balls 
 Ball 0 -> Good ball 
 Ball 1 -> Bad ball 
 Ball 2 -> Ok ball 
 Ball 3 -> Bad ball 
 Ball 4 -> Bad ball 
 Ball 5 -> Bad ball 
 Ball 6 -> Bad ball 
 Ball 7 -> Bad ball 
# Catch status 
 Number of Good caught balls 22
 Number of Bad caught balls 0
 Number of  Ok caught balls 0
 Number of caught balls 22
# Number of balls par throw 4
# Game End Date and Time 
 17 / 5 / 2013    10:20:35 
# ---------------------------------------------------------- # 

 # Game ID 
1 
# Begin play Date and Time 
 17 / 5 / 2013    10:20:35 
# With Fead back 
 False  
# With Visible Trajectory 
 True  
### Game start ### 
 # Throw number 1 of 30
# Type of Balls 
 Ball 0 -> Good ball 
 Ball 1 -> Bad ball 
 Ball 2 -> Ok ball 
 Ball 3 -> Bad ball 
 Ball 4 -> Bad ball 
 Ball 5 -> Bad ball 
 Ball 6 -> Bad ball 
 Ball 7 -> Bad ball 
# Throw number 2 of 30
# Type of Balls 
 Ball 0 -> Good ball 
 Ball 1 -> Bad ball 
 Ball 2 -> Ok ball 
 Ball 3 -> Bad ball 
 Ball 4 -> Bad ball 
 Ball 5 -> Bad ball 
 Ball 6 -> Bad ball 
 Ball 7 -> Bad ball 
# Throw number 3 of 30
# Type of Balls 
 Ball 0 -> Good ball 
 Ball 1 -> Bad ball 
 Ball 2 -> Ok ball 
 Ball 3 -> Bad ball 
 Ball 4 -> Bad ball 
 Ball 5 -> Bad ball 
 Ball 6 -> Bad ball 
 Ball 7 -> Bad ball 
# Throw number 4 of 30
# Type of Balls 
 Ball 0 -> Good ball 
 Ball 1 -> Bad ball 
 Ball 2 -> Ok ball 
 Ball 3 -> Bad ball 
 Ball 4 -> Bad ball 
 Ball 5 -> Bad ball 
 Ball 6 -> Bad ball 
 Ball 7 -> Bad ball 
# Throw number 5 of 30
# Type of Balls 
 Ball 0 -> Good ball 
 Ball 1 -> Bad ball 
 Ball 2 -> Ok ball 
 Ball 3 -> Bad ball 
 Ball 4 -> Bad ball 
 Ball 5 -> Bad ball 
 Ball 6 -> Bad ball 
 Ball 7 -> Bad ball 
# Throw number 6 of 30
# Type of Balls 
 Ball 0 -> Good ball 
 Ball 1 -> Bad ball 
 Ball 2 -> Ok ball 
 Ball 3 -> Bad ball 
 Ball 4 -> Bad ball 
 Ball 5 -> Bad ball 
 Ball 6 -> Bad ball 
 Ball 7 -> Bad ball 
# Throw number 7 of 30
# Type of Balls 
 Ball 0 -> Good ball 
 Ball 1 -> Bad ball 
 Ball 2 -> Ok ball 
 Ball 3 -> Bad ball 
# Throw number 8 of 30
# Type of Balls 
 Ball 0 -> Good ball 
 Ball 1 -> Bad ball 
 Ball 2 -> Ok ball 
 Ball 3 -> Bad ball 
 Ball 4 -> Bad ball 
# Throw number 9 of 30
# Type of Balls 
 Ball 0 -> Good ball 
 Ball 1 -> Bad ball 
 Ball 2 -> Ok ball 
 Ball 3 -> Bad ball 
 Ball 4 -> Bad ball 
 Ball 5 -> Bad ball 
# Throw number 10 of 30
# Type of Balls 
 Ball 0 -> Good ball 
 Ball 1 -> Bad ball 
 Ball 2 -> Ok ball 
 Ball 3 -> Bad ball 
 Ball 4 -> Bad ball 
 Ball 5 -> Bad ball 
 Ball 6 -> Bad ball 
# Throw number 11 of 30
# Type of Balls 
 Ball 0 -> Good ball 
 Ball 1 -> Bad ball 
 Ball 2 -> Ok ball 
 Ball 3 -> Bad ball 
 Ball 4 -> Bad ball 
 Ball 5 -> Bad ball 
 Ball 6 -> Bad ball 
 Ball 7 -> Bad ball 
# Throw number 12 of 30
# Type of Balls 
 Ball 0 -> Good ball 
 Ball 1 -> Bad ball 
 Ball 2 -> Ok ball 
 Ball 3 -> Bad ball 
 Ball 4 -> Bad ball 
 Ball 5 -> Bad ball 
 Ball 6 -> Bad ball 
 Ball 7 -> Bad ball 
# Throw number 13 of 30
# Type of Balls 
 Ball 0 -> Good ball 
 Ball 1 -> Bad ball 
 Ball 2 -> Ok ball 
 Ball 3 -> Bad ball 
# Throw number 14 of 30
# Type of Balls 
 Ball 0 -> Good ball 
 Ball 1 -> Bad ball 
 Ball 2 -> Ok ball 
 Ball 3 -> Bad ball 
 Ball 4 -> Bad ball 
# Throw number 15 of 30
# Type of Balls 
 Ball 0 -> Good ball 
 Ball 1 -> Bad ball 
 Ball 2 -> Ok ball 
 Ball 3 -> Bad ball 
 Ball 4 -> Bad ball 
 Ball 5 -> Bad ball 
# Throw number 16 of 30
# Type of Balls 
 Ball 0 -> Good ball 
 Ball 1 -> Bad ball 
 Ball 2 -> Ok ball 
 Ball 3 -> Bad ball 
 Ball 4 -> Bad ball 
 Ball 5 -> Bad ball 
 Ball 6 -> Bad ball 
# Throw number 17 of 30
# Type of Balls 
 Ball 0 -> Good ball 
 Ball 1 -> Bad ball 
 Ball 2 -> Ok ball 
 Ball 3 -> Bad ball 
 Ball 4 -> Bad ball 
 Ball 5 -> Bad ball 
 Ball 6 -> Bad ball 
 Ball 7 -> Bad ball 
# Throw number 18 of 30
# Type of Balls 
 Ball 0 -> Good ball 
 Ball 1 -> Bad ball 
 Ball 2 -> Ok ball 
 Ball 3 -> Bad ball 
 Ball 4 -> Bad ball 
 Ball 5 -> Bad ball 
 Ball 6 -> Bad ball 
 Ball 7 -> Bad ball 
# Throw number 19 of 30
# Type of Balls 
 Ball 0 -> Good ball 
 Ball 1 -> Bad ball 
 Ball 2 -> Ok ball 
 Ball 3 -> Bad ball 
# Throw number 20 of 30
# Type of Balls 
 Ball 0 -> Good ball 
 Ball 1 -> Bad ball 
 Ball 2 -> Ok ball 
 Ball 3 -> Bad ball 
 Ball 4 -> Bad ball 
# Throw number 21 of 30
# Type of Balls 
 Ball 0 -> Good ball 
 Ball 1 -> Bad ball 
 Ball 2 -> Ok ball 
 Ball 3 -> Bad ball 
 Ball 4 -> Bad ball 
 Ball 5 -> Bad ball 
# Throw number 22 of 30
# Type of Balls 
 Ball 0 -> Good ball 
 Ball 1 -> Bad ball 
 Ball 2 -> Ok ball 
 Ball 3 -> Bad ball 
 Ball 4 -> Bad ball 
 Ball 5 -> Bad ball 
 Ball 6 -> Bad ball 
# Throw number 23 of 30
# Type of Balls 
 Ball 0 -> Good ball 
 Ball 1 -> Bad ball 
 Ball 2 -> Ok ball 
 Ball 3 -> Bad ball 
 Ball 4 -> Bad ball 
 Ball 5 -> Bad ball 
 Ball 6 -> Bad ball 
 Ball 7 -> Bad ball 
# Throw number 24 of 30
# Type of Balls 
 Ball 0 -> Good ball 
 Ball 1 -> Bad ball 
 Ball 2 -> Ok ball 
 Ball 3 -> Bad ball 
 Ball 4 -> Bad ball 
 Ball 5 -> Bad ball 
 Ball 6 -> Bad ball 
 Ball 7 -> Bad ball 
# Throw number 25 of 30
# Type of Balls 
 Ball 0 -> Good ball 
 Ball 1 -> Bad ball 
 Ball 2 -> Ok ball 
 Ball 3 -> Bad ball 
# Throw number 26 of 30
# Type of Balls 
 Ball 0 -> Good ball 
 Ball 1 -> Bad ball 
 Ball 2 -> Ok ball 
 Ball 3 -> Bad ball 
 Ball 4 -> Bad ball 
# Throw number 27 of 30
# Type of Balls 
 Ball 0 -> Good ball 
 Ball 1 -> Bad ball 
 Ball 2 -> Ok ball 
 Ball 3 -> Bad ball 
 Ball 4 -> Bad ball 
 Ball 5 -> Bad ball 
# Throw number 28 of 30
# Type of Balls 
 Ball 0 -> Good ball 
 Ball 1 -> Bad ball 
 Ball 2 -> Ok ball 
 Ball 3 -> Bad ball 
 Ball 4 -> Bad ball 
 Ball 5 -> Bad ball 
 Ball 6 -> Bad ball 
# Throw number 29 of 30
# Type of Balls 
 Ball 0 -> Good ball 
 Ball 1 -> Bad ball 
 Ball 2 -> Ok ball 
 Ball 3 -> Bad ball 
 Ball 4 -> Bad ball 
 Ball 5 -> Bad ball 
 Ball 6 -> Bad ball 
 Ball 7 -> Bad ball 
# Throw number 30 of 30
# Type of Balls 
 Ball 0 -> Good ball 
 Ball 1 -> Bad ball 
 Ball 2 -> Ok ball 
 Ball 3 -> Bad ball 
 Ball 4 -> Bad ball 
 Ball 5 -> Bad ball 
 Ball 6 -> Bad ball 
 Ball 7 -> Bad ball 
# Catch status 
 Number of Good caught balls 12
 Number of Bad caught balls 0
 Number of  Ok caught balls 0
 Number of caught balls 12
# Number of balls par throw 4
# Game End Date and Time 
 17 / 5 / 2013    10:25:0 
# ---------------------------------------------------------- # 

 # Game ID 
2 
# Begin play Date and Time 
 17 / 5 / 2013    10:25:0 
# With Fead back 
 True  
# With Visible Trajectory 
 False  
### Game start ### 
 