# Game Session ID 
3 
### Session Start ### 
# Game ID 
0 
# Begin play Date and Time 
 15 / 5 / 2013    16:29:5 
# With Fead back 
 False  
# With Visible Trajectory 
 True  
### Game start ### 
 # Throw number 1 of 4
# Type of Balls 
 Ball 0 -> Good ball 
 Ball 1 -> Bad ball 
 Ball 2 -> Ok ball 
# Throw number 2 of 4
# Type of Balls 
 Ball 0 -> Good ball 
 Ball 1 -> Bad ball 
 Ball 2 -> Ok ball 
 Ball 3 -> Bad ball 
# Throw number 3 of 4
# Type of Balls 
 Ball 0 -> Good ball 
 Ball 1 -> Bad ball 
 Ball 2 -> Ok ball 
 Ball 3 -> Bad ball 
 Ball 4 -> Bad ball 
# Throw number 4 of 4
# Type of Balls 
 Ball 0 -> Good ball 
 Ball 1 -> Bad ball 
 Ball 2 -> Ok ball 
 Ball 3 -> Bad ball 
 Ball 4 -> Bad ball 
 Ball 5 -> Bad ball 
# Catch status 
 Number of Good caught balls 1
 Number of Bad caught balls 0
 Number of  Ok caught balls 0
 Number of caught balls 1
# Number of balls par throw 7
# Game End Date and Time 
 15 / 5 / 2013    16:29:39 
# ---------------------------------------------------------- # 

 # Game ID 
1 
# Begin play Date and Time 
 15 / 5 / 2013    16:29:39 
# With Fead back 
 True  
# With Visible Trajectory 
 False  
### Game start ### 
 # Throw number 1 of 4
# Type of Balls 
 Ball 0 -> Good ball 
 Ball 1 -> Bad ball 
 Ball 2 -> Ok ball 
 Ball 3 -> Bad ball 
# Throw number 2 of 4
# Type of Balls 
 Ball 0 -> Good ball 
 Ball 1 -> Bad ball 
 Ball 2 -> Ok ball 
 Ball 3 -> Bad ball 
 Ball 4 -> Bad ball 
# Throw number 3 of 4
# Type of Balls 
 Ball 0 -> Good ball 
 Ball 1 -> Bad ball 
 Ball 2 -> Ok ball 
 Ball 3 -> Bad ball 
 Ball 4 -> Bad ball 
 Ball 5 -> Bad ball 
# Throw number 4 of 4
# Type of Balls 
 Ball 0 -> Good ball 
 Ball 1 -> Bad ball 
 Ball 2 -> Ok ball 
 Ball 3 -> Bad ball 
 Ball 4 -> Bad ball 
 Ball 5 -> Bad ball 
 Ball 6 -> Bad ball 
# Catch status 
 Number of Good caught balls 4
 Number of Bad caught balls 0
 Number of  Ok caught balls 0
 Number of caught balls 4
# Number of balls par throw 8
# Game End Date and Time 
 15 / 5 / 2013    16:30:14 
# ---------------------------------------------------------- # 

 # Game ID 
2 
# Begin play Date and Time 
 15 / 5 / 2013    16:30:14 
# With Fead back 
 False  
# With Visible Trajectory 
 True  
### Game start ### 
 