# Game Session ID 
28 
### Session Start ### 
########  Status report at	 19:36:53:177 ------------------ ##### 
### Collision !!! ### 
 ########  Status report at	 19:36:53:223 ------------------ ##### 
### Collision !!! ### 
 ########  Status report at	 19:36:53:243 ------------------ ##### 
### Collision !!! ### 
 ########  Status report at	 19:36:53:259 ------------------ ##### 
### Collision !!! ### 
 ########  Status report at	 19:36:53:343 ------------------ ##### 
### Collision !!! ### 
 ########  Status report at	 19:36:53:363 ------------------ ##### 
### Collision !!! ### 
 ########  Status report at	 19:36:53:384 ------------------ ##### 
### Collision !!! ### 
 ########  Status report at	 19:36:53:509 ------------------ ##### 
### Collision !!! ### 
 ########  Status report at	 19:37:0:292 ------------------ ##### 
### Collision !!! ### 
 ########  Status report at	 19:37:0:308 ------------------ ##### 
### Collision !!! ### 
 ########  Status report at	 19:37:0:325 ------------------ ##### 
### Collision !!! ### 
 ########  Status report at	 19:37:0:399 ------------------ ##### 
### Collision !!! ### 
 ########  Status report at	 19:37:0:415 ------------------ ##### 
### Collision !!! ### 
 ########  Status report at	 19:37:0:432 ------------------ ##### 
### Collision !!! ### 
 ########  Status report at	 19:37:0:448 ------------------ ##### 
### Collision !!! ### 
 ########  Status report at	 19:37:0:542 ------------------ ##### 
### Collision !!! ### 
 ########  Status report at	 19:37:0:561 ------------------ ##### 
### Collision !!! ### 
 ########  Status report at	 19:37:8:166 ------------------ ##### 
### Collision !!! ### 
 ########  Status report at	 19:37:11:493 ------------------ ##### 
### Collision !!! ### 
 ########  Status report at	 19:37:11:510 ------------------ ##### 
### Collision !!! ### 
 ########  Status report at	 19:37:11:526 ------------------ ##### 
### Collision !!! ### 
 ########  Status report at	 19:37:11:615 ------------------ ##### 
### Collision !!! ### 
 ########  Status report at	 19:37:11:627 ------------------ ##### 
### Collision !!! ### 
 ########  Status report at	 19:37:11:644 ------------------ ##### 
### Collision !!! ### 
 ########  Status report at	 19:37:11:660 ------------------ ##### 
### Collision !!! ### 
 ########  Status report at	 19:37:11:735 ------------------ ##### 
### Collision !!! ### 
 ########  Status report at	 19:37:11:881 ------------------ ##### 
### Collision !!! ### 
 ########  Status report at	 19:37:14:848 ------------------ ##### 
### Collision !!! ### 
 ########  Status report at	 19:37:14:916 ------------------ ##### 
### Collision !!! ### 
 ########  Status report at	 19:37:14:950 ------------------ ##### 
### Collision !!! ### 
 ########  Status report at	 19:37:14:971 ------------------ ##### 
### Collision !!! ### 
 ########  Status report at	 19:37:14:993 ------------------ ##### 
### Collision !!! ### 
 ########  Status report at	 19:37:15:83 ------------------ ##### 
### Collision !!! ### 
 ########  Status report at	 19:37:15:103 ------------------ ##### 
### Collision !!! ### 
 ########  Status report at	 19:37:15:131 ------------------ ##### 
### Collision !!! ### 
 ########  Status report at	 19:37:15:148 ------------------ ##### 
### Collision !!! ### 
 ########  Status report at	 19:37:15:164 ------------------ ##### 
### Collision !!! ### 
 ########  Status report at	 19:37:15:250 ------------------ ##### 
### Collision !!! ### 
 ########  Status report at	 19:37:15:283 ------------------ ##### 
### Collision !!! ### 
 ########  Status report at	 19:37:15:301 ------------------ ##### 
### Collision !!! ### 
 ########  Status report at	 19:37:15:319 ------------------ ##### 
### Collision !!! ### 
 ########  Status report at	 19:37:15:383 ------------------ ##### 
### Collision !!! ### 
 ########  Status report at	 19:37:15:406 ------------------ ##### 
### Collision !!! ### 
 ########  Status report at	 19:37:15:432 ------------------ ##### 
### Collision !!! ### 
 ########  Status report at	 19:37:15:450 ------------------ ##### 
### Collision !!! ### 
 ########  Status report at	 19:37:15:501 ------------------ ##### 
### Collision !!! ### 
 ########  Status report at	 19:37:15:521 ------------------ ##### 
### Collision !!! ### 
 ########  Status report at	 19:37:15:549 ------------------ ##### 
### Collision !!! ### 
 ########  Status report at	 19:37:22:113 ------------------ ##### 
### Collision !!! ### 
 ########  Status report at	 19:37:22:130 ------------------ ##### 
### Collision !!! ### 
 ########  Status report at	 19:37:22:145 ------------------ ##### 
### Collision !!! ### 
 ########  Status report at	 19:37:22:162 ------------------ ##### 
### Collision !!! ### 
 ########  Status report at	 19:37:22:247 ------------------ ##### 
### Collision !!! ### 
 ########  Status report at	 19:37:22:264 ------------------ ##### 
### Collision !!! ### 
 ########  Status report at	 19:37:22:283 ------------------ ##### 
### Collision !!! ### 
 ########  Status report at	 19:37:22:298 ------------------ ##### 
### Collision !!! ### 
 ########  Status report at	 19:37:22:311 ------------------ ##### 
### Collision !!! ### 
 ########  Status report at	 19:37:22:378 ------------------ ##### 
### Collision !!! ### 
 ########  Status report at	 19:37:22:413 ------------------ ##### 
### Collision !!! ### 
 ########  Status report at	 19:37:32:293 ------------------ ##### 
### Collision !!! ### 
 ########  Status report at	 19:37:32:312 ------------------ ##### 
### Collision !!! ### 
 ########  Status report at	 19:37:32:378 ------------------ ##### 
### Collision !!! ### 
 ########  Status report at	 19:37:32:395 ------------------ ##### 
### Collision !!! ### 
 ########  Status report at	 19:37:32:411 ------------------ ##### 
### Collision !!! ### 
 ########  Status report at	 19:37:32:428 ------------------ ##### 
### Collision !!! ### 
 ########  Status report at	 19:37:32:449 ------------------ ##### 
### Collision !!! ### 
 ########  Status report at	 19:37:32:516 ------------------ ##### 
### Collision !!! ### 
 ########  Status report at	 19:37:32:535 ------------------ ##### 
### Collision !!! ### 
 ########  Status report at	 19:37:32:565 ------------------ ##### 
### Collision !!! ### 
 ########  Status report at	 19:37:32:582 ------------------ ##### 
### Collision !!! ### 
 ########  Status report at	 19:37:32:649 ------------------ ##### 
### Collision !!! ### 
 ########  Status report at	 19:37:32:669 ------------------ ##### 
### Collision !!! ### 
 ########  Status report at	 19:37:32:687 ------------------ ##### 
### Collision !!! ### 
 ########  Status report at	 19:37:32:715 ------------------ ##### 
### Collision !!! ### 
 ########  Status report at	 19:37:32:783 ------------------ ##### 
### Collision !!! ### 
 ########  Status report at	 19:37:32:943 ------------------ ##### 
### Collision !!! ### 
 ########  Status report at	 19:37:46:845 ------------------ ##### 
### Collision !!! ### 
 ########  Status report at	 19:37:46:862 ------------------ ##### 
### Collision !!! ### 
 ########  Status report at	 19:37:46:878 ------------------ ##### 
### Collision !!! ### 
 ########  Status report at	 19:37:46:894 ------------------ ##### 
### Collision !!! ### 
 ########  Status report at	 19:37:46:981 ------------------ ##### 
### Collision !!! ### 
 ########  Status report at	 19:37:47:2 ------------------ ##### 
### Collision !!! ### 
 ########  Status report at	 19:37:47:21 ------------------ ##### 
### Collision !!! ### 
 ########  Status report at	 19:37:47:45 ------------------ ##### 
### Collision !!! ### 
 ########  Status report at	 19:37:47:62 ------------------ ##### 
### Collision !!! ### 
 ########  Status report at	 19:37:47:147 ------------------ ##### 
### Collision !!! ### 
 ########  Status report at	 19:37:47:168 ------------------ ##### 
### Collision !!! ### 
 ########  Status report at	 19:37:47:188 ------------------ ##### 
### Collision !!! ### 
 ########  Status report at	 19:37:47:201 ------------------ ##### 
### Collision !!! ### 
 ########  Status report at	 19:37:47:213 ------------------ ##### 
### Collision !!! ### 
 ########  Status report at	 19:37:47:233 ------------------ ##### 
### Collision !!! ### 
 ########  Status report at	 19:37:47:317 ------------------ ##### 
### Collision !!! ### 
 ########  Status report at	 19:37:47:336 ------------------ ##### 
### Collision !!! ### 
 ########  Status report at	 19:37:47:364 ------------------ ##### 
### Collision !!! ### 
 ########  Status report at	 19:37:47:381 ------------------ ##### 
### Collision !!! ### 
 ########  Status report at	 19:37:47:396 ------------------ ##### 
### Collision !!! ### 
 ########  Status report at	 19:37:47:480 ------------------ ##### 
### Collision !!! ### 
 ########  Status report at	 19:37:47:498 ------------------ ##### 
### Collision !!! ### 
 ########  Status report at	 19:37:47:513 ------------------ ##### 
### Collision !!! ### 
 ########  Status report at	 19:37:47:530 ------------------ ##### 
### Collision !!! ### 
 ########  Status report at	 19:37:47:547 ------------------ ##### 
### Collision !!! ### 
 ########  Status report at	 19:37:47:563 ------------------ ##### 
### Collision !!! ### 
 ########  Status report at	 19:37:47:649 ------------------ ##### 
### Collision !!! ### 
 ########  Status report at	 19:37:47:666 ------------------ ##### 
### Collision !!! ### 
 ########  Status report at	 19:37:47:682 ------------------ ##### 
### Collision !!! ### 
 ########  Status report at	 19:37:47:697 ------------------ ##### 
### Collision !!! ### 
 ########  Status report at	 19:37:47:710 ------------------ ##### 
### Collision !!! ### 
 ########  Status report at	 19:37:47:727 ------------------ ##### 
### Collision !!! ### 
 ########  Status report at	 19:37:47:813 ------------------ ##### 
### Collision !!! ### 
 ########  Status report at	 19:37:47:831 ------------------ ##### 
### Collision !!! ### 
 ########  Status report at	 19:37:47:847 ------------------ ##### 
### Collision !!! ### 
 ########  Status report at	 19:37:47:865 ------------------ ##### 
### Collision !!! ### 
 ########  Status report at	 19:37:47:877 ------------------ ##### 
### Collision !!! ### 
 ########  Status report at	 19:37:47:895 ------------------ ##### 
### Collision !!! ### 
 ########  Status report at	 19:37:47:978 ------------------ ##### 
### Collision !!! ### 
 ########  Status report at	 19:37:47:994 ------------------ ##### 
### Collision !!! ### 
 ########  Status report at	 19:37:48:11 ------------------ ##### 
### Collision !!! ### 
 ########  Status report at	 19:37:48:28 ------------------ ##### 
### Collision !!! ### 
 ########  Status report at	 19:37:48:45 ------------------ ##### 
### Collision !!! ### 
 ########  Status report at	 19:37:48:113 ------------------ ##### 
### Collision !!! ### 
 ########  Status report at	 19:37:48:129 ------------------ ##### 
### Collision !!! ### 
 ########  Status report at	 19:37:48:146 ------------------ ##### 
### Collision !!! ### 
 ########  Status report at	 19:37:48:165 ------------------ ##### 
### Collision !!! ### 
 ########  Status report at	 19:37:48:177 ------------------ ##### 
### Collision !!! ### 
 ########  Status report at	 19:37:48:194 ------------------ ##### 
### Collision !!! ### 
 ########  Status report at	 19:37:48:278 ------------------ ##### 
### Collision !!! ### 
 ########  Status report at	 19:37:48:294 ------------------ ##### 
### Collision !!! ### 
 ########  Status report at	 19:37:48:311 ------------------ ##### 
### Collision !!! ### 
 ########  Status report at	 19:37:48:327 ------------------ ##### 
### Collision !!! ### 
 ########  Status report at	 19:37:48:401 ------------------ ##### 
### Collision !!! ### 
 ########  Status report at	 19:37:48:417 ------------------ ##### 
### Collision !!! ### 
 ########  Status report at	 19:37:48:433 ------------------ ##### 
### Collision !!! ### 
 ########  Status report at	 19:37:48:449 ------------------ ##### 
### Collision !!! ### 
 ########  Status report at	 19:37:48:467 ------------------ ##### 
### Collision !!! ### 
 ########  Status report at	 19:37:48:485 ------------------ ##### 
### Collision !!! ### 
 ########  Status report at	 19:37:48:529 ------------------ ##### 
### Collision !!! ### 
 ########  Status report at	 19:37:48:545 ------------------ ##### 
### Collision !!! ### 
 ########  Status report at	 19:37:48:562 ------------------ ##### 
### Collision !!! ### 
 ########  Status report at	 19:37:48:577 ------------------ ##### 
### Collision !!! ### 
 ########  Status report at	 19:37:48:595 ------------------ ##### 
### Collision !!! ### 
 ########  Status report at	 19:37:48:680 ------------------ ##### 
### Collision !!! ### 
 ########  Status report at	 19:37:48:697 ------------------ ##### 
### Collision !!! ### 
 ########  Status report at	 19:37:48:714 ------------------ ##### 
### Collision !!! ### 
 ########  Status report at	 19:37:48:731 ------------------ ##### 
### Collision !!! ### 
 ########  Status report at	 19:37:48:744 ------------------ ##### 
### Collision !!! ### 
 ########  Status report at	 19:37:48:760 ------------------ ##### 
### Collision !!! ### 
 ########  Status report at	 19:37:48:847 ------------------ ##### 
### Collision !!! ### 
 ########  Status report at	 19:37:48:867 ------------------ ##### 
### Collision !!! ### 
 ########  Status report at	 19:37:48:886 ------------------ ##### 
### Collision !!! ### 
 ########  Status report at	 19:37:48:901 ------------------ ##### 
### Collision !!! ### 
 ########  Status report at	 19:37:48:919 ------------------ ##### 
### Collision !!! ### 
 ########  Status report at	 19:37:49:13 ------------------ ##### 
### Collision !!! ### 
 ########  Status report at	 19:37:49:30 ------------------ ##### 
### Collision !!! ### 
 ########  Status report at	 19:37:49:46 ------------------ ##### 
### Collision !!! ### 
 ########  Status report at	 19:37:49:62 ------------------ ##### 
### Collision !!! ### 
 ########  Status report at	 19:37:49:77 ------------------ ##### 
### Collision !!! ### 
 ########  Status report at	 19:37:49:94 ------------------ ##### 
### Collision !!! ### 
 ########  Status report at	 19:37:49:178 ------------------ ##### 
### Collision !!! ### 
 ########  Status report at	 19:37:49:197 ------------------ ##### 
### Collision !!! ### 
 ########  Status report at	 19:37:49:213 ------------------ ##### 
### Collision !!! ### 
 ########  Status report at	 19:37:49:229 ------------------ ##### 
### Collision !!! ### 
 ########  Status report at	 19:37:49:244 ------------------ ##### 
### Collision !!! ### 
 ########  Status report at	 19:37:49:260 ------------------ ##### 
### Collision !!! ### 
 ########  Status report at	 19:37:49:345 ------------------ ##### 
### Collision !!! ### 
 ########  Status report at	 19:37:49:362 ------------------ ##### 
### Collision !!! ### 
 ########  Status report at	 19:37:49:380 ------------------ ##### 
### Collision !!! ### 
 ########  Status report at	 19:37:49:397 ------------------ ##### 
### Collision !!! ### 
 ########  Status report at	 19:37:49:411 ------------------ ##### 
### Collision !!! ### 
 ########  Status report at	 19:37:49:428 ------------------ ##### 
### Collision !!! ### 
 ########  Status report at	 19:37:49:513 ------------------ ##### 
### Collision !!! ### 
 ########  Status report at	 19:37:49:531 ------------------ ##### 
### Collision !!! ### 
 ########  Status report at	 19:37:49:549 ------------------ ##### 
### Collision !!! ### 
 ########  Status report at	 19:37:49:564 ------------------ ##### 
### Collision !!! ### 
 ########  Status report at	 19:37:49:579 ------------------ ##### 
### Collision !!! ### 
 ########  Status report at	 19:37:49:645 ------------------ ##### 
### Collision !!! ### 
 ########  Status report at	 19:37:49:665 ------------------ ##### 
### Collision !!! ### 
 ########  Status report at	 19:37:49:680 ------------------ ##### 
### Collision !!! ### 
 ########  Status report at	 19:37:49:696 ------------------ ##### 
### Collision !!! ### 
 ########  Status report at	 19:37:49:711 ------------------ ##### 
### Collision !!! ### 
 ########  Status report at	 19:37:49:727 ------------------ ##### 
### Collision !!! ### 
 ########  Status report at	 19:37:49:812 ------------------ ##### 
### Collision !!! ### 
 ########  Status report at	 19:37:49:828 ------------------ ##### 
### Collision !!! ### 
 ########  Status report at	 19:37:49:844 ------------------ ##### 
### Collision !!! ### 
 ########  Status report at	 19:37:49:862 ------------------ ##### 
### Collision !!! ### 
 ########  Status report at	 19:37:49:947 ------------------ ##### 
### Collision !!! ### 
 ########  Status report at	 19:37:49:969 ------------------ ##### 
### Collision !!! ### 
 ########  Status report at	 19:37:49:986 ------------------ ##### 
### Collision !!! ### 
 ########  Status report at	 19:37:50:0 ------------------ ##### 
### Collision !!! ### 
 ########  Status report at	 19:37:50:18 ------------------ ##### 
### Collision !!! ### 
 ########  Status report at	 19:37:50:44 ------------------ ##### 
### Collision !!! ### 
 ########  Status report at	 19:37:50:116 ------------------ ##### 
### Collision !!! ### 
 ########  Status report at	 19:37:50:132 ------------------ ##### 
### Collision !!! ### 
 ########  Status report at	 19:37:50:148 ------------------ ##### 
### Collision !!! ### 
 ########  Status report at	 19:37:50:166 ------------------ ##### 
### Collision !!! ### 
 ########  Status report at	 19:37:50:180 ------------------ ##### 
### Collision !!! ### 
 ########  Status report at	 19:37:50:194 ------------------ ##### 
### Collision !!! ### 
 ########  Status report at	 19:37:50:278 ------------------ ##### 
### Collision !!! ### 
 ########  Status report at	 19:37:50:297 ------------------ ##### 
### Collision !!! ### 
 ########  Status report at	 19:37:50:313 ------------------ ##### 
### Collision !!! ### 
 ########  Status report at	 19:37:50:329 ------------------ ##### 
### Collision !!! ### 
 ########  Status report at	 19:37:50:346 ------------------ ##### 
### Collision !!! ### 
 ########  Status report at	 19:37:50:414 ------------------ ##### 
### Collision !!! ### 
 ########  Status report at	 19:37:50:430 ------------------ ##### 
### Collision !!! ### 
 ########  Status report at	 19:37:50:447 ------------------ ##### 
### Collision !!! ### 
 ########  Status report at	 19:37:50:463 ------------------ ##### 
### Collision !!! ### 
 ########  Status report at	 19:37:50:479 ------------------ ##### 
### Collision !!! ### 
 ########  Status report at	 19:37:50:493 ------------------ ##### 
### Collision !!! ### 
 ########  Status report at	 19:37:50:579 ------------------ ##### 
### Collision !!! ### 
 ########  Status report at	 19:37:50:595 ------------------ ##### 
### Collision !!! ### 
 ########  Status report at	 19:37:50:613 ------------------ ##### 
### Collision !!! ### 
 ########  Status report at	 19:37:50:631 ------------------ ##### 
### Collision !!! ### 
 ########  Status report at	 19:37:50:644 ------------------ ##### 
### Collision !!! ### 
 ########  Status report at	 19:37:50:662 ------------------ ##### 
### Collision !!! ### 
 ########  Status report at	 19:37:50:745 ------------------ ##### 
### Collision !!! ### 
 ########  Status report at	 19:37:50:766 ------------------ ##### 
### Collision !!! ### 
 ########  Status report at	 19:37:50:789 ------------------ ##### 
### Collision !!! ### 
 ########  Status report at	 19:37:50:914 ------------------ ##### 
### Collision !!! ### 
 ########  Status report at	 19:37:50:931 ------------------ ##### 
### Collision !!! ### 
 ########  Status report at	 19:37:50:945 ------------------ ##### 
### Collision !!! ### 
 ########  Status report at	 19:37:50:962 ------------------ ##### 
### Collision !!! ### 
 ########  Status report at	 19:37:50:977 ------------------ ##### 
### Collision !!! ### 
 ########  Status report at	 19:37:50:994 ------------------ ##### 
### Collision !!! ### 
 ########  Status report at	 19:37:51:79 ------------------ ##### 
### Collision !!! ### 
 ########  Status report at	 19:37:51:644 ------------------ ##### 
### Collision !!! ### 
 ########  Status report at	 19:37:51:661 ------------------ ##### 
### Collision !!! ### 
 ########  Status report at	 19:37:51:678 ------------------ ##### 
### Collision !!! ### 
 ########  Status report at	 19:37:51:694 ------------------ ##### 
### Collision !!! ### 
 ########  Status report at	 19:37:51:710 ------------------ ##### 
### Collision !!! ### 
 ########  Status report at	 19:37:51:727 ------------------ ##### 
### Collision !!! ### 
 ########  Status report at	 19:37:51:816 ------------------ ##### 
### Collision !!! ### 
 ########  Status report at	 19:37:56:147 ------------------ ##### 
### Collision !!! ### 
 ########  Status report at	 19:37:56:167 ------------------ ##### 
### Collision !!! ### 
 ########  Status report at	 19:37:56:186 ------------------ ##### 
### Collision !!! ### 
 ########  Status report at	 19:37:56:211 ------------------ ##### 
### Collision !!! ### 
 ########  Status report at	 19:37:56:228 ------------------ ##### 
### Collision !!! ### 
 ########  Status report at	 19:37:56:312 ------------------ ##### 
### Collision !!! ### 
 ########  Status report at	 19:37:56:329 ------------------ ##### 
### Collision !!! ### 
 ########  Status report at	 19:37:56:345 ------------------ ##### 
### Collision !!! ### 
 ########  Status report at	 19:37:56:363 ------------------ ##### 
### Collision !!! ### 
 ########  Status report at	 19:37:56:379 ------------------ ##### 
### Collision !!! ### 
 ########  Status report at	 19:37:56:446 ------------------ ##### 
### Collision !!! ### 
 ########  Status report at	 19:37:56:580 ------------------ ##### 
### Collision !!! ### 
 ########  Status report at	 19:38:3:930 ------------------ ##### 
### Collision !!! ### 
 ########  Status report at	 19:38:3:951 ------------------ ##### 
### Collision !!! ### 
 ########  Status report at	 19:38:3:965 ------------------ ##### 
### Collision !!! ### 
 ########  Status report at	 19:38:3:978 ------------------ ##### 
### Collision !!! ### 
 ########  Status report at	 19:38:4:0 ------------------ ##### 
### Collision !!! ### 
 ########  Status report at	 19:38:4:78 ------------------ ##### 
### Collision !!! ### 
 ########  Status report at	 19:38:4:99 ------------------ ##### 
### Collision !!! ### 
 ########  Status report at	 19:38:4:118 ------------------ ##### 
### Collision !!! ### 
 ########  Status report at	 19:38:4:132 ------------------ ##### 
### Collision !!! ### 
 ########  Status report at	 19:38:4:144 ------------------ ##### 
### Collision !!! ### 
 ########  Status report at	 19:38:4:213 ------------------ ##### 
### Collision !!! ### 
 ########  Status report at	 19:38:4:346 ------------------ ##### 
### Collision !!! ### 
 ########  Status report at	 19:38:4:364 ------------------ ##### 
### Collision !!! ### 
 ########  Status report at	 19:38:4:379 ------------------ ##### 
### Collision !!! ### 
 ########  Status report at	 19:38:4:396 ------------------ ##### 
### Collision !!! ### 
 ########  Status report at	 19:38:4:411 ------------------ ##### 
### Collision !!! ### 
 ########  Status report at	 19:38:4:428 ------------------ ##### 
### Collision !!! ### 
 ########  Status report at	 19:38:4:513 ------------------ ##### 
### Collision !!! ### 
 ########  Status report at	 19:38:4:530 ------------------ ##### 
### Collision !!! ### 
 ########  Status report at	 19:38:4:545 ------------------ ##### 
### Collision !!! ### 
 ########  Status report at	 19:38:4:562 ------------------ ##### 
### Collision !!! ### 
 ########  Status report at	 19:38:4:579 ------------------ ##### 
### Collision !!! ### 
 ########  Status report at	 19:38:4:594 ------------------ ##### 
### Collision !!! ### 
 ########  Status report at	 19:38:4:678 ------------------ ##### 
### Collision !!! ### 
 ########  Status report at	 19:38:4:695 ------------------ ##### 
### Collision !!! ### 
 ########  Status report at	 19:38:4:712 ------------------ ##### 
### Collision !!! ### 
 ########  Status report at	 19:38:4:728 ------------------ ##### 
### Collision !!! ### 
 ########  Status report at	 19:38:4:801 ------------------ ##### 
### Collision !!! ### 
 ########  Status report at	 19:38:4:834 ------------------ ##### 
### Collision !!! ### 
 ########  Status report at	 19:38:4:850 ------------------ ##### 
### Collision !!! ### 
 ########  Status report at	 19:38:4:946 ------------------ ##### 
### Collision !!! ### 
 ########  Status report at	 19:38:6:301 ------------------ ##### 
### Collision !!! ### 
 ########  Status report at	 19:38:6:345 ------------------ ##### 
### Collision !!! ### 
 ########  Status report at	 19:38:6:361 ------------------ ##### 
### Collision !!! ### 
 ########  Status report at	 19:38:6:446 ------------------ ##### 
### Collision !!! ### 
 ########  Status report at	 19:38:6:463 ------------------ ##### 
### Collision !!! ### 
 ########  Status report at	 19:38:6:481 ------------------ ##### 
### Collision !!! ### 
 ########  Status report at	 19:38:6:495 ------------------ ##### 
### Collision !!! ### 
 ########  Status report at	 19:38:6:512 ------------------ ##### 
### Collision !!! ### 
 ########  Status report at	 19:38:6:580 ------------------ ##### 
### Collision !!! ### 
 ########  Status report at	 19:38:6:602 ------------------ ##### 
### Collision !!! ### 
 ########  Status report at	 19:38:6:618 ------------------ ##### 
### Collision !!! ### 
 ########  Status report at	 19:38:6:633 ------------------ ##### 
### Collision !!! ### 
 ########  Status report at	 19:38:6:645 ------------------ ##### 
### Collision !!! ### 
 ########  Status report at	 19:38:6:662 ------------------ ##### 
### Collision !!! ### 
 ########  Status report at	 19:38:6:747 ------------------ ##### 
### Collision !!! ### 
 ########  Status report at	 19:38:6:763 ------------------ ##### 
### Collision !!! ### 
 ########  Status report at	 19:38:6:780 ------------------ ##### 
### Collision !!! ### 
 ########  Status report at	 19:38:6:796 ------------------ ##### 
### Collision !!! ### 
 ########  Status report at	 19:38:6:812 ------------------ ##### 
### Collision !!! ### 
 ########  Status report at	 19:38:6:828 ------------------ ##### 
### Collision !!! ### 
 ########  Status report at	 19:38:6:913 ------------------ ##### 
### Collision !!! ### 
 ########  Status report at	 19:38:6:933 ------------------ ##### 
### Collision !!! ### 
 ########  Status report at	 19:38:6:948 ------------------ ##### 
### Collision !!! ### 
 ########  Status report at	 19:38:6:963 ------------------ ##### 
### Collision !!! ### 
 ########  Status report at	 19:38:6:978 ------------------ ##### 
### Collision !!! ### 
 ########  Status report at	 19:38:6:995 ------------------ ##### 
### Collision !!! ### 
 ########  Status report at	 19:38:7:79 ------------------ ##### 
### Collision !!! ### 
 ########  Status report at	 19:38:12:279 ------------------ ##### 
### Collision !!! ### 
 ########  Status report at	 19:38:15:835 ------------------ ##### 
### Collision !!! ### 
 ########  Status report at	 19:38:18:131 ------------------ ##### 
### Collision !!! ### 
 ########  Status report at	 19:38:18:148 ------------------ ##### 
### Collision !!! ### 
 ########  Status report at	 19:38:18:198 ------------------ ##### 
### Collision !!! ### 
 ########  Status report at	 19:38:18:220 ------------------ ##### 
### Collision !!! ### 
 ########  Status report at	 19:38:18:246 ------------------ ##### 
### Collision !!! ### 
 ########  Status report at	 19:38:18:263 ------------------ ##### 
### Collision !!! ### 
 ########  Status report at	 19:38:18:280 ------------------ ##### 
### Collision !!! ### 
 ########  Status report at	 19:38:18:348 ------------------ ##### 
### Collision !!! ### 
 ########  Status report at	 19:38:18:367 ------------------ ##### 
### Collision !!! ### 
 ########  Status report at	 19:38:18:384 ------------------ ##### 
### Collision !!! ### 
 ########  Status report at	 19:38:18:400 ------------------ ##### 
### Collision !!! ### 
 ########  Status report at	 19:38:18:413 ------------------ ##### 
### Collision !!! ### 
 ########  Status report at	 19:38:18:481 ------------------ ##### 
### Collision !!! ### 
 ########  Status report at	 19:38:18:499 ------------------ ##### 
### Collision !!! ### 
 