# Game Session ID 
10 
### Session Start ### 
########  Status report at	 16:59:44:381 ------------------ ##### 
***** status at : 16:59:36:236 **** 
# Effector position  -0.00129056 -0.00129056 -0.00129056
# Ball 0
# Position  4.45 4.45 4.45
# Color  Red
# Value 20
# Ball 1
# Position  7.55 7.55 7.55
# Color  Yellow
# Value -10
# Ball 2
# Position  12.45 12.45 12.45
# Color  Blue
# Value 10
# NBR balls 3
 # Vitesse de depart 20
***** status at : 16:59:36:428 **** 
# Effector position  -0.00137957 -0.00137957 -0.00137957
# Ball 0
# Position  4.45 4.45 4.45
# Color  Red
# Value 20
# Ball 1
# Position  7.15 7.15 7.15
# Color  Yellow
# Value -10
# Ball 2
# Position  12.45 12.45 12.45
# Color  Blue
# Value 10
# NBR balls 3
 # Vitesse de depart 20
***** status at : 16:59:36:628 **** 
# Effector position  -0.00115536 -0.00115536 -0.00115536
# Ball 0
# Position  4.45 4.45 4.45
# Color  Red
# Value 20
# Ball 1
# Position  6.75 6.75 6.75
# Color  Yellow
# Value -10
# Ball 2
# Position  12.45 12.45 12.45
# Color  Blue
# Value 10
# NBR balls 3
 # Vitesse de depart 20
***** status at : 16:59:36:828 **** 
# Effector position  -0.00123928 -0.00123928 -0.00123928
# Ball 0
# Position  4.45 4.45 4.45
# Color  Red
# Value 20
# Ball 1
# Position  6.35 6.35 6.35
# Color  Yellow
# Value -10
# Ball 2
# Position  12.45 12.45 12.45
# Color  Blue
# Value 10
# NBR balls 3
 # Vitesse de depart 20
***** status at : 16:59:37:28 **** 
# Effector position  -0.00103739 -0.00103739 -0.00103739
# Ball 0
# Position  4.45 4.45 4.45
# Color  Red
# Value 20
# Ball 1
# Position  5.95 5.95 5.95
# Color  Yellow
# Value -10
# Ball 2
# Position  12.45 12.45 12.45
# Color  Blue
# Value 10
# NBR balls 3
 # Vitesse de depart 20
***** status at : 16:59:37:228 **** 
# Effector position  -0.00111256 -0.00111256 -0.00111256
# Ball 0
# Position  4.45 4.45 4.45
# Color  Red
# Value 20
# Ball 1
# Position  5.55 5.55 5.55
# Color  Yellow
# Value -10
# Ball 2
# Position  12.45 12.45 12.45
# Color  Blue
# Value 10
# NBR balls 3
 # Vitesse de depart 20
***** status at : 16:59:37:429 **** 
# Effector position  -0.000931719 -0.000931719 -0.000931719
# Ball 0
# Position  4.45 4.45 4.45
# Color  Red
# Value 20
# Ball 1
# Position  5.15 5.15 5.15
# Color  Yellow
# Value -10
# Ball 2
# Position  12.45 12.45 12.45
# Color  Blue
# Value 10
# NBR balls 3
 # Vitesse de depart 20
***** status at : 16:59:37:629 **** 
# Effector position  -0.000999133 -0.000999133 -0.000999133
# Ball 0
# Position  4.45 4.45 4.45
# Color  Red
# Value 20
# Ball 1
# Position  4.75 4.75 4.75
# Color  Yellow
# Value -10
# Ball 2
# Position  12.45 12.45 12.45
# Color  Blue
# Value 10
# NBR balls 3
 # Vitesse de depart 20
***** status at : 16:59:37:829 **** 
# Effector position  -0.00083636 -0.00083636 -0.00083636
# Ball 0
# Position  4.45 4.45 4.45
# Color  Red
# Value 20
# Ball 1
# Position  4.35 4.35 4.35
# Color  Yellow
# Value -10
# Ball 2
# Position  12.45 12.45 12.45
# Color  Blue
# Value 10
# NBR balls 3
 # Vitesse de depart 20
***** status at : 16:59:38:29 **** 
# Effector position  -0.00089641 -0.00089641 -0.00089641
# Ball 0
# Position  4.45 4.45 4.45
# Color  Red
# Value 20
# Ball 1
# Position  3.95 3.95 3.95
# Color  Yellow
# Value -10
# Ball 2
# Position  12.45 12.45 12.45
# Color  Blue
# Value 10
# NBR balls 3
 # Vitesse de depart 20
***** status at : 16:59:38:229 **** 
# Effector position  -0.00074994 -0.00074994 -0.00074994
# Ball 0
# Position  4.45 4.45 4.45
# Color  Red
# Value 20
# Ball 1
# Position  3.55 3.55 3.55
# Color  Yellow
# Value -10
# Ball 2
# Position  12.45 12.45 12.45
# Color  Blue
# Value 10
# NBR balls 3
 # Vitesse de depart 20
***** status at : 16:59:38:429 **** 
# Effector position  -0.000808512 -0.000808512 -0.000808512
# Ball 0
# Position  4.45 4.45 4.45
# Color  Red
# Value 20
# Ball 1
# Position  3.15 3.15 3.15
# Color  Yellow
# Value -10
# Ball 2
# Position  12.45 12.45 12.45
# Color  Blue
# Value 10
# NBR balls 3
 # Vitesse de depart 20
***** status at : 16:59:38:629 **** 
# Effector position  -0.000679359 -0.000679359 -0.000679359
# Ball 0
# Position  4.45 4.45 4.45
# Color  Red
# Value 20
# Ball 1
# Position  2.75 2.75 2.75
# Color  Yellow
# Value -10
# Ball 2
# Position  12.45 12.45 12.45
# Color  Blue
# Value 10
# NBR balls 3
 # Vitesse de depart 20
***** status at : 16:59:38:829 **** 
# Effector position  -0.000728305 -0.000728305 -0.000728305
# Ball 0
# Position  4.45 4.45 4.45
# Color  Red
# Value 20
# Ball 1
# Position  2.35 2.35 2.35
# Color  Yellow
# Value -10
# Ball 2
# Position  12.45 12.45 12.45
# Color  Blue
# Value 10
# NBR balls 3
 # Vitesse de depart 20
***** status at : 16:59:39:29 **** 
# Effector position  -0.000610969 -0.000610969 -0.000610969
# Ball 0
# Position  4.45 4.45 4.45
# Color  Red
# Value 20
# Ball 1
# Position  1.95 1.95 1.95
# Color  Yellow
# Value -10
# Ball 2
# Position  12.45 12.45 12.45
# Color  Blue
# Value 10
# NBR balls 3
 # Vitesse de depart 20
***** status at : 16:59:39:229 **** 
# Effector position  -0.000654951 -0.000654951 -0.000654951
# Ball 0
# Position  4.45 4.45 4.45
# Color  Red
# Value 20
# Ball 1
# Position  1.55 1.55 1.55
# Color  Yellow
# Value -10
# Ball 2
# Position  12.45 12.45 12.45
# Color  Blue
# Value 10
# NBR balls 3
 # Vitesse de depart 20
***** status at : 16:59:39:429 **** 
# Effector position  -0.000548601 -0.000548601 -0.000548601
# Ball 0
# Position  4.45 4.45 4.45
# Color  Red
# Value 20
# Ball 1
# Position  1.15 1.15 1.15
# Color  Yellow
# Value -10
# Ball 2
# Position  12.45 12.45 12.45
# Color  Blue
# Value 10
# NBR balls 3
 # Vitesse de depart 20
***** status at : 16:59:39:629 **** 
# Effector position  -0.000588673 -0.000588673 -0.000588673
# Ball 0
# Position  4.45 4.45 4.45
# Color  Red
# Value 20
# Ball 1
# Position  0.749997 0.749997 0.749997
# Color  Yellow
# Value -10
# Ball 2
# Position  12.45 12.45 12.45
# Color  Blue
# Value 10
# NBR balls 3
 # Vitesse de depart 20
***** status at : 16:59:39:829 **** 
# Effector position  -0.000492888 -0.000492888 -0.000492888
# Ball 0
# Position  4.45 4.45 4.45
# Color  Red
# Value 20
# Ball 1
# Position  0.349997 0.349997 0.349997
# Color  Yellow
# Value -10
# Ball 2
# Position  12.45 12.45 12.45
# Color  Blue
# Value 10
# NBR balls 3
 # Vitesse de depart 20
***** status at : 16:59:40:29 **** 
# Effector position  -0.000530389 -0.000530389 -0.000530389
# Ball 0
# Position  4.45 4.45 4.45
# Color  Red
# Value 20
# Ball 1
# Position  -0.0500029 -0.0500029 -0.0500029
# Color  Yellow
# Value -10
# Ball 2
# Position  12.45 12.45 12.45
# Color  Blue
# Value 10
# NBR balls 3
 # Vitesse de depart 20
***** status at : 16:59:40:229 **** 
# Effector position  -0.000447025 -0.000447025 -0.000447025
# Ball 0
# Position  4.45 4.45 4.45
# Color  Red
# Value 20
# Ball 1
# Position  -0.450003 -0.450003 -0.450003
# Color  Yellow
# Value -10
# Ball 2
# Position  12.45 12.45 12.45
# Color  Blue
# Value 10
# NBR balls 3
 # Vitesse de depart 20
***** status at : 16:59:40:429 **** 
# Effector position  -0.000480289 -0.000480289 -0.000480289
# Ball 0
# Position  4.45 4.45 4.45
# Color  Red
# Value 20
# Ball 1
# Position  -0.850003 -0.850003 -0.850003
# Color  Yellow
# Value -10
# Ball 2
# Position  12.45 12.45 12.45
# Color  Blue
# Value 10
# NBR balls 3
 # Vitesse de depart 20
***** status at : 16:59:40:629 **** 
# Effector position  -0.000402698 -0.000402698 -0.000402698
# Ball 0
# Position  4.45 4.45 4.45
# Color  Red
# Value 20
# Ball 1
# Position  -1.20098 -1.20098 -1.20098
# Color  Yellow
# Value -10
# Ball 2
# Position  12.45 12.45 12.45
# Color  Blue
# Value 10
# NBR balls 3
 # Vitesse de depart 20
***** status at : 16:59:40:829 **** 
# Effector position  -0.000431638 -0.000431638 -0.000431638
# Ball 0
# Position  4.45 4.45 4.45
# Color  Red
# Value 20
# Ball 1
# Position  -1.5482 -1.5482 -1.5482
# Color  Yellow
# Value -10
# Ball 2
# Position  12.45 12.45 12.45
# Color  Blue
# Value 10
# NBR balls 3
 # Vitesse de depart 20
***** status at : 16:59:41:29 **** 
# Effector position  -0.000359553 -0.000359553 -0.000359553
# Ball 0
# Position  4.45 4.45 4.45
# Color  Red
# Value 20
# Ball 1
# Position  -1.89154 -1.89154 -1.89154
# Color  Yellow
# Value -10
# Ball 2
# Position  12.45 12.45 12.45
# Color  Blue
# Value 10
# NBR balls 3
 # Vitesse de depart 20
***** status at : 16:59:41:729 **** 
# Effector position  -0.000376958 -0.000376958 -0.000376958
# Ball 0
# Position  4.45 4.45 4.45
# Color  Red
# Value 20
# Ball 1
# Position  -3.04959 -3.04959 -3.04959
# Color  Yellow
# Value -10
# Ball 2
# Position  12.45 12.45 12.45
# Color  Blue
# Value 10
# NBR balls 3
 # Vitesse de depart 20
***** status at : 16:59:41:929 **** 
# Effector position  -0.000342841 -0.000342841 -0.000342841
# Ball 0
# Position  4.45 4.45 4.45
# Color  Red
# Value 20
# Ball 1
# Position  -3.37458 -3.37458 -3.37458
# Color  Yellow
# Value -10
# Ball 2
# Position  12.45 12.45 12.45
# Color  Blue
# Value 10
# NBR balls 3
 # Vitesse de depart 20
***** status at : 16:59:42:129 **** 
# Effector position  -0.000343514 -0.000343514 -0.000343514
# Ball 0
# Position  4.45 4.45 4.45
# Color  Red
# Value 20
# Ball 1
# Position  -3.6975 -3.6975 -3.6975
# Color  Yellow
# Value -10
# Ball 2
# Position  12.45 12.45 12.45
# Color  Blue
# Value 10
# NBR balls 3
 # Vitesse de depart 20
***** status at : 16:59:42:329 **** 
# Effector position  -0.000309794 -0.000309794 -0.000309794
# Ball 0
# Position  4.45 4.45 4.45
# Color  Red
# Value 20
# Ball 1
# Position  -4.01671 -4.01671 -4.01671
# Color  Yellow
# Value -10
# Ball 2
# Position  12.45 12.45 12.45
# Color  Blue
# Value 10
# NBR balls 3
 # Vitesse de depart 20
***** status at : 16:59:42:529 **** 
# Effector position  -0.000310846 -0.000310846 -0.000310846
# Ball 0
# Position  4.45 4.45 4.45
# Color  Red
# Value 20
# Ball 1
# Position  -4.33221 -4.33221 -4.33221
# Color  Yellow
# Value -10
# Ball 2
# Position  12.45 12.45 12.45
# Color  Blue
# Value 10
# NBR balls 3
 # Vitesse de depart 20
***** status at : 16:59:42:729 **** 
# Effector position  -0.000280078 -0.000280078 -0.000280078
# Ball 0
# Position  4.45 4.45 4.45
# Color  Red
# Value 20
# Ball 1
# Position  -4.64399 -4.64399 -4.64399
# Color  Yellow
# Value -10
# Ball 2
# Position  12.45 12.45 12.45
# Color  Blue
# Value 10
# NBR balls 3
 # Vitesse de depart 20
***** status at : 16:59:42:929 **** 
# Effector position  -0.000279292 -0.000279292 -0.000279292
# Ball 0
# Position  4.45 4.45 4.45
# Color  Red
# Value 20
# Ball 1
# Position  -4.95205 -4.95205 -4.95205
# Color  Yellow
# Value -10
# Ball 2
# Position  12.45 12.45 12.45
# Color  Blue
# Value 10
# NBR balls 3
 # Vitesse de depart 20
***** status at : 16:59:43:129 **** 
# Effector position  -0.000251497 -0.000251497 -0.000251497
# Ball 0
# Position  4.45 4.45 4.45
# Color  Red
# Value 20
# Ball 1
# Position  -5.25639 -5.25639 -5.25639
# Color  Yellow
# Value -10
# Ball 2
# Position  12.45 12.45 12.45
# Color  Blue
# Value 10
# NBR balls 3
 # Vitesse de depart 20
***** status at : 16:59:43:353 **** 
# Effector position  -0.000251118 -0.000251118 -0.000251118
# Ball 0
# Position  3.3 3.3 3.3
# Color  Red
# Value 20
# Ball 1
# Position  8.7 8.7 8.7
# Color  Yellow
# Value -10
# Ball 2
# Position  11.3 11.3 11.3
# Color  Blue
# Value 10
# Ball 3
# Position  16.7 16.7 16.7
# Color  Yellow
# Value -10
# NBR balls 4
 # Vitesse de depart 20
***** status at : 16:59:43:529 **** 
# Effector position  -0.000226397 -0.000226397 -0.000226397
# Ball 0
# Position  2.9 2.9 2.9
# Color  Red
# Value 20
# Ball 1
# Position  8.5 8.5 8.5
# Color  Yellow
# Value -10
# Ball 2
# Position  10.7 10.7 10.7
# Color  Blue
# Value 10
# Ball 3
# Position  16.7 16.7 16.7
# Color  Yellow
# Value -10
# NBR balls 4
 # Vitesse de depart 20
***** status at : 16:59:43:729 **** 
# Effector position  -0.000224005 -0.000224005 -0.000224005
# Ball 0
# Position  2.5 2.5 2.5
# Color  Red
# Value 20
# Ball 1
# Position  8.3 8.3 8.3
# Color  Yellow
# Value -10
# Ball 2
# Position  10.1 10.1 10.1
# Color  Blue
# Value 10
# Ball 3
# Position  16.7 16.7 16.7
# Color  Yellow
# Value -10
# NBR balls 4
 # Vitesse de depart 20
***** status at : 16:59:43:929 **** 
# Effector position  -0.000201396 -0.000201396 -0.000201396
# Ball 0
# Position  2.1 2.1 2.1
# Color  Red
# Value 20
# Ball 1
# Position  8.1 8.1 8.1
# Color  Yellow
# Value -10
# Ball 2
# Position  9.5 9.5 9.5
# Color  Blue
# Value 10
# Ball 3
# Position  16.7 16.7 16.7
# Color  Yellow
# Value -10
# NBR balls 4
 # Vitesse de depart 20
***** status at : 16:59:44:129 **** 
# Effector position  -0.000200871 -0.000200871 -0.000200871
# Ball 0
# Position  1.7 1.7 1.7
# Color  Red
# Value 20
# Ball 1
# Position  7.9 7.9 7.9
# Color  Yellow
# Value -10
# Ball 2
# Position  8.9 8.9 8.9
# Color  Blue
# Value 10
# Ball 3
# Position  16.7 16.7 16.7
# Color  Yellow
# Value -10
# NBR balls 4
 # Vitesse de depart 20
***** status at : 16:59:44:329 **** 
# Effector position  -0.000181344 -0.000181344 -0.000181344
# Ball 0
# Position  1.3 1.3 1.3
# Color  Red
# Value 20
# Ball 1
# Position  7.7 7.7 7.7
# Color  Yellow
# Value -10
# Ball 2
# Position  8.3 8.3 8.3
# Color  Blue
# Value 10
# Ball 3
# Position  16.7 16.7 16.7
# Color  Yellow
# Value -10
# NBR balls 4
 # Vitesse de depart 20
###### Fin experiance ######## 
