# Game Session ID 
52 
### Session Start ### 
# Game ID 
0 
# Begin play Date and Time 
 17 / 5 / 2013    17:10:43 
# With Fead back 
 False  
# With Visible Trajectory 
 True  
### Game start ### 
 # Throw number 1 of 30
# Type of Balls 
 Ball 0 -> Good ball 
 Ball 1 -> Bad ball 
 Ball 2 -> Ok ball 
 Ball 3 -> Bad ball 
 Ball 4 -> Bad ball 
 Ball 5 -> Bad ball 
 Ball 6 -> Bad ball 
 Ball 7 -> Bad ball 
# Throw number 2 of 30
# Type of Balls 
 Ball 0 -> Good ball 
 Ball 1 -> Bad ball 
 Ball 2 -> Ok ball 
 Ball 3 -> Bad ball 
 Ball 4 -> Bad ball 
 Ball 5 -> Bad ball 
 Ball 6 -> Bad ball 
 Ball 7 -> Bad ball 
# Throw number 3 of 30
# Type of Balls 
 Ball 0 -> Good ball 
 Ball 1 -> Bad ball 
 Ball 2 -> Ok ball 
 Ball 3 -> Bad ball 
 Ball 4 -> Bad ball 
 Ball 5 -> Bad ball 
 Ball 6 -> Bad ball 
 Ball 7 -> Bad ball 
# Throw number 4 of 30
# Type of Balls 
 Ball 0 -> Good ball 
 Ball 1 -> Bad ball 
 Ball 2 -> Ok ball 
 Ball 3 -> Bad ball 
 Ball 4 -> Bad ball 
 Ball 5 -> Bad ball 
 Ball 6 -> Bad ball 
 Ball 7 -> Bad ball 
# Throw number 5 of 30
# Type of Balls 
 Ball 0 -> Good ball 
 Ball 1 -> Bad ball 
 Ball 2 -> Ok ball 
 Ball 3 -> Bad ball 
 Ball 4 -> Bad ball 
 Ball 5 -> Bad ball 
 Ball 6 -> Bad ball 
 Ball 7 -> Bad ball 
# Throw number 6 of 30
# Type of Balls 
 Ball 0 -> Good ball 
 Ball 1 -> Bad ball 
 Ball 2 -> Ok ball 
 Ball 3 -> Bad ball 
 Ball 4 -> Bad ball 
 Ball 5 -> Bad ball 
 Ball 6 -> Bad ball 
 Ball 7 -> Bad ball 
# Throw number 7 of 30
# Type of Balls 
 Ball 0 -> Good ball 
 Ball 1 -> Bad ball 
 Ball 2 -> Ok ball 
 Ball 3 -> Bad ball 
# Throw number 8 of 30
# Type of Balls 
 Ball 0 -> Good ball 
 Ball 1 -> Bad ball 
 Ball 2 -> Ok ball 
 Ball 3 -> Bad ball 
 Ball 4 -> Bad ball 
