# Game Session ID 
34 
### Session Start ### 
########  Status report at	 17:31:20:178 ------------------ ##### 
### Collision !!! ### 
 ########  Status report at	 17:31:20:198 ------------------ ##### 
### Collision !!! ### 
 ########  Status report at	 17:31:20:251 ------------------ ##### 
### Collision !!! ### 
 ########  Status report at	 17:31:20:323 ------------------ ##### 
### Collision !!! ### 
 ########  Status report at	 17:31:20:345 ------------------ ##### 
### Collision !!! ### 
 ########  Status report at	 17:31:20:365 ------------------ ##### 
### Collision !!! ### 
 ########  Status report at	 17:31:20:381 ------------------ ##### 
### Collision !!! ### 
 ########  Status report at	 17:31:20:421 ------------------ ##### 
### Collision !!! ### 
 ########  Status report at	 17:31:20:444 ------------------ ##### 
### Collision !!! ### 
 ########  Status report at	 17:31:20:461 ------------------ ##### 
### Collision !!! ### 
 ########  Status report at	 17:31:20:535 ------------------ ##### 
### Collision !!! ### 
 ########  Status report at	 17:31:20:560 ------------------ ##### 
### Collision !!! ### 
 ########  Status report at	 17:31:20:577 ------------------ ##### 
### Collision !!! ### 
 ########  Status report at	 17:31:20:618 ------------------ ##### 
### Collision !!! ### 
 ########  Status report at	 17:31:20:643 ------------------ ##### 
### Collision !!! ### 
 ########  Status report at	 17:31:20:661 ------------------ ##### 
### Collision !!! ### 
 ########  Status report at	 17:31:20:718 ------------------ ##### 
### Collision !!! ### 
 ########  Status report at	 17:31:20:733 ------------------ ##### 
### Collision !!! ### 
 ########  Status report at	 17:31:20:749 ------------------ ##### 
### Collision !!! ### 
 ########  Status report at	 17:31:20:767 ------------------ ##### 
### Collision !!! ### 
 ########  Status report at	 17:31:20:819 ------------------ ##### 
### Collision !!! ### 
 ########  Status report at	 17:31:20:845 ------------------ ##### 
### Collision !!! ### 
 ########  Status report at	 17:31:20:861 ------------------ ##### 
### Collision !!! ### 
 ########  Status report at	 17:31:20:935 ------------------ ##### 
### Collision !!! ### 
 ########  Status report at	 17:31:20:960 ------------------ ##### 
### Collision !!! ### 
 ########  Status report at	 17:31:20:976 ------------------ ##### 
### Collision !!! ### 
 ########  Status report at	 17:31:21:17 ------------------ ##### 
### Collision !!! ### 
 ########  Status report at	 17:31:21:44 ------------------ ##### 
### Collision !!! ### 
 ########  Status report at	 17:31:21:59 ------------------ ##### 
### Collision !!! ### 
 ########  Status report at	 17:31:21:116 ------------------ ##### 
### Collision !!! ### 
 ########  Status report at	 17:31:21:134 ------------------ ##### 
### Collision !!! ### 
 ########  Status report at	 17:31:21:149 ------------------ ##### 
### Collision !!! ### 
 ########  Status report at	 17:31:21:166 ------------------ ##### 
### Collision !!! ### 
 ########  Status report at	 17:31:21:247 ------------------ ##### 
### Collision !!! ### 
 ########  Status report at	 17:31:21:276 ------------------ ##### 
### Collision !!! ### 
 ########  Status report at	 17:31:21:296 ------------------ ##### 
### Collision !!! ### 
 ########  Status report at	 17:31:21:368 ------------------ ##### 
### Collision !!! ### 
 ########  Status report at	 17:31:21:412 ------------------ ##### 
### Collision !!! ### 
 ########  Status report at	 17:31:21:430 ------------------ ##### 
### Collision !!! ### 
 ########  Status report at	 17:31:21:513 ------------------ ##### 
### Collision !!! ### 
 ########  Status report at	 17:31:21:761 ------------------ ##### 
### Collision !!! ### 
 ########  Status report at	 17:31:22:294 ------------------ ##### 
### Collision !!! ### 
 ########  Status report at	 17:31:22:399 ------------------ ##### 
### Collision !!! ### 
 ########  Status report at	 17:31:22:443 ------------------ ##### 
### Collision !!! ### 
 ########  Status report at	 17:31:22:502 ------------------ ##### 
### Collision !!! ### 
 ########  Status report at	 17:31:22:527 ------------------ ##### 
### Collision !!! ### 
 ########  Status report at	 17:31:22:543 ------------------ ##### 
### Collision !!! ### 
 ########  Status report at	 17:31:22:602 ------------------ ##### 
### Collision !!! ### 
 ########  Status report at	 17:31:22:628 ------------------ ##### 
### Collision !!! ### 
 ########  Status report at	 17:31:22:643 ------------------ ##### 
### Collision !!! ### 
 ########  Status report at	 17:31:22:659 ------------------ ##### 
### Collision !!! ### 
 ########  Status report at	 17:31:22:744 ------------------ ##### 
### Collision !!! ### 
 ########  Status report at	 17:31:22:768 ------------------ ##### 
### Collision !!! ### 
 ########  Status report at	 17:31:22:791 ------------------ ##### 
### Collision !!! ### 
 ########  Status report at	 17:31:22:867 ------------------ ##### 
### Collision !!! ### 
 ########  Status report at	 17:31:22:895 ------------------ ##### 
### Collision !!! ### 
 ########  Status report at	 17:31:22:909 ------------------ ##### 
### Collision !!! ### 
 ########  Status report at	 17:31:22:978 ------------------ ##### 
### Collision !!! ### 
 ########  Status report at	 17:31:22:996 ------------------ ##### 
### Collision !!! ### 
 ########  Status report at	 17:31:23:11 ------------------ ##### 
### Collision !!! ### 
 ########  Status report at	 17:31:28:164 ------------------ ##### 
### Collision !!! ### 
 ########  Status report at	 17:31:28:265 ------------------ ##### 
### Collision !!! ### 
 ########  Status report at	 17:31:30:787 ------------------ ##### 
### Collision !!! ### 
 ########  Status report at	 17:31:33:847 ------------------ ##### 
### Collision !!! ### 
 ########  Status report at	 17:31:33:867 ------------------ ##### 
### Collision !!! ### 
 ########  Status report at	 17:31:33:936 ------------------ ##### 
### Collision !!! ### 
 ########  Status report at	 17:31:33:963 ------------------ ##### 
### Collision !!! ### 
 ########  Status report at	 17:31:33:982 ------------------ ##### 
### Collision !!! ### 
 ########  Status report at	 17:31:34:36 ------------------ ##### 
### Collision !!! ### 
 ########  Status report at	 17:31:34:63 ------------------ ##### 
### Collision !!! ### 
 ########  Status report at	 17:31:34:81 ------------------ ##### 
### Collision !!! ### 
 ########  Status report at	 17:31:34:121 ------------------ ##### 
### Collision !!! ### 
 ########  Status report at	 17:31:34:147 ------------------ ##### 
### Collision !!! ### 
 ########  Status report at	 17:31:34:170 ------------------ ##### 
### Collision !!! ### 
 ########  Status report at	 17:31:34:240 ------------------ ##### 
### Collision !!! ### 
 ########  Status report at	 17:31:34:264 ------------------ ##### 
### Collision !!! ### 
 ########  Status report at	 17:31:34:280 ------------------ ##### 
### Collision !!! ### 
 ########  Status report at	 17:31:34:339 ------------------ ##### 
### Collision !!! ### 
 ########  Status report at	 17:31:34:364 ------------------ ##### 
### Collision !!! ### 
 ########  Status report at	 17:31:34:380 ------------------ ##### 
### Collision !!! ### 
 ########  Status report at	 17:31:34:438 ------------------ ##### 
### Collision !!! ### 
 ########  Status report at	 17:31:34:463 ------------------ ##### 
### Collision !!! ### 
 ########  Status report at	 17:31:34:481 ------------------ ##### 
### Collision !!! ### 
 ########  Status report at	 17:31:34:543 ------------------ ##### 
### Collision !!! ### 
 ########  Status report at	 17:31:34:564 ------------------ ##### 
### Collision !!! ### 
 ########  Status report at	 17:31:34:636 ------------------ ##### 
### Collision !!! ### 
 ########  Status report at	 17:31:34:654 ------------------ ##### 
### Collision !!! ### 
 ########  Status report at	 17:31:34:671 ------------------ ##### 
### Collision !!! ### 
 ########  Status report at	 17:31:34:739 ------------------ ##### 
### Collision !!! ### 
 ########  Status report at	 17:31:34:764 ------------------ ##### 
### Collision !!! ### 
 ########  Status report at	 17:31:34:785 ------------------ ##### 
### Collision !!! ### 
 ########  Status report at	 17:31:34:837 ------------------ ##### 
### Collision !!! ### 
 ########  Status report at	 17:31:34:863 ------------------ ##### 
### Collision !!! ### 
 ########  Status report at	 17:31:34:882 ------------------ ##### 
### Collision !!! ### 
 ########  Status report at	 17:31:34:927 ------------------ ##### 
### Collision !!! ### 
 ########  Status report at	 17:31:34:967 ------------------ ##### 
### Collision !!! ### 
 ########  Status report at	 17:31:35:37 ------------------ ##### 
### Collision !!! ### 
 ########  Status report at	 17:31:41:103 ------------------ ##### 
### Collision !!! ### 
 ########  Status report at	 17:31:41:130 ------------------ ##### 
### Collision !!! ### 
 ########  Status report at	 17:31:41:164 ------------------ ##### 
### Collision !!! ### 
 ########  Status report at	 17:31:41:201 ------------------ ##### 
### Collision !!! ### 
 ########  Status report at	 17:31:41:229 ------------------ ##### 
### Collision !!! ### 
 ########  Status report at	 17:31:41:245 ------------------ ##### 
### Collision !!! ### 
 ########  Status report at	 17:31:41:260 ------------------ ##### 
### Collision !!! ### 
 ########  Status report at	 17:31:41:276 ------------------ ##### 
### Collision !!! ### 
 ########  Status report at	 17:31:41:293 ------------------ ##### 
### Collision !!! ### 
 ########  Status report at	 17:31:41:348 ------------------ ##### 
### Collision !!! ### 
 ########  Status report at	 17:31:41:365 ------------------ ##### 
### Collision !!! ### 
 ########  Status report at	 17:31:41:381 ------------------ ##### 
### Collision !!! ### 
 ########  Status report at	 17:31:41:395 ------------------ ##### 
### Collision !!! ### 
 ########  Status report at	 17:31:41:416 ------------------ ##### 
### Collision !!! ### 
 ########  Status report at	 17:31:41:469 ------------------ ##### 
### Collision !!! ### 
 ########  Status report at	 17:31:41:488 ------------------ ##### 
### Collision !!! ### 
 ########  Status report at	 17:31:41:510 ------------------ ##### 
### Collision !!! ### 
 ########  Status report at	 17:31:41:527 ------------------ ##### 
### Collision !!! ### 
 ########  Status report at	 17:31:41:568 ------------------ ##### 
### Collision !!! ### 
 ########  Status report at	 17:31:41:593 ------------------ ##### 
### Collision !!! ### 
 ########  Status report at	 17:31:41:611 ------------------ ##### 
### Collision !!! ### 
 ########  Status report at	 17:31:41:666 ------------------ ##### 
### Collision !!! ### 
 ########  Status report at	 17:31:41:684 ------------------ ##### 
### Collision !!! ### 
 ########  Status report at	 17:31:51:303 ------------------ ##### 
### Collision !!! ### 
 ########  Status report at	 17:31:51:325 ------------------ ##### 
### Collision !!! ### 
 ########  Status report at	 17:31:51:372 ------------------ ##### 
### Collision !!! ### 
 ########  Status report at	 17:31:51:403 ------------------ ##### 
### Collision !!! ### 
 ########  Status report at	 17:31:51:433 ------------------ ##### 
### Collision !!! ### 
 ########  Status report at	 17:31:51:472 ------------------ ##### 
### Collision !!! ### 
 ########  Status report at	 17:31:51:499 ------------------ ##### 
### Collision !!! ### 
 ########  Status report at	 17:31:51:523 ------------------ ##### 
### Collision !!! ### 
 ########  Status report at	 17:31:51:592 ------------------ ##### 
### Collision !!! ### 
 ########  Status report at	 17:31:51:616 ------------------ ##### 
### Collision !!! ### 
 ########  Status report at	 17:31:51:635 ------------------ ##### 
### Collision !!! ### 
 ########  Status report at	 17:31:51:653 ------------------ ##### 
### Collision !!! ### 
 ########  Status report at	 17:31:51:691 ------------------ ##### 
### Collision !!! ### 
 ########  Status report at	 17:31:51:715 ------------------ ##### 
### Collision !!! ### 
 ########  Status report at	 17:31:51:748 ------------------ ##### 
### Collision !!! ### 
 ########  Status report at	 17:31:51:808 ------------------ ##### 
### Collision !!! ### 
 ########  Status report at	 17:31:51:831 ------------------ ##### 
### Collision !!! ### 
 ########  Status report at	 17:31:51:848 ------------------ ##### 
### Collision !!! ### 
 ########  Status report at	 17:31:51:904 ------------------ ##### 
### Collision !!! ### 
 ########  Status report at	 17:31:51:931 ------------------ ##### 
### Collision !!! ### 
 ########  Status report at	 17:31:51:948 ------------------ ##### 
### Collision !!! ### 
 ########  Status report at	 17:31:52:4 ------------------ ##### 
### Collision !!! ### 
 ########  Status report at	 17:31:52:31 ------------------ ##### 
### Collision !!! ### 
 ########  Status report at	 17:31:52:49 ------------------ ##### 
### Collision !!! ### 
 ########  Status report at	 17:31:52:104 ------------------ ##### 
### Collision !!! ### 
 ########  Status report at	 17:31:52:127 ------------------ ##### 
### Collision !!! ### 
 ########  Status report at	 17:31:52:144 ------------------ ##### 
### Collision !!! ### 
 ########  Status report at	 17:31:52:206 ------------------ ##### 
### Collision !!! ### 
 ########  Status report at	 17:31:52:411 ------------------ ##### 
### Collision !!! ### 
 ########  Status report at	 17:31:52:611 ------------------ ##### 
### Collision !!! ### 
 ########  Status report at	 17:31:52:810 ------------------ ##### 
### Collision !!! ### 
 ########  Status report at	 17:31:53:10 ------------------ ##### 
### Collision !!! ### 
 ########  Status report at	 17:31:53:210 ------------------ ##### 
### Collision !!! ### 
 ########  Status report at	 17:31:53:410 ------------------ ##### 
### Collision !!! ### 
 ########  Status report at	 17:31:53:610 ------------------ ##### 
### Collision !!! ### 
 ########  Status report at	 17:31:53:811 ------------------ ##### 
### Collision !!! ### 
 ########  Status report at	 17:31:54:10 ------------------ ##### 
### Collision !!! ### 
 ########  Status report at	 17:32:6:313 ------------------ ##### 
### Collision !!! ### 
 ########  Status report at	 17:32:6:513 ------------------ ##### 
### Collision !!! ### 
 ########  Status report at	 17:32:6:713 ------------------ ##### 
### Collision !!! ### 
 ########  Status report at	 17:32:6:913 ------------------ ##### 
### Collision !!! ### 
 ########  Status report at	 17:32:7:113 ------------------ ##### 
### Collision !!! ### 
 ########  Status report at	 17:32:7:313 ------------------ ##### 
### Collision !!! ### 
 ########  Status report at	 17:32:7:513 ------------------ ##### 
### Collision !!! ### 
 ########  Status report at	 17:32:7:713 ------------------ ##### 
### Collision !!! ### 
 ########  Status report at	 17:32:7:913 ------------------ ##### 
### Collision !!! ### 
 ########  Status report at	 17:32:8:113 ------------------ ##### 
### Collision !!! ### 
 ########  Status report at	 17:32:8:313 ------------------ ##### 
### Collision !!! ### 
 ########  Status report at	 17:32:8:514 ------------------ ##### 
### Collision !!! ### 
 ########  Status report at	 17:32:8:716 ------------------ ##### 
### Collision !!! ### 
 ########  Status report at	 17:32:8:915 ------------------ ##### 
### Collision !!! ### 
 ########  Status report at	 17:32:9:115 ------------------ ##### 
### Collision !!! ### 
 ########  Status report at	 17:32:9:315 ------------------ ##### 
### Collision !!! ### 
 ########  Status report at	 17:32:9:514 ------------------ ##### 
### Collision !!! ### 
 ########  Status report at	 17:32:9:714 ------------------ ##### 
### Collision !!! ### 
 ########  Status report at	 17:32:9:914 ------------------ ##### 
### Collision !!! ### 
 ########  Status report at	 17:32:10:114 ------------------ ##### 
### Collision !!! ### 
 ########  Status report at	 17:32:10:714 ------------------ ##### 
### Collision !!! ### 
 ########  Status report at	 17:32:10:915 ------------------ ##### 
### Collision !!! ### 
 ########  Status report at	 17:32:11:114 ------------------ ##### 
### Collision !!! ### 
 ########  Status report at	 17:32:14:318 ------------------ ##### 
### Collision !!! ### 
 ########  Status report at	 17:32:14:518 ------------------ ##### 
### Collision !!! ### 
 ########  Status report at	 17:32:14:718 ------------------ ##### 
### Collision !!! ### 
 ########  Status report at	 17:32:14:918 ------------------ ##### 
### Collision !!! ### 
 ########  Status report at	 17:32:15:118 ------------------ ##### 
### Collision !!! ### 
 ########  Status report at	 17:32:15:518 ------------------ ##### 
### Collision !!! ### 
 ########  Status report at	 17:32:15:717 ------------------ ##### 
### Collision !!! ### 
 ########  Status report at	 17:32:15:917 ------------------ ##### 
### Collision !!! ### 
 ########  Status report at	 17:32:16:118 ------------------ ##### 
### Collision !!! ### 
 ########  Status report at	 17:32:16:318 ------------------ ##### 
### Collision !!! ### 
 ########  Status report at	 17:32:16:518 ------------------ ##### 
### Collision !!! ### 
 ########  Status report at	 17:32:16:718 ------------------ ##### 
### Collision !!! ### 
 ########  Status report at	 17:32:16:918 ------------------ ##### 
### Collision !!! ### 
 ########  Status report at	 17:32:17:118 ------------------ ##### 
### Collision !!! ### 
 ########  Status report at	 17:32:17:318 ------------------ ##### 
### Collision !!! ### 
 ########  Status report at	 17:32:17:518 ------------------ ##### 
### Collision !!! ### 
 ########  Status report at	 17:32:17:720 ------------------ ##### 
### Collision !!! ### 
 ########  Status report at	 17:32:17:919 ------------------ ##### 
### Collision !!! ### 
 ########  Status report at	 17:32:18:118 ------------------ ##### 
### Collision !!! ### 
 ########  Status report at	 17:32:22:319 ------------------ ##### 
### Collision !!! ### 
 ########  Status report at	 17:32:22:519 ------------------ ##### 
### Collision !!! ### 
 ########  Status report at	 17:32:22:719 ------------------ ##### 
### Collision !!! ### 
 ########  Status report at	 17:32:23:726 ------------------ ##### 
### Collision !!! ### 
 ########  Status report at	 17:32:23:923 ------------------ ##### 
### Collision !!! ### 
 ########  Status report at	 17:32:24:123 ------------------ ##### 
### Collision !!! ### 
 ########  Status report at	 17:32:24:323 ------------------ ##### 
### Collision !!! ### 
 ########  Status report at	 17:32:24:523 ------------------ ##### 
### Collision !!! ### 
 ########  Status report at	 17:32:24:723 ------------------ ##### 
### Collision !!! ### 
 ########  Status report at	 17:32:24:923 ------------------ ##### 
### Collision !!! ### 
 ########  Status report at	 17:32:25:123 ------------------ ##### 
### Collision !!! ### 
 ########  Status report at	 17:32:25:323 ------------------ ##### 
### Collision !!! ### 
 ########  Status report at	 17:32:25:523 ------------------ ##### 
### Collision !!! ### 
 ########  Status report at	 17:32:25:723 ------------------ ##### 
### Collision !!! ### 
 ########  Status report at	 17:32:25:923 ------------------ ##### 
### Collision !!! ### 
 ########  Status report at	 17:32:26:123 ------------------ ##### 
### Collision !!! ### 
 ########  Status report at	 17:32:32:724 ------------------ ##### 
### Collision !!! ### 
 ########  Status report at	 17:32:32:924 ------------------ ##### 
### Collision !!! ### 
 ########  Status report at	 17:32:33:123 ------------------ ##### 
### Collision !!! ### 
 ########  Status report at	 17:32:33:324 ------------------ ##### 
### Collision !!! ### 
 ########  Status report at	 17:32:33:525 ------------------ ##### 
### Collision !!! ### 
 ########  Status report at	 17:32:33:727 ------------------ ##### 
### Collision !!! ### 
 ########  Status report at	 17:32:33:924 ------------------ ##### 
### Collision !!! ### 
 ########  Status report at	 17:32:34:125 ------------------ ##### 
### Collision !!! ### 
 