# Game Session ID 
13 
### Session Start ### 
########  Status report at	 20:44:10:113 ------------------ ##### 
### Collision !!! ### 
 ########  Status report at	 20:44:10:130 ------------------ ##### 
### Collision !!! ### 
 ########  Status report at	 20:44:10:146 ------------------ ##### 
### Collision !!! ### 
 ########  Status report at	 20:44:10:163 ------------------ ##### 
### Collision !!! ### 
 ########  Status report at	 20:44:10:179 ------------------ ##### 
### Collision !!! ### 
 ########  Status report at	 20:44:10:196 ------------------ ##### 
### Collision !!! ### 
 ########  Status report at	 20:44:10:213 ------------------ ##### 
### Collision !!! ### 
 ########  Status report at	 20:44:10:231 ------------------ ##### 
### Collision !!! ### 
 ########  Status report at	 20:44:10:246 ------------------ ##### 
### Collision !!! ### 
 ########  Status report at	 20:44:10:263 ------------------ ##### 
### Collision !!! ### 
 ########  Status report at	 20:44:10:279 ------------------ ##### 
### Collision !!! ### 
 ########  Status report at	 20:44:10:296 ------------------ ##### 
### Collision !!! ### 
 ########  Status report at	 20:44:10:312 ------------------ ##### 
### Collision !!! ### 
 ########  Status report at	 20:44:10:329 ------------------ ##### 
### Collision !!! ### 
 ########  Status report at	 20:44:10:346 ------------------ ##### 
### Collision !!! ### 
 ########  Status report at	 20:44:10:362 ------------------ ##### 
### Collision !!! ### 
 ########  Status report at	 20:44:10:379 ------------------ ##### 
### Collision !!! ### 
 ########  Status report at	 20:44:10:396 ------------------ ##### 
### Collision !!! ### 
 ########  Status report at	 20:44:10:413 ------------------ ##### 
### Collision !!! ### 
 ########  Status report at	 20:44:10:430 ------------------ ##### 
### Collision !!! ### 
 ########  Status report at	 20:44:10:447 ------------------ ##### 
### Collision !!! ### 
 ########  Status report at	 20:44:10:463 ------------------ ##### 
### Collision !!! ### 
 ########  Status report at	 20:44:10:480 ------------------ ##### 
### Collision !!! ### 
 ########  Status report at	 20:44:10:496 ------------------ ##### 
### Collision !!! ### 
 ########  Status report at	 20:44:10:513 ------------------ ##### 
### Collision !!! ### 
 ########  Status report at	 20:44:10:530 ------------------ ##### 
### Collision !!! ### 
 ########  Status report at	 20:44:10:546 ------------------ ##### 
### Collision !!! ### 
 ########  Status report at	 20:44:10:565 ------------------ ##### 
### Collision !!! ### 
 ########  Status report at	 20:44:10:579 ------------------ ##### 
### Collision !!! ### 
 ########  Status report at	 20:44:10:596 ------------------ ##### 
### Collision !!! ### 
 ########  Status report at	 20:44:10:613 ------------------ ##### 
### Collision !!! ### 
 ########  Status report at	 20:44:10:629 ------------------ ##### 
### Collision !!! ### 
 ########  Status report at	 20:44:10:646 ------------------ ##### 
### Collision !!! ### 
 ########  Status report at	 20:44:10:663 ------------------ ##### 
### Collision !!! ### 
 ########  Status report at	 20:44:10:679 ------------------ ##### 
### Collision !!! ### 
 ########  Status report at	 20:44:10:696 ------------------ ##### 
### Collision !!! ### 
 ########  Status report at	 20:44:10:712 ------------------ ##### 
### Collision !!! ### 
 ########  Status report at	 20:44:10:729 ------------------ ##### 
### Collision !!! ### 
 ########  Status report at	 20:44:10:746 ------------------ ##### 
### Collision !!! ### 
 ########  Status report at	 20:44:10:763 ------------------ ##### 
### Collision !!! ### 
 ########  Status report at	 20:44:10:779 ------------------ ##### 
### Collision !!! ### 
 ########  Status report at	 20:44:10:813 ------------------ ##### 
### Collision !!! ### 
 ########  Status report at	 20:44:10:830 ------------------ ##### 
### Collision !!! ### 
 ########  Status report at	 20:44:10:846 ------------------ ##### 
### Collision !!! ### 
 ########  Status report at	 20:44:10:898 ------------------ ##### 
### Collision !!! ### 
 ########  Status report at	 20:44:10:913 ------------------ ##### 
### Collision !!! ### 
 