# Game Session ID 
24 
### Session Start ### 
# Game ID 
0 
# Begin play Date and Time 
 15 / 5 / 2013    19:22:7 
# With Fead back 
 False  
# With Visible Trajectory 
 True  
### Game start ### 
 # Throw number 1 of 30
# Type of Balls 
 Ball 0 -> Good ball 
 Ball 1 -> Bad ball 
 Ball 2 -> Ok ball 
 Ball 3 -> Bad ball 
 Ball 4 -> Bad ball 
 Ball 5 -> Bad ball 
 Ball 6 -> Bad ball 
 Ball 7 -> Bad ball 
# Throw number 2 of 30
# Type of Balls 
 Ball 0 -> Good ball 
 Ball 1 -> Bad ball 
 Ball 2 -> Ok ball 
 Ball 3 -> Bad ball 
 Ball 4 -> Bad ball 
 Ball 5 -> Bad ball 
 Ball 6 -> Bad ball 
 Ball 7 -> Bad ball 
