# Game Session ID 
26 
### Session Start ### 
########  Status report at	 19:31:26:291 ------------------ ##### 
### Collision !!! ### 
 ########  Status report at	 19:31:26:308 ------------------ ##### 
### Collision !!! ### 
 ########  Status report at	 19:31:26:323 ------------------ ##### 
### Collision !!! ### 
 ########  Status report at	 19:31:26:341 ------------------ ##### 
### Collision !!! ### 
 ########  Status report at	 19:31:26:357 ------------------ ##### 
### Collision !!! ### 
 ########  Status report at	 19:31:26:436 ------------------ ##### 
### Collision !!! ### 
 ########  Status report at	 19:31:26:452 ------------------ ##### 
### Collision !!! ### 
 ########  Status report at	 19:31:26:467 ------------------ ##### 
### Collision !!! ### 
 ########  Status report at	 19:31:26:485 ------------------ ##### 
### Collision !!! ### 
 ########  Status report at	 19:31:26:535 ------------------ ##### 
### Collision !!! ### 
 ########  Status report at	 19:31:26:551 ------------------ ##### 
### Collision !!! ### 
 ########  Status report at	 19:31:26:568 ------------------ ##### 
### Collision !!! ### 
 ########  Status report at	 19:31:26:584 ------------------ ##### 
### Collision !!! ### 
 ########  Status report at	 19:31:26:668 ------------------ ##### 
### Collision !!! ### 
 ########  Status report at	 19:31:26:685 ------------------ ##### 
### Collision !!! ### 
 ########  Status report at	 19:31:26:703 ------------------ ##### 
### Collision !!! ### 
 ########  Status report at	 19:31:26:719 ------------------ ##### 
### Collision !!! ### 
 ########  Status report at	 19:31:26:734 ------------------ ##### 
### Collision !!! ### 
 ########  Status report at	 19:31:26:801 ------------------ ##### 
### Collision !!! ### 
 ########  Status report at	 19:31:26:821 ------------------ ##### 
### Collision !!! ### 
 ########  Status report at	 19:31:26:837 ------------------ ##### 
### Collision !!! ### 
 ########  Status report at	 19:31:26:853 ------------------ ##### 
### Collision !!! ### 
 ########  Status report at	 19:31:26:869 ------------------ ##### 
### Collision !!! ### 
 ########  Status report at	 19:31:26:935 ------------------ ##### 
### Collision !!! ### 
 ########  Status report at	 19:31:26:951 ------------------ ##### 
### Collision !!! ### 
 ########  Status report at	 19:31:26:968 ------------------ ##### 
### Collision !!! ### 
 ########  Status report at	 19:31:26:984 ------------------ ##### 
### Collision !!! ### 
 ########  Status report at	 19:31:27:1 ------------------ ##### 
### Collision !!! ### 
 ########  Status report at	 19:31:27:68 ------------------ ##### 
### Collision !!! ### 
 ########  Status report at	 19:31:27:86 ------------------ ##### 
### Collision !!! ### 
 ########  Status report at	 19:31:27:118 ------------------ ##### 
### Collision !!! ### 
 ########  Status report at	 19:31:27:134 ------------------ ##### 
### Collision !!! ### 
 ########  Status report at	 19:31:27:202 ------------------ ##### 
### Collision !!! ### 
 ########  Status report at	 19:31:27:219 ------------------ ##### 
### Collision !!! ### 
 ########  Status report at	 19:31:27:235 ------------------ ##### 
### Collision !!! ### 
 ########  Status report at	 19:31:27:251 ------------------ ##### 
### Collision !!! ### 
 ########  Status report at	 19:31:27:268 ------------------ ##### 
### Collision !!! ### 
 ########  Status report at	 19:31:27:336 ------------------ ##### 
### Collision !!! ### 
 ########  Status report at	 19:31:27:353 ------------------ ##### 
### Collision !!! ### 
 ########  Status report at	 19:31:27:369 ------------------ ##### 
### Collision !!! ### 
 ########  Status report at	 19:31:27:384 ------------------ ##### 
### Collision !!! ### 
 ########  Status report at	 19:31:27:401 ------------------ ##### 
### Collision !!! ### 
 ########  Status report at	 19:31:27:420 ------------------ ##### 
### Collision !!! ### 
 ########  Status report at	 19:31:27:435 ------------------ ##### 
### Collision !!! ### 
 ########  Status report at	 19:31:27:486 ------------------ ##### 
### Collision !!! ### 
 ########  Status report at	 19:31:27:507 ------------------ ##### 
### Collision !!! ### 
 ########  Status report at	 19:31:27:524 ------------------ ##### 
### Collision !!! ### 
 ########  Status report at	 19:31:27:552 ------------------ ##### 
### Collision !!! ### 
 ########  Status report at	 19:31:27:569 ------------------ ##### 
### Collision !!! ### 
 ########  Status report at	 19:31:27:635 ------------------ ##### 
### Collision !!! ### 
 ########  Status report at	 19:31:27:655 ------------------ ##### 
### Collision !!! ### 
 ########  Status report at	 19:31:27:677 ------------------ ##### 
### Collision !!! ### 
 ########  Status report at	 19:31:27:701 ------------------ ##### 
### Collision !!! ### 
 ########  Status report at	 19:31:27:718 ------------------ ##### 
### Collision !!! ### 
 ########  Status report at	 19:31:27:735 ------------------ ##### 
### Collision !!! ### 
 ########  Status report at	 19:31:27:751 ------------------ ##### 
### Collision !!! ### 
 ########  Status report at	 19:31:27:768 ------------------ ##### 
### Collision !!! ### 
 ########  Status report at	 19:31:27:784 ------------------ ##### 
### Collision !!! ### 
 ########  Status report at	 19:31:27:801 ------------------ ##### 
### Collision !!! ### 
 ########  Status report at	 19:31:27:818 ------------------ ##### 
### Collision !!! ### 
 ########  Status report at	 19:31:27:834 ------------------ ##### 
### Collision !!! ### 
 ########  Status report at	 19:31:27:851 ------------------ ##### 
### Collision !!! ### 
 ########  Status report at	 19:31:27:868 ------------------ ##### 
### Collision !!! ### 
 ########  Status report at	 19:31:27:884 ------------------ ##### 
### Collision !!! ### 
 ########  Status report at	 19:31:27:901 ------------------ ##### 
### Collision !!! ### 
 ########  Status report at	 19:31:27:917 ------------------ ##### 
### Collision !!! ### 
 ########  Status report at	 19:31:27:935 ------------------ ##### 
### Collision !!! ### 
 ########  Status report at	 19:31:27:951 ------------------ ##### 
### Collision !!! ### 
 ########  Status report at	 19:31:27:967 ------------------ ##### 
### Collision !!! ### 
 ########  Status report at	 19:31:27:985 ------------------ ##### 
### Collision !!! ### 
 ########  Status report at	 19:31:28:1 ------------------ ##### 
### Collision !!! ### 
 ########  Status report at	 19:31:28:18 ------------------ ##### 
### Collision !!! ### 
 ########  Status report at	 19:31:28:35 ------------------ ##### 
### Collision !!! ### 
 ########  Status report at	 19:31:28:51 ------------------ ##### 
### Collision !!! ### 
 ########  Status report at	 19:31:28:68 ------------------ ##### 
### Collision !!! ### 
 ########  Status report at	 19:31:28:85 ------------------ ##### 
### Collision !!! ### 
 ########  Status report at	 19:31:28:101 ------------------ ##### 
### Collision !!! ### 
 ########  Status report at	 19:31:28:118 ------------------ ##### 
### Collision !!! ### 
 ########  Status report at	 19:31:28:135 ------------------ ##### 
### Collision !!! ### 
 ########  Status report at	 19:31:28:151 ------------------ ##### 
### Collision !!! ### 
 ########  Status report at	 19:31:28:168 ------------------ ##### 
### Collision !!! ### 
 ########  Status report at	 19:31:28:184 ------------------ ##### 
### Collision !!! ### 
 ########  Status report at	 19:31:28:201 ------------------ ##### 
### Collision !!! ### 
 ########  Status report at	 19:31:28:218 ------------------ ##### 
### Collision !!! ### 
 ########  Status report at	 19:31:28:234 ------------------ ##### 
### Collision !!! ### 
 ########  Status report at	 19:31:28:251 ------------------ ##### 
### Collision !!! ### 
 ########  Status report at	 19:31:28:267 ------------------ ##### 
### Collision !!! ### 
 ########  Status report at	 19:31:28:284 ------------------ ##### 
### Collision !!! ### 
 ########  Status report at	 19:31:28:301 ------------------ ##### 
### Collision !!! ### 
 ########  Status report at	 19:31:28:317 ------------------ ##### 
### Collision !!! ### 
 ########  Status report at	 19:31:28:334 ------------------ ##### 
### Collision !!! ### 
 ########  Status report at	 19:31:28:351 ------------------ ##### 
### Collision !!! ### 
 ########  Status report at	 19:31:28:367 ------------------ ##### 
### Collision !!! ### 
 ########  Status report at	 19:31:28:385 ------------------ ##### 
### Collision !!! ### 
 ########  Status report at	 19:31:28:401 ------------------ ##### 
### Collision !!! ### 
 ########  Status report at	 19:31:28:418 ------------------ ##### 
### Collision !!! ### 
 ########  Status report at	 19:31:28:435 ------------------ ##### 
### Collision !!! ### 
 ########  Status report at	 19:31:28:451 ------------------ ##### 
### Collision !!! ### 
 ########  Status report at	 19:31:28:468 ------------------ ##### 
### Collision !!! ### 
 ########  Status report at	 19:31:28:485 ------------------ ##### 
### Collision !!! ### 
 ########  Status report at	 19:31:28:501 ------------------ ##### 
### Collision !!! ### 
 ########  Status report at	 19:31:28:518 ------------------ ##### 
### Collision !!! ### 
 ########  Status report at	 19:31:28:534 ------------------ ##### 
### Collision !!! ### 
 ########  Status report at	 19:31:28:551 ------------------ ##### 
### Collision !!! ### 
 ########  Status report at	 19:31:28:568 ------------------ ##### 
### Collision !!! ### 
 ########  Status report at	 19:31:28:584 ------------------ ##### 
### Collision !!! ### 
 ########  Status report at	 19:31:28:601 ------------------ ##### 
### Collision !!! ### 
 ########  Status report at	 19:31:28:618 ------------------ ##### 
### Collision !!! ### 
 ########  Status report at	 19:31:28:634 ------------------ ##### 
### Collision !!! ### 
 ########  Status report at	 19:31:28:651 ------------------ ##### 
### Collision !!! ### 
 ########  Status report at	 19:31:28:667 ------------------ ##### 
### Collision !!! ### 
 ########  Status report at	 19:31:28:684 ------------------ ##### 
### Collision !!! ### 
 ########  Status report at	 19:31:28:701 ------------------ ##### 
### Collision !!! ### 
 ########  Status report at	 19:31:28:717 ------------------ ##### 
### Collision !!! ### 
 ########  Status report at	 19:31:28:734 ------------------ ##### 
### Collision !!! ### 
 ########  Status report at	 19:31:28:752 ------------------ ##### 
### Collision !!! ### 
 ########  Status report at	 19:31:28:767 ------------------ ##### 
### Collision !!! ### 
 ########  Status report at	 19:31:28:785 ------------------ ##### 
### Collision !!! ### 
 ########  Status report at	 19:31:28:801 ------------------ ##### 
### Collision !!! ### 
 ########  Status report at	 19:31:28:818 ------------------ ##### 
### Collision !!! ### 
 ########  Status report at	 19:31:28:835 ------------------ ##### 
### Collision !!! ### 
 ########  Status report at	 19:31:28:851 ------------------ ##### 
### Collision !!! ### 
 ########  Status report at	 19:31:28:868 ------------------ ##### 
### Collision !!! ### 
 ########  Status report at	 19:31:28:885 ------------------ ##### 
### Collision !!! ### 
 ########  Status report at	 19:31:28:901 ------------------ ##### 
### Collision !!! ### 
 ########  Status report at	 19:31:28:918 ------------------ ##### 
### Collision !!! ### 
 ########  Status report at	 19:31:28:934 ------------------ ##### 
### Collision !!! ### 
 ########  Status report at	 19:31:28:951 ------------------ ##### 
### Collision !!! ### 
 ########  Status report at	 19:31:28:968 ------------------ ##### 
### Collision !!! ### 
 ########  Status report at	 19:31:28:984 ------------------ ##### 
### Collision !!! ### 
 ########  Status report at	 19:31:29:1 ------------------ ##### 
### Collision !!! ### 
 ########  Status report at	 19:31:29:709 ------------------ ##### 
### Collision !!! ### 
 ########  Status report at	 19:31:29:724 ------------------ ##### 
### Collision !!! ### 
 ########  Status report at	 19:31:29:741 ------------------ ##### 
### Collision !!! ### 
 ########  Status report at	 19:31:36:568 ------------------ ##### 
### Collision !!! ### 
 ########  Status report at	 19:31:36:586 ------------------ ##### 
### Collision !!! ### 
 ########  Status report at	 19:31:36:652 ------------------ ##### 
### Collision !!! ### 
 ########  Status report at	 19:31:36:669 ------------------ ##### 
### Collision !!! ### 
 ########  Status report at	 19:31:36:686 ------------------ ##### 
### Collision !!! ### 
 ########  Status report at	 19:31:36:702 ------------------ ##### 
### Collision !!! ### 
 ########  Status report at	 19:31:36:719 ------------------ ##### 
### Collision !!! ### 
 ########  Status report at	 19:31:36:785 ------------------ ##### 
### Collision !!! ### 
 ########  Status report at	 19:31:39:895 ------------------ ##### 
### Collision !!! ### 
 ########  Status report at	 19:31:39:911 ------------------ ##### 
### Collision !!! ### 
 ########  Status report at	 19:31:39:938 ------------------ ##### 
### Collision !!! ### 
 ########  Status report at	 19:31:39:955 ------------------ ##### 
### Collision !!! ### 
 ########  Status report at	 19:31:40:38 ------------------ ##### 
### Collision !!! ### 
 ########  Status report at	 19:31:40:54 ------------------ ##### 
### Collision !!! ### 
 ########  Status report at	 19:31:40:71 ------------------ ##### 
### Collision !!! ### 
 ########  Status report at	 19:31:40:140 ------------------ ##### 
### Collision !!! ### 
 ########  Status report at	 19:31:40:155 ------------------ ##### 
### Collision !!! ### 
 ########  Status report at	 19:31:40:171 ------------------ ##### 
### Collision !!! ### 
 ########  Status report at	 19:31:47:91 ------------------ ##### 
### Collision !!! ### 
 ########  Status report at	 19:31:47:124 ------------------ ##### 
### Collision !!! ### 
 ########  Status report at	 19:31:47:135 ------------------ ##### 
### Collision !!! ### 
 ########  Status report at	 19:31:47:151 ------------------ ##### 
### Collision !!! ### 
 ########  Status report at	 19:31:47:168 ------------------ ##### 
### Collision !!! ### 
 ########  Status report at	 19:31:47:185 ------------------ ##### 
### Collision !!! ### 
 ########  Status report at	 19:31:47:201 ------------------ ##### 
### Collision !!! ### 
 ########  Status report at	 19:31:47:218 ------------------ ##### 
### Collision !!! ### 
 ########  Status report at	 19:31:47:235 ------------------ ##### 
### Collision !!! ### 
 ########  Status report at	 19:31:47:251 ------------------ ##### 
### Collision !!! ### 
 ########  Status report at	 19:31:47:268 ------------------ ##### 
### Collision !!! ### 
 ########  Status report at	 19:31:47:284 ------------------ ##### 
### Collision !!! ### 
 ########  Status report at	 19:31:47:301 ------------------ ##### 
### Collision !!! ### 
 ########  Status report at	 19:31:47:353 ------------------ ##### 
### Collision !!! ### 
 ########  Status report at	 19:31:56:241 ------------------ ##### 
### Collision !!! ### 
 ########  Status report at	 19:31:56:259 ------------------ ##### 
### Collision !!! ### 
 ########  Status report at	 19:31:56:275 ------------------ ##### 
### Collision !!! ### 
 ########  Status report at	 19:31:56:291 ------------------ ##### 
### Collision !!! ### 
 ########  Status report at	 19:31:56:308 ------------------ ##### 
### Collision !!! ### 
 ########  Status report at	 19:31:56:324 ------------------ ##### 
### Collision !!! ### 
 ########  Status report at	 19:31:56:341 ------------------ ##### 
### Collision !!! ### 
 ########  Status report at	 19:31:56:358 ------------------ ##### 
### Collision !!! ### 
 ########  Status report at	 19:31:56:375 ------------------ ##### 
### Collision !!! ### 
 ########  Status report at	 19:31:56:392 ------------------ ##### 
### Collision !!! ### 
 ########  Status report at	 19:31:56:409 ------------------ ##### 
### Collision !!! ### 
 ########  Status report at	 19:31:56:425 ------------------ ##### 
### Collision !!! ### 
 ########  Status report at	 19:31:56:442 ------------------ ##### 
### Collision !!! ### 
 ########  Status report at	 19:31:56:458 ------------------ ##### 
### Collision !!! ### 
 ########  Status report at	 19:31:56:475 ------------------ ##### 
### Collision !!! ### 
 ########  Status report at	 19:31:56:492 ------------------ ##### 
### Collision !!! ### 
 ########  Status report at	 19:31:56:508 ------------------ ##### 
### Collision !!! ### 
 ########  Status report at	 19:31:56:525 ------------------ ##### 
### Collision !!! ### 
 ########  Status report at	 19:31:56:542 ------------------ ##### 
### Collision !!! ### 
 ########  Status report at	 19:31:56:558 ------------------ ##### 
### Collision !!! ### 
 ########  Status report at	 19:31:56:575 ------------------ ##### 
### Collision !!! ### 
 ########  Status report at	 19:31:56:591 ------------------ ##### 
### Collision !!! ### 
 ########  Status report at	 19:31:56:608 ------------------ ##### 
### Collision !!! ### 
 ########  Status report at	 19:31:56:625 ------------------ ##### 
### Collision !!! ### 
 ########  Status report at	 19:31:56:641 ------------------ ##### 
### Collision !!! ### 
 ########  Status report at	 19:31:56:658 ------------------ ##### 
### Collision !!! ### 
 ########  Status report at	 19:31:56:675 ------------------ ##### 
### Collision !!! ### 
 ########  Status report at	 19:31:56:691 ------------------ ##### 
### Collision !!! ### 
 ########  Status report at	 19:31:56:708 ------------------ ##### 
### Collision !!! ### 
 ########  Status report at	 19:31:56:724 ------------------ ##### 
### Collision !!! ### 
 ########  Status report at	 19:31:56:741 ------------------ ##### 
### Collision !!! ### 
 ########  Status report at	 19:31:56:759 ------------------ ##### 
### Collision !!! ### 
 ########  Status report at	 19:31:56:774 ------------------ ##### 
### Collision !!! ### 
 ########  Status report at	 19:31:56:791 ------------------ ##### 
### Collision !!! ### 
 ########  Status report at	 19:31:56:809 ------------------ ##### 
### Collision !!! ### 
 ########  Status report at	 19:31:56:825 ------------------ ##### 
### Collision !!! ### 
 ########  Status report at	 19:31:56:842 ------------------ ##### 
### Collision !!! ### 
 ########  Status report at	 19:31:56:858 ------------------ ##### 
### Collision !!! ### 
 ########  Status report at	 19:31:56:875 ------------------ ##### 
### Collision !!! ### 
 ########  Status report at	 19:31:56:892 ------------------ ##### 
### Collision !!! ### 
 ########  Status report at	 19:31:56:908 ------------------ ##### 
### Collision !!! ### 
 ########  Status report at	 19:31:56:925 ------------------ ##### 
### Collision !!! ### 
 ########  Status report at	 19:31:56:942 ------------------ ##### 
### Collision !!! ### 
 ########  Status report at	 19:31:56:958 ------------------ ##### 
### Collision !!! ### 
 ########  Status report at	 19:31:56:975 ------------------ ##### 
### Collision !!! ### 
 ########  Status report at	 19:31:56:991 ------------------ ##### 
### Collision !!! ### 
 ########  Status report at	 19:31:57:8 ------------------ ##### 
### Collision !!! ### 
 ########  Status report at	 19:31:57:25 ------------------ ##### 
### Collision !!! ### 
 ########  Status report at	 19:31:57:41 ------------------ ##### 
### Collision !!! ### 
 ########  Status report at	 19:31:57:58 ------------------ ##### 
### Collision !!! ### 
 ########  Status report at	 19:31:57:74 ------------------ ##### 
### Collision !!! ### 
 ########  Status report at	 19:31:57:92 ------------------ ##### 
### Collision !!! ### 
 ########  Status report at	 19:31:57:119 ------------------ ##### 
### Collision !!! ### 
 ########  Status report at	 19:31:57:135 ------------------ ##### 
### Collision !!! ### 
 ########  Status report at	 19:31:57:152 ------------------ ##### 
### Collision !!! ### 
 ########  Status report at	 19:31:57:170 ------------------ ##### 
### Collision !!! ### 
 ########  Status report at	 19:31:57:185 ------------------ ##### 
### Collision !!! ### 
 ########  Status report at	 19:31:57:203 ------------------ ##### 
### Collision !!! ### 
 ########  Status report at	 19:31:57:219 ------------------ ##### 
### Collision !!! ### 
 ########  Status report at	 19:31:57:236 ------------------ ##### 
### Collision !!! ### 
 ########  Status report at	 19:31:57:253 ------------------ ##### 
### Collision !!! ### 
 ########  Status report at	 19:31:57:269 ------------------ ##### 
### Collision !!! ### 
 ########  Status report at	 19:31:57:286 ------------------ ##### 
### Collision !!! ### 
 ########  Status report at	 19:31:57:303 ------------------ ##### 
### Collision !!! ### 
 ########  Status report at	 19:31:57:319 ------------------ ##### 
### Collision !!! ### 
 ########  Status report at	 19:31:57:336 ------------------ ##### 
### Collision !!! ### 
 ########  Status report at	 19:31:57:352 ------------------ ##### 
### Collision !!! ### 
 ########  Status report at	 19:31:57:369 ------------------ ##### 
### Collision !!! ### 
 ########  Status report at	 19:31:57:386 ------------------ ##### 
### Collision !!! ### 
 ########  Status report at	 19:31:57:402 ------------------ ##### 
### Collision !!! ### 
 ########  Status report at	 19:31:57:419 ------------------ ##### 
### Collision !!! ### 
 ########  Status report at	 19:31:57:436 ------------------ ##### 
### Collision !!! ### 
 ########  Status report at	 19:31:57:452 ------------------ ##### 
### Collision !!! ### 
 ########  Status report at	 19:31:57:469 ------------------ ##### 
### Collision !!! ### 
 ########  Status report at	 19:31:57:485 ------------------ ##### 
### Collision !!! ### 
 ########  Status report at	 19:31:57:502 ------------------ ##### 
### Collision !!! ### 
 ########  Status report at	 19:31:57:519 ------------------ ##### 
### Collision !!! ### 
 ########  Status report at	 19:31:57:536 ------------------ ##### 
### Collision !!! ### 
 ########  Status report at	 19:31:57:553 ------------------ ##### 
### Collision !!! ### 
 ########  Status report at	 19:31:57:569 ------------------ ##### 
### Collision !!! ### 
 ########  Status report at	 19:31:57:586 ------------------ ##### 
### Collision !!! ### 
 ########  Status report at	 19:31:57:603 ------------------ ##### 
### Collision !!! ### 
 ########  Status report at	 19:31:57:619 ------------------ ##### 
### Collision !!! ### 
 ########  Status report at	 19:31:57:636 ------------------ ##### 
### Collision !!! ### 
 ########  Status report at	 19:31:57:653 ------------------ ##### 
### Collision !!! ### 
 ########  Status report at	 19:31:57:669 ------------------ ##### 
### Collision !!! ### 
 ########  Status report at	 19:31:57:686 ------------------ ##### 
### Collision !!! ### 
 ########  Status report at	 19:31:57:702 ------------------ ##### 
### Collision !!! ### 
 ########  Status report at	 19:31:57:719 ------------------ ##### 
### Collision !!! ### 
 ########  Status report at	 19:31:57:736 ------------------ ##### 
### Collision !!! ### 
 ########  Status report at	 19:31:57:752 ------------------ ##### 
### Collision !!! ### 
 ########  Status report at	 19:31:57:770 ------------------ ##### 
### Collision !!! ### 
 ########  Status report at	 19:31:57:787 ------------------ ##### 
### Collision !!! ### 
 ########  Status report at	 19:31:57:803 ------------------ ##### 
### Collision !!! ### 
 ########  Status report at	 19:31:57:819 ------------------ ##### 
### Collision !!! ### 
 ########  Status report at	 19:31:57:835 ------------------ ##### 
### Collision !!! ### 
 ########  Status report at	 19:31:57:852 ------------------ ##### 
### Collision !!! ### 
 ########  Status report at	 19:31:57:869 ------------------ ##### 
### Collision !!! ### 
 ########  Status report at	 19:31:57:885 ------------------ ##### 
### Collision !!! ### 
 ########  Status report at	 19:31:57:902 ------------------ ##### 
### Collision !!! ### 
 ########  Status report at	 19:31:57:920 ------------------ ##### 
### Collision !!! ### 
 ########  Status report at	 19:31:57:936 ------------------ ##### 
### Collision !!! ### 
 ########  Status report at	 19:31:57:953 ------------------ ##### 
### Collision !!! ### 
 ########  Status report at	 19:31:57:970 ------------------ ##### 
### Collision !!! ### 
 ########  Status report at	 19:31:57:986 ------------------ ##### 
### Collision !!! ### 
 ########  Status report at	 19:31:58:3 ------------------ ##### 
### Collision !!! ### 
 ########  Status report at	 19:31:58:19 ------------------ ##### 
### Collision !!! ### 
 ########  Status report at	 19:31:58:36 ------------------ ##### 
### Collision !!! ### 
 ########  Status report at	 19:31:58:53 ------------------ ##### 
### Collision !!! ### 
 ########  Status report at	 19:31:58:69 ------------------ ##### 
### Collision !!! ### 
 ########  Status report at	 19:31:58:86 ------------------ ##### 
### Collision !!! ### 
 ########  Status report at	 19:31:58:111 ------------------ ##### 
### Collision !!! ### 
 ########  Status report at	 19:31:58:125 ------------------ ##### 
### Collision !!! ### 
 ########  Status report at	 19:31:58:141 ------------------ ##### 
### Collision !!! ### 
 ########  Status report at	 19:31:58:158 ------------------ ##### 
### Collision !!! ### 
 ########  Status report at	 19:31:58:176 ------------------ ##### 
### Collision !!! ### 
 ########  Status report at	 19:31:58:191 ------------------ ##### 
### Collision !!! ### 
 ########  Status report at	 19:31:58:209 ------------------ ##### 
### Collision !!! ### 
 ########  Status report at	 19:31:58:225 ------------------ ##### 
### Collision !!! ### 
 ########  Status report at	 19:31:58:241 ------------------ ##### 
### Collision !!! ### 
 ########  Status report at	 19:31:58:258 ------------------ ##### 
### Collision !!! ### 
 ########  Status report at	 19:31:58:274 ------------------ ##### 
### Collision !!! ### 
 ########  Status report at	 19:31:58:292 ------------------ ##### 
### Collision !!! ### 
 ########  Status report at	 19:31:58:309 ------------------ ##### 
### Collision !!! ### 
 ########  Status report at	 19:31:58:325 ------------------ ##### 
### Collision !!! ### 
 ########  Status report at	 19:31:58:342 ------------------ ##### 
### Collision !!! ### 
 ########  Status report at	 19:31:58:359 ------------------ ##### 
### Collision !!! ### 
 ########  Status report at	 19:31:58:375 ------------------ ##### 
### Collision !!! ### 
 ########  Status report at	 19:31:58:392 ------------------ ##### 
### Collision !!! ### 
 ########  Status report at	 19:31:58:408 ------------------ ##### 
### Collision !!! ### 
 ########  Status report at	 19:31:58:425 ------------------ ##### 
### Collision !!! ### 
 ########  Status report at	 19:31:58:442 ------------------ ##### 
### Collision !!! ### 
 ########  Status report at	 19:31:58:458 ------------------ ##### 
### Collision !!! ### 
 ########  Status report at	 19:31:58:475 ------------------ ##### 
### Collision !!! ### 
 ########  Status report at	 19:31:58:492 ------------------ ##### 
### Collision !!! ### 
 ########  Status report at	 19:31:58:509 ------------------ ##### 
### Collision !!! ### 
 ########  Status report at	 19:31:58:525 ------------------ ##### 
### Collision !!! ### 
 ########  Status report at	 19:31:58:541 ------------------ ##### 
### Collision !!! ### 
 ########  Status report at	 19:31:58:558 ------------------ ##### 
### Collision !!! ### 
 ########  Status report at	 19:31:58:575 ------------------ ##### 
### Collision !!! ### 
 ########  Status report at	 19:31:58:591 ------------------ ##### 
### Collision !!! ### 
 ########  Status report at	 19:31:58:608 ------------------ ##### 
### Collision !!! ### 
 ########  Status report at	 19:31:58:626 ------------------ ##### 
### Collision !!! ### 
 ########  Status report at	 19:31:58:642 ------------------ ##### 
### Collision !!! ### 
 ########  Status report at	 19:31:58:658 ------------------ ##### 
### Collision !!! ### 
 ########  Status report at	 19:31:58:675 ------------------ ##### 
### Collision !!! ### 
 ########  Status report at	 19:31:58:692 ------------------ ##### 
### Collision !!! ### 
 ########  Status report at	 19:31:58:710 ------------------ ##### 
### Collision !!! ### 
 ########  Status report at	 19:31:58:725 ------------------ ##### 
### Collision !!! ### 
 ########  Status report at	 19:31:58:742 ------------------ ##### 
### Collision !!! ### 
 ########  Status report at	 19:31:58:759 ------------------ ##### 
### Collision !!! ### 
 ########  Status report at	 19:31:58:775 ------------------ ##### 
### Collision !!! ### 
 ########  Status report at	 19:31:58:793 ------------------ ##### 
### Collision !!! ### 
 ########  Status report at	 19:31:58:808 ------------------ ##### 
### Collision !!! ### 
 ########  Status report at	 19:31:58:825 ------------------ ##### 
### Collision !!! ### 
 ########  Status report at	 19:31:58:842 ------------------ ##### 
### Collision !!! ### 
 ########  Status report at	 19:31:58:858 ------------------ ##### 
### Collision !!! ### 
 ########  Status report at	 19:31:58:875 ------------------ ##### 
### Collision !!! ### 
 ########  Status report at	 19:31:58:892 ------------------ ##### 
### Collision !!! ### 
 ########  Status report at	 19:31:58:908 ------------------ ##### 
### Collision !!! ### 
 ########  Status report at	 19:31:58:925 ------------------ ##### 
### Collision !!! ### 
 ########  Status report at	 19:31:58:941 ------------------ ##### 
### Collision !!! ### 
 ########  Status report at	 19:31:58:958 ------------------ ##### 
### Collision !!! ### 
 ########  Status report at	 19:31:58:975 ------------------ ##### 
### Collision !!! ### 
 ########  Status report at	 19:31:58:991 ------------------ ##### 
### Collision !!! ### 
 ########  Status report at	 19:31:59:9 ------------------ ##### 
### Collision !!! ### 
 ########  Status report at	 19:31:59:25 ------------------ ##### 
### Collision !!! ### 
 ########  Status report at	 19:31:59:41 ------------------ ##### 
### Collision !!! ### 
 ########  Status report at	 19:31:59:59 ------------------ ##### 
### Collision !!! ### 
 ########  Status report at	 19:31:59:75 ------------------ ##### 
### Collision !!! ### 
 ########  Status report at	 19:31:59:92 ------------------ ##### 
### Collision !!! ### 
 ########  Status report at	 19:31:59:120 ------------------ ##### 
### Collision !!! ### 
 ########  Status report at	 19:31:59:136 ------------------ ##### 
### Collision !!! ### 
 ########  Status report at	 19:31:59:153 ------------------ ##### 
### Collision !!! ### 
 ########  Status report at	 19:31:59:170 ------------------ ##### 
### Collision !!! ### 
 ########  Status report at	 19:31:59:186 ------------------ ##### 
### Collision !!! ### 
 ########  Status report at	 19:31:59:203 ------------------ ##### 
### Collision !!! ### 
 ########  Status report at	 19:31:59:219 ------------------ ##### 
### Collision !!! ### 
 ########  Status report at	 19:31:59:236 ------------------ ##### 
### Collision !!! ### 
 ########  Status report at	 19:31:59:253 ------------------ ##### 
### Collision !!! ### 
 ########  Status report at	 19:31:59:269 ------------------ ##### 
### Collision !!! ### 
 ########  Status report at	 19:31:59:286 ------------------ ##### 
### Collision !!! ### 
 ########  Status report at	 19:31:59:303 ------------------ ##### 
### Collision !!! ### 
 ########  Status report at	 19:31:59:319 ------------------ ##### 
### Collision !!! ### 
 ########  Status report at	 19:31:59:336 ------------------ ##### 
### Collision !!! ### 
 ########  Status report at	 19:31:59:352 ------------------ ##### 
### Collision !!! ### 
 ########  Status report at	 19:31:59:369 ------------------ ##### 
### Collision !!! ### 
 ########  Status report at	 19:31:59:386 ------------------ ##### 
### Collision !!! ### 
 ########  Status report at	 19:31:59:402 ------------------ ##### 
### Collision !!! ### 
 ########  Status report at	 19:31:59:419 ------------------ ##### 
### Collision !!! ### 
 ########  Status report at	 19:31:59:436 ------------------ ##### 
### Collision !!! ### 
 ########  Status report at	 19:31:59:453 ------------------ ##### 
### Collision !!! ### 
 ########  Status report at	 19:31:59:470 ------------------ ##### 
### Collision !!! ### 
 ########  Status report at	 19:31:59:486 ------------------ ##### 
### Collision !!! ### 
 ########  Status report at	 19:31:59:503 ------------------ ##### 
### Collision !!! ### 
 ########  Status report at	 19:31:59:520 ------------------ ##### 
### Collision !!! ### 
 ########  Status report at	 19:31:59:536 ------------------ ##### 
### Collision !!! ### 
 ########  Status report at	 19:31:59:553 ------------------ ##### 
### Collision !!! ### 
 ########  Status report at	 19:31:59:569 ------------------ ##### 
### Collision !!! ### 
 ########  Status report at	 19:31:59:586 ------------------ ##### 
### Collision !!! ### 
 ########  Status report at	 19:31:59:603 ------------------ ##### 
### Collision !!! ### 
 ########  Status report at	 19:31:59:620 ------------------ ##### 
### Collision !!! ### 
 ########  Status report at	 19:31:59:636 ------------------ ##### 
### Collision !!! ### 
 ########  Status report at	 19:31:59:652 ------------------ ##### 
### Collision !!! ### 
 ########  Status report at	 19:31:59:669 ------------------ ##### 
### Collision !!! ### 
 ########  Status report at	 19:31:59:686 ------------------ ##### 
### Collision !!! ### 
 ########  Status report at	 19:31:59:702 ------------------ ##### 
### Collision !!! ### 
 ########  Status report at	 19:31:59:719 ------------------ ##### 
### Collision !!! ### 
 ########  Status report at	 19:31:59:736 ------------------ ##### 
### Collision !!! ### 
 ########  Status report at	 19:31:59:752 ------------------ ##### 
### Collision !!! ### 
 ########  Status report at	 19:31:59:769 ------------------ ##### 
### Collision !!! ### 
 ########  Status report at	 19:31:59:785 ------------------ ##### 
### Collision !!! ### 
 ########  Status report at	 19:31:59:803 ------------------ ##### 
### Collision !!! ### 
 ########  Status report at	 19:31:59:820 ------------------ ##### 
### Collision !!! ### 
 ########  Status report at	 19:31:59:835 ------------------ ##### 
### Collision !!! ### 
 ########  Status report at	 19:31:59:853 ------------------ ##### 
### Collision !!! ### 
 ########  Status report at	 19:31:59:870 ------------------ ##### 
### Collision !!! ### 
 ########  Status report at	 19:31:59:886 ------------------ ##### 
### Collision !!! ### 
 ########  Status report at	 19:31:59:903 ------------------ ##### 
### Collision !!! ### 
 ########  Status report at	 19:31:59:919 ------------------ ##### 
### Collision !!! ### 
 ########  Status report at	 19:31:59:936 ------------------ ##### 
### Collision !!! ### 
 ########  Status report at	 19:31:59:953 ------------------ ##### 
### Collision !!! ### 
 ########  Status report at	 19:31:59:969 ------------------ ##### 
### Collision !!! ### 
 ########  Status report at	 19:31:59:986 ------------------ ##### 
### Collision !!! ### 
 ########  Status report at	 19:32:0:3 ------------------ ##### 
### Collision !!! ### 
 ########  Status report at	 19:32:0:19 ------------------ ##### 
### Collision !!! ### 
 ########  Status report at	 19:32:0:36 ------------------ ##### 
### Collision !!! ### 
 ########  Status report at	 19:32:0:52 ------------------ ##### 
### Collision !!! ### 
 ########  Status report at	 19:32:0:70 ------------------ ##### 
### Collision !!! ### 
 ########  Status report at	 19:32:0:86 ------------------ ##### 
### Collision !!! ### 
 ########  Status report at	 19:32:0:110 ------------------ ##### 
### Collision !!! ### 
 ########  Status report at	 19:32:0:125 ------------------ ##### 
### Collision !!! ### 
 ########  Status report at	 19:32:0:143 ------------------ ##### 
### Collision !!! ### 
 ########  Status report at	 19:32:0:158 ------------------ ##### 
### Collision !!! ### 
 ########  Status report at	 19:32:0:176 ------------------ ##### 
### Collision !!! ### 
 ########  Status report at	 19:32:0:192 ------------------ ##### 
### Collision !!! ### 
 ########  Status report at	 19:32:0:209 ------------------ ##### 
### Collision !!! ### 
 ########  Status report at	 19:32:0:227 ------------------ ##### 
### Collision !!! ### 
 ########  Status report at	 19:32:0:242 ------------------ ##### 
### Collision !!! ### 
 ########  Status report at	 19:32:0:259 ------------------ ##### 
### Collision !!! ### 
 ########  Status report at	 19:32:0:275 ------------------ ##### 
### Collision !!! ### 
 ########  Status report at	 19:32:0:292 ------------------ ##### 
### Collision !!! ### 
 ########  Status report at	 19:32:0:309 ------------------ ##### 
### Collision !!! ### 
 ########  Status report at	 19:32:0:325 ------------------ ##### 
### Collision !!! ### 
 ########  Status report at	 19:32:0:342 ------------------ ##### 
### Collision !!! ### 
 ########  Status report at	 19:32:0:358 ------------------ ##### 
### Collision !!! ### 
 ########  Status report at	 19:32:0:375 ------------------ ##### 
### Collision !!! ### 
 ########  Status report at	 19:32:0:392 ------------------ ##### 
### Collision !!! ### 
 ########  Status report at	 19:32:0:408 ------------------ ##### 
### Collision !!! ### 
 ########  Status report at	 19:32:0:425 ------------------ ##### 
### Collision !!! ### 
 ########  Status report at	 19:32:0:442 ------------------ ##### 
### Collision !!! ### 
 ########  Status report at	 19:32:0:458 ------------------ ##### 
### Collision !!! ### 
 ########  Status report at	 19:32:0:475 ------------------ ##### 
### Collision !!! ### 
 ########  Status report at	 19:32:0:492 ------------------ ##### 
### Collision !!! ### 
 ########  Status report at	 19:32:0:510 ------------------ ##### 
### Collision !!! ### 
 ########  Status report at	 19:32:0:530 ------------------ ##### 
### Collision !!! ### 
 ########  Status report at	 19:32:0:543 ------------------ ##### 
### Collision !!! ### 
 ########  Status report at	 19:32:0:559 ------------------ ##### 
### Collision !!! ### 
 ########  Status report at	 19:32:0:576 ------------------ ##### 
### Collision !!! ### 
 ########  Status report at	 19:32:0:592 ------------------ ##### 
### Collision !!! ### 
 ########  Status report at	 19:32:0:609 ------------------ ##### 
### Collision !!! ### 
 ########  Status report at	 19:32:0:625 ------------------ ##### 
### Collision !!! ### 
 ########  Status report at	 19:32:0:642 ------------------ ##### 
### Collision !!! ### 
 ########  Status report at	 19:32:0:659 ------------------ ##### 
### Collision !!! ### 
 ########  Status report at	 19:32:0:675 ------------------ ##### 
### Collision !!! ### 
 ########  Status report at	 19:32:0:692 ------------------ ##### 
### Collision !!! ### 
 ########  Status report at	 19:32:0:709 ------------------ ##### 
### Collision !!! ### 
 ########  Status report at	 19:32:0:725 ------------------ ##### 
### Collision !!! ### 
 ########  Status report at	 19:32:0:742 ------------------ ##### 
### Collision !!! ### 
 ########  Status report at	 19:32:0:759 ------------------ ##### 
### Collision !!! ### 
 ########  Status report at	 19:32:0:775 ------------------ ##### 
### Collision !!! ### 
 ########  Status report at	 19:32:0:792 ------------------ ##### 
### Collision !!! ### 
 ########  Status report at	 19:32:0:808 ------------------ ##### 
### Collision !!! ### 
 ########  Status report at	 19:32:0:825 ------------------ ##### 
### Collision !!! ### 
 ########  Status report at	 19:32:0:842 ------------------ ##### 
### Collision !!! ### 
 ########  Status report at	 19:32:0:859 ------------------ ##### 
### Collision !!! ### 
 ########  Status report at	 19:32:0:875 ------------------ ##### 
### Collision !!! ### 
 ########  Status report at	 19:32:0:891 ------------------ ##### 
### Collision !!! ### 
 ########  Status report at	 19:32:0:909 ------------------ ##### 
### Collision !!! ### 
 ########  Status report at	 19:32:0:925 ------------------ ##### 
### Collision !!! ### 
 ########  Status report at	 19:32:0:942 ------------------ ##### 
### Collision !!! ### 
 ########  Status report at	 19:32:0:958 ------------------ ##### 
### Collision !!! ### 
 ########  Status report at	 19:32:0:976 ------------------ ##### 
### Collision !!! ### 
 ########  Status report at	 19:32:0:992 ------------------ ##### 
### Collision !!! ### 
 ########  Status report at	 19:32:1:10 ------------------ ##### 
### Collision !!! ### 
 ########  Status report at	 19:32:11:842 ------------------ ##### 
### Collision !!! ### 
 ########  Status report at	 19:32:11:859 ------------------ ##### 
### Collision !!! ### 
 ########  Status report at	 19:32:11:876 ------------------ ##### 
### Collision !!! ### 
 ########  Status report at	 19:32:11:892 ------------------ ##### 
### Collision !!! ### 
 ########  Status report at	 19:32:11:909 ------------------ ##### 
### Collision !!! ### 
 ########  Status report at	 19:32:11:926 ------------------ ##### 
### Collision !!! ### 
 ########  Status report at	 19:32:11:942 ------------------ ##### 
### Collision !!! ### 
 ########  Status report at	 19:32:11:959 ------------------ ##### 
### Collision !!! ### 
 ########  Status report at	 19:32:11:975 ------------------ ##### 
### Collision !!! ### 
 ########  Status report at	 19:32:11:992 ------------------ ##### 
### Collision !!! ### 
 ########  Status report at	 19:32:12:10 ------------------ ##### 
### Collision !!! ### 
 ########  Status report at	 19:32:12:25 ------------------ ##### 
### Collision !!! ### 
 ########  Status report at	 19:32:12:42 ------------------ ##### 
### Collision !!! ### 
 ########  Status report at	 19:32:12:60 ------------------ ##### 
### Collision !!! ### 
 ########  Status report at	 19:32:12:76 ------------------ ##### 
### Collision !!! ### 
 ########  Status report at	 19:32:12:93 ------------------ ##### 
### Collision !!! ### 
 ########  Status report at	 19:32:12:120 ------------------ ##### 
### Collision !!! ### 
 ########  Status report at	 19:32:12:137 ------------------ ##### 
### Collision !!! ### 
 ########  Status report at	 19:32:12:154 ------------------ ##### 
### Collision !!! ### 
 ########  Status report at	 19:32:12:170 ------------------ ##### 
### Collision !!! ### 
 ########  Status report at	 19:32:12:187 ------------------ ##### 
### Collision !!! ### 
 ########  Status report at	 19:32:12:203 ------------------ ##### 
### Collision !!! ### 
 ########  Status report at	 19:32:12:220 ------------------ ##### 
### Collision !!! ### 
 ########  Status report at	 19:32:12:237 ------------------ ##### 
### Collision !!! ### 
 ########  Status report at	 19:32:12:253 ------------------ ##### 
### Collision !!! ### 
 ########  Status report at	 19:32:12:270 ------------------ ##### 
### Collision !!! ### 
 ########  Status report at	 19:32:12:286 ------------------ ##### 
### Collision !!! ### 
 ########  Status report at	 19:32:12:303 ------------------ ##### 
### Collision !!! ### 
 ########  Status report at	 19:32:12:320 ------------------ ##### 
### Collision !!! ### 
 ########  Status report at	 19:32:12:336 ------------------ ##### 
### Collision !!! ### 
 ########  Status report at	 19:32:12:353 ------------------ ##### 
### Collision !!! ### 
 ########  Status report at	 19:32:12:370 ------------------ ##### 
### Collision !!! ### 
 ########  Status report at	 19:32:12:386 ------------------ ##### 
### Collision !!! ### 
 ########  Status report at	 19:32:12:403 ------------------ ##### 
### Collision !!! ### 
 ########  Status report at	 19:32:12:436 ------------------ ##### 
### Collision !!! ### 
 ########  Status report at	 19:32:12:470 ------------------ ##### 
### Collision !!! ### 
 ########  Status report at	 19:32:12:504 ------------------ ##### 
### Collision !!! ### 
 ########  Status report at	 19:32:12:537 ------------------ ##### 
### Collision !!! ### 
 ########  Status report at	 19:32:13:115 ------------------ ##### 
### Collision !!! ### 
 ########  Status report at	 19:32:13:126 ------------------ ##### 
### Collision !!! ### 
 ########  Status report at	 19:32:13:153 ------------------ ##### 
### Collision !!! ### 
 ########  Status report at	 19:32:13:170 ------------------ ##### 
### Collision !!! ### 
 ########  Status report at	 19:32:13:186 ------------------ ##### 
### Collision !!! ### 
 ########  Status report at	 19:32:13:203 ------------------ ##### 
### Collision !!! ### 
 ########  Status report at	 19:32:13:220 ------------------ ##### 
### Collision !!! ### 
 ########  Status report at	 19:32:13:237 ------------------ ##### 
### Collision !!! ### 
 ########  Status report at	 19:32:13:254 ------------------ ##### 
### Collision !!! ### 
 ########  Status report at	 19:32:13:270 ------------------ ##### 
### Collision !!! ### 
 ########  Status report at	 19:32:13:287 ------------------ ##### 
### Collision !!! ### 
 ########  Status report at	 19:32:13:304 ------------------ ##### 
### Collision !!! ### 
 ########  Status report at	 19:32:13:320 ------------------ ##### 
### Collision !!! ### 
 ########  Status report at	 19:32:13:337 ------------------ ##### 
### Collision !!! ### 
 ########  Status report at	 19:32:13:353 ------------------ ##### 
### Collision !!! ### 
 ########  Status report at	 19:32:13:370 ------------------ ##### 
### Collision !!! ### 
 ########  Status report at	 19:32:13:387 ------------------ ##### 
### Collision !!! ### 
 ########  Status report at	 19:32:13:403 ------------------ ##### 
### Collision !!! ### 
 ########  Status report at	 19:32:13:420 ------------------ ##### 
### Collision !!! ### 
 ########  Status report at	 19:32:13:436 ------------------ ##### 
### Collision !!! ### 
 ########  Status report at	 19:32:13:453 ------------------ ##### 
### Collision !!! ### 
 ########  Status report at	 19:32:13:470 ------------------ ##### 
### Collision !!! ### 
 ########  Status report at	 19:32:13:486 ------------------ ##### 
### Collision !!! ### 
 ########  Status report at	 19:32:13:503 ------------------ ##### 
### Collision !!! ### 
 ########  Status report at	 19:32:13:520 ------------------ ##### 
### Collision !!! ### 
 ########  Status report at	 19:32:13:536 ------------------ ##### 
### Collision !!! ### 
 ########  Status report at	 19:32:13:553 ------------------ ##### 
### Collision !!! ### 
 ########  Status report at	 19:32:13:587 ------------------ ##### 
### Collision !!! ### 
 ########  Status report at	 19:32:13:603 ------------------ ##### 
### Collision !!! ### 
 ########  Status report at	 19:32:13:620 ------------------ ##### 
### Collision !!! ### 
 ########  Status report at	 19:32:13:670 ------------------ ##### 
### Collision !!! ### 
 ########  Status report at	 19:32:20:126 ------------------ ##### 
### Collision !!! ### 
 ########  Status report at	 19:32:20:138 ------------------ ##### 
### Collision !!! ### 
 ########  Status report at	 19:32:20:153 ------------------ ##### 
### Collision !!! ### 
 ########  Status report at	 19:32:20:170 ------------------ ##### 
### Collision !!! ### 
 ########  Status report at	 19:32:20:186 ------------------ ##### 
### Collision !!! ### 
 ########  Status report at	 19:32:20:203 ------------------ ##### 
### Collision !!! ### 
 ########  Status report at	 19:32:20:220 ------------------ ##### 
### Collision !!! ### 
 ########  Status report at	 19:32:20:236 ------------------ ##### 
### Collision !!! ### 
 ########  Status report at	 19:32:20:253 ------------------ ##### 
### Collision !!! ### 
 ########  Status report at	 19:32:20:269 ------------------ ##### 
### Collision !!! ### 
 ########  Status report at	 19:32:20:287 ------------------ ##### 
### Collision !!! ### 
 ########  Status report at	 19:32:20:304 ------------------ ##### 
### Collision !!! ### 
 ########  Status report at	 19:32:20:320 ------------------ ##### 
### Collision !!! ### 
 ########  Status report at	 19:32:20:337 ------------------ ##### 
### Collision !!! ### 
 ########  Status report at	 19:32:20:353 ------------------ ##### 
### Collision !!! ### 
 ########  Status report at	 19:32:20:370 ------------------ ##### 
### Collision !!! ### 
 ########  Status report at	 19:32:20:387 ------------------ ##### 
### Collision !!! ### 
 ########  Status report at	 19:32:20:403 ------------------ ##### 
### Collision !!! ### 
 ########  Status report at	 19:32:20:420 ------------------ ##### 
### Collision !!! ### 
 ########  Status report at	 19:32:20:437 ------------------ ##### 
### Collision !!! ### 
 ########  Status report at	 19:32:20:453 ------------------ ##### 
### Collision !!! ### 
 ########  Status report at	 19:32:20:503 ------------------ ##### 
### Collision !!! ### 
 ########  Status report at	 19:32:27:243 ------------------ ##### 
### Collision !!! ### 
 ########  Status report at	 19:32:27:261 ------------------ ##### 
### Collision !!! ### 
 ########  Status report at	 19:32:27:276 ------------------ ##### 
### Collision !!! ### 
 ########  Status report at	 19:32:27:293 ------------------ ##### 
### Collision !!! ### 
 ########  Status report at	 19:32:27:310 ------------------ ##### 
### Collision !!! ### 
 ########  Status report at	 19:32:27:326 ------------------ ##### 
### Collision !!! ### 
 ########  Status report at	 19:32:27:343 ------------------ ##### 
### Collision !!! ### 
 ########  Status report at	 19:32:27:359 ------------------ ##### 
### Collision !!! ### 
 ########  Status report at	 19:32:27:376 ------------------ ##### 
### Collision !!! ### 
 ########  Status report at	 19:32:27:393 ------------------ ##### 
### Collision !!! ### 
 ########  Status report at	 19:32:27:410 ------------------ ##### 
### Collision !!! ### 
 ########  Status report at	 19:32:27:427 ------------------ ##### 
### Collision !!! ### 
 ########  Status report at	 19:32:27:443 ------------------ ##### 
### Collision !!! ### 
 ########  Status report at	 19:32:27:460 ------------------ ##### 
### Collision !!! ### 
 ########  Status report at	 19:32:27:477 ------------------ ##### 
### Collision !!! ### 
 ########  Status report at	 19:32:27:493 ------------------ ##### 
### Collision !!! ### 
 ########  Status report at	 19:32:27:510 ------------------ ##### 
### Collision !!! ### 
 ########  Status report at	 19:32:27:527 ------------------ ##### 
### Collision !!! ### 
 ########  Status report at	 19:32:27:543 ------------------ ##### 
### Collision !!! ### 
 ########  Status report at	 19:32:27:560 ------------------ ##### 
### Collision !!! ### 
 ########  Status report at	 19:32:27:576 ------------------ ##### 
### Collision !!! ### 
 ########  Status report at	 19:32:27:593 ------------------ ##### 
### Collision !!! ### 
 ########  Status report at	 19:32:27:610 ------------------ ##### 
### Collision !!! ### 
 ########  Status report at	 19:32:27:626 ------------------ ##### 
### Collision !!! ### 
 ########  Status report at	 19:32:27:643 ------------------ ##### 
### Collision !!! ### 
 ########  Status report at	 19:32:27:660 ------------------ ##### 
### Collision !!! ### 
 ########  Status report at	 19:32:27:676 ------------------ ##### 
### Collision !!! ### 
 ########  Status report at	 19:32:27:693 ------------------ ##### 
### Collision !!! ### 
 ########  Status report at	 19:32:27:710 ------------------ ##### 
### Collision !!! ### 
 ########  Status report at	 19:32:27:726 ------------------ ##### 
### Collision !!! ### 
 ########  Status report at	 19:32:27:743 ------------------ ##### 
### Collision !!! ### 
 ########  Status report at	 19:32:27:759 ------------------ ##### 
### Collision !!! ### 
 ########  Status report at	 19:32:27:776 ------------------ ##### 
### Collision !!! ### 
 ########  Status report at	 19:32:27:793 ------------------ ##### 
### Collision !!! ### 
 ########  Status report at	 19:32:27:810 ------------------ ##### 
### Collision !!! ### 
 ########  Status report at	 19:32:27:827 ------------------ ##### 
### Collision !!! ### 
 ########  Status report at	 19:32:27:854 ------------------ ##### 
### Collision !!! ### 
 ########  Status report at	 19:32:27:871 ------------------ ##### 
### Collision !!! ### 
 ########  Status report at	 19:32:27:888 ------------------ ##### 
### Collision !!! ### 
 ########  Status report at	 19:32:27:904 ------------------ ##### 
### Collision !!! ### 
 ########  Status report at	 19:32:27:921 ------------------ ##### 
### Collision !!! ### 
 ########  Status report at	 19:32:27:937 ------------------ ##### 
### Collision !!! ### 
 ########  Status report at	 19:32:27:954 ------------------ ##### 
### Collision !!! ### 
 ########  Status report at	 19:32:27:971 ------------------ ##### 
### Collision !!! ### 
 ########  Status report at	 19:32:27:987 ------------------ ##### 
### Collision !!! ### 
 ########  Status report at	 19:32:28:4 ------------------ ##### 
### Collision !!! ### 
 ########  Status report at	 19:32:28:21 ------------------ ##### 
### Collision !!! ### 
 ########  Status report at	 19:32:28:37 ------------------ ##### 
### Collision !!! ### 
 ########  Status report at	 19:32:28:54 ------------------ ##### 
### Collision !!! ### 
 ########  Status report at	 19:32:28:70 ------------------ ##### 
### Collision !!! ### 
 ########  Status report at	 19:32:28:87 ------------------ ##### 
### Collision !!! ### 
 ########  Status report at	 19:32:28:104 ------------------ ##### 
### Collision !!! ### 
 ########  Status report at	 19:32:28:120 ------------------ ##### 
### Collision !!! ### 
 ########  Status report at	 19:32:28:137 ------------------ ##### 
### Collision !!! ### 
 ########  Status report at	 19:32:28:154 ------------------ ##### 
### Collision !!! ### 
 ########  Status report at	 19:32:28:170 ------------------ ##### 
### Collision !!! ### 
 ########  Status report at	 19:32:28:187 ------------------ ##### 
### Collision !!! ### 
 ########  Status report at	 19:32:28:204 ------------------ ##### 
### Collision !!! ### 
 ########  Status report at	 19:32:28:221 ------------------ ##### 
### Collision !!! ### 
 ########  Status report at	 19:32:28:238 ------------------ ##### 
### Collision !!! ### 
 ########  Status report at	 19:32:28:254 ------------------ ##### 
### Collision !!! ### 
 ########  Status report at	 19:32:28:271 ------------------ ##### 
### Collision !!! ### 
 ########  Status report at	 19:32:28:288 ------------------ ##### 
### Collision !!! ### 
 ########  Status report at	 19:32:28:304 ------------------ ##### 
### Collision !!! ### 
 ########  Status report at	 19:32:28:321 ------------------ ##### 
### Collision !!! ### 
 ########  Status report at	 19:32:28:337 ------------------ ##### 
### Collision !!! ### 
 ########  Status report at	 19:32:28:354 ------------------ ##### 
### Collision !!! ### 
 ########  Status report at	 19:32:28:371 ------------------ ##### 
### Collision !!! ### 
 ########  Status report at	 19:32:28:387 ------------------ ##### 
### Collision !!! ### 
 ########  Status report at	 19:32:28:404 ------------------ ##### 
### Collision !!! ### 
 ########  Status report at	 19:32:28:420 ------------------ ##### 
### Collision !!! ### 
 ########  Status report at	 19:32:28:437 ------------------ ##### 
### Collision !!! ### 
 ########  Status report at	 19:32:28:454 ------------------ ##### 
### Collision !!! ### 
 ########  Status report at	 19:32:28:470 ------------------ ##### 
### Collision !!! ### 
 ########  Status report at	 19:32:28:487 ------------------ ##### 
### Collision !!! ### 
 ########  Status report at	 19:32:28:504 ------------------ ##### 
### Collision !!! ### 
 ########  Status report at	 19:32:28:520 ------------------ ##### 
### Collision !!! ### 
 ########  Status report at	 19:32:28:537 ------------------ ##### 
### Collision !!! ### 
 ########  Status report at	 19:32:28:554 ------------------ ##### 
### Collision !!! ### 
 ########  Status report at	 19:32:28:571 ------------------ ##### 
### Collision !!! ### 
 ########  Status report at	 19:32:28:588 ------------------ ##### 
### Collision !!! ### 
 ########  Status report at	 19:32:28:604 ------------------ ##### 
### Collision !!! ### 
 ########  Status report at	 19:32:28:621 ------------------ ##### 
### Collision !!! ### 
 ########  Status report at	 19:32:28:638 ------------------ ##### 
### Collision !!! ### 
 ########  Status report at	 19:32:28:654 ------------------ ##### 
### Collision !!! ### 
 ########  Status report at	 19:32:28:671 ------------------ ##### 
### Collision !!! ### 
 ########  Status report at	 19:32:28:688 ------------------ ##### 
### Collision !!! ### 
 ########  Status report at	 19:32:28:704 ------------------ ##### 
### Collision !!! ### 
 ########  Status report at	 19:32:28:721 ------------------ ##### 
### Collision !!! ### 
 ########  Status report at	 19:32:28:737 ------------------ ##### 
### Collision !!! ### 
 ########  Status report at	 19:32:28:754 ------------------ ##### 
### Collision !!! ### 
 ########  Status report at	 19:32:28:771 ------------------ ##### 
### Collision !!! ### 
 ########  Status report at	 19:32:28:787 ------------------ ##### 
### Collision !!! ### 
 ########  Status report at	 19:32:28:804 ------------------ ##### 
### Collision !!! ### 
 ########  Status report at	 19:32:28:820 ------------------ ##### 
### Collision !!! ### 
 ########  Status report at	 19:32:28:837 ------------------ ##### 
### Collision !!! ### 
 ########  Status report at	 19:32:28:854 ------------------ ##### 
### Collision !!! ### 
 ########  Status report at	 19:32:28:870 ------------------ ##### 
### Collision !!! ### 
 ########  Status report at	 19:32:28:887 ------------------ ##### 
### Collision !!! ### 
 ########  Status report at	 19:32:28:904 ------------------ ##### 
### Collision !!! ### 
 ########  Status report at	 19:32:28:920 ------------------ ##### 
### Collision !!! ### 
 ########  Status report at	 19:32:28:937 ------------------ ##### 
### Collision !!! ### 
 ########  Status report at	 19:32:28:954 ------------------ ##### 
### Collision !!! ### 
 ########  Status report at	 19:32:28:971 ------------------ ##### 
### Collision !!! ### 
 ########  Status report at	 19:32:28:988 ------------------ ##### 
### Collision !!! ### 
 ########  Status report at	 19:32:29:4 ------------------ ##### 
### Collision !!! ### 
 ########  Status report at	 19:32:39:76 ------------------ ##### 
### Collision !!! ### 
 ########  Status report at	 19:32:39:93 ------------------ ##### 
### Collision !!! ### 
 ########  Status report at	 19:32:39:120 ------------------ ##### 
### Collision !!! ### 
 ########  Status report at	 19:32:39:137 ------------------ ##### 
### Collision !!! ### 
 ########  Status report at	 19:32:39:153 ------------------ ##### 
### Collision !!! ### 
 ########  Status report at	 19:32:39:170 ------------------ ##### 
### Collision !!! ### 
 ########  Status report at	 19:32:39:187 ------------------ ##### 
### Collision !!! ### 
 ########  Status report at	 19:32:39:204 ------------------ ##### 
### Collision !!! ### 
 ########  Status report at	 19:32:39:221 ------------------ ##### 
### Collision !!! ### 
 ########  Status report at	 19:32:39:236 ------------------ ##### 
### Collision !!! ### 
 ########  Status report at	 19:32:39:254 ------------------ ##### 
### Collision !!! ### 
 ########  Status report at	 19:32:39:271 ------------------ ##### 
### Collision !!! ### 
 ########  Status report at	 19:32:39:287 ------------------ ##### 
### Collision !!! ### 
 ########  Status report at	 19:32:39:304 ------------------ ##### 
### Collision !!! ### 
 ########  Status report at	 19:32:39:321 ------------------ ##### 
### Collision !!! ### 
 ########  Status report at	 19:32:39:337 ------------------ ##### 
### Collision !!! ### 
 ########  Status report at	 19:32:39:354 ------------------ ##### 
### Collision !!! ### 
 ########  Status report at	 19:32:39:371 ------------------ ##### 
### Collision !!! ### 
 ########  Status report at	 19:32:39:387 ------------------ ##### 
### Collision !!! ### 
 ########  Status report at	 19:32:39:404 ------------------ ##### 
### Collision !!! ### 
 ########  Status report at	 19:32:39:420 ------------------ ##### 
### Collision !!! ### 
 ########  Status report at	 19:32:39:437 ------------------ ##### 
### Collision !!! ### 
 ########  Status report at	 19:32:39:454 ------------------ ##### 
### Collision !!! ### 
 ########  Status report at	 19:32:39:470 ------------------ ##### 
### Collision !!! ### 
 ########  Status report at	 19:32:39:487 ------------------ ##### 
### Collision !!! ### 
 ########  Status report at	 19:32:39:503 ------------------ ##### 
### Collision !!! ### 
 ########  Status report at	 19:32:39:520 ------------------ ##### 
### Collision !!! ### 
 ########  Status report at	 19:32:39:537 ------------------ ##### 
### Collision !!! ### 
 ########  Status report at	 19:32:39:553 ------------------ ##### 
### Collision !!! ### 
 ########  Status report at	 19:32:39:570 ------------------ ##### 
### Collision !!! ### 
 ########  Status report at	 19:32:39:587 ------------------ ##### 
### Collision !!! ### 
 ########  Status report at	 19:32:39:621 ------------------ ##### 
### Collision !!! ### 
 ########  Status report at	 19:32:39:638 ------------------ ##### 
### Collision !!! ### 
 ########  Status report at	 19:33:26:78 ------------------ ##### 
### Collision !!! ### 
 ########  Status report at	 19:33:26:95 ------------------ ##### 
### Collision !!! ### 
 ########  Status report at	 19:33:26:111 ------------------ ##### 
### Collision !!! ### 
 ########  Status report at	 19:33:26:128 ------------------ ##### 
### Collision !!! ### 
 ########  Status report at	 19:33:26:144 ------------------ ##### 
### Collision !!! ### 
 ########  Status report at	 19:33:26:161 ------------------ ##### 
### Collision !!! ### 
 ########  Status report at	 19:33:26:178 ------------------ ##### 
### Collision !!! ### 
 ########  Status report at	 19:33:26:194 ------------------ ##### 
### Collision !!! ### 
 ########  Status report at	 19:33:26:211 ------------------ ##### 
### Collision !!! ### 
 ########  Status report at	 19:33:26:227 ------------------ ##### 
### Collision !!! ### 
 ########  Status report at	 19:33:26:244 ------------------ ##### 
### Collision !!! ### 
 ########  Status report at	 19:33:26:261 ------------------ ##### 
### Collision !!! ### 
 ########  Status report at	 19:33:26:277 ------------------ ##### 
### Collision !!! ### 
 ########  Status report at	 19:33:26:294 ------------------ ##### 
### Collision !!! ### 
 ########  Status report at	 19:33:26:312 ------------------ ##### 
### Collision !!! ### 
 ########  Status report at	 19:33:26:328 ------------------ ##### 
### Collision !!! ### 
 ########  Status report at	 19:33:26:345 ------------------ ##### 
### Collision !!! ### 
 ########  Status report at	 19:33:26:378 ------------------ ##### 
### Collision !!! ### 
 