# Game Session ID 
40 
### Session Start ### 
########  Status report at	 17:52:11:296 ------------------ ##### 
### Collision !!! ### 
 ########  Status report at	 17:52:11:321 ------------------ ##### 
### Collision !!! ### 
 ########  Status report at	 17:52:11:341 ------------------ ##### 
### Collision !!! ### 
 ########  Status report at	 17:52:11:438 ------------------ ##### 
### Collision !!! ### 
 ########  Status report at	 17:52:11:496 ------------------ ##### 
### Collision !!! ### 
 ########  Status report at	 17:52:11:513 ------------------ ##### 
### Collision !!! ### 
 ########  Status report at	 17:52:11:525 ------------------ ##### 
### Collision !!! ### 
 ########  Status report at	 17:52:11:538 ------------------ ##### 
### Collision !!! ### 
 ########  Status report at	 17:52:11:554 ------------------ ##### 
### Collision !!! ### 
 ########  Status report at	 17:52:11:596 ------------------ ##### 
### Collision !!! ### 
 ########  Status report at	 17:52:11:612 ------------------ ##### 
### Collision !!! ### 
 ########  Status report at	 17:52:11:627 ------------------ ##### 
### Collision !!! ### 
 ########  Status report at	 17:52:11:642 ------------------ ##### 
### Collision !!! ### 
 ########  Status report at	 17:52:11:679 ------------------ ##### 
### Collision !!! ### 
 ########  Status report at	 17:52:11:696 ------------------ ##### 
### Collision !!! ### 
 ########  Status report at	 17:52:11:710 ------------------ ##### 
### Collision !!! ### 
 ########  Status report at	 17:52:11:724 ------------------ ##### 
### Collision !!! ### 
 ########  Status report at	 17:52:11:778 ------------------ ##### 
### Collision !!! ### 
 ########  Status report at	 17:52:11:792 ------------------ ##### 
### Collision !!! ### 
 ########  Status report at	 17:52:11:804 ------------------ ##### 
### Collision !!! ### 
 ########  Status report at	 17:52:11:821 ------------------ ##### 
### Collision !!! ### 
 ########  Status report at	 17:52:11:857 ------------------ ##### 
### Collision !!! ### 
 ########  Status report at	 17:52:11:871 ------------------ ##### 
### Collision !!! ### 
 ########  Status report at	 17:52:11:887 ------------------ ##### 
### Collision !!! ### 
 ########  Status report at	 17:52:11:925 ------------------ ##### 
### Collision !!! ### 
 ########  Status report at	 17:52:11:937 ------------------ ##### 
### Collision !!! ### 
 ########  Status report at	 17:52:11:955 ------------------ ##### 
### Collision !!! ### 
 ########  Status report at	 17:52:11:991 ------------------ ##### 
### Collision !!! ### 
 ########  Status report at	 17:52:12:5 ------------------ ##### 
### Collision !!! ### 
 ########  Status report at	 17:52:12:21 ------------------ ##### 
### Collision !!! ### 
 ########  Status report at	 17:52:12:57 ------------------ ##### 
### Collision !!! ### 
 ########  Status report at	 17:52:12:71 ------------------ ##### 
### Collision !!! ### 
 ########  Status report at	 17:52:12:88 ------------------ ##### 
### Collision !!! ### 
 ########  Status report at	 17:52:12:124 ------------------ ##### 
### Collision !!! ### 
 ########  Status report at	 17:52:12:138 ------------------ ##### 
### Collision !!! ### 
 ########  Status report at	 17:52:12:154 ------------------ ##### 
### Collision !!! ### 
 ########  Status report at	 17:52:12:190 ------------------ ##### 
### Collision !!! ### 
 ########  Status report at	 17:52:12:206 ------------------ ##### 
### Collision !!! ### 
 ########  Status report at	 17:52:12:231 ------------------ ##### 
### Collision !!! ### 
 ########  Status report at	 17:52:12:295 ------------------ ##### 
### Collision !!! ### 
 ########  Status report at	 17:52:12:322 ------------------ ##### 
### Collision !!! ### 
 ########  Status report at	 17:52:12:339 ------------------ ##### 
### Collision !!! ### 
 ########  Status report at	 17:52:12:389 ------------------ ##### 
### Collision !!! ### 
 ########  Status report at	 17:52:12:405 ------------------ ##### 
### Collision !!! ### 
 ########  Status report at	 17:52:12:421 ------------------ ##### 
### Collision !!! ### 
 ########  Status report at	 17:52:12:438 ------------------ ##### 
### Collision !!! ### 
 ########  Status report at	 17:52:12:481 ------------------ ##### 
### Collision !!! ### 
 ########  Status report at	 17:52:12:504 ------------------ ##### 
### Collision !!! ### 
 ########  Status report at	 17:52:12:521 ------------------ ##### 
### Collision !!! ### 
 ########  Status report at	 17:52:12:563 ------------------ ##### 
### Collision !!! ### 
 ########  Status report at	 17:52:12:579 ------------------ ##### 
### Collision !!! ### 
 ########  Status report at	 17:52:12:592 ------------------ ##### 
### Collision !!! ### 
 ########  Status report at	 17:52:12:606 ------------------ ##### 
### Collision !!! ### 
 ########  Status report at	 17:52:12:663 ------------------ ##### 
### Collision !!! ### 
 ########  Status report at	 17:52:12:682 ------------------ ##### 
### Collision !!! ### 
 ########  Status report at	 17:52:12:695 ------------------ ##### 
### Collision !!! ### 
 ########  Status report at	 17:52:12:710 ------------------ ##### 
### Collision !!! ### 
 ########  Status report at	 17:52:12:778 ------------------ ##### 
### Collision !!! ### 
 ########  Status report at	 17:52:12:794 ------------------ ##### 
### Collision !!! ### 
 ########  Status report at	 17:52:12:806 ------------------ ##### 
### Collision !!! ### 
 ########  Status report at	 17:52:12:822 ------------------ ##### 
### Collision !!! ### 
 ########  Status report at	 17:52:12:872 ------------------ ##### 
### Collision !!! ### 
 ########  Status report at	 17:52:12:889 ------------------ ##### 
### Collision !!! ### 
 ########  Status report at	 17:52:12:905 ------------------ ##### 
### Collision !!! ### 
 ########  Status report at	 17:52:12:963 ------------------ ##### 
### Collision !!! ### 
 ########  Status report at	 17:52:12:979 ------------------ ##### 
### Collision !!! ### 
 ########  Status report at	 17:52:12:991 ------------------ ##### 
### Collision !!! ### 
 ########  Status report at	 17:52:13:4 ------------------ ##### 
### Collision !!! ### 
 ########  Status report at	 17:52:13:62 ------------------ ##### 
### Collision !!! ### 
 ########  Status report at	 17:52:13:87 ------------------ ##### 
### Collision !!! ### 
 ########  Status report at	 17:52:13:104 ------------------ ##### 
### Collision !!! ### 
 ########  Status report at	 17:52:13:161 ------------------ ##### 
### Collision !!! ### 
 ########  Status report at	 17:52:13:181 ------------------ ##### 
### Collision !!! ### 
 ########  Status report at	 17:52:13:192 ------------------ ##### 
### Collision !!! ### 
 ########  Status report at	 17:52:13:261 ------------------ ##### 
### Collision !!! ### 
 ########  Status report at	 17:52:13:276 ------------------ ##### 
### Collision !!! ### 
 ########  Status report at	 17:52:13:289 ------------------ ##### 
### Collision !!! ### 
 ########  Status report at	 17:52:13:304 ------------------ ##### 
### Collision !!! ### 
 ########  Status report at	 17:52:13:321 ------------------ ##### 
### Collision !!! ### 
 ########  Status report at	 17:52:13:397 ------------------ ##### 
### Collision !!! ### 
 ########  Status report at	 17:52:13:412 ------------------ ##### 
### Collision !!! ### 
 ########  Status report at	 17:52:13:424 ------------------ ##### 
### Collision !!! ### 
 ########  Status report at	 17:52:13:438 ------------------ ##### 
### Collision !!! ### 
 ########  Status report at	 17:52:13:496 ------------------ ##### 
### Collision !!! ### 
 ########  Status report at	 17:52:13:512 ------------------ ##### 
### Collision !!! ### 
 ########  Status report at	 17:52:13:524 ------------------ ##### 
### Collision !!! ### 
 ########  Status report at	 17:52:13:538 ------------------ ##### 
### Collision !!! ### 
 ########  Status report at	 17:52:13:590 ------------------ ##### 
### Collision !!! ### 
 ########  Status report at	 17:52:13:604 ------------------ ##### 
### Collision !!! ### 
 ########  Status report at	 17:52:13:613 ------------------ ##### 
### Collision !!! ### 
 ########  Status report at	 17:52:13:690 ------------------ ##### 
### Collision !!! ### 
 ########  Status report at	 17:52:13:704 ------------------ ##### 
### Collision !!! ### 
 ########  Status report at	 17:52:13:721 ------------------ ##### 
### Collision !!! ### 
 ########  Status report at	 17:52:13:790 ------------------ ##### 
### Collision !!! ### 
 ########  Status report at	 17:52:13:804 ------------------ ##### 
### Collision !!! ### 
 ########  Status report at	 17:52:13:821 ------------------ ##### 
### Collision !!! ### 
 ########  Status report at	 17:52:13:892 ------------------ ##### 
### Collision !!! ### 
 ########  Status report at	 17:52:13:905 ------------------ ##### 
### Collision !!! ### 
 ########  Status report at	 17:52:13:921 ------------------ ##### 
### Collision !!! ### 
 ########  Status report at	 17:52:13:992 ------------------ ##### 
### Collision !!! ### 
 ########  Status report at	 17:52:14:6 ------------------ ##### 
### Collision !!! ### 
 ########  Status report at	 17:52:14:890 ------------------ ##### 
### Collision !!! ### 
 ########  Status report at	 17:52:25:874 ------------------ ##### 
### Collision !!! ### 
 ########  Status report at	 17:52:25:890 ------------------ ##### 
### Collision !!! ### 
 ########  Status report at	 17:52:25:928 ------------------ ##### 
### Collision !!! ### 
 ########  Status report at	 17:52:25:943 ------------------ ##### 
### Collision !!! ### 
 ########  Status report at	 17:52:25:957 ------------------ ##### 
### Collision !!! ### 
 ########  Status report at	 17:52:25:994 ------------------ ##### 
### Collision !!! ### 
 ########  Status report at	 17:52:26:9 ------------------ ##### 
### Collision !!! ### 
 ########  Status report at	 17:52:26:27 ------------------ ##### 
### Collision !!! ### 
 ########  Status report at	 17:52:26:82 ------------------ ##### 
### Collision !!! ### 
 ########  Status report at	 17:52:26:107 ------------------ ##### 
### Collision !!! ### 
 ########  Status report at	 17:52:26:124 ------------------ ##### 
### Collision !!! ### 
 ########  Status report at	 17:52:26:181 ------------------ ##### 
### Collision !!! ### 
 ########  Status report at	 17:52:26:206 ------------------ ##### 
### Collision !!! ### 
 ########  Status report at	 17:52:26:225 ------------------ ##### 
### Collision !!! ### 
 ########  Status report at	 17:52:26:282 ------------------ ##### 
### Collision !!! ### 
 ########  Status report at	 17:52:33:127 ------------------ ##### 
### Collision !!! ### 
 ########  Status report at	 17:52:33:142 ------------------ ##### 
### Collision !!! ### 
 ########  Status report at	 17:52:33:163 ------------------ ##### 
### Collision !!! ### 
 ########  Status report at	 17:52:33:240 ------------------ ##### 
### Collision !!! ### 
 ########  Status report at	 17:52:33:259 ------------------ ##### 
### Collision !!! ### 
 ########  Status report at	 17:52:33:275 ------------------ ##### 
### Collision !!! ### 
 ########  Status report at	 17:52:33:330 ------------------ ##### 
### Collision !!! ### 
 ########  Status report at	 17:52:33:358 ------------------ ##### 
### Collision !!! ### 
 ########  Status report at	 17:52:33:372 ------------------ ##### 
### Collision !!! ### 
 ########  Status report at	 17:52:33:413 ------------------ ##### 
### Collision !!! ### 
 ########  Status report at	 17:52:33:428 ------------------ ##### 
### Collision !!! ### 
 ########  Status report at	 17:52:33:443 ------------------ ##### 
### Collision !!! ### 
 ########  Status report at	 17:52:33:460 ------------------ ##### 
### Collision !!! ### 
 ########  Status report at	 17:52:33:513 ------------------ ##### 
### Collision !!! ### 
 ########  Status report at	 17:52:33:531 ------------------ ##### 
### Collision !!! ### 
 ########  Status report at	 17:52:33:547 ------------------ ##### 
### Collision !!! ### 
 ########  Status report at	 17:52:33:596 ------------------ ##### 
### Collision !!! ### 
 ########  Status report at	 17:52:33:613 ------------------ ##### 
### Collision !!! ### 
 ########  Status report at	 17:52:33:626 ------------------ ##### 
### Collision !!! ### 
 ########  Status report at	 17:52:33:642 ------------------ ##### 
### Collision !!! ### 
 ########  Status report at	 17:52:33:697 ------------------ ##### 
### Collision !!! ### 
 ########  Status report at	 17:52:33:713 ------------------ ##### 
### Collision !!! ### 
 ########  Status report at	 17:52:33:727 ------------------ ##### 
### Collision !!! ### 
 ########  Status report at	 17:52:33:739 ------------------ ##### 
### Collision !!! ### 
 ########  Status report at	 17:52:33:755 ------------------ ##### 
### Collision !!! ### 
 ########  Status report at	 17:52:33:797 ------------------ ##### 
### Collision !!! ### 
 ########  Status report at	 17:52:33:816 ------------------ ##### 
### Collision !!! ### 
 ########  Status report at	 17:52:33:835 ------------------ ##### 
### Collision !!! ### 
 ########  Status report at	 17:52:33:879 ------------------ ##### 
### Collision !!! ### 
 ########  Status report at	 17:52:33:901 ------------------ ##### 
### Collision !!! ### 
 ########  Status report at	 17:52:33:914 ------------------ ##### 
### Collision !!! ### 
 ########  Status report at	 17:52:33:928 ------------------ ##### 
### Collision !!! ### 
 ########  Status report at	 17:52:33:962 ------------------ ##### 
### Collision !!! ### 
 ########  Status report at	 17:52:33:992 ------------------ ##### 
### Collision !!! ### 
 ########  Status report at	 17:52:34:8 ------------------ ##### 
### Collision !!! ### 
 ########  Status report at	 17:52:34:59 ------------------ ##### 
### Collision !!! ### 
 ########  Status report at	 17:52:34:129 ------------------ ##### 
### Collision !!! ### 
 ########  Status report at	 17:52:43:238 ------------------ ##### 
### Collision !!! ### 
 ########  Status report at	 17:52:43:255 ------------------ ##### 
### Collision !!! ### 
 ########  Status report at	 17:52:43:291 ------------------ ##### 
### Collision !!! ### 
 ########  Status report at	 17:52:43:306 ------------------ ##### 
### Collision !!! ### 
 ########  Status report at	 17:52:43:322 ------------------ ##### 
### Collision !!! ### 
 ########  Status report at	 17:52:43:373 ------------------ ##### 
### Collision !!! ### 
 ########  Status report at	 17:52:43:392 ------------------ ##### 
### Collision !!! ### 
 ########  Status report at	 17:52:43:409 ------------------ ##### 
### Collision !!! ### 
 ########  Status report at	 17:52:43:421 ------------------ ##### 
### Collision !!! ### 
 ########  Status report at	 17:52:43:438 ------------------ ##### 
### Collision !!! ### 
 ########  Status report at	 17:52:43:496 ------------------ ##### 
### Collision !!! ### 
 ########  Status report at	 17:52:43:521 ------------------ ##### 
### Collision !!! ### 
 ########  Status report at	 17:52:43:539 ------------------ ##### 
### Collision !!! ### 
 ########  Status report at	 17:52:43:578 ------------------ ##### 
### Collision !!! ### 
 ########  Status report at	 17:52:43:596 ------------------ ##### 
### Collision !!! ### 
 ########  Status report at	 17:52:43:610 ------------------ ##### 
### Collision !!! ### 
 ########  Status report at	 17:52:43:629 ------------------ ##### 
### Collision !!! ### 
 ########  Status report at	 17:52:43:697 ------------------ ##### 
### Collision !!! ### 
 ########  Status report at	 17:52:43:721 ------------------ ##### 
### Collision !!! ### 
 ########  Status report at	 17:52:43:739 ------------------ ##### 
### Collision !!! ### 
 ########  Status report at	 17:52:43:797 ------------------ ##### 
### Collision !!! ### 
 ########  Status report at	 17:52:43:822 ------------------ ##### 
### Collision !!! ### 
 ########  Status report at	 17:52:43:840 ------------------ ##### 
### Collision !!! ### 
 ########  Status report at	 17:52:43:880 ------------------ ##### 
### Collision !!! ### 
 ########  Status report at	 17:52:43:904 ------------------ ##### 
### Collision !!! ### 
 ########  Status report at	 17:52:43:922 ------------------ ##### 
### Collision !!! ### 
 ########  Status report at	 17:52:43:963 ------------------ ##### 
### Collision !!! ### 
 ########  Status report at	 17:52:44:46 ------------------ ##### 
### Collision !!! ### 
 ########  Status report at	 17:52:44:129 ------------------ ##### 
### Collision !!! ### 
 ########  Status report at	 17:52:44:240 ------------------ ##### 
### Collision !!! ### 
 ########  Status report at	 17:52:45:129 ------------------ ##### 
### Collision !!! ### 
 ########  Status report at	 17:52:45:222 ------------------ ##### 
### Collision !!! ### 
 ########  Status report at	 17:52:45:313 ------------------ ##### 
### Collision !!! ### 
 ########  Status report at	 17:52:45:395 ------------------ ##### 
### Collision !!! ### 
 ########  Status report at	 17:52:45:424 ------------------ ##### 
### Collision !!! ### 
 ########  Status report at	 17:52:45:479 ------------------ ##### 
### Collision !!! ### 
 ########  Status report at	 17:52:45:508 ------------------ ##### 
### Collision !!! ### 
 ########  Status report at	 17:52:45:564 ------------------ ##### 
### Collision !!! ### 
 ########  Status report at	 17:52:45:581 ------------------ ##### 
### Collision !!! ### 
 ########  Status report at	 17:52:45:594 ------------------ ##### 
### Collision !!! ### 
 ########  Status report at	 17:52:45:609 ------------------ ##### 
### Collision !!! ### 
 ########  Status report at	 17:52:45:646 ------------------ ##### 
### Collision !!! ### 
 ########  Status report at	 17:52:45:664 ------------------ ##### 
### Collision !!! ### 
 ########  Status report at	 17:52:45:676 ------------------ ##### 
### Collision !!! ### 
 ########  Status report at	 17:52:45:692 ------------------ ##### 
### Collision !!! ### 
 ########  Status report at	 17:52:45:746 ------------------ ##### 
### Collision !!! ### 
 ########  Status report at	 17:52:45:773 ------------------ ##### 
### Collision !!! ### 
 ########  Status report at	 17:52:45:792 ------------------ ##### 
### Collision !!! ### 
 ########  Status report at	 17:52:45:848 ------------------ ##### 
### Collision !!! ### 
 ########  Status report at	 17:52:45:873 ------------------ ##### 
### Collision !!! ### 
 ########  Status report at	 17:52:45:894 ------------------ ##### 
### Collision !!! ### 
 ########  Status report at	 17:52:45:948 ------------------ ##### 
### Collision !!! ### 
 ########  Status report at	 17:52:45:972 ------------------ ##### 
### Collision !!! ### 
 ########  Status report at	 17:52:45:990 ------------------ ##### 
### Collision !!! ### 
 ########  Status report at	 17:52:46:30 ------------------ ##### 
### Collision !!! ### 
 ########  Status report at	 17:52:46:45 ------------------ ##### 
### Collision !!! ### 
 ########  Status report at	 17:52:46:58 ------------------ ##### 
### Collision !!! ### 
 ########  Status report at	 17:52:46:73 ------------------ ##### 
### Collision !!! ### 
 ########  Status report at	 17:52:46:109 ------------------ ##### 
### Collision !!! ### 
 ########  Status report at	 17:52:46:122 ------------------ ##### 
### Collision !!! ### 
 ########  Status report at	 17:52:46:139 ------------------ ##### 
### Collision !!! ### 
 ########  Status report at	 17:52:46:155 ------------------ ##### 
### Collision !!! ### 
 ########  Status report at	 17:52:46:192 ------------------ ##### 
### Collision !!! ### 
 ########  Status report at	 17:52:46:206 ------------------ ##### 
### Collision !!! ### 
 ########  Status report at	 17:52:46:224 ------------------ ##### 
### Collision !!! ### 
 ########  Status report at	 17:52:46:277 ------------------ ##### 
### Collision !!! ### 
 ########  Status report at	 17:52:46:292 ------------------ ##### 
### Collision !!! ### 
 ########  Status report at	 17:52:46:306 ------------------ ##### 
### Collision !!! ### 
 ########  Status report at	 17:52:46:360 ------------------ ##### 
### Collision !!! ### 
 ########  Status report at	 17:52:46:373 ------------------ ##### 
### Collision !!! ### 
 ########  Status report at	 17:52:46:389 ------------------ ##### 
### Collision !!! ### 
 ########  Status report at	 17:52:46:460 ------------------ ##### 
### Collision !!! ### 
 ########  Status report at	 17:52:46:472 ------------------ ##### 
### Collision !!! ### 
 ########  Status report at	 17:52:46:489 ------------------ ##### 
### Collision !!! ### 
 ########  Status report at	 17:52:46:558 ------------------ ##### 
### Collision !!! ### 
 ########  Status report at	 17:52:46:572 ------------------ ##### 
### Collision !!! ### 
 ########  Status report at	 17:52:46:589 ------------------ ##### 
### Collision !!! ### 
 ########  Status report at	 17:52:46:660 ------------------ ##### 
### Collision !!! ### 
 ########  Status report at	 17:52:46:674 ------------------ ##### 
### Collision !!! ### 
 ########  Status report at	 17:52:46:690 ------------------ ##### 
### Collision !!! ### 
 ########  Status report at	 17:52:46:761 ------------------ ##### 
### Collision !!! ### 
 ########  Status report at	 17:52:46:776 ------------------ ##### 
### Collision !!! ### 
 ########  Status report at	 17:52:46:789 ------------------ ##### 
### Collision !!! ### 
 ########  Status report at	 17:52:46:861 ------------------ ##### 
### Collision !!! ### 
 ########  Status report at	 17:52:46:874 ------------------ ##### 
### Collision !!! ### 
 ########  Status report at	 17:52:46:889 ------------------ ##### 
### Collision !!! ### 
 ########  Status report at	 17:52:46:960 ------------------ ##### 
### Collision !!! ### 
 ########  Status report at	 17:52:46:973 ------------------ ##### 
### Collision !!! ### 
 ########  Status report at	 17:52:46:988 ------------------ ##### 
### Collision !!! ### 
 ########  Status report at	 17:52:47:59 ------------------ ##### 
### Collision !!! ### 
 ########  Status report at	 17:52:58:883 ------------------ ##### 
### Collision !!! ### 
 ########  Status report at	 17:52:58:905 ------------------ ##### 
### Collision !!! ### 
 ########  Status report at	 17:52:58:922 ------------------ ##### 
### Collision !!! ### 
 ########  Status report at	 17:52:58:964 ------------------ ##### 
### Collision !!! ### 
 ########  Status report at	 17:52:58:982 ------------------ ##### 
### Collision !!! ### 
 ########  Status report at	 17:52:58:994 ------------------ ##### 
### Collision !!! ### 
 ########  Status report at	 17:52:59:64 ------------------ ##### 
### Collision !!! ### 
 ########  Status report at	 17:52:59:79 ------------------ ##### 
### Collision !!! ### 
 ########  Status report at	 17:52:59:92 ------------------ ##### 
### Collision !!! ### 
 ########  Status report at	 17:52:59:107 ------------------ ##### 
### Collision !!! ### 
 ########  Status report at	 17:52:59:146 ------------------ ##### 
### Collision !!! ### 
 ########  Status report at	 17:52:59:164 ------------------ ##### 
### Collision !!! ### 
 ########  Status report at	 17:52:59:179 ------------------ ##### 
### Collision !!! ### 
 ########  Status report at	 17:52:59:193 ------------------ ##### 
### Collision !!! ### 
 ########  Status report at	 17:52:59:246 ------------------ ##### 
### Collision !!! ### 
 ########  Status report at	 17:52:59:264 ------------------ ##### 
### Collision !!! ### 
 ########  Status report at	 17:52:59:276 ------------------ ##### 
### Collision !!! ### 
 ########  Status report at	 17:52:59:290 ------------------ ##### 
### Collision !!! ### 
 ########  Status report at	 17:52:59:347 ------------------ ##### 
### Collision !!! ### 
 ########  Status report at	 17:52:59:364 ------------------ ##### 
### Collision !!! ### 
 ########  Status report at	 17:52:59:379 ------------------ ##### 
### Collision !!! ### 
 ########  Status report at	 17:52:59:430 ------------------ ##### 
### Collision !!! ### 
 ########  Status report at	 17:52:59:447 ------------------ ##### 
### Collision !!! ### 
 ########  Status report at	 17:52:59:459 ------------------ ##### 
### Collision !!! ### 
 ########  Status report at	 17:52:59:473 ------------------ ##### 
### Collision !!! ### 
 ########  Status report at	 17:52:59:514 ------------------ ##### 
### Collision !!! ### 
 ########  Status report at	 17:52:59:539 ------------------ ##### 
### Collision !!! ### 
 ########  Status report at	 17:53:0:131 ------------------ ##### 
### Collision !!! ### 
 ########  Status report at	 17:53:0:159 ------------------ ##### 
### Collision !!! ### 
 ########  Status report at	 17:53:0:174 ------------------ ##### 
### Collision !!! ### 
 ########  Status report at	 17:53:0:190 ------------------ ##### 
### Collision !!! ### 
 ########  Status report at	 17:53:0:241 ------------------ ##### 
### Collision !!! ### 
 ########  Status report at	 17:53:0:263 ------------------ ##### 
### Collision !!! ### 
 ########  Status report at	 17:53:0:282 ------------------ ##### 
### Collision !!! ### 
 ########  Status report at	 17:53:0:330 ------------------ ##### 
### Collision !!! ### 
 ########  Status report at	 17:53:0:348 ------------------ ##### 
### Collision !!! ### 
 ########  Status report at	 17:53:0:360 ------------------ ##### 
### Collision !!! ### 
 ########  Status report at	 17:53:0:375 ------------------ ##### 
### Collision !!! ### 
 ########  Status report at	 17:53:0:414 ------------------ ##### 
### Collision !!! ### 
 ########  Status report at	 17:53:0:432 ------------------ ##### 
### Collision !!! ### 
 ########  Status report at	 17:53:0:446 ------------------ ##### 
### Collision !!! ### 
 ########  Status report at	 17:53:0:460 ------------------ ##### 
### Collision !!! ### 
 ########  Status report at	 17:53:0:515 ------------------ ##### 
### Collision !!! ### 
 ########  Status report at	 17:53:0:539 ------------------ ##### 
### Collision !!! ### 
 ########  Status report at	 17:53:0:558 ------------------ ##### 
### Collision !!! ### 
 ########  Status report at	 17:53:0:598 ------------------ ##### 
### Collision !!! ### 
 ########  Status report at	 17:53:0:622 ------------------ ##### 
### Collision !!! ### 
 ########  Status report at	 17:53:0:640 ------------------ ##### 
### Collision !!! ### 
 ########  Status report at	 17:53:0:680 ------------------ ##### 
### Collision !!! ### 
 ########  Status report at	 17:53:0:700 ------------------ ##### 
### Collision !!! ### 
 ########  Status report at	 17:53:0:712 ------------------ ##### 
### Collision !!! ### 
 ########  Status report at	 17:53:0:781 ------------------ ##### 
### Collision !!! ### 
 ########  Status report at	 17:53:0:805 ------------------ ##### 
### Collision !!! ### 
 ########  Status report at	 17:53:0:863 ------------------ ##### 
### Collision !!! ### 
 ########  Status report at	 17:53:0:907 ------------------ ##### 
### Collision !!! ### 
 ########  Status report at	 17:53:0:946 ------------------ ##### 
### Collision !!! ### 
 ########  Status report at	 17:53:0:965 ------------------ ##### 
### Collision !!! ### 
 ########  Status report at	 17:53:0:978 ------------------ ##### 
### Collision !!! ### 
 ########  Status report at	 17:53:0:992 ------------------ ##### 
### Collision !!! ### 
 ########  Status report at	 17:53:1:32 ------------------ ##### 
### Collision !!! ### 
 ########  Status report at	 17:53:1:52 ------------------ ##### 
### Collision !!! ### 
 ########  Status report at	 17:53:1:73 ------------------ ##### 
### Collision !!! ### 
 ########  Status report at	 17:53:1:113 ------------------ ##### 
### Collision !!! ### 
 ########  Status report at	 17:53:1:133 ------------------ ##### 
### Collision !!! ### 
 ########  Status report at	 17:53:1:148 ------------------ ##### 
### Collision !!! ### 
 ########  Status report at	 17:53:1:197 ------------------ ##### 
### Collision !!! ### 
 ########  Status report at	 17:53:1:224 ------------------ ##### 
### Collision !!! ### 
 ########  Status report at	 17:53:1:241 ------------------ ##### 
### Collision !!! ### 
 ########  Status report at	 17:53:1:298 ------------------ ##### 
### Collision !!! ### 
 ########  Status report at	 17:53:1:322 ------------------ ##### 
### Collision !!! ### 
 ########  Status report at	 17:53:1:339 ------------------ ##### 
### Collision !!! ### 
 ########  Status report at	 17:53:1:382 ------------------ ##### 
### Collision !!! ### 
 ########  Status report at	 17:53:1:405 ------------------ ##### 
### Collision !!! ### 
 ########  Status report at	 17:53:1:423 ------------------ ##### 
### Collision !!! ### 
 ########  Status report at	 17:53:1:462 ------------------ ##### 
### Collision !!! ### 
 ########  Status report at	 17:53:1:482 ------------------ ##### 
### Collision !!! ### 
 ########  Status report at	 17:53:1:495 ------------------ ##### 
### Collision !!! ### 
 ########  Status report at	 17:53:1:544 ------------------ ##### 
### Collision !!! ### 
 ########  Status report at	 17:53:1:557 ------------------ ##### 
### Collision !!! ### 
 ########  Status report at	 17:53:1:573 ------------------ ##### 
### Collision !!! ### 
 ########  Status report at	 17:53:1:610 ------------------ ##### 
### Collision !!! ### 
 ########  Status report at	 17:53:1:626 ------------------ ##### 
### Collision !!! ### 
 ########  Status report at	 17:53:1:641 ------------------ ##### 
### Collision !!! ### 
 ########  Status report at	 17:53:1:715 ------------------ ##### 
### Collision !!! ### 
 ########  Status report at	 17:53:1:739 ------------------ ##### 
### Collision !!! ### 
 ########  Status report at	 17:53:1:756 ------------------ ##### 
### Collision !!! ### 
 ########  Status report at	 17:53:1:814 ------------------ ##### 
### Collision !!! ### 
 ########  Status report at	 17:53:1:832 ------------------ ##### 
### Collision !!! ### 
 ########  Status report at	 17:53:1:844 ------------------ ##### 
### Collision !!! ### 
 ########  Status report at	 17:53:1:930 ------------------ ##### 
### Collision !!! ### 
 ########  Status report at	 17:53:1:956 ------------------ ##### 
### Collision !!! ### 
 ########  Status report at	 17:53:1:972 ------------------ ##### 
### Collision !!! ### 
 ########  Status report at	 17:53:2:29 ------------------ ##### 
### Collision !!! ### 
 ########  Status report at	 17:53:2:47 ------------------ ##### 
### Collision !!! ### 
 ########  Status report at	 17:53:2:58 ------------------ ##### 
### Collision !!! ### 
 ########  Status report at	 17:53:2:72 ------------------ ##### 
### Collision !!! ### 
 ########  Status report at	 17:53:2:132 ------------------ ##### 
### Collision !!! ### 
 ########  Status report at	 17:53:2:156 ------------------ ##### 
### Collision !!! ### 
 ########  Status report at	 17:53:2:173 ------------------ ##### 
### Collision !!! ### 
 ########  Status report at	 17:53:2:240 ------------------ ##### 
### Collision !!! ### 
 ########  Status report at	 17:53:2:258 ------------------ ##### 
### Collision !!! ### 
 ########  Status report at	 17:53:2:272 ------------------ ##### 
### Collision !!! ### 
 ########  Status report at	 17:53:2:290 ------------------ ##### 
### Collision !!! ### 
 ########  Status report at	 17:53:2:363 ------------------ ##### 
### Collision !!! ### 
 ########  Status report at	 17:53:2:388 ------------------ ##### 
### Collision !!! ### 
 ########  Status report at	 17:53:2:405 ------------------ ##### 
### Collision !!! ### 
 ########  Status report at	 17:53:2:463 ------------------ ##### 
### Collision !!! ### 
 ########  Status report at	 17:53:2:482 ------------------ ##### 
### Collision !!! ### 
 ########  Status report at	 17:53:2:494 ------------------ ##### 
### Collision !!! ### 
 ########  Status report at	 17:53:2:563 ------------------ ##### 
### Collision !!! ### 
 ########  Status report at	 17:53:2:583 ------------------ ##### 
### Collision !!! ### 
 ########  Status report at	 17:53:2:597 ------------------ ##### 
### Collision !!! ### 
 ########  Status report at	 17:53:2:664 ------------------ ##### 
### Collision !!! ### 
 ########  Status report at	 17:53:2:689 ------------------ ##### 
### Collision !!! ### 
 ########  Status report at	 17:53:2:706 ------------------ ##### 
### Collision !!! ### 
 ########  Status report at	 17:53:2:747 ------------------ ##### 
### Collision !!! ### 
 ########  Status report at	 17:53:2:768 ------------------ ##### 
### Collision !!! ### 
 ########  Status report at	 17:53:2:783 ------------------ ##### 
### Collision !!! ### 
 ########  Status report at	 17:53:2:806 ------------------ ##### 
### Collision !!! ### 
 ########  Status report at	 17:53:2:863 ------------------ ##### 
### Collision !!! ### 
 ########  Status report at	 17:53:2:890 ------------------ ##### 
### Collision !!! ### 
 ########  Status report at	 17:53:2:906 ------------------ ##### 
### Collision !!! ### 
 ########  Status report at	 17:53:2:958 ------------------ ##### 
### Collision !!! ### 
 ########  Status report at	 17:53:2:972 ------------------ ##### 
### Collision !!! ### 
 ########  Status report at	 17:53:2:989 ------------------ ##### 
### Collision !!! ### 
 ########  Status report at	 17:53:3:60 ------------------ ##### 
### Collision !!! ### 
 ########  Status report at	 17:53:3:673 ------------------ ##### 
### Collision !!! ### 
 ########  Status report at	 17:53:3:690 ------------------ ##### 
### Collision !!! ### 
 ########  Status report at	 17:53:3:762 ------------------ ##### 
### Collision !!! ### 
 ########  Status report at	 17:53:3:776 ------------------ ##### 
### Collision !!! ### 
 ########  Status report at	 17:53:3:860 ------------------ ##### 
### Collision !!! ### 
 ########  Status report at	 17:53:16:265 ------------------ ##### 
### Collision !!! ### 
 ########  Status report at	 17:53:16:290 ------------------ ##### 
### Collision !!! ### 
 ########  Status report at	 17:53:16:310 ------------------ ##### 
### Collision !!! ### 
 ########  Status report at	 17:53:16:364 ------------------ ##### 
### Collision !!! ### 
 ########  Status report at	 17:53:16:381 ------------------ ##### 
### Collision !!! ### 
 ########  Status report at	 17:53:16:395 ------------------ ##### 
### Collision !!! ### 
 ########  Status report at	 17:53:16:410 ------------------ ##### 
### Collision !!! ### 
 ########  Status report at	 17:53:16:465 ------------------ ##### 
### Collision !!! ### 
 ########  Status report at	 17:53:16:483 ------------------ ##### 
### Collision !!! ### 
 ########  Status report at	 17:53:16:499 ------------------ ##### 
### Collision !!! ### 
 ########  Status report at	 17:53:16:549 ------------------ ##### 
### Collision !!! ### 
 ########  Status report at	 17:53:16:572 ------------------ ##### 
### Collision !!! ### 
 ########  Status report at	 17:53:16:590 ------------------ ##### 
### Collision !!! ### 
 ########  Status report at	 17:53:16:640 ------------------ ##### 
### Collision !!! ### 
 ########  Status report at	 17:53:16:675 ------------------ ##### 
### Collision !!! ### 
 ########  Status report at	 17:53:29:124 ------------------ ##### 
### Collision !!! ### 
 ########  Status report at	 17:53:29:143 ------------------ ##### 
### Collision !!! ### 
 ########  Status report at	 17:53:29:199 ------------------ ##### 
### Collision !!! ### 
 ########  Status report at	 17:53:29:224 ------------------ ##### 
### Collision !!! ### 
 ########  Status report at	 17:53:29:241 ------------------ ##### 
### Collision !!! ### 
 ########  Status report at	 17:53:29:256 ------------------ ##### 
### Collision !!! ### 
 ########  Status report at	 17:53:29:298 ------------------ ##### 
### Collision !!! ### 
 ########  Status report at	 17:53:29:316 ------------------ ##### 
### Collision !!! ### 
 ########  Status report at	 17:53:29:330 ------------------ ##### 
### Collision !!! ### 
 ########  Status report at	 17:53:29:345 ------------------ ##### 
### Collision !!! ### 
 ########  Status report at	 17:53:29:417 ------------------ ##### 
### Collision !!! ### 
 ########  Status report at	 17:53:29:440 ------------------ ##### 
### Collision !!! ### 
 ########  Status report at	 17:53:29:456 ------------------ ##### 
### Collision !!! ### 
 ########  Status report at	 17:53:29:497 ------------------ ##### 
### Collision !!! ### 
 ########  Status report at	 17:53:29:515 ------------------ ##### 
### Collision !!! ### 
 ########  Status report at	 17:53:29:527 ------------------ ##### 
### Collision !!! ### 
 ########  Status report at	 17:53:29:540 ------------------ ##### 
### Collision !!! ### 
 ########  Status report at	 17:53:29:581 ------------------ ##### 
### Collision !!! ### 
 ########  Status report at	 17:53:29:599 ------------------ ##### 
### Collision !!! ### 
 ########  Status report at	 17:53:29:610 ------------------ ##### 
### Collision !!! ### 
 ########  Status report at	 17:53:29:625 ------------------ ##### 
### Collision !!! ### 
 ########  Status report at	 17:53:29:682 ------------------ ##### 
### Collision !!! ### 
 ########  Status report at	 17:53:29:699 ------------------ ##### 
### Collision !!! ### 
 ########  Status report at	 17:53:29:711 ------------------ ##### 
### Collision !!! ### 
 ########  Status report at	 17:53:29:726 ------------------ ##### 
### Collision !!! ### 
 ########  Status report at	 17:53:29:782 ------------------ ##### 
### Collision !!! ### 
 ########  Status report at	 17:53:29:809 ------------------ ##### 
### Collision !!! ### 
 ########  Status report at	 17:53:29:826 ------------------ ##### 
### Collision !!! ### 
 ########  Status report at	 17:53:29:882 ------------------ ##### 
### Collision !!! ### 
 ########  Status report at	 17:53:29:906 ------------------ ##### 
### Collision !!! ### 
 ########  Status report at	 17:53:29:926 ------------------ ##### 
### Collision !!! ### 
 ########  Status report at	 17:53:29:964 ------------------ ##### 
### Collision !!! ### 
 ########  Status report at	 17:53:29:989 ------------------ ##### 
### Collision !!! ### 
 ########  Status report at	 17:53:30:43 ------------------ ##### 
### Collision !!! ### 
 ########  Status report at	 17:53:30:90 ------------------ ##### 
### Collision !!! ### 
 ########  Status report at	 17:53:57:164 ------------------ ##### 
### Collision !!! ### 
 ########  Status report at	 17:53:57:283 ------------------ ##### 
### Collision !!! ### 
 ########  Status report at	 17:53:57:366 ------------------ ##### 
### Collision !!! ### 
 