# Game Session ID 
27 
### Session Start ### 
########  Status report at	 19:34:55:113 ------------------ ##### 
### Collision !!! ### 
 ########  Status report at	 19:34:55:129 ------------------ ##### 
### Collision !!! ### 
 ########  Status report at	 19:34:55:146 ------------------ ##### 
### Collision !!! ### 
 ########  Status report at	 19:34:55:163 ------------------ ##### 
### Collision !!! ### 
 ########  Status report at	 19:34:55:193 ------------------ ##### 
### Collision !!! ### 
 ########  Status report at	 19:34:55:250 ------------------ ##### 
### Collision !!! ### 
 ########  Status report at	 19:34:55:273 ------------------ ##### 
### Collision !!! ### 
 ########  Status report at	 19:34:55:290 ------------------ ##### 
### Collision !!! ### 
 ########  Status report at	 19:34:55:316 ------------------ ##### 
### Collision !!! ### 
 ########  Status report at	 19:34:55:341 ------------------ ##### 
### Collision !!! ### 
 ########  Status report at	 19:34:55:366 ------------------ ##### 
### Collision !!! ### 
 ########  Status report at	 19:34:55:391 ------------------ ##### 
### Collision !!! ### 
 ########  Status report at	 19:34:55:408 ------------------ ##### 
### Collision !!! ### 
 ########  Status report at	 19:34:55:428 ------------------ ##### 
### Collision !!! ### 
 ########  Status report at	 19:34:55:439 ------------------ ##### 
### Collision !!! ### 
 ########  Status report at	 19:34:55:457 ------------------ ##### 
### Collision !!! ### 
 ########  Status report at	 19:34:55:474 ------------------ ##### 
### Collision !!! ### 
 ########  Status report at	 19:34:55:489 ------------------ ##### 
### Collision !!! ### 
 ########  Status report at	 19:34:55:508 ------------------ ##### 
### Collision !!! ### 
 ########  Status report at	 19:34:55:524 ------------------ ##### 
### Collision !!! ### 
 ########  Status report at	 19:34:55:540 ------------------ ##### 
### Collision !!! ### 
 ########  Status report at	 19:34:55:557 ------------------ ##### 
### Collision !!! ### 
 ########  Status report at	 19:34:55:573 ------------------ ##### 
### Collision !!! ### 
 ########  Status report at	 19:34:55:590 ------------------ ##### 
### Collision !!! ### 
 ########  Status report at	 19:34:55:606 ------------------ ##### 
### Collision !!! ### 
 ########  Status report at	 19:34:55:623 ------------------ ##### 
### Collision !!! ### 
 ########  Status report at	 19:34:55:640 ------------------ ##### 
### Collision !!! ### 
 ########  Status report at	 19:34:55:656 ------------------ ##### 
### Collision !!! ### 
 ########  Status report at	 19:34:55:674 ------------------ ##### 
### Collision !!! ### 
 ########  Status report at	 19:34:55:689 ------------------ ##### 
### Collision !!! ### 
 ########  Status report at	 19:34:55:707 ------------------ ##### 
### Collision !!! ### 
 ########  Status report at	 19:34:55:725 ------------------ ##### 
### Collision !!! ### 
 ########  Status report at	 19:34:55:742 ------------------ ##### 
### Collision !!! ### 
 ########  Status report at	 19:34:55:757 ------------------ ##### 
### Collision !!! ### 
 ########  Status report at	 19:34:55:773 ------------------ ##### 
### Collision !!! ### 
 ########  Status report at	 19:34:55:791 ------------------ ##### 
### Collision !!! ### 
 ########  Status report at	 19:34:55:808 ------------------ ##### 
### Collision !!! ### 
 ########  Status report at	 19:34:55:824 ------------------ ##### 
### Collision !!! ### 
 ########  Status report at	 19:34:55:840 ------------------ ##### 
### Collision !!! ### 
 ########  Status report at	 19:34:55:857 ------------------ ##### 
### Collision !!! ### 
 ########  Status report at	 19:34:55:874 ------------------ ##### 
### Collision !!! ### 
 ########  Status report at	 19:34:55:890 ------------------ ##### 
### Collision !!! ### 
 ########  Status report at	 19:34:55:910 ------------------ ##### 
### Collision !!! ### 
 ########  Status report at	 19:34:55:924 ------------------ ##### 
### Collision !!! ### 
 ########  Status report at	 19:34:55:940 ------------------ ##### 
### Collision !!! ### 
 ########  Status report at	 19:34:55:956 ------------------ ##### 
### Collision !!! ### 
 ########  Status report at	 19:34:55:973 ------------------ ##### 
### Collision !!! ### 
 ########  Status report at	 19:34:55:990 ------------------ ##### 
### Collision !!! ### 
 ########  Status report at	 19:34:56:6 ------------------ ##### 
### Collision !!! ### 
 ########  Status report at	 19:34:56:23 ------------------ ##### 
### Collision !!! ### 
 ########  Status report at	 19:34:56:41 ------------------ ##### 
### Collision !!! ### 
 ########  Status report at	 19:34:56:56 ------------------ ##### 
### Collision !!! ### 
 ########  Status report at	 19:34:56:74 ------------------ ##### 
### Collision !!! ### 
 ########  Status report at	 19:34:56:90 ------------------ ##### 
### Collision !!! ### 
 ########  Status report at	 19:34:56:123 ------------------ ##### 
### Collision !!! ### 
 ########  Status report at	 19:34:56:139 ------------------ ##### 
### Collision !!! ### 
 ########  Status report at	 19:34:56:157 ------------------ ##### 
### Collision !!! ### 
 ########  Status report at	 19:34:56:175 ------------------ ##### 
### Collision !!! ### 
 ########  Status report at	 19:34:56:192 ------------------ ##### 
### Collision !!! ### 
 ########  Status report at	 19:34:56:206 ------------------ ##### 
### Collision !!! ### 
 ########  Status report at	 19:34:56:222 ------------------ ##### 
### Collision !!! ### 
 ########  Status report at	 19:34:56:240 ------------------ ##### 
### Collision !!! ### 
 ########  Status report at	 19:34:56:258 ------------------ ##### 
### Collision !!! ### 
 ########  Status report at	 19:34:56:272 ------------------ ##### 
### Collision !!! ### 
 ########  Status report at	 19:34:56:290 ------------------ ##### 
### Collision !!! ### 
 ########  Status report at	 19:34:56:307 ------------------ ##### 
### Collision !!! ### 
 ########  Status report at	 19:34:56:323 ------------------ ##### 
### Collision !!! ### 
 ########  Status report at	 19:34:56:340 ------------------ ##### 
### Collision !!! ### 
 ########  Status report at	 19:34:56:356 ------------------ ##### 
### Collision !!! ### 
 ########  Status report at	 19:34:56:373 ------------------ ##### 
### Collision !!! ### 
 ########  Status report at	 19:34:56:390 ------------------ ##### 
### Collision !!! ### 
 ########  Status report at	 19:34:56:406 ------------------ ##### 
### Collision !!! ### 
 ########  Status report at	 19:34:56:423 ------------------ ##### 
### Collision !!! ### 
 ########  Status report at	 19:34:56:440 ------------------ ##### 
### Collision !!! ### 
 ########  Status report at	 19:34:56:456 ------------------ ##### 
### Collision !!! ### 
 ########  Status report at	 19:34:56:473 ------------------ ##### 
### Collision !!! ### 
 ########  Status report at	 19:34:56:489 ------------------ ##### 
### Collision !!! ### 
 ########  Status report at	 19:34:56:506 ------------------ ##### 
### Collision !!! ### 
 ########  Status report at	 19:34:56:523 ------------------ ##### 
### Collision !!! ### 
 ########  Status report at	 19:34:56:539 ------------------ ##### 
### Collision !!! ### 
 ########  Status report at	 19:34:56:556 ------------------ ##### 
### Collision !!! ### 
 ########  Status report at	 19:34:56:573 ------------------ ##### 
### Collision !!! ### 
 ########  Status report at	 19:34:56:593 ------------------ ##### 
### Collision !!! ### 
 ########  Status report at	 19:34:56:606 ------------------ ##### 
### Collision !!! ### 
 ########  Status report at	 19:34:56:624 ------------------ ##### 
### Collision !!! ### 
 ########  Status report at	 19:34:56:640 ------------------ ##### 
### Collision !!! ### 
 ########  Status report at	 19:34:56:657 ------------------ ##### 
### Collision !!! ### 
 ########  Status report at	 19:34:56:673 ------------------ ##### 
### Collision !!! ### 
 ########  Status report at	 19:34:56:690 ------------------ ##### 
### Collision !!! ### 
 ########  Status report at	 19:34:56:707 ------------------ ##### 
### Collision !!! ### 
 ########  Status report at	 19:34:56:724 ------------------ ##### 
### Collision !!! ### 
 ########  Status report at	 19:34:56:740 ------------------ ##### 
### Collision !!! ### 
 ########  Status report at	 19:34:56:757 ------------------ ##### 
### Collision !!! ### 
 ########  Status report at	 19:34:56:773 ------------------ ##### 
### Collision !!! ### 
 ########  Status report at	 19:34:56:791 ------------------ ##### 
### Collision !!! ### 
 ########  Status report at	 19:34:56:807 ------------------ ##### 
### Collision !!! ### 
 ########  Status report at	 19:34:56:825 ------------------ ##### 
### Collision !!! ### 
 ########  Status report at	 19:34:56:840 ------------------ ##### 
### Collision !!! ### 
 ########  Status report at	 19:34:56:857 ------------------ ##### 
### Collision !!! ### 
 ########  Status report at	 19:34:56:873 ------------------ ##### 
### Collision !!! ### 
 ########  Status report at	 19:34:56:889 ------------------ ##### 
### Collision !!! ### 
 ########  Status report at	 19:34:56:906 ------------------ ##### 
### Collision !!! ### 
 ########  Status report at	 19:34:56:928 ------------------ ##### 
### Collision !!! ### 
 ########  Status report at	 19:34:56:940 ------------------ ##### 
### Collision !!! ### 
 ########  Status report at	 19:34:56:957 ------------------ ##### 
### Collision !!! ### 
 ########  Status report at	 19:34:56:974 ------------------ ##### 
### Collision !!! ### 
 ########  Status report at	 19:34:56:990 ------------------ ##### 
### Collision !!! ### 
 ########  Status report at	 19:34:57:7 ------------------ ##### 
### Collision !!! ### 
 ########  Status report at	 19:34:57:23 ------------------ ##### 
### Collision !!! ### 
 ########  Status report at	 19:34:57:41 ------------------ ##### 
### Collision !!! ### 
 ########  Status report at	 19:34:57:57 ------------------ ##### 
### Collision !!! ### 
 ########  Status report at	 19:34:57:74 ------------------ ##### 
### Collision !!! ### 
 ########  Status report at	 19:34:57:90 ------------------ ##### 
### Collision !!! ### 
 ########  Status report at	 19:34:57:123 ------------------ ##### 
### Collision !!! ### 
 ########  Status report at	 19:34:57:140 ------------------ ##### 
### Collision !!! ### 
 ########  Status report at	 19:34:57:156 ------------------ ##### 
### Collision !!! ### 
 ########  Status report at	 19:34:57:173 ------------------ ##### 
### Collision !!! ### 
 ########  Status report at	 19:34:57:192 ------------------ ##### 
### Collision !!! ### 
 ########  Status report at	 19:34:57:207 ------------------ ##### 
### Collision !!! ### 
 ########  Status report at	 19:34:57:224 ------------------ ##### 
### Collision !!! ### 
 ########  Status report at	 19:34:57:246 ------------------ ##### 
### Collision !!! ### 
 ########  Status report at	 19:34:57:260 ------------------ ##### 
### Collision !!! ### 
 ########  Status report at	 19:34:57:278 ------------------ ##### 
### Collision !!! ### 
 ########  Status report at	 19:34:57:296 ------------------ ##### 
### Collision !!! ### 
 ########  Status report at	 19:34:57:312 ------------------ ##### 
### Collision !!! ### 
 ########  Status report at	 19:34:57:327 ------------------ ##### 
### Collision !!! ### 
 ########  Status report at	 19:34:57:345 ------------------ ##### 
### Collision !!! ### 
 ########  Status report at	 19:34:57:361 ------------------ ##### 
### Collision !!! ### 
 ########  Status report at	 19:34:57:390 ------------------ ##### 
### Collision !!! ### 
 ########  Status report at	 19:34:57:407 ------------------ ##### 
### Collision !!! ### 
 ########  Status report at	 19:34:57:423 ------------------ ##### 
### Collision !!! ### 
 ########  Status report at	 19:34:57:440 ------------------ ##### 
### Collision !!! ### 
 ########  Status report at	 19:34:57:457 ------------------ ##### 
### Collision !!! ### 
 ########  Status report at	 19:34:57:473 ------------------ ##### 
### Collision !!! ### 
 ########  Status report at	 19:34:57:490 ------------------ ##### 
### Collision !!! ### 
 ########  Status report at	 19:34:57:506 ------------------ ##### 
### Collision !!! ### 
 ########  Status report at	 19:34:57:523 ------------------ ##### 
### Collision !!! ### 
 ########  Status report at	 19:34:57:540 ------------------ ##### 
### Collision !!! ### 
 ########  Status report at	 19:34:57:556 ------------------ ##### 
### Collision !!! ### 
 ########  Status report at	 19:34:57:573 ------------------ ##### 
### Collision !!! ### 
 ########  Status report at	 19:34:57:590 ------------------ ##### 
### Collision !!! ### 
 ########  Status report at	 19:34:57:606 ------------------ ##### 
### Collision !!! ### 
 ########  Status report at	 19:34:57:626 ------------------ ##### 
### Collision !!! ### 
 ########  Status report at	 19:34:57:639 ------------------ ##### 
### Collision !!! ### 
 ########  Status report at	 19:34:57:656 ------------------ ##### 
### Collision !!! ### 
 ########  Status report at	 19:34:57:673 ------------------ ##### 
### Collision !!! ### 
 ########  Status report at	 19:34:57:689 ------------------ ##### 
### Collision !!! ### 
 ########  Status report at	 19:34:57:706 ------------------ ##### 
### Collision !!! ### 
 ########  Status report at	 19:34:57:722 ------------------ ##### 
### Collision !!! ### 
 ########  Status report at	 19:34:57:739 ------------------ ##### 
### Collision !!! ### 
 ########  Status report at	 19:34:57:757 ------------------ ##### 
### Collision !!! ### 
 ########  Status report at	 19:34:57:773 ------------------ ##### 
### Collision !!! ### 
 ########  Status report at	 19:34:57:791 ------------------ ##### 
### Collision !!! ### 
 ########  Status report at	 19:34:57:808 ------------------ ##### 
### Collision !!! ### 
 ########  Status report at	 19:34:57:824 ------------------ ##### 
### Collision !!! ### 
 ########  Status report at	 19:34:57:841 ------------------ ##### 
### Collision !!! ### 
 ########  Status report at	 19:34:57:857 ------------------ ##### 
### Collision !!! ### 
 ########  Status report at	 19:34:57:873 ------------------ ##### 
### Collision !!! ### 
 ########  Status report at	 19:34:57:891 ------------------ ##### 
### Collision !!! ### 
 ########  Status report at	 19:34:57:906 ------------------ ##### 
### Collision !!! ### 
 ########  Status report at	 19:34:57:923 ------------------ ##### 
### Collision !!! ### 
 ########  Status report at	 19:34:57:940 ------------------ ##### 
### Collision !!! ### 
 ########  Status report at	 19:34:57:960 ------------------ ##### 
### Collision !!! ### 
 ########  Status report at	 19:34:57:974 ------------------ ##### 
### Collision !!! ### 
 ########  Status report at	 19:34:57:991 ------------------ ##### 
### Collision !!! ### 
 ########  Status report at	 19:34:58:6 ------------------ ##### 
### Collision !!! ### 
 ########  Status report at	 19:35:9:847 ------------------ ##### 
### Collision !!! ### 
 ########  Status report at	 19:35:9:864 ------------------ ##### 
### Collision !!! ### 
 ########  Status report at	 19:35:9:880 ------------------ ##### 
### Collision !!! ### 
 ########  Status report at	 19:35:9:897 ------------------ ##### 
### Collision !!! ### 
 ########  Status report at	 19:35:9:914 ------------------ ##### 
### Collision !!! ### 
 ########  Status report at	 19:35:9:930 ------------------ ##### 
### Collision !!! ### 
 ########  Status report at	 19:35:9:947 ------------------ ##### 
### Collision !!! ### 
 ########  Status report at	 19:35:9:963 ------------------ ##### 
### Collision !!! ### 
 ########  Status report at	 19:35:9:980 ------------------ ##### 
### Collision !!! ### 
 ########  Status report at	 19:35:9:997 ------------------ ##### 
### Collision !!! ### 
 ########  Status report at	 19:35:10:13 ------------------ ##### 
### Collision !!! ### 
 ########  Status report at	 19:35:10:30 ------------------ ##### 
### Collision !!! ### 
 ########  Status report at	 19:35:10:47 ------------------ ##### 
### Collision !!! ### 
 ########  Status report at	 19:35:10:63 ------------------ ##### 
### Collision !!! ### 
 ########  Status report at	 19:35:10:80 ------------------ ##### 
### Collision !!! ### 
 ########  Status report at	 19:35:10:96 ------------------ ##### 
### Collision !!! ### 
 ########  Status report at	 19:35:10:113 ------------------ ##### 
### Collision !!! ### 
 ########  Status report at	 19:35:10:134 ------------------ ##### 
### Collision !!! ### 
 ########  Status report at	 19:35:10:147 ------------------ ##### 
### Collision !!! ### 
 ########  Status report at	 19:35:10:164 ------------------ ##### 
### Collision !!! ### 
 ########  Status report at	 19:35:10:180 ------------------ ##### 
### Collision !!! ### 
 ########  Status report at	 19:35:10:197 ------------------ ##### 
### Collision !!! ### 
 ########  Status report at	 19:35:10:214 ------------------ ##### 
### Collision !!! ### 
 ########  Status report at	 19:35:10:230 ------------------ ##### 
### Collision !!! ### 
 ########  Status report at	 19:35:10:247 ------------------ ##### 
### Collision !!! ### 
 ########  Status report at	 19:35:10:264 ------------------ ##### 
### Collision !!! ### 
 ########  Status report at	 19:35:10:280 ------------------ ##### 
### Collision !!! ### 
 ########  Status report at	 19:35:10:297 ------------------ ##### 
### Collision !!! ### 
 ########  Status report at	 19:35:10:314 ------------------ ##### 
### Collision !!! ### 
 ########  Status report at	 19:35:10:330 ------------------ ##### 
### Collision !!! ### 
 ########  Status report at	 19:35:10:347 ------------------ ##### 
### Collision !!! ### 
 ########  Status report at	 19:35:10:363 ------------------ ##### 
### Collision !!! ### 
 ########  Status report at	 19:35:10:380 ------------------ ##### 
### Collision !!! ### 
 ########  Status report at	 19:35:10:397 ------------------ ##### 
### Collision !!! ### 
 ########  Status report at	 19:35:10:413 ------------------ ##### 
### Collision !!! ### 
 ########  Status report at	 19:35:10:430 ------------------ ##### 
### Collision !!! ### 
 ########  Status report at	 19:35:10:447 ------------------ ##### 
### Collision !!! ### 
 ########  Status report at	 19:35:10:466 ------------------ ##### 
### Collision !!! ### 
 ########  Status report at	 19:35:10:480 ------------------ ##### 
### Collision !!! ### 
 ########  Status report at	 19:35:10:496 ------------------ ##### 
### Collision !!! ### 
 ########  Status report at	 19:35:17:79 ------------------ ##### 
### Collision !!! ### 
 ########  Status report at	 19:35:17:96 ------------------ ##### 
### Collision !!! ### 
 ########  Status report at	 19:35:17:112 ------------------ ##### 
### Collision !!! ### 
 ########  Status report at	 19:35:17:129 ------------------ ##### 
### Collision !!! ### 
 ########  Status report at	 19:35:17:145 ------------------ ##### 
### Collision !!! ### 
 ########  Status report at	 19:35:17:162 ------------------ ##### 
### Collision !!! ### 
 ########  Status report at	 19:35:17:179 ------------------ ##### 
### Collision !!! ### 
 ########  Status report at	 19:35:17:195 ------------------ ##### 
### Collision !!! ### 
 ########  Status report at	 19:35:17:213 ------------------ ##### 
### Collision !!! ### 
 ########  Status report at	 19:35:17:229 ------------------ ##### 
### Collision !!! ### 
 ########  Status report at	 19:35:17:246 ------------------ ##### 
### Collision !!! ### 
 ########  Status report at	 19:35:17:263 ------------------ ##### 
### Collision !!! ### 
 ########  Status report at	 19:35:17:279 ------------------ ##### 
### Collision !!! ### 
 ########  Status report at	 19:35:17:296 ------------------ ##### 
### Collision !!! ### 
 ########  Status report at	 19:35:17:346 ------------------ ##### 
### Collision !!! ### 
 ########  Status report at	 19:35:27:249 ------------------ ##### 
### Collision !!! ### 
 ########  Status report at	 19:35:27:280 ------------------ ##### 
### Collision !!! ### 
 ########  Status report at	 19:35:27:302 ------------------ ##### 
### Collision !!! ### 
 ########  Status report at	 19:35:27:330 ------------------ ##### 
### Collision !!! ### 
 ########  Status report at	 19:35:27:349 ------------------ ##### 
### Collision !!! ### 
 ########  Status report at	 19:35:27:361 ------------------ ##### 
### Collision !!! ### 
 ########  Status report at	 19:35:27:374 ------------------ ##### 
### Collision !!! ### 
 ########  Status report at	 19:35:27:390 ------------------ ##### 
### Collision !!! ### 
 ########  Status report at	 19:35:27:408 ------------------ ##### 
### Collision !!! ### 
 ########  Status report at	 19:35:27:424 ------------------ ##### 
### Collision !!! ### 
 ########  Status report at	 19:35:27:492 ------------------ ##### 
### Collision !!! ### 
 ########  Status report at	 19:35:27:509 ------------------ ##### 
### Collision !!! ### 
 ########  Status report at	 19:35:27:527 ------------------ ##### 
### Collision !!! ### 
 ########  Status report at	 19:35:27:547 ------------------ ##### 
### Collision !!! ### 
 ########  Status report at	 19:35:27:559 ------------------ ##### 
### Collision !!! ### 
 ########  Status report at	 19:35:27:576 ------------------ ##### 
### Collision !!! ### 
 ########  Status report at	 19:35:27:592 ------------------ ##### 
### Collision !!! ### 
 ########  Status report at	 19:35:27:610 ------------------ ##### 
### Collision !!! ### 
 ########  Status report at	 19:35:27:624 ------------------ ##### 
### Collision !!! ### 
 ########  Status report at	 19:35:27:641 ------------------ ##### 
### Collision !!! ### 
 ########  Status report at	 19:35:27:657 ------------------ ##### 
### Collision !!! ### 
 ########  Status report at	 19:35:27:674 ------------------ ##### 
### Collision !!! ### 
 ########  Status report at	 19:35:27:691 ------------------ ##### 
### Collision !!! ### 
 ########  Status report at	 19:35:27:759 ------------------ ##### 
### Collision !!! ### 
 ########  Status report at	 19:35:27:780 ------------------ ##### 
### Collision !!! ### 
 ########  Status report at	 19:35:27:799 ------------------ ##### 
### Collision !!! ### 
 ########  Status report at	 19:35:27:825 ------------------ ##### 
### Collision !!! ### 
 ########  Status report at	 19:35:27:842 ------------------ ##### 
### Collision !!! ### 
 ########  Status report at	 19:35:27:859 ------------------ ##### 
### Collision !!! ### 
 ########  Status report at	 19:35:27:875 ------------------ ##### 
### Collision !!! ### 
 ########  Status report at	 19:35:27:891 ------------------ ##### 
### Collision !!! ### 
 ########  Status report at	 19:35:27:908 ------------------ ##### 
### Collision !!! ### 
 ########  Status report at	 19:35:27:924 ------------------ ##### 
### Collision !!! ### 
 ########  Status report at	 19:35:27:941 ------------------ ##### 
### Collision !!! ### 
 ########  Status report at	 19:35:27:958 ------------------ ##### 
### Collision !!! ### 
 ########  Status report at	 19:35:28:26 ------------------ ##### 
### Collision !!! ### 
 ########  Status report at	 19:35:28:42 ------------------ ##### 
### Collision !!! ### 
 ########  Status report at	 19:35:28:58 ------------------ ##### 
### Collision !!! ### 
 ########  Status report at	 19:35:28:74 ------------------ ##### 
### Collision !!! ### 
 ########  Status report at	 19:35:28:91 ------------------ ##### 
### Collision !!! ### 
 ########  Status report at	 19:35:28:112 ------------------ ##### 
### Collision !!! ### 
 ########  Status report at	 19:35:28:124 ------------------ ##### 
### Collision !!! ### 
 ########  Status report at	 19:35:28:141 ------------------ ##### 
### Collision !!! ### 
 ########  Status report at	 19:35:28:157 ------------------ ##### 
### Collision !!! ### 
 ########  Status report at	 19:35:28:178 ------------------ ##### 
### Collision !!! ### 
 ########  Status report at	 19:35:28:191 ------------------ ##### 
### Collision !!! ### 
 ########  Status report at	 19:35:28:261 ------------------ ##### 
### Collision !!! ### 
 ########  Status report at	 19:35:28:279 ------------------ ##### 
### Collision !!! ### 
 ########  Status report at	 19:35:28:294 ------------------ ##### 
### Collision !!! ### 
 ########  Status report at	 19:35:28:310 ------------------ ##### 
### Collision !!! ### 
 ########  Status report at	 19:35:28:326 ------------------ ##### 
### Collision !!! ### 
 ########  Status report at	 19:35:28:342 ------------------ ##### 
### Collision !!! ### 
 ########  Status report at	 19:35:28:359 ------------------ ##### 
### Collision !!! ### 
 ########  Status report at	 19:35:28:376 ------------------ ##### 
### Collision !!! ### 
 ########  Status report at	 19:35:28:391 ------------------ ##### 
### Collision !!! ### 
 ########  Status report at	 19:35:28:408 ------------------ ##### 
### Collision !!! ### 
 ########  Status report at	 19:35:28:424 ------------------ ##### 
### Collision !!! ### 
 ########  Status report at	 19:35:28:441 ------------------ ##### 
### Collision !!! ### 
 ########  Status report at	 19:35:28:457 ------------------ ##### 
### Collision !!! ### 
 ########  Status report at	 19:35:28:531 ------------------ ##### 
### Collision !!! ### 
 ########  Status report at	 19:35:28:548 ------------------ ##### 
### Collision !!! ### 
 ########  Status report at	 19:35:28:569 ------------------ ##### 
### Collision !!! ### 
 ########  Status report at	 19:35:28:592 ------------------ ##### 
### Collision !!! ### 
 ########  Status report at	 19:35:28:609 ------------------ ##### 
### Collision !!! ### 
 ########  Status report at	 19:35:28:629 ------------------ ##### 
### Collision !!! ### 
 ########  Status report at	 19:35:28:642 ------------------ ##### 
### Collision !!! ### 
 ########  Status report at	 19:35:28:659 ------------------ ##### 
### Collision !!! ### 
 ########  Status report at	 19:35:28:675 ------------------ ##### 
### Collision !!! ### 
 ########  Status report at	 19:35:28:691 ------------------ ##### 
### Collision !!! ### 
 ########  Status report at	 19:35:28:708 ------------------ ##### 
### Collision !!! ### 
 ########  Status report at	 19:35:28:725 ------------------ ##### 
### Collision !!! ### 
 ########  Status report at	 19:35:28:797 ------------------ ##### 
### Collision !!! ### 
 ########  Status report at	 19:35:28:827 ------------------ ##### 
### Collision !!! ### 
 ########  Status report at	 19:35:28:847 ------------------ ##### 
### Collision !!! ### 
 ########  Status report at	 19:35:28:865 ------------------ ##### 
### Collision !!! ### 
 ########  Status report at	 19:35:28:885 ------------------ ##### 
### Collision !!! ### 
 ########  Status report at	 19:35:28:909 ------------------ ##### 
### Collision !!! ### 
 ########  Status report at	 19:35:28:927 ------------------ ##### 
### Collision !!! ### 
 ########  Status report at	 19:35:28:942 ------------------ ##### 
### Collision !!! ### 
 ########  Status report at	 19:35:28:958 ------------------ ##### 
### Collision !!! ### 
 ########  Status report at	 19:35:28:975 ------------------ ##### 
### Collision !!! ### 
 ########  Status report at	 19:35:28:991 ------------------ ##### 
### Collision !!! ### 
 ########  Status report at	 19:35:29:62 ------------------ ##### 
### Collision !!! ### 
 ########  Status report at	 19:35:29:93 ------------------ ##### 
### Collision !!! ### 
 ########  Status report at	 19:35:29:130 ------------------ ##### 
### Collision !!! ### 
 ########  Status report at	 19:35:29:150 ------------------ ##### 
### Collision !!! ### 
 ########  Status report at	 19:35:29:169 ------------------ ##### 
### Collision !!! ### 
 ########  Status report at	 19:35:29:195 ------------------ ##### 
### Collision !!! ### 
 ########  Status report at	 19:35:29:211 ------------------ ##### 
### Collision !!! ### 
 ########  Status report at	 19:35:29:228 ------------------ ##### 
### Collision !!! ### 
 ########  Status report at	 19:35:29:245 ------------------ ##### 
### Collision !!! ### 
 ########  Status report at	 19:35:29:261 ------------------ ##### 
### Collision !!! ### 
 ########  Status report at	 19:35:29:278 ------------------ ##### 
### Collision !!! ### 
 ########  Status report at	 19:35:29:295 ------------------ ##### 
### Collision !!! ### 
 ########  Status report at	 19:35:29:311 ------------------ ##### 
### Collision !!! ### 
 ########  Status report at	 19:35:29:328 ------------------ ##### 
### Collision !!! ### 
 ########  Status report at	 19:35:29:344 ------------------ ##### 
### Collision !!! ### 
 ########  Status report at	 19:35:29:362 ------------------ ##### 
### Collision !!! ### 
 ########  Status report at	 19:35:29:379 ------------------ ##### 
### Collision !!! ### 
 ########  Status report at	 19:35:29:396 ------------------ ##### 
### Collision !!! ### 
 ########  Status report at	 19:35:29:466 ------------------ ##### 
### Collision !!! ### 
 ########  Status report at	 19:35:29:496 ------------------ ##### 
### Collision !!! ### 
 ########  Status report at	 19:35:29:513 ------------------ ##### 
### Collision !!! ### 
 ########  Status report at	 19:35:29:530 ------------------ ##### 
### Collision !!! ### 
 ########  Status report at	 19:35:29:546 ------------------ ##### 
### Collision !!! ### 
 ########  Status report at	 19:35:29:562 ------------------ ##### 
### Collision !!! ### 
 ########  Status report at	 19:35:29:578 ------------------ ##### 
### Collision !!! ### 
 ########  Status report at	 19:35:29:595 ------------------ ##### 
### Collision !!! ### 
 ########  Status report at	 19:35:29:615 ------------------ ##### 
### Collision !!! ### 
 ########  Status report at	 19:35:29:687 ------------------ ##### 
### Collision !!! ### 
 ########  Status report at	 19:35:29:753 ------------------ ##### 
### Collision !!! ### 
 ########  Status report at	 19:35:29:781 ------------------ ##### 
### Collision !!! ### 
 ########  Status report at	 19:35:29:818 ------------------ ##### 
### Collision !!! ### 
 ########  Status report at	 19:35:29:835 ------------------ ##### 
### Collision !!! ### 
 ########  Status report at	 19:35:29:849 ------------------ ##### 
### Collision !!! ### 
 ########  Status report at	 19:35:29:864 ------------------ ##### 
### Collision !!! ### 
 ########  Status report at	 19:35:29:879 ------------------ ##### 
### Collision !!! ### 
 ########  Status report at	 19:35:29:898 ------------------ ##### 
### Collision !!! ### 
 ########  Status report at	 19:35:29:914 ------------------ ##### 
### Collision !!! ### 
 ########  Status report at	 19:35:29:931 ------------------ ##### 
### Collision !!! ### 
 ########  Status report at	 19:35:29:945 ------------------ ##### 
### Collision !!! ### 
 ########  Status report at	 19:35:29:964 ------------------ ##### 
### Collision !!! ### 
 ########  Status report at	 19:35:29:978 ------------------ ##### 
### Collision !!! ### 
 ########  Status report at	 19:35:29:997 ------------------ ##### 
### Collision !!! ### 
 ########  Status report at	 19:35:30:15 ------------------ ##### 
### Collision !!! ### 
 ########  Status report at	 19:35:42:365 ------------------ ##### 
### Collision !!! ### 
 ########  Status report at	 19:35:42:565 ------------------ ##### 
### Collision !!! ### 
 ########  Status report at	 19:35:42:765 ------------------ ##### 
### Collision !!! ### 
 ########  Status report at	 19:35:42:965 ------------------ ##### 
### Collision !!! ### 
 ########  Status report at	 19:35:43:165 ------------------ ##### 
### Collision !!! ### 
 ########  Status report at	 19:35:43:365 ------------------ ##### 
### Collision !!! ### 
 ########  Status report at	 19:35:43:565 ------------------ ##### 
### Collision !!! ### 
 ########  Status report at	 19:35:43:765 ------------------ ##### 
### Collision !!! ### 
 ########  Status report at	 19:35:43:965 ------------------ ##### 
### Collision !!! ### 
 ########  Status report at	 19:35:44:165 ------------------ ##### 
### Collision !!! ### 
 ########  Status report at	 19:35:44:365 ------------------ ##### 
### Collision !!! ### 
 ########  Status report at	 19:35:44:565 ------------------ ##### 
### Collision !!! ### 
 ########  Status report at	 19:35:44:765 ------------------ ##### 
### Collision !!! ### 
 ########  Status report at	 19:35:44:965 ------------------ ##### 
### Collision !!! ### 
 ########  Status report at	 19:35:45:165 ------------------ ##### 
### Collision !!! ### 
 ########  Status report at	 19:35:45:365 ------------------ ##### 
### Collision !!! ### 
 ########  Status report at	 19:35:45:565 ------------------ ##### 
### Collision !!! ### 
 ########  Status report at	 19:35:45:765 ------------------ ##### 
### Collision !!! ### 
 ########  Status report at	 19:35:45:965 ------------------ ##### 
### Collision !!! ### 
 ########  Status report at	 19:35:46:165 ------------------ ##### 
### Collision !!! ### 
 ########  Status report at	 19:35:47:165 ------------------ ##### 
### Collision !!! ### 
 ########  Status report at	 19:35:47:365 ------------------ ##### 
### Collision !!! ### 
 ########  Status report at	 19:35:50:367 ------------------ ##### 
### Collision !!! ### 
 ########  Status report at	 19:35:50:569 ------------------ ##### 
### Collision !!! ### 
 ########  Status report at	 19:35:50:768 ------------------ ##### 
### Collision !!! ### 
 ########  Status report at	 19:35:50:968 ------------------ ##### 
### Collision !!! ### 
 ########  Status report at	 19:35:51:168 ------------------ ##### 
### Collision !!! ### 
 ########  Status report at	 19:35:51:568 ------------------ ##### 
### Collision !!! ### 
 ########  Status report at	 19:35:51:768 ------------------ ##### 
### Collision !!! ### 
 ########  Status report at	 19:35:51:968 ------------------ ##### 
### Collision !!! ### 
 ########  Status report at	 19:35:52:168 ------------------ ##### 
### Collision !!! ### 
 ########  Status report at	 19:35:52:368 ------------------ ##### 
### Collision !!! ### 
 ########  Status report at	 19:35:52:568 ------------------ ##### 
### Collision !!! ### 
 ########  Status report at	 19:35:52:769 ------------------ ##### 
### Collision !!! ### 
 ########  Status report at	 19:35:52:969 ------------------ ##### 
### Collision !!! ### 
 ########  Status report at	 19:35:53:169 ------------------ ##### 
### Collision !!! ### 
 ########  Status report at	 19:35:53:369 ------------------ ##### 
### Collision !!! ### 
 ########  Status report at	 19:35:53:568 ------------------ ##### 
### Collision !!! ### 
 ########  Status report at	 19:35:53:769 ------------------ ##### 
### Collision !!! ### 
 ########  Status report at	 19:35:53:969 ------------------ ##### 
### Collision !!! ### 
 ########  Status report at	 19:35:54:169 ------------------ ##### 
### Collision !!! ### 
 