# Game Session ID 
38 
### Session Start ### 
########  Status report at	 17:46:42:105 ------------------ ##### 
### Collision !!! ### 
 ########  Status report at	 17:46:42:122 ------------------ ##### 
### Collision !!! ### 
 ########  Status report at	 17:46:42:138 ------------------ ##### 
### Collision !!! ### 
 ########  Status report at	 17:46:42:155 ------------------ ##### 
### Collision !!! ### 
 ########  Status report at	 17:46:42:171 ------------------ ##### 
### Collision !!! ### 
 ########  Status report at	 17:46:42:188 ------------------ ##### 
### Collision !!! ### 
 ########  Status report at	 17:46:42:205 ------------------ ##### 
### Collision !!! ### 
 ########  Status report at	 17:46:42:221 ------------------ ##### 
### Collision !!! ### 
 ########  Status report at	 17:46:42:238 ------------------ ##### 
### Collision !!! ### 
 ########  Status report at	 17:46:42:254 ------------------ ##### 
### Collision !!! ### 
 ########  Status report at	 17:46:42:271 ------------------ ##### 
### Collision !!! ### 
 ########  Status report at	 17:46:42:288 ------------------ ##### 
### Collision !!! ### 
 ########  Status report at	 17:46:42:305 ------------------ ##### 
### Collision !!! ### 
 ########  Status report at	 17:46:42:322 ------------------ ##### 
### Collision !!! ### 
 ########  Status report at	 17:46:42:339 ------------------ ##### 
### Collision !!! ### 
 ########  Status report at	 17:46:42:355 ------------------ ##### 
### Collision !!! ### 
 ########  Status report at	 17:46:42:372 ------------------ ##### 
### Collision !!! ### 
 ########  Status report at	 17:46:42:389 ------------------ ##### 
### Collision !!! ### 
 ########  Status report at	 17:46:42:405 ------------------ ##### 
### Collision !!! ### 
 ########  Status report at	 17:46:42:422 ------------------ ##### 
### Collision !!! ### 
 ########  Status report at	 17:46:42:438 ------------------ ##### 
### Collision !!! ### 
 ########  Status report at	 17:46:42:455 ------------------ ##### 
### Collision !!! ### 
 ########  Status report at	 17:46:42:472 ------------------ ##### 
### Collision !!! ### 
 ########  Status report at	 17:46:42:488 ------------------ ##### 
### Collision !!! ### 
 ########  Status report at	 17:46:42:505 ------------------ ##### 
### Collision !!! ### 
 ########  Status report at	 17:46:42:522 ------------------ ##### 
### Collision !!! ### 
 ########  Status report at	 17:46:42:538 ------------------ ##### 
### Collision !!! ### 
 ########  Status report at	 17:46:42:555 ------------------ ##### 
### Collision !!! ### 
 ########  Status report at	 17:46:42:571 ------------------ ##### 
### Collision !!! ### 
 ########  Status report at	 17:46:42:588 ------------------ ##### 
### Collision !!! ### 
 ########  Status report at	 17:46:42:605 ------------------ ##### 
### Collision !!! ### 
 ########  Status report at	 17:46:42:621 ------------------ ##### 
### Collision !!! ### 
 ########  Status report at	 17:46:42:638 ------------------ ##### 
### Collision !!! ### 
 ########  Status report at	 17:46:42:654 ------------------ ##### 
### Collision !!! ### 
 ########  Status report at	 17:46:42:671 ------------------ ##### 
### Collision !!! ### 
 ########  Status report at	 17:46:42:688 ------------------ ##### 
### Collision !!! ### 
 ########  Status report at	 17:46:42:705 ------------------ ##### 
### Collision !!! ### 
 ########  Status report at	 17:46:42:722 ------------------ ##### 
### Collision !!! ### 
 ########  Status report at	 17:46:42:739 ------------------ ##### 
### Collision !!! ### 
 ########  Status report at	 17:46:42:755 ------------------ ##### 
### Collision !!! ### 
 ########  Status report at	 17:46:42:772 ------------------ ##### 
### Collision !!! ### 
 ########  Status report at	 17:46:42:789 ------------------ ##### 
### Collision !!! ### 
 ########  Status report at	 17:46:42:805 ------------------ ##### 
### Collision !!! ### 
 ########  Status report at	 17:46:42:822 ------------------ ##### 
### Collision !!! ### 
 ########  Status report at	 17:46:42:838 ------------------ ##### 
### Collision !!! ### 
 ########  Status report at	 17:46:42:855 ------------------ ##### 
### Collision !!! ### 
 ########  Status report at	 17:46:42:872 ------------------ ##### 
### Collision !!! ### 
 ########  Status report at	 17:46:42:888 ------------------ ##### 
### Collision !!! ### 
 ########  Status report at	 17:46:42:905 ------------------ ##### 
### Collision !!! ### 
 ########  Status report at	 17:46:42:922 ------------------ ##### 
### Collision !!! ### 
 ########  Status report at	 17:46:42:938 ------------------ ##### 
### Collision !!! ### 
 ########  Status report at	 17:46:42:955 ------------------ ##### 
### Collision !!! ### 
 ########  Status report at	 17:46:42:971 ------------------ ##### 
### Collision !!! ### 
 ########  Status report at	 17:46:42:988 ------------------ ##### 
### Collision !!! ### 
 ########  Status report at	 17:46:43:5 ------------------ ##### 
### Collision !!! ### 
 ########  Status report at	 17:46:43:21 ------------------ ##### 
### Collision !!! ### 
 ########  Status report at	 17:46:43:38 ------------------ ##### 
### Collision !!! ### 
 ########  Status report at	 17:46:43:56 ------------------ ##### 
### Collision !!! ### 
 ########  Status report at	 17:46:43:72 ------------------ ##### 
### Collision !!! ### 
 ########  Status report at	 17:46:43:89 ------------------ ##### 
### Collision !!! ### 
 ########  Status report at	 17:46:43:105 ------------------ ##### 
### Collision !!! ### 
 ########  Status report at	 17:46:43:122 ------------------ ##### 
### Collision !!! ### 
 ########  Status report at	 17:46:43:139 ------------------ ##### 
### Collision !!! ### 
 ########  Status report at	 17:46:43:155 ------------------ ##### 
### Collision !!! ### 
 ########  Status report at	 17:46:43:172 ------------------ ##### 
### Collision !!! ### 
 ########  Status report at	 17:46:43:188 ------------------ ##### 
### Collision !!! ### 
 ########  Status report at	 17:46:43:205 ------------------ ##### 
### Collision !!! ### 
 ########  Status report at	 17:46:43:222 ------------------ ##### 
### Collision !!! ### 
 ########  Status report at	 17:46:43:238 ------------------ ##### 
### Collision !!! ### 
 ########  Status report at	 17:46:43:255 ------------------ ##### 
### Collision !!! ### 
 ########  Status report at	 17:46:43:272 ------------------ ##### 
### Collision !!! ### 
 ########  Status report at	 17:46:43:288 ------------------ ##### 
### Collision !!! ### 
 ########  Status report at	 17:46:43:305 ------------------ ##### 
### Collision !!! ### 
 ########  Status report at	 17:46:43:322 ------------------ ##### 
### Collision !!! ### 
 ########  Status report at	 17:46:43:338 ------------------ ##### 
### Collision !!! ### 
 ########  Status report at	 17:46:43:355 ------------------ ##### 
### Collision !!! ### 
 ########  Status report at	 17:46:43:371 ------------------ ##### 
### Collision !!! ### 
 ########  Status report at	 17:46:43:388 ------------------ ##### 
### Collision !!! ### 
 ########  Status report at	 17:46:43:405 ------------------ ##### 
### Collision !!! ### 
 ########  Status report at	 17:46:43:422 ------------------ ##### 
### Collision !!! ### 
 ########  Status report at	 17:46:43:438 ------------------ ##### 
### Collision !!! ### 
 ########  Status report at	 17:46:43:455 ------------------ ##### 
### Collision !!! ### 
 ########  Status report at	 17:46:43:472 ------------------ ##### 
### Collision !!! ### 
 ########  Status report at	 17:46:43:489 ------------------ ##### 
### Collision !!! ### 
 ########  Status report at	 17:46:43:505 ------------------ ##### 
### Collision !!! ### 
 ########  Status report at	 17:46:43:522 ------------------ ##### 
### Collision !!! ### 
 ########  Status report at	 17:46:43:539 ------------------ ##### 
### Collision !!! ### 
 ########  Status report at	 17:46:43:555 ------------------ ##### 
### Collision !!! ### 
 ########  Status report at	 17:46:43:572 ------------------ ##### 
### Collision !!! ### 
 ########  Status report at	 17:46:43:588 ------------------ ##### 
### Collision !!! ### 
 ########  Status report at	 17:46:43:605 ------------------ ##### 
### Collision !!! ### 
 ########  Status report at	 17:46:43:622 ------------------ ##### 
### Collision !!! ### 
 ########  Status report at	 17:46:43:638 ------------------ ##### 
### Collision !!! ### 
 ########  Status report at	 17:46:43:655 ------------------ ##### 
### Collision !!! ### 
 ########  Status report at	 17:46:43:672 ------------------ ##### 
### Collision !!! ### 
 ########  Status report at	 17:46:43:688 ------------------ ##### 
### Collision !!! ### 
 ########  Status report at	 17:46:43:705 ------------------ ##### 
### Collision !!! ### 
 ########  Status report at	 17:46:43:721 ------------------ ##### 
### Collision !!! ### 
 ########  Status report at	 17:46:43:739 ------------------ ##### 
### Collision !!! ### 
 ########  Status report at	 17:46:43:755 ------------------ ##### 
### Collision !!! ### 
 ########  Status report at	 17:46:43:771 ------------------ ##### 
### Collision !!! ### 
 ########  Status report at	 17:46:43:788 ------------------ ##### 
### Collision !!! ### 
 ########  Status report at	 17:46:43:806 ------------------ ##### 
### Collision !!! ### 
 ########  Status report at	 17:46:43:822 ------------------ ##### 
### Collision !!! ### 
 ########  Status report at	 17:46:43:839 ------------------ ##### 
### Collision !!! ### 
 ########  Status report at	 17:46:43:856 ------------------ ##### 
### Collision !!! ### 
 ########  Status report at	 17:46:43:872 ------------------ ##### 
### Collision !!! ### 
 ########  Status report at	 17:46:43:889 ------------------ ##### 
### Collision !!! ### 
 ########  Status report at	 17:46:43:905 ------------------ ##### 
### Collision !!! ### 
 ########  Status report at	 17:46:43:922 ------------------ ##### 
### Collision !!! ### 
 ########  Status report at	 17:46:43:939 ------------------ ##### 
### Collision !!! ### 
 ########  Status report at	 17:46:43:955 ------------------ ##### 
### Collision !!! ### 
 ########  Status report at	 17:46:43:972 ------------------ ##### 
### Collision !!! ### 
 ########  Status report at	 17:46:43:988 ------------------ ##### 
### Collision !!! ### 
 ########  Status report at	 17:46:44:5 ------------------ ##### 
### Collision !!! ### 
 ########  Status report at	 17:46:51:671 ------------------ ##### 
### Collision !!! ### 
 ########  Status report at	 17:46:51:688 ------------------ ##### 
### Collision !!! ### 
 ########  Status report at	 17:46:51:704 ------------------ ##### 
### Collision !!! ### 
 ########  Status report at	 17:46:51:721 ------------------ ##### 
### Collision !!! ### 
 ########  Status report at	 17:46:51:738 ------------------ ##### 
### Collision !!! ### 
 ########  Status report at	 17:46:54:838 ------------------ ##### 
### Collision !!! ### 
 ########  Status report at	 17:46:54:854 ------------------ ##### 
### Collision !!! ### 
 ########  Status report at	 17:46:54:872 ------------------ ##### 
### Collision !!! ### 
 ########  Status report at	 17:46:54:889 ------------------ ##### 
### Collision !!! ### 
 ########  Status report at	 17:46:54:904 ------------------ ##### 
### Collision !!! ### 
 ########  Status report at	 17:46:54:922 ------------------ ##### 
### Collision !!! ### 
 ########  Status report at	 17:46:54:938 ------------------ ##### 
### Collision !!! ### 
 ########  Status report at	 17:46:54:955 ------------------ ##### 
### Collision !!! ### 
 ########  Status report at	 17:46:54:972 ------------------ ##### 
### Collision !!! ### 
 ########  Status report at	 17:46:54:988 ------------------ ##### 
### Collision !!! ### 
 ########  Status report at	 17:46:55:5 ------------------ ##### 
### Collision !!! ### 
 ########  Status report at	 17:46:55:21 ------------------ ##### 
### Collision !!! ### 
 ########  Status report at	 17:46:55:38 ------------------ ##### 
### Collision !!! ### 
 ########  Status report at	 17:46:55:55 ------------------ ##### 
### Collision !!! ### 
 ########  Status report at	 17:46:55:71 ------------------ ##### 
### Collision !!! ### 
 ########  Status report at	 17:46:55:88 ------------------ ##### 
### Collision !!! ### 
 ########  Status report at	 17:47:1:72 ------------------ ##### 
### Collision !!! ### 
 ########  Status report at	 17:47:1:89 ------------------ ##### 
### Collision !!! ### 
 ########  Status report at	 17:47:1:105 ------------------ ##### 
### Collision !!! ### 
 ########  Status report at	 17:47:1:122 ------------------ ##### 
### Collision !!! ### 
 ########  Status report at	 17:47:1:139 ------------------ ##### 
### Collision !!! ### 
 ########  Status report at	 17:47:1:155 ------------------ ##### 
### Collision !!! ### 
 ########  Status report at	 17:47:1:172 ------------------ ##### 
### Collision !!! ### 
 ########  Status report at	 17:47:1:188 ------------------ ##### 
### Collision !!! ### 
 ########  Status report at	 17:47:1:205 ------------------ ##### 
### Collision !!! ### 
 ########  Status report at	 17:47:1:223 ------------------ ##### 
### Collision !!! ### 
 ########  Status report at	 17:47:1:239 ------------------ ##### 
### Collision !!! ### 
 ########  Status report at	 17:47:1:265 ------------------ ##### 
### Collision !!! ### 
 ########  Status report at	 17:47:1:273 ------------------ ##### 
### Collision !!! ### 
 ########  Status report at	 17:47:1:299 ------------------ ##### 
### Collision !!! ### 
 ########  Status report at	 17:47:1:339 ------------------ ##### 
### Collision !!! ### 
 