# Game Session ID 
11 
### Session Start ### 
########  Status at	 19:44:48:244 ------------------ ##### 
### Collision !!! ### 
 ########  Status at	 19:44:48:261 ------------------ ##### 
### Collision !!! ### 
 ########  Status at	 19:44:48:277 ------------------ ##### 
### Collision !!! ### 
 ########  Status at	 19:44:48:294 ------------------ ##### 
### Collision !!! ### 
 ########  Status at	 19:44:48:311 ------------------ ##### 
### Collision !!! ### 
 ########  Status at	 19:44:48:327 ------------------ ##### 
### Collision !!! ### 
 ########  Status at	 19:44:48:344 ------------------ ##### 
### Collision !!! ### 
 ########  Status at	 19:44:48:361 ------------------ ##### 
### Collision !!! ### 
 ########  Status at	 19:44:48:377 ------------------ ##### 
### Collision !!! ### 
 ########  Status at	 19:44:48:394 ------------------ ##### 
### Collision !!! ### 
 ########  Status at	 19:44:48:411 ------------------ ##### 
### Collision !!! ### 
 ########  Status at	 19:44:48:428 ------------------ ##### 
### Collision !!! ### 
 ########  Status at	 19:44:48:445 ------------------ ##### 
### Collision !!! ### 
 ########  Status at	 19:44:48:461 ------------------ ##### 
### Collision !!! ### 
 ########  Status at	 19:44:48:478 ------------------ ##### 
### Collision !!! ### 
 ########  Status at	 19:44:48:494 ------------------ ##### 
### Collision !!! ### 
 ########  Status at	 19:44:48:544 ------------------ ##### 
### Collision !!! ### 
 ########  Status at	 19:44:59:426 ------------------ ##### 
### Collision !!! ### 
 ########  Status at	 19:44:59:442 ------------------ ##### 
### Collision !!! ### 
 ########  Status at	 19:44:59:458 ------------------ ##### 
### Collision !!! ### 
 ########  Status at	 19:44:59:476 ------------------ ##### 
### Collision !!! ### 
 ########  Status at	 19:44:59:493 ------------------ ##### 
### Collision !!! ### 
 ########  Status at	 19:44:59:509 ------------------ ##### 
### Collision !!! ### 
 ########  Status at	 19:44:59:526 ------------------ ##### 
### Collision !!! ### 
 ########  Status at	 19:44:59:542 ------------------ ##### 
### Collision !!! ### 
 ########  Status at	 19:44:59:559 ------------------ ##### 
### Collision !!! ### 
 ########  Status at	 19:44:59:576 ------------------ ##### 
### Collision !!! ### 
 ########  Status at	 19:44:59:592 ------------------ ##### 
### Collision !!! ### 
 ########  Status at	 19:44:59:609 ------------------ ##### 
### Collision !!! ### 
 ########  Status at	 19:44:59:626 ------------------ ##### 
### Collision !!! ### 
 ########  Status at	 19:45:2:709 ------------------ ##### 
### Collision !!! ### 
 ########  Status at	 19:45:2:726 ------------------ ##### 
### Collision !!! ### 
 ########  Status at	 19:45:4:855 ------------------ ##### 
### Collision !!! ### 
 ########  Status at	 19:45:4:872 ------------------ ##### 
### Collision !!! ### 
 ########  Status at	 19:45:4:889 ------------------ ##### 
### Collision !!! ### 
 ########  Status at	 19:45:4:906 ------------------ ##### 
### Collision !!! ### 
 ########  Status at	 19:45:4:922 ------------------ ##### 
### Collision !!! ### 
 ########  Status at	 19:45:4:939 ------------------ ##### 
### Collision !!! ### 
 ########  Status at	 19:45:4:955 ------------------ ##### 
### Collision !!! ### 
 ########  Status at	 19:45:4:972 ------------------ ##### 
### Collision !!! ### 
 ########  Status at	 19:45:4:989 ------------------ ##### 
### Collision !!! ### 
 ########  Status at	 19:45:5:6 ------------------ ##### 
### Collision !!! ### 
 ########  Status at	 19:45:5:23 ------------------ ##### 
### Collision !!! ### 
 ########  Status at	 19:45:5:40 ------------------ ##### 
### Collision !!! ### 
 ########  Status at	 19:45:5:56 ------------------ ##### 
### Collision !!! ### 
 ########  Status at	 19:45:5:73 ------------------ ##### 
### Collision !!! ### 
 ########  Status at	 19:45:5:89 ------------------ ##### 
### Collision !!! ### 
 ########  Status at	 19:45:5:106 ------------------ ##### 
### Collision !!! ### 
 ########  Status at	 19:45:5:125 ------------------ ##### 
### Collision !!! ### 
 ########  Status at	 19:45:5:139 ------------------ ##### 
### Collision !!! ### 
 ########  Status at	 19:45:5:156 ------------------ ##### 
### Collision !!! ### 
 ########  Status at	 19:45:5:172 ------------------ ##### 
### Collision !!! ### 
 ########  Status at	 19:45:5:189 ------------------ ##### 
### Collision !!! ### 
 ########  Status at	 19:45:5:206 ------------------ ##### 
### Collision !!! ### 
 ########  Status at	 19:45:5:222 ------------------ ##### 
### Collision !!! ### 
 ########  Status at	 19:45:5:239 ------------------ ##### 
### Collision !!! ### 
 ########  Status at	 19:45:5:256 ------------------ ##### 
### Collision !!! ### 
 ########  Status at	 19:45:5:272 ------------------ ##### 
### Collision !!! ### 
 ########  Status at	 19:45:5:289 ------------------ ##### 
### Collision !!! ### 
 ########  Status at	 19:45:5:305 ------------------ ##### 
### Collision !!! ### 
 ########  Status at	 19:45:5:322 ------------------ ##### 
### Collision !!! ### 
 ########  Status at	 19:45:5:339 ------------------ ##### 
### Collision !!! ### 
 ########  Status at	 19:45:5:355 ------------------ ##### 
### Collision !!! ### 
 ########  Status at	 19:45:5:372 ------------------ ##### 
### Collision !!! ### 
 ########  Status at	 19:45:5:389 ------------------ ##### 
### Collision !!! ### 
 ########  Status at	 19:45:5:406 ------------------ ##### 
### Collision !!! ### 
 ########  Status at	 19:45:5:423 ------------------ ##### 
### Collision !!! ### 
 ########  Status at	 19:45:5:439 ------------------ ##### 
### Collision !!! ### 
 ########  Status at	 19:45:5:456 ------------------ ##### 
### Collision !!! ### 
 ########  Status at	 19:45:5:473 ------------------ ##### 
### Collision !!! ### 
 ########  Status at	 19:45:5:489 ------------------ ##### 
### Collision !!! ### 
 ########  Status at	 19:45:5:506 ------------------ ##### 
### Collision !!! ### 
 ########  Status at	 19:45:5:523 ------------------ ##### 
### Collision !!! ### 
 ########  Status at	 19:45:5:539 ------------------ ##### 
### Collision !!! ### 
 ########  Status at	 19:45:9:79 ------------------ ##### 
### Collision !!! ### 
 ########  Status at	 19:45:9:96 ------------------ ##### 
### Collision !!! ### 
 ########  Status at	 19:45:9:114 ------------------ ##### 
### Collision !!! ### 
 ########  Status at	 19:45:9:129 ------------------ ##### 
### Collision !!! ### 
 ########  Status at	 19:45:9:146 ------------------ ##### 
### Collision !!! ### 
 ########  Status at	 19:45:9:162 ------------------ ##### 
### Collision !!! ### 
 ########  Status at	 19:45:9:179 ------------------ ##### 
### Collision !!! ### 
 ########  Status at	 19:45:9:196 ------------------ ##### 
### Collision !!! ### 
 ########  Status at	 19:45:9:212 ------------------ ##### 
### Collision !!! ### 
 ########  Status at	 19:45:9:229 ------------------ ##### 
### Collision !!! ### 
 ########  Status at	 19:45:9:245 ------------------ ##### 
### Collision !!! ### 
 ########  Status at	 19:45:9:265 ------------------ ##### 
### Collision !!! ### 
 ########  Status at	 19:45:9:279 ------------------ ##### 
### Collision !!! ### 
 ########  Status at	 19:45:9:295 ------------------ ##### 
### Collision !!! ### 
 ########  Status at	 19:45:9:313 ------------------ ##### 
### Collision !!! ### 
 ########  Status at	 19:45:9:329 ------------------ ##### 
### Collision !!! ### 
 ########  Status at	 19:45:9:346 ------------------ ##### 
### Collision !!! ### 
 ########  Status at	 19:45:9:363 ------------------ ##### 
### Collision !!! ### 
 ########  Status at	 19:45:9:379 ------------------ ##### 
### Collision !!! ### 
 ########  Status at	 19:45:9:396 ------------------ ##### 
### Collision !!! ### 
 ########  Status at	 19:45:9:413 ------------------ ##### 
### Collision !!! ### 
 ########  Status at	 19:45:9:429 ------------------ ##### 
### Collision !!! ### 
 ########  Status at	 19:45:9:446 ------------------ ##### 
### Collision !!! ### 
 ########  Status at	 19:45:9:462 ------------------ ##### 
### Collision !!! ### 
 ########  Status at	 19:45:9:479 ------------------ ##### 
### Collision !!! ### 
 ########  Status at	 19:45:9:496 ------------------ ##### 
### Collision !!! ### 
 ########  Status at	 19:45:9:512 ------------------ ##### 
### Collision !!! ### 
 ########  Status at	 19:45:9:529 ------------------ ##### 
### Collision !!! ### 
 ########  Status at	 19:45:9:546 ------------------ ##### 
### Collision !!! ### 
 ########  Status at	 19:45:9:562 ------------------ ##### 
### Collision !!! ### 
 ########  Status at	 19:45:9:599 ------------------ ##### 
### Collision !!! ### 
 ########  Status at	 19:45:9:612 ------------------ ##### 
### Collision !!! ### 
 ########  Status at	 19:45:30:530 ------------------ ##### 
### Collision !!! ### 
 ########  Status at	 19:45:30:547 ------------------ ##### 
### Collision !!! ### 
 ########  Status at	 19:45:30:569 ------------------ ##### 
### Collision !!! ### 
 ########  Status at	 19:45:30:584 ------------------ ##### 
### Collision !!! ### 
 ########  Status at	 19:45:30:602 ------------------ ##### 
### Collision !!! ### 
 ########  Status at	 19:45:30:618 ------------------ ##### 
### Collision !!! ### 
 ########  Status at	 19:45:30:634 ------------------ ##### 
### Collision !!! ### 
 ########  Status at	 19:45:30:651 ------------------ ##### 
### Collision !!! ### 
 ########  Status at	 19:45:30:668 ------------------ ##### 
### Collision !!! ### 
 ########  Status at	 19:45:30:685 ------------------ ##### 
### Collision !!! ### 
 ########  Status at	 19:45:30:702 ------------------ ##### 
### Collision !!! ### 
 ########  Status at	 19:45:30:718 ------------------ ##### 
### Collision !!! ### 
 ########  Status at	 19:45:30:735 ------------------ ##### 
### Collision !!! ### 
 