# Game Session ID 
36 
### Session Start ### 
########  Status report at	 17:34:51:292 ------------------ ##### 
### Collision !!! ### 
 ########  Status report at	 17:34:51:493 ------------------ ##### 
### Collision !!! ### 
 ########  Status report at	 17:34:51:692 ------------------ ##### 
### Collision !!! ### 
 ########  Status report at	 17:34:51:893 ------------------ ##### 
### Collision !!! ### 
 ########  Status report at	 17:34:52:92 ------------------ ##### 
### Collision !!! ### 
 ########  Status report at	 17:34:52:292 ------------------ ##### 
### Collision !!! ### 
 ########  Status report at	 17:34:52:492 ------------------ ##### 
### Collision !!! ### 
 ########  Status report at	 17:34:52:693 ------------------ ##### 
### Collision !!! ### 
 ########  Status report at	 17:34:52:892 ------------------ ##### 
### Collision !!! ### 
 ########  Status report at	 17:34:53:103 ------------------ ##### 
### Collision !!! ### 
 ########  Status report at	 17:34:53:292 ------------------ ##### 
### Collision !!! ### 
 ########  Status report at	 17:34:53:492 ------------------ ##### 
### Collision !!! ### 
 ########  Status report at	 17:34:53:692 ------------------ ##### 
### Collision !!! ### 
 ########  Status report at	 17:34:53:892 ------------------ ##### 
### Collision !!! ### 
 ########  Status report at	 17:34:54:92 ------------------ ##### 
### Collision !!! ### 
 ########  Status report at	 17:34:59:493 ------------------ ##### 
### Collision !!! ### 
 ########  Status report at	 17:34:59:693 ------------------ ##### 
### Collision !!! ### 
 ########  Status report at	 17:34:59:893 ------------------ ##### 
### Collision !!! ### 
 ########  Status report at	 17:35:2:893 ------------------ ##### 
### Collision !!! ### 
 ########  Status report at	 17:35:6:194 ------------------ ##### 
### Collision !!! ### 
 ########  Status report at	 17:35:6:394 ------------------ ##### 
### Collision !!! ### 
 ########  Status report at	 17:35:6:594 ------------------ ##### 
### Collision !!! ### 
 