# Game Session ID 
39 
### Session Start ### 
########  Status report at	 17:50:25:238 ------------------ ##### 
### Collision !!! ### 
 ########  Status report at	 17:50:25:259 ------------------ ##### 
### Collision !!! ### 
 ########  Status report at	 17:50:25:275 ------------------ ##### 
### Collision !!! ### 
 ########  Status report at	 17:50:25:287 ------------------ ##### 
### Collision !!! ### 
 ########  Status report at	 17:50:25:361 ------------------ ##### 
### Collision !!! ### 
 ########  Status report at	 17:50:25:385 ------------------ ##### 
### Collision !!! ### 
 ########  Status report at	 17:50:25:402 ------------------ ##### 
### Collision !!! ### 
 ########  Status report at	 17:50:25:418 ------------------ ##### 
### Collision !!! ### 
 ########  Status report at	 17:50:25:461 ------------------ ##### 
### Collision !!! ### 
 ########  Status report at	 17:50:25:477 ------------------ ##### 
### Collision !!! ### 
 ########  Status report at	 17:50:25:492 ------------------ ##### 
### Collision !!! ### 
 ########  Status report at	 17:50:25:505 ------------------ ##### 
### Collision !!! ### 
 ########  Status report at	 17:50:25:561 ------------------ ##### 
### Collision !!! ### 
 ########  Status report at	 17:50:25:572 ------------------ ##### 
### Collision !!! ### 
 ########  Status report at	 17:50:25:584 ------------------ ##### 
### Collision !!! ### 
 ########  Status report at	 17:50:25:593 ------------------ ##### 
### Collision !!! ### 
 ########  Status report at	 17:50:25:638 ------------------ ##### 
### Collision !!! ### 
 ########  Status report at	 17:50:25:652 ------------------ ##### 
### Collision !!! ### 
 ########  Status report at	 17:50:25:669 ------------------ ##### 
### Collision !!! ### 
 ########  Status report at	 17:50:25:684 ------------------ ##### 
### Collision !!! ### 
 ########  Status report at	 17:50:25:743 ------------------ ##### 
### Collision !!! ### 
 ########  Status report at	 17:50:25:756 ------------------ ##### 
### Collision !!! ### 
 ########  Status report at	 17:50:25:774 ------------------ ##### 
### Collision !!! ### 
 ########  Status report at	 17:50:25:789 ------------------ ##### 
### Collision !!! ### 
 ########  Status report at	 17:50:25:860 ------------------ ##### 
### Collision !!! ### 
 ########  Status report at	 17:50:25:874 ------------------ ##### 
### Collision !!! ### 
 ########  Status report at	 17:50:25:890 ------------------ ##### 
### Collision !!! ### 
 ########  Status report at	 17:50:25:902 ------------------ ##### 
### Collision !!! ### 
 ########  Status report at	 17:50:25:970 ------------------ ##### 
### Collision !!! ### 
 ########  Status report at	 17:50:26:61 ------------------ ##### 
### Collision !!! ### 
 ########  Status report at	 17:50:26:102 ------------------ ##### 
### Collision !!! ### 
 ########  Status report at	 17:50:26:170 ------------------ ##### 
### Collision !!! ### 
 ########  Status report at	 17:50:26:186 ------------------ ##### 
### Collision !!! ### 
 ########  Status report at	 17:50:26:202 ------------------ ##### 
### Collision !!! ### 
 ########  Status report at	 17:50:26:277 ------------------ ##### 
### Collision !!! ### 
 ########  Status report at	 17:50:26:395 ------------------ ##### 
### Collision !!! ### 
 ########  Status report at	 17:50:26:427 ------------------ ##### 
### Collision !!! ### 
 ########  Status report at	 17:50:26:505 ------------------ ##### 
### Collision !!! ### 
 ########  Status report at	 17:50:26:519 ------------------ ##### 
### Collision !!! ### 
 ########  Status report at	 17:50:26:603 ------------------ ##### 
### Collision !!! ### 
 ########  Status report at	 17:50:26:694 ------------------ ##### 
### Collision !!! ### 
 ########  Status report at	 17:50:26:735 ------------------ ##### 
### Collision !!! ### 
 ########  Status report at	 17:50:26:792 ------------------ ##### 
### Collision !!! ### 
 ########  Status report at	 17:50:26:812 ------------------ ##### 
### Collision !!! ### 
 ########  Status report at	 17:50:26:835 ------------------ ##### 
### Collision !!! ### 
 ########  Status report at	 17:50:26:853 ------------------ ##### 
### Collision !!! ### 
 ########  Status report at	 17:50:26:928 ------------------ ##### 
### Collision !!! ### 
 ########  Status report at	 17:50:26:944 ------------------ ##### 
### Collision !!! ### 
 ########  Status report at	 17:50:26:957 ------------------ ##### 
### Collision !!! ### 
 ########  Status report at	 17:50:26:969 ------------------ ##### 
### Collision !!! ### 
 ########  Status report at	 17:50:27:24 ------------------ ##### 
### Collision !!! ### 
 ########  Status report at	 17:50:32:236 ------------------ ##### 
### Collision !!! ### 
 ########  Status report at	 17:50:36:93 ------------------ ##### 
### Collision !!! ### 
 ########  Status report at	 17:50:36:293 ------------------ ##### 
### Collision !!! ### 
 ########  Status report at	 17:50:39:293 ------------------ ##### 
### Collision !!! ### 
 ########  Status report at	 17:50:39:493 ------------------ ##### 
### Collision !!! ### 
 ########  Status report at	 17:50:41:893 ------------------ ##### 
### Collision !!! ### 
 