# Game Session ID 
6 
### Session Start ### 
########  Status report at	 16:46:16:843 ------------------ ##### 
### Collision !!! ### 
 ########  Status report at	 16:46:16:859 ------------------ ##### 
### Collision !!! ### 
 ########  Status report at	 16:46:16:876 ------------------ ##### 
### Collision !!! ### 
 ########  Status report at	 16:46:16:893 ------------------ ##### 
### Collision !!! ### 
 ########  Status report at	 16:46:16:909 ------------------ ##### 
### Collision !!! ### 
 ########  Status report at	 16:46:16:926 ------------------ ##### 
### Collision !!! ### 
 ########  Status report at	 16:46:16:942 ------------------ ##### 
### Collision !!! ### 
 ########  Status report at	 16:46:16:959 ------------------ ##### 
### Collision !!! ### 
 ########  Status report at	 16:46:16:976 ------------------ ##### 
### Collision !!! ### 
 ########  Status report at	 16:46:16:992 ------------------ ##### 
### Collision !!! ### 
 ########  Status report at	 16:46:17:9 ------------------ ##### 
### Collision !!! ### 
 ########  Status report at	 16:46:17:25 ------------------ ##### 
### Collision !!! ### 
 ########  Status report at	 16:46:17:42 ------------------ ##### 
### Collision !!! ### 
 ########  Status report at	 16:46:17:59 ------------------ ##### 
### Collision !!! ### 
 ########  Status report at	 16:46:17:75 ------------------ ##### 
### Collision !!! ### 
 ########  Status report at	 16:46:17:92 ------------------ ##### 
### Collision !!! ### 
 ########  Status report at	 16:46:17:126 ------------------ ##### 
### Collision !!! ### 
 ########  Status report at	 16:46:17:154 ------------------ ##### 
### Collision !!! ### 
 ########  Status report at	 16:46:36:121 ------------------ ##### 
### Collision !!! ### 
 ########  Status report at	 16:46:36:140 ------------------ ##### 
### Collision !!! ### 
 ########  Status report at	 16:46:36:172 ------------------ ##### 
### Collision !!! ### 
 ########  Status report at	 16:46:36:190 ------------------ ##### 
### Collision !!! ### 
 ########  Status report at	 16:46:36:224 ------------------ ##### 
### Collision !!! ### 
 ########  Status report at	 16:46:36:238 ------------------ ##### 
### Collision !!! ### 
 ########  Status report at	 16:46:36:257 ------------------ ##### 
### Collision !!! ### 
 ########  Status report at	 16:46:36:280 ------------------ ##### 
### Collision !!! ### 
 ########  Status report at	 16:46:36:306 ------------------ ##### 
### Collision !!! ### 
 ########  Status report at	 16:46:36:356 ------------------ ##### 
### Collision !!! ### 
 ########  Status report at	 16:46:36:375 ------------------ ##### 
### Collision !!! ### 
 ########  Status report at	 16:46:36:395 ------------------ ##### 
### Collision !!! ### 
 ########  Status report at	 16:46:36:421 ------------------ ##### 
### Collision !!! ### 
 ########  Status report at	 16:46:36:441 ------------------ ##### 
### Collision !!! ### 
 ########  Status report at	 16:46:36:459 ------------------ ##### 
### Collision !!! ### 
 ########  Status report at	 16:46:36:538 ------------------ ##### 
### Collision !!! ### 
 ########  Status report at	 16:46:36:554 ------------------ ##### 
### Collision !!! ### 
 ########  Status report at	 16:46:36:571 ------------------ ##### 
### Collision !!! ### 
 ########  Status report at	 16:46:40:76 ------------------ ##### 
### Collision !!! ### 
 ########  Status report at	 16:46:40:93 ------------------ ##### 
### Collision !!! ### 
 ########  Status report at	 16:46:40:126 ------------------ ##### 
### Collision !!! ### 
 ########  Status report at	 16:46:40:137 ------------------ ##### 
### Collision !!! ### 
 ########  Status report at	 16:46:40:154 ------------------ ##### 
### Collision !!! ### 
 ########  Status report at	 16:46:40:170 ------------------ ##### 
### Collision !!! ### 
 ########  Status report at	 16:46:40:187 ------------------ ##### 
### Collision !!! ### 
 ########  Status report at	 16:46:40:204 ------------------ ##### 
### Collision !!! ### 
 ########  Status report at	 16:46:40:220 ------------------ ##### 
### Collision !!! ### 
 ########  Status report at	 16:46:40:237 ------------------ ##### 
### Collision !!! ### 
 ########  Status report at	 16:46:40:254 ------------------ ##### 
### Collision !!! ### 
 ########  Status report at	 16:46:40:269 ------------------ ##### 
### Collision !!! ### 
 ########  Status report at	 16:46:40:287 ------------------ ##### 
### Collision !!! ### 
 ########  Status report at	 16:46:40:304 ------------------ ##### 
### Collision !!! ### 
 ########  Status report at	 16:46:40:320 ------------------ ##### 
### Collision !!! ### 
 ########  Status report at	 16:46:40:337 ------------------ ##### 
### Collision !!! ### 
 ########  Status report at	 16:46:40:354 ------------------ ##### 
### Collision !!! ### 
 ########  Status report at	 16:46:40:370 ------------------ ##### 
### Collision !!! ### 
 ########  Status report at	 16:46:40:387 ------------------ ##### 
### Collision !!! ### 
 ########  Status report at	 16:46:40:420 ------------------ ##### 
### Collision !!! ### 
 ########  Status report at	 16:46:40:437 ------------------ ##### 
### Collision !!! ### 
 ########  Status report at	 16:46:46:837 ------------------ ##### 
### Collision !!! ### 
 ########  Status report at	 16:46:46:854 ------------------ ##### 
### Collision !!! ### 
 ########  Status report at	 16:46:46:870 ------------------ ##### 
### Collision !!! ### 
 ########  Status report at	 16:46:46:887 ------------------ ##### 
### Collision !!! ### 
 ########  Status report at	 16:46:46:904 ------------------ ##### 
### Collision !!! ### 
 ########  Status report at	 16:46:46:920 ------------------ ##### 
### Collision !!! ### 
 ########  Status report at	 16:46:46:937 ------------------ ##### 
### Collision !!! ### 
 ########  Status report at	 16:46:46:953 ------------------ ##### 
### Collision !!! ### 
 ########  Status report at	 16:46:46:970 ------------------ ##### 
### Collision !!! ### 
 ########  Status report at	 16:46:46:986 ------------------ ##### 
### Collision !!! ### 
 ########  Status report at	 16:46:47:3 ------------------ ##### 
### Collision !!! ### 
 ########  Status report at	 16:46:47:20 ------------------ ##### 
### Collision !!! ### 
 ########  Status report at	 16:46:47:36 ------------------ ##### 
### Collision !!! ### 
 ########  Status report at	 16:46:47:53 ------------------ ##### 
### Collision !!! ### 
 ########  Status report at	 16:46:47:70 ------------------ ##### 
### Collision !!! ### 
 ########  Status report at	 16:46:47:87 ------------------ ##### 
### Collision !!! ### 
 ########  Status report at	 16:46:47:109 ------------------ ##### 
### Collision !!! ### 
 