# Game Session ID 
37 
### Session Start ### 
########  Status report at	 17:39:31:338 ------------------ ##### 
### Collision !!! ### 
 ########  Status report at	 17:39:31:352 ------------------ ##### 
### Collision !!! ### 
 ########  Status report at	 17:39:31:368 ------------------ ##### 
### Collision !!! ### 
 ########  Status report at	 17:39:31:438 ------------------ ##### 
### Collision !!! ### 
 ########  Status report at	 17:39:31:452 ------------------ ##### 
### Collision !!! ### 
 ########  Status report at	 17:39:31:461 ------------------ ##### 
### Collision !!! ### 
 ########  Status report at	 17:39:31:479 ------------------ ##### 
### Collision !!! ### 
 ########  Status report at	 17:39:31:538 ------------------ ##### 
### Collision !!! ### 
 ########  Status report at	 17:39:31:552 ------------------ ##### 
### Collision !!! ### 
 ########  Status report at	 17:39:31:561 ------------------ ##### 
### Collision !!! ### 
 ########  Status report at	 17:39:31:578 ------------------ ##### 
### Collision !!! ### 
 ########  Status report at	 17:39:31:639 ------------------ ##### 
### Collision !!! ### 
 ########  Status report at	 17:39:31:652 ------------------ ##### 
### Collision !!! ### 
 ########  Status report at	 17:39:31:738 ------------------ ##### 
### Collision !!! ### 
 ########  Status report at	 17:39:33:706 ------------------ ##### 
### Collision !!! ### 
 ########  Status report at	 17:39:33:728 ------------------ ##### 
### Collision !!! ### 
 ########  Status report at	 17:39:33:747 ------------------ ##### 
### Collision !!! ### 
 ########  Status report at	 17:39:33:795 ------------------ ##### 
### Collision !!! ### 
 ########  Status report at	 17:39:44:943 ------------------ ##### 
### Collision !!! ### 
 ########  Status report at	 17:39:44:960 ------------------ ##### 
### Collision !!! ### 
 ########  Status report at	 17:39:44:976 ------------------ ##### 
### Collision !!! ### 
 ########  Status report at	 17:39:45:44 ------------------ ##### 
### Collision !!! ### 
 ########  Status report at	 17:39:45:59 ------------------ ##### 
### Collision !!! ### 
 ########  Status report at	 17:39:45:77 ------------------ ##### 
### Collision !!! ### 
 ########  Status report at	 17:39:45:145 ------------------ ##### 
### Collision !!! ### 
 ########  Status report at	 17:39:45:159 ------------------ ##### 
### Collision !!! ### 
 ########  Status report at	 17:39:45:174 ------------------ ##### 
### Collision !!! ### 
 ########  Status report at	 17:39:45:244 ------------------ ##### 
### Collision !!! ### 
 ########  Status report at	 17:39:52:73 ------------------ ##### 
### Collision !!! ### 
 ########  Status report at	 17:39:52:87 ------------------ ##### 
### Collision !!! ### 
 ########  Status report at	 17:39:52:105 ------------------ ##### 
### Collision !!! ### 
 ########  Status report at	 17:39:52:161 ------------------ ##### 
### Collision !!! ### 
 ########  Status report at	 17:39:52:176 ------------------ ##### 
### Collision !!! ### 
 ########  Status report at	 17:39:52:187 ------------------ ##### 
### Collision !!! ### 
 ########  Status report at	 17:39:52:205 ------------------ ##### 
### Collision !!! ### 
 ########  Status report at	 17:39:52:261 ------------------ ##### 
### Collision !!! ### 
 ########  Status report at	 17:39:52:277 ------------------ ##### 
### Collision !!! ### 
 ########  Status report at	 17:39:52:289 ------------------ ##### 
### Collision !!! ### 
 ########  Status report at	 17:39:52:363 ------------------ ##### 
### Collision !!! ### 
 ########  Status report at	 17:40:2:372 ------------------ ##### 
### Collision !!! ### 
 ########  Status report at	 17:40:2:388 ------------------ ##### 
### Collision !!! ### 
 ########  Status report at	 17:40:2:403 ------------------ ##### 
### Collision !!! ### 
 ########  Status report at	 17:40:2:474 ------------------ ##### 
### Collision !!! ### 
 ########  Status report at	 17:40:2:486 ------------------ ##### 
### Collision !!! ### 
 ########  Status report at	 17:40:2:495 ------------------ ##### 
### Collision !!! ### 
 ########  Status report at	 17:40:2:512 ------------------ ##### 
### Collision !!! ### 
 ########  Status report at	 17:40:2:572 ------------------ ##### 
### Collision !!! ### 
 ########  Status report at	 17:40:2:587 ------------------ ##### 
### Collision !!! ### 
 ########  Status report at	 17:40:2:595 ------------------ ##### 
### Collision !!! ### 
 ########  Status report at	 17:40:2:612 ------------------ ##### 
### Collision !!! ### 
 ########  Status report at	 17:40:2:672 ------------------ ##### 
### Collision !!! ### 
 ########  Status report at	 17:40:2:687 ------------------ ##### 
### Collision !!! ### 
 ########  Status report at	 17:40:2:696 ------------------ ##### 
### Collision !!! ### 
 ########  Status report at	 17:40:2:712 ------------------ ##### 
### Collision !!! ### 
 ########  Status report at	 17:40:2:772 ------------------ ##### 
### Collision !!! ### 
 ########  Status report at	 17:40:2:874 ------------------ ##### 
### Collision !!! ### 
 ########  Status report at	 17:40:2:973 ------------------ ##### 
### Collision !!! ### 
 ########  Status report at	 17:40:5:574 ------------------ ##### 
### Collision !!! ### 
 ########  Status report at	 17:40:5:672 ------------------ ##### 
### Collision !!! ### 
 ########  Status report at	 17:40:5:773 ------------------ ##### 
### Collision !!! ### 
 ########  Status report at	 17:40:5:874 ------------------ ##### 
### Collision !!! ### 
 ########  Status report at	 17:40:5:912 ------------------ ##### 
### Collision !!! ### 
 ########  Status report at	 17:40:5:974 ------------------ ##### 
### Collision !!! ### 
 ########  Status report at	 17:40:17:830 ------------------ ##### 
### Collision !!! ### 
 ########  Status report at	 17:40:17:906 ------------------ ##### 
### Collision !!! ### 
 ########  Status report at	 17:40:17:920 ------------------ ##### 
### Collision !!! ### 
 ########  Status report at	 17:40:17:929 ------------------ ##### 
### Collision !!! ### 
 ########  Status report at	 17:40:17:946 ------------------ ##### 
### Collision !!! ### 
 ########  Status report at	 17:40:17:973 ------------------ ##### 
### Collision !!! ### 
 ########  Status report at	 17:40:17:987 ------------------ ##### 
### Collision !!! ### 
 ########  Status report at	 17:40:17:996 ------------------ ##### 
### Collision !!! ### 
 ########  Status report at	 17:40:18:12 ------------------ ##### 
### Collision !!! ### 
 ########  Status report at	 17:40:18:40 ------------------ ##### 
### Collision !!! ### 
 ########  Status report at	 17:40:18:53 ------------------ ##### 
### Collision !!! ### 
 ########  Status report at	 17:40:18:63 ------------------ ##### 
### Collision !!! ### 
 ########  Status report at	 17:40:18:80 ------------------ ##### 
### Collision !!! ### 
 ########  Status report at	 17:40:18:111 ------------------ ##### 
### Collision !!! ### 
 ########  Status report at	 17:40:18:123 ------------------ ##### 
### Collision !!! ### 
 ########  Status report at	 17:40:18:137 ------------------ ##### 
### Collision !!! ### 
 ########  Status report at	 17:40:18:173 ------------------ ##### 
### Collision !!! ### 
 ########  Status report at	 17:40:18:187 ------------------ ##### 
### Collision !!! ### 
 ########  Status report at	 17:40:18:196 ------------------ ##### 
### Collision !!! ### 
 ########  Status report at	 17:40:18:221 ------------------ ##### 
### Collision !!! ### 
 ########  Status report at	 17:40:18:256 ------------------ ##### 
### Collision !!! ### 
 ########  Status report at	 17:40:18:270 ------------------ ##### 
### Collision !!! ### 
 ########  Status report at	 17:40:18:296 ------------------ ##### 
### Collision !!! ### 
 ########  Status report at	 17:40:18:325 ------------------ ##### 
### Collision !!! ### 
 ########  Status report at	 17:40:18:339 ------------------ ##### 
### Collision !!! ### 
 ########  Status report at	 17:40:18:353 ------------------ ##### 
### Collision !!! ### 
 ########  Status report at	 17:40:18:370 ------------------ ##### 
### Collision !!! ### 
 ########  Status report at	 17:40:18:427 ------------------ ##### 
### Collision !!! ### 
 ########  Status report at	 17:40:18:444 ------------------ ##### 
### Collision !!! ### 
 ########  Status report at	 17:40:18:456 ------------------ ##### 
### Collision !!! ### 
 ########  Status report at	 17:40:18:471 ------------------ ##### 
### Collision !!! ### 
 ########  Status report at	 17:40:18:511 ------------------ ##### 
### Collision !!! ### 
 ########  Status report at	 17:40:18:526 ------------------ ##### 
### Collision !!! ### 
 ########  Status report at	 17:40:18:539 ------------------ ##### 
### Collision !!! ### 
 ########  Status report at	 17:40:18:555 ------------------ ##### 
### Collision !!! ### 
 ########  Status report at	 17:40:18:611 ------------------ ##### 
### Collision !!! ### 
 ########  Status report at	 17:40:18:627 ------------------ ##### 
### Collision !!! ### 
 ########  Status report at	 17:40:18:646 ------------------ ##### 
### Collision !!! ### 
 ########  Status report at	 17:40:18:712 ------------------ ##### 
### Collision !!! ### 
 ########  Status report at	 17:40:18:727 ------------------ ##### 
### Collision !!! ### 
 ########  Status report at	 17:40:18:813 ------------------ ##### 
### Collision !!! ### 
 ########  Status report at	 17:40:18:913 ------------------ ##### 
### Collision !!! ### 
 ########  Status report at	 17:40:19:29 ------------------ ##### 
### Collision !!! ### 
 ########  Status report at	 17:40:19:128 ------------------ ##### 
### Collision !!! ### 
 ########  Status report at	 17:40:19:145 ------------------ ##### 
### Collision !!! ### 
 ########  Status report at	 17:40:19:158 ------------------ ##### 
### Collision !!! ### 
 ########  Status report at	 17:40:19:176 ------------------ ##### 
### Collision !!! ### 
 ########  Status report at	 17:40:19:239 ------------------ ##### 
### Collision !!! ### 
 ########  Status report at	 17:40:19:255 ------------------ ##### 
### Collision !!! ### 
 ########  Status report at	 17:40:19:271 ------------------ ##### 
### Collision !!! ### 
 ########  Status report at	 17:40:19:287 ------------------ ##### 
### Collision !!! ### 
 ########  Status report at	 17:40:19:344 ------------------ ##### 
### Collision !!! ### 
 ########  Status report at	 17:40:19:360 ------------------ ##### 
### Collision !!! ### 
 ########  Status report at	 17:40:19:373 ------------------ ##### 
### Collision !!! ### 
 ########  Status report at	 17:40:19:387 ------------------ ##### 
### Collision !!! ### 
 ########  Status report at	 17:40:19:445 ------------------ ##### 
### Collision !!! ### 
 ########  Status report at	 17:40:20:780 ------------------ ##### 
### Collision !!! ### 
 ########  Status report at	 17:40:20:840 ------------------ ##### 
### Collision !!! ### 
 ########  Status report at	 17:40:20:854 ------------------ ##### 
### Collision !!! ### 
 ########  Status report at	 17:40:20:863 ------------------ ##### 
### Collision !!! ### 
 ########  Status report at	 17:40:20:941 ------------------ ##### 
### Collision !!! ### 
 ########  Status report at	 17:40:20:954 ------------------ ##### 
### Collision !!! ### 
 ########  Status report at	 17:40:20:963 ------------------ ##### 
### Collision !!! ### 
 ########  Status report at	 17:40:21:39 ------------------ ##### 
### Collision !!! ### 
 ########  Status report at	 17:40:21:842 ------------------ ##### 
### Collision !!! ### 
 ########  Status report at	 17:40:32:297 ------------------ ##### 
### Collision !!! ### 
 ########  Status report at	 17:40:32:497 ------------------ ##### 
### Collision !!! ### 
 ########  Status report at	 17:40:32:698 ------------------ ##### 
### Collision !!! ### 
 ########  Status report at	 17:40:33:497 ------------------ ##### 
### Collision !!! ### 
 ########  Status report at	 17:40:33:699 ------------------ ##### 
### Collision !!! ### 
 ########  Status report at	 17:40:33:898 ------------------ ##### 
### Collision !!! ### 
 ########  Status report at	 17:40:34:98 ------------------ ##### 
### Collision !!! ### 
 ########  Status report at	 17:40:34:299 ------------------ ##### 
### Collision !!! ### 
 ########  Status report at	 17:40:34:498 ------------------ ##### 
### Collision !!! ### 
 ########  Status report at	 17:40:34:698 ------------------ ##### 
### Collision !!! ### 
 ########  Status report at	 17:40:34:899 ------------------ ##### 
### Collision !!! ### 
 ########  Status report at	 17:40:35:199 ------------------ ##### 
### Collision !!! ### 
 ########  Status report at	 17:40:35:399 ------------------ ##### 
### Collision !!! ### 
 ########  Status report at	 17:40:35:598 ------------------ ##### 
### Collision !!! ### 
 ########  Status report at	 17:40:35:798 ------------------ ##### 
### Collision !!! ### 
 ########  Status report at	 17:40:35:998 ------------------ ##### 
### Collision !!! ### 
 ########  Status report at	 17:40:36:198 ------------------ ##### 
### Collision !!! ### 
 