# Game Session ID 
48 
### Session Start ### 
########  Status report at	 13:41:33:2 ------------------ ##### 
***** status at : 13:41:24:47 **** 
# lancer 
# Effector position  0.0789339 -15.6752 5.06096
# Ball 0
# Position  4.1 30 3.5
# Color  Red
# Value 20
# Ball 1
# Position  7.9 30 3.5
# Color  Yellow
# Value -10
# Ball 2
# Position  12.1 30 3.5
# Color  Blue
# Value 10
# NBR balls 3
 # Vitesse de depart 20
***** status at : 13:41:32:44 **** 
# lancer 
# Effector position  -4.98973 -15.3031 3.78439
# Ball 0
# Position  -0.65 30 3.5
# Color  Red
# Value 20
# Ball 1
# Position  4.65 30 3.5
# Color  Yellow
# Value -10
# Ball 2
# Position  7.35 30 3.5
# Color  Blue
# Value 10
# Ball 3
# Position  12.65 30 3.5
# Color  Yellow
# Value -10
# NBR balls 4
 # Vitesse de depart 20
###### Fin experiance ######## 
