# Game Session ID 
41 
### Session Start ### 
########  Status report at	 17:55:54:279 ------------------ ##### 
### Collision !!! ### 
 ########  Status report at	 17:55:54:293 ------------------ ##### 
### Collision !!! ### 
 ########  Status report at	 17:55:54:309 ------------------ ##### 
### Collision !!! ### 
 ########  Status report at	 17:55:54:369 ------------------ ##### 
### Collision !!! ### 
 ########  Status report at	 17:55:54:394 ------------------ ##### 
### Collision !!! ### 
 ########  Status report at	 17:55:54:409 ------------------ ##### 
### Collision !!! ### 
 ########  Status report at	 17:55:54:426 ------------------ ##### 
### Collision !!! ### 
 ########  Status report at	 17:55:54:467 ------------------ ##### 
### Collision !!! ### 
 ########  Status report at	 17:55:54:481 ------------------ ##### 
### Collision !!! ### 
 ########  Status report at	 17:55:54:500 ------------------ ##### 
### Collision !!! ### 
 ########  Status report at	 17:55:54:512 ------------------ ##### 
### Collision !!! ### 
 ########  Status report at	 17:55:54:527 ------------------ ##### 
### Collision !!! ### 
 ########  Status report at	 17:55:54:565 ------------------ ##### 
### Collision !!! ### 
 ########  Status report at	 17:55:54:577 ------------------ ##### 
### Collision !!! ### 
 ########  Status report at	 17:55:54:593 ------------------ ##### 
### Collision !!! ### 
 ########  Status report at	 17:55:54:631 ------------------ ##### 
### Collision !!! ### 
 ########  Status report at	 17:55:54:643 ------------------ ##### 
### Collision !!! ### 
 ########  Status report at	 17:55:54:660 ------------------ ##### 
### Collision !!! ### 
 ########  Status report at	 17:55:54:676 ------------------ ##### 
### Collision !!! ### 
 ########  Status report at	 17:55:54:719 ------------------ ##### 
### Collision !!! ### 
 ########  Status report at	 17:55:54:738 ------------------ ##### 
### Collision !!! ### 
 ########  Status report at	 17:55:54:759 ------------------ ##### 
### Collision !!! ### 
 ########  Status report at	 17:55:54:776 ------------------ ##### 
### Collision !!! ### 
 ########  Status report at	 17:55:54:817 ------------------ ##### 
### Collision !!! ### 
 ########  Status report at	 17:55:54:830 ------------------ ##### 
### Collision !!! ### 
 ########  Status report at	 17:55:54:846 ------------------ ##### 
### Collision !!! ### 
 ########  Status report at	 17:55:54:877 ------------------ ##### 
### Collision !!! ### 
 ########  Status report at	 17:55:54:918 ------------------ ##### 
### Collision !!! ### 
 ########  Status report at	 17:55:54:960 ------------------ ##### 
### Collision !!! ### 
 ########  Status report at	 17:55:54:978 ------------------ ##### 
### Collision !!! ### 
 ########  Status report at	 17:55:55:45 ------------------ ##### 
### Collision !!! ### 
 ########  Status report at	 17:55:55:60 ------------------ ##### 
### Collision !!! ### 
 ########  Status report at	 17:55:55:126 ------------------ ##### 
### Collision !!! ### 
 ########  Status report at	 17:55:55:303 ------------------ ##### 
### Collision !!! ### 
 ########  Status report at	 17:55:55:360 ------------------ ##### 
### Collision !!! ### 
 ########  Status report at	 17:55:55:443 ------------------ ##### 
### Collision !!! ### 
 ########  Status report at	 17:55:55:518 ------------------ ##### 
### Collision !!! ### 
 ########  Status report at	 17:55:55:628 ------------------ ##### 
### Collision !!! ### 
 ########  Status report at	 17:55:55:734 ------------------ ##### 
### Collision !!! ### 
 ########  Status report at	 17:55:55:749 ------------------ ##### 
### Collision !!! ### 
 ########  Status report at	 17:55:55:763 ------------------ ##### 
### Collision !!! ### 
 ########  Status report at	 17:55:55:776 ------------------ ##### 
### Collision !!! ### 
 ########  Status report at	 17:55:55:844 ------------------ ##### 
### Collision !!! ### 
 ########  Status report at	 17:55:55:860 ------------------ ##### 
### Collision !!! ### 
 ########  Status report at	 17:55:55:876 ------------------ ##### 
### Collision !!! ### 
 ########  Status report at	 17:55:55:945 ------------------ ##### 
### Collision !!! ### 
 ########  Status report at	 17:55:55:962 ------------------ ##### 
### Collision !!! ### 
 ########  Status report at	 17:55:55:976 ------------------ ##### 
### Collision !!! ### 
 ########  Status report at	 17:55:56:15 ------------------ ##### 
### Collision !!! ### 
 ########  Status report at	 17:56:3:968 ------------------ ##### 
### Collision !!! ### 
 ########  Status report at	 17:56:4:168 ------------------ ##### 
### Collision !!! ### 
 ########  Status report at	 17:56:4:368 ------------------ ##### 
### Collision !!! ### 
 ########  Status report at	 17:56:7:368 ------------------ ##### 
### Collision !!! ### 
 ########  Status report at	 17:56:7:568 ------------------ ##### 
### Collision !!! ### 
 ########  Status report at	 17:56:9:969 ------------------ ##### 
### Collision !!! ### 
 