# Game Session ID 
51 
### Session Start ### 
########  Status report at	 16:58:56:114 ------------------ ##### 
### Collision !!! ### 
 ########  Status report at	 16:58:56:130 ------------------ ##### 
### Collision !!! ### 
 ########  Status report at	 16:58:56:147 ------------------ ##### 
### Collision !!! ### 
 ########  Status report at	 16:58:56:163 ------------------ ##### 
### Collision !!! ### 
 ########  Status report at	 16:58:56:180 ------------------ ##### 
### Collision !!! ### 
 ########  Status report at	 16:58:56:199 ------------------ ##### 
### Collision !!! ### 
 ########  Status report at	 16:58:56:213 ------------------ ##### 
### Collision !!! ### 
 ########  Status report at	 16:58:56:230 ------------------ ##### 
### Collision !!! ### 
 ########  Status report at	 16:58:56:247 ------------------ ##### 
### Collision !!! ### 
 ########  Status report at	 16:58:56:263 ------------------ ##### 
### Collision !!! ### 
 ########  Status report at	 16:58:56:280 ------------------ ##### 
### Collision !!! ### 
 ########  Status report at	 16:58:56:296 ------------------ ##### 
### Collision !!! ### 
 ########  Status report at	 16:58:56:313 ------------------ ##### 
### Collision !!! ### 
 ########  Status report at	 16:58:56:331 ------------------ ##### 
### Collision !!! ### 
 ########  Status report at	 16:58:56:347 ------------------ ##### 
### Collision !!! ### 
 ########  Status report at	 16:58:56:364 ------------------ ##### 
### Collision !!! ### 
 ########  Status report at	 16:58:56:381 ------------------ ##### 
### Collision !!! ### 
 ########  Status report at	 16:58:56:397 ------------------ ##### 
### Collision !!! ### 
 ########  Status report at	 16:58:56:414 ------------------ ##### 
### Collision !!! ### 
 ########  Status report at	 16:58:56:430 ------------------ ##### 
### Collision !!! ### 
 ########  Status report at	 16:58:56:447 ------------------ ##### 
### Collision !!! ### 
 ########  Status report at	 16:58:56:464 ------------------ ##### 
### Collision !!! ### 
 ########  Status report at	 16:58:56:480 ------------------ ##### 
### Collision !!! ### 
 ########  Status report at	 16:58:56:497 ------------------ ##### 
### Collision !!! ### 
 ########  Status report at	 16:58:56:514 ------------------ ##### 
### Collision !!! ### 
 ########  Status report at	 16:58:56:532 ------------------ ##### 
### Collision !!! ### 
 ########  Status report at	 16:58:56:550 ------------------ ##### 
### Collision !!! ### 
 ########  Status report at	 16:58:56:567 ------------------ ##### 
### Collision !!! ### 
 ########  Status report at	 16:58:56:583 ------------------ ##### 
### Collision !!! ### 
 ########  Status report at	 16:58:56:600 ------------------ ##### 
### Collision !!! ### 
 ########  Status report at	 16:58:56:616 ------------------ ##### 
### Collision !!! ### 
 ########  Status report at	 16:58:56:633 ------------------ ##### 
### Collision !!! ### 
 ########  Status report at	 16:58:56:650 ------------------ ##### 
### Collision !!! ### 
 ########  Status report at	 16:58:56:666 ------------------ ##### 
### Collision !!! ### 
 ########  Status report at	 16:58:56:683 ------------------ ##### 
### Collision !!! ### 
 ########  Status report at	 16:58:56:699 ------------------ ##### 
### Collision !!! ### 
 ########  Status report at	 16:58:56:716 ------------------ ##### 
### Collision !!! ### 
 ########  Status report at	 16:58:56:734 ------------------ ##### 
### Collision !!! ### 
 ########  Status report at	 16:58:56:750 ------------------ ##### 
### Collision !!! ### 
 ########  Status report at	 16:58:56:767 ------------------ ##### 
### Collision !!! ### 
 ########  Status report at	 16:58:56:784 ------------------ ##### 
### Collision !!! ### 
 ########  Status report at	 16:58:56:800 ------------------ ##### 
### Collision !!! ### 
 ########  Status report at	 16:58:56:817 ------------------ ##### 
### Collision !!! ### 
 ########  Status report at	 16:58:56:833 ------------------ ##### 
### Collision !!! ### 
 ########  Status report at	 16:58:56:850 ------------------ ##### 
### Collision !!! ### 
 ########  Status report at	 16:58:56:867 ------------------ ##### 
### Collision !!! ### 
 ########  Status report at	 16:58:56:883 ------------------ ##### 
### Collision !!! ### 
 ########  Status report at	 16:58:56:900 ------------------ ##### 
### Collision !!! ### 
 ########  Status report at	 16:58:56:916 ------------------ ##### 
### Collision !!! ### 
 ########  Status report at	 16:58:56:933 ------------------ ##### 
### Collision !!! ### 
 ########  Status report at	 16:58:56:950 ------------------ ##### 
### Collision !!! ### 
 ########  Status report at	 16:58:56:966 ------------------ ##### 
### Collision !!! ### 
 ########  Status report at	 16:58:56:982 ------------------ ##### 
### Collision !!! ### 
 ########  Status report at	 16:58:56:999 ------------------ ##### 
### Collision !!! ### 
 ########  Status report at	 16:58:57:15 ------------------ ##### 
### Collision !!! ### 
 ########  Status report at	 16:58:57:32 ------------------ ##### 
### Collision !!! ### 
 ########  Status report at	 16:58:57:49 ------------------ ##### 
### Collision !!! ### 
 ########  Status report at	 16:58:57:65 ------------------ ##### 
### Collision !!! ### 
 ########  Status report at	 16:58:57:83 ------------------ ##### 
### Collision !!! ### 
 ########  Status report at	 16:58:57:104 ------------------ ##### 
### Collision !!! ### 
 ########  Status report at	 16:58:57:116 ------------------ ##### 
### Collision !!! ### 
 ########  Status report at	 16:58:57:133 ------------------ ##### 
### Collision !!! ### 
 ########  Status report at	 16:58:57:149 ------------------ ##### 
### Collision !!! ### 
 ########  Status report at	 16:58:57:166 ------------------ ##### 
### Collision !!! ### 
 ########  Status report at	 16:58:57:182 ------------------ ##### 
### Collision !!! ### 
 ########  Status report at	 16:58:57:199 ------------------ ##### 
### Collision !!! ### 
 ########  Status report at	 16:58:57:216 ------------------ ##### 
### Collision !!! ### 
 ########  Status report at	 16:58:57:232 ------------------ ##### 
### Collision !!! ### 
 ########  Status report at	 16:58:57:249 ------------------ ##### 
### Collision !!! ### 
 ########  Status report at	 16:58:57:266 ------------------ ##### 
### Collision !!! ### 
 ########  Status report at	 16:58:57:282 ------------------ ##### 
### Collision !!! ### 
 ########  Status report at	 16:58:57:299 ------------------ ##### 
### Collision !!! ### 
 ########  Status report at	 16:58:57:316 ------------------ ##### 
### Collision !!! ### 
 ########  Status report at	 16:58:57:331 ------------------ ##### 
### Collision !!! ### 
 ########  Status report at	 16:58:57:348 ------------------ ##### 
### Collision !!! ### 
 ########  Status report at	 16:58:57:364 ------------------ ##### 
### Collision !!! ### 
 ########  Status report at	 16:58:57:381 ------------------ ##### 
### Collision !!! ### 
 ########  Status report at	 16:58:57:398 ------------------ ##### 
### Collision !!! ### 
 ########  Status report at	 16:58:57:414 ------------------ ##### 
### Collision !!! ### 
 ########  Status report at	 16:58:57:431 ------------------ ##### 
### Collision !!! ### 
 ########  Status report at	 16:58:57:447 ------------------ ##### 
### Collision !!! ### 
 ########  Status report at	 16:58:57:464 ------------------ ##### 
### Collision !!! ### 
 ########  Status report at	 16:58:57:482 ------------------ ##### 
### Collision !!! ### 
 ########  Status report at	 16:58:57:498 ------------------ ##### 
### Collision !!! ### 
 ########  Status report at	 16:58:57:515 ------------------ ##### 
### Collision !!! ### 
 ########  Status report at	 16:58:57:532 ------------------ ##### 
### Collision !!! ### 
 ########  Status report at	 16:58:57:548 ------------------ ##### 
### Collision !!! ### 
 ########  Status report at	 16:58:57:565 ------------------ ##### 
### Collision !!! ### 
 ########  Status report at	 16:58:57:581 ------------------ ##### 
### Collision !!! ### 
 ########  Status report at	 16:58:57:598 ------------------ ##### 
### Collision !!! ### 
 ########  Status report at	 16:58:57:615 ------------------ ##### 
### Collision !!! ### 
 ########  Status report at	 16:58:57:631 ------------------ ##### 
### Collision !!! ### 
 ########  Status report at	 16:58:57:650 ------------------ ##### 
### Collision !!! ### 
 ########  Status report at	 16:58:57:665 ------------------ ##### 
### Collision !!! ### 
 ########  Status report at	 16:58:57:681 ------------------ ##### 
### Collision !!! ### 
 ########  Status report at	 16:58:57:698 ------------------ ##### 
### Collision !!! ### 
 ########  Status report at	 16:58:57:714 ------------------ ##### 
### Collision !!! ### 
 ########  Status report at	 16:58:57:731 ------------------ ##### 
### Collision !!! ### 
 ########  Status report at	 16:58:57:748 ------------------ ##### 
### Collision !!! ### 
 ########  Status report at	 16:58:57:764 ------------------ ##### 
### Collision !!! ### 
 ########  Status report at	 16:58:57:781 ------------------ ##### 
### Collision !!! ### 
 ########  Status report at	 16:58:57:798 ------------------ ##### 
### Collision !!! ### 
 ########  Status report at	 16:58:57:814 ------------------ ##### 
### Collision !!! ### 
 ########  Status report at	 16:58:57:832 ------------------ ##### 
### Collision !!! ### 
 ########  Status report at	 16:58:57:847 ------------------ ##### 
### Collision !!! ### 
 ########  Status report at	 16:58:57:865 ------------------ ##### 
### Collision !!! ### 
 ########  Status report at	 16:58:57:882 ------------------ ##### 
### Collision !!! ### 
 ########  Status report at	 16:58:57:898 ------------------ ##### 
### Collision !!! ### 
 ########  Status report at	 16:58:57:915 ------------------ ##### 
### Collision !!! ### 
 ########  Status report at	 16:58:57:932 ------------------ ##### 
### Collision !!! ### 
 ########  Status report at	 16:58:57:948 ------------------ ##### 
### Collision !!! ### 
 ########  Status report at	 16:58:57:965 ------------------ ##### 
### Collision !!! ### 
 ########  Status report at	 16:58:57:983 ------------------ ##### 
### Collision !!! ### 
 ########  Status report at	 16:58:58:0 ------------------ ##### 
### Collision !!! ### 
 ########  Status report at	 16:58:58:17 ------------------ ##### 
### Collision !!! ### 
 ########  Status report at	 16:58:58:33 ------------------ ##### 
### Collision !!! ### 
 ########  Status report at	 16:58:58:50 ------------------ ##### 
### Collision !!! ### 
 ########  Status report at	 16:58:58:67 ------------------ ##### 
### Collision !!! ### 
 ########  Status report at	 16:58:58:83 ------------------ ##### 
### Collision !!! ### 
 ########  Status report at	 16:58:58:100 ------------------ ##### 
### Collision !!! ### 
 ########  Status report at	 16:58:58:116 ------------------ ##### 
### Collision !!! ### 
 ########  Status report at	 16:58:58:133 ------------------ ##### 
### Collision !!! ### 
 ########  Status report at	 16:58:58:150 ------------------ ##### 
### Collision !!! ### 
 ########  Status report at	 16:58:58:166 ------------------ ##### 
### Collision !!! ### 
 ########  Status report at	 16:58:58:183 ------------------ ##### 
### Collision !!! ### 
 ########  Status report at	 16:58:58:200 ------------------ ##### 
### Collision !!! ### 
 ########  Status report at	 16:58:58:216 ------------------ ##### 
### Collision !!! ### 
 ########  Status report at	 16:58:58:233 ------------------ ##### 
### Collision !!! ### 
 ########  Status report at	 16:58:58:249 ------------------ ##### 
### Collision !!! ### 
 ########  Status report at	 16:58:58:267 ------------------ ##### 
### Collision !!! ### 
 ########  Status report at	 16:58:58:284 ------------------ ##### 
### Collision !!! ### 
 ########  Status report at	 16:58:58:300 ------------------ ##### 
### Collision !!! ### 
 ########  Status report at	 16:58:58:317 ------------------ ##### 
### Collision !!! ### 
 ########  Status report at	 16:58:58:334 ------------------ ##### 
### Collision !!! ### 
 ########  Status report at	 16:58:58:350 ------------------ ##### 
### Collision !!! ### 
 ########  Status report at	 16:58:58:367 ------------------ ##### 
### Collision !!! ### 
 ########  Status report at	 16:58:58:383 ------------------ ##### 
### Collision !!! ### 
 ########  Status report at	 16:58:58:400 ------------------ ##### 
### Collision !!! ### 
 ########  Status report at	 16:58:58:415 ------------------ ##### 
### Collision !!! ### 
 ########  Status report at	 16:58:58:431 ------------------ ##### 
### Collision !!! ### 
 ########  Status report at	 16:58:58:448 ------------------ ##### 
### Collision !!! ### 
 ########  Status report at	 16:58:58:465 ------------------ ##### 
### Collision !!! ### 
 ########  Status report at	 16:58:58:481 ------------------ ##### 
### Collision !!! ### 
 ########  Status report at	 16:58:58:498 ------------------ ##### 
### Collision !!! ### 
 ########  Status report at	 16:58:58:514 ------------------ ##### 
### Collision !!! ### 
 ########  Status report at	 16:58:58:531 ------------------ ##### 
### Collision !!! ### 
 ########  Status report at	 16:58:58:548 ------------------ ##### 
### Collision !!! ### 
 ########  Status report at	 16:58:58:564 ------------------ ##### 
### Collision !!! ### 
 ########  Status report at	 16:58:58:581 ------------------ ##### 
### Collision !!! ### 
 ########  Status report at	 16:58:58:597 ------------------ ##### 
### Collision !!! ### 
 ########  Status report at	 16:58:58:614 ------------------ ##### 
### Collision !!! ### 
 ########  Status report at	 16:58:58:631 ------------------ ##### 
### Collision !!! ### 
 ########  Status report at	 16:58:58:648 ------------------ ##### 
### Collision !!! ### 
 ########  Status report at	 16:58:58:665 ------------------ ##### 
### Collision !!! ### 
 ########  Status report at	 16:58:58:682 ------------------ ##### 
### Collision !!! ### 
 ########  Status report at	 16:58:58:698 ------------------ ##### 
### Collision !!! ### 
 ########  Status report at	 16:58:58:715 ------------------ ##### 
### Collision !!! ### 
 ########  Status report at	 16:58:58:734 ------------------ ##### 
### Collision !!! ### 
 ########  Status report at	 16:58:58:748 ------------------ ##### 
### Collision !!! ### 
 ########  Status report at	 16:58:58:765 ------------------ ##### 
### Collision !!! ### 
 ########  Status report at	 16:58:58:781 ------------------ ##### 
### Collision !!! ### 
 ########  Status report at	 16:58:58:798 ------------------ ##### 
### Collision !!! ### 
 ########  Status report at	 16:58:58:815 ------------------ ##### 
### Collision !!! ### 
 ########  Status report at	 16:58:58:831 ------------------ ##### 
### Collision !!! ### 
 ########  Status report at	 16:58:58:848 ------------------ ##### 
### Collision !!! ### 
 ########  Status report at	 16:58:58:865 ------------------ ##### 
### Collision !!! ### 
 ########  Status report at	 16:58:58:881 ------------------ ##### 
### Collision !!! ### 
 ########  Status report at	 16:58:58:898 ------------------ ##### 
### Collision !!! ### 
 ########  Status report at	 16:58:58:914 ------------------ ##### 
### Collision !!! ### 
 ########  Status report at	 16:58:58:931 ------------------ ##### 
### Collision !!! ### 
 ########  Status report at	 16:58:58:948 ------------------ ##### 
### Collision !!! ### 
 ########  Status report at	 16:58:58:964 ------------------ ##### 
### Collision !!! ### 
 ########  Status report at	 16:58:58:981 ------------------ ##### 
### Collision !!! ### 
 ########  Status report at	 16:58:58:998 ------------------ ##### 
### Collision !!! ### 
 ########  Status report at	 16:58:59:15 ------------------ ##### 
### Collision !!! ### 
 ########  Status report at	 16:59:7:415 ------------------ ##### 
### Collision !!! ### 
 ########  Status report at	 16:59:7:432 ------------------ ##### 
### Collision !!! ### 
 ########  Status report at	 16:59:7:449 ------------------ ##### 
### Collision !!! ### 
 ########  Status report at	 16:59:7:466 ------------------ ##### 
### Collision !!! ### 
 ########  Status report at	 16:59:7:482 ------------------ ##### 
### Collision !!! ### 
 ########  Status report at	 16:59:7:499 ------------------ ##### 
### Collision !!! ### 
 ########  Status report at	 16:59:7:515 ------------------ ##### 
### Collision !!! ### 
 ########  Status report at	 16:59:7:532 ------------------ ##### 
### Collision !!! ### 
 ########  Status report at	 16:59:7:549 ------------------ ##### 
### Collision !!! ### 
 ########  Status report at	 16:59:7:565 ------------------ ##### 
### Collision !!! ### 
 ########  Status report at	 16:59:7:582 ------------------ ##### 
### Collision !!! ### 
 ########  Status report at	 16:59:7:599 ------------------ ##### 
### Collision !!! ### 
 ########  Status report at	 16:59:7:615 ------------------ ##### 
### Collision !!! ### 
 ########  Status report at	 16:59:10:684 ------------------ ##### 
### Collision !!! ### 
 ########  Status report at	 16:59:10:700 ------------------ ##### 
### Collision !!! ### 
 ########  Status report at	 16:59:10:717 ------------------ ##### 
### Collision !!! ### 
 ########  Status report at	 16:59:10:850 ------------------ ##### 
### Collision !!! ### 
 ########  Status report at	 16:59:10:868 ------------------ ##### 
### Collision !!! ### 
 ########  Status report at	 16:59:10:884 ------------------ ##### 
### Collision !!! ### 
 ########  Status report at	 16:59:10:901 ------------------ ##### 
### Collision !!! ### 
 ########  Status report at	 16:59:10:918 ------------------ ##### 
### Collision !!! ### 
 ########  Status report at	 16:59:10:934 ------------------ ##### 
### Collision !!! ### 
 ########  Status report at	 16:59:10:951 ------------------ ##### 
### Collision !!! ### 
 ########  Status report at	 16:59:10:968 ------------------ ##### 
### Collision !!! ### 
 ########  Status report at	 16:59:10:984 ------------------ ##### 
### Collision !!! ### 
 ########  Status report at	 16:59:11:1 ------------------ ##### 
### Collision !!! ### 
 ########  Status report at	 16:59:11:18 ------------------ ##### 
### Collision !!! ### 
 ########  Status report at	 16:59:11:34 ------------------ ##### 
### Collision !!! ### 
 ########  Status report at	 16:59:11:51 ------------------ ##### 
### Collision !!! ### 
 ########  Status report at	 16:59:11:67 ------------------ ##### 
### Collision !!! ### 
 ########  Status report at	 16:59:11:84 ------------------ ##### 
### Collision !!! ### 
 ########  Status report at	 16:59:18:99 ------------------ ##### 
### Collision !!! ### 
 ########  Status report at	 16:59:18:118 ------------------ ##### 
### Collision !!! ### 
 ########  Status report at	 16:59:18:132 ------------------ ##### 
### Collision !!! ### 
 ########  Status report at	 16:59:18:148 ------------------ ##### 
### Collision !!! ### 
 ########  Status report at	 16:59:18:165 ------------------ ##### 
### Collision !!! ### 
 ########  Status report at	 16:59:18:182 ------------------ ##### 
### Collision !!! ### 
 ########  Status report at	 16:59:18:198 ------------------ ##### 
### Collision !!! ### 
 ########  Status report at	 16:59:18:218 ------------------ ##### 
### Collision !!! ### 
 ########  Status report at	 16:59:18:232 ------------------ ##### 
### Collision !!! ### 
 ########  Status report at	 16:59:18:248 ------------------ ##### 
### Collision !!! ### 
 ########  Status report at	 16:59:18:265 ------------------ ##### 
### Collision !!! ### 
 ########  Status report at	 16:59:18:281 ------------------ ##### 
### Collision !!! ### 
 ########  Status report at	 16:59:18:298 ------------------ ##### 
### Collision !!! ### 
 ########  Status report at	 16:59:18:315 ------------------ ##### 
### Collision !!! ### 
 ########  Status report at	 16:59:18:349 ------------------ ##### 
### Collision !!! ### 
 ########  Status report at	 16:59:18:366 ------------------ ##### 
### Collision !!! ### 
 ########  Status report at	 16:59:28:246 ------------------ ##### 
### Collision !!! ### 
 ########  Status report at	 16:59:28:262 ------------------ ##### 
### Collision !!! ### 
 ########  Status report at	 16:59:28:279 ------------------ ##### 
### Collision !!! ### 
 ########  Status report at	 16:59:28:296 ------------------ ##### 
### Collision !!! ### 
 ########  Status report at	 16:59:28:312 ------------------ ##### 
### Collision !!! ### 
 ########  Status report at	 16:59:28:329 ------------------ ##### 
### Collision !!! ### 
 ########  Status report at	 16:59:28:346 ------------------ ##### 
### Collision !!! ### 
 ########  Status report at	 16:59:28:362 ------------------ ##### 
### Collision !!! ### 
 ########  Status report at	 16:59:28:379 ------------------ ##### 
### Collision !!! ### 
 ########  Status report at	 16:59:28:396 ------------------ ##### 
### Collision !!! ### 
 ########  Status report at	 16:59:28:412 ------------------ ##### 
### Collision !!! ### 
 ########  Status report at	 16:59:28:429 ------------------ ##### 
### Collision !!! ### 
 ########  Status report at	 16:59:28:445 ------------------ ##### 
### Collision !!! ### 
 ########  Status report at	 16:59:28:462 ------------------ ##### 
### Collision !!! ### 
 ########  Status report at	 16:59:28:479 ------------------ ##### 
### Collision !!! ### 
 ########  Status report at	 16:59:28:495 ------------------ ##### 
### Collision !!! ### 
 ########  Status report at	 16:59:28:512 ------------------ ##### 
### Collision !!! ### 
 ########  Status report at	 16:59:28:528 ------------------ ##### 
### Collision !!! ### 
 ########  Status report at	 16:59:28:545 ------------------ ##### 
### Collision !!! ### 
 ########  Status report at	 16:59:28:562 ------------------ ##### 
### Collision !!! ### 
 ########  Status report at	 16:59:28:578 ------------------ ##### 
### Collision !!! ### 
 ########  Status report at	 16:59:28:596 ------------------ ##### 
### Collision !!! ### 
 ########  Status report at	 16:59:43:843 ------------------ ##### 
### Collision !!! ### 
 ########  Status report at	 16:59:43:860 ------------------ ##### 
### Collision !!! ### 
 ########  Status report at	 16:59:43:876 ------------------ ##### 
### Collision !!! ### 
 ########  Status report at	 16:59:43:908 ------------------ ##### 
### Collision !!! ### 
 ########  Status report at	 16:59:43:926 ------------------ ##### 
### Collision !!! ### 
 ########  Status report at	 16:59:43:944 ------------------ ##### 
### Collision !!! ### 
 ########  Status report at	 16:59:43:960 ------------------ ##### 
### Collision !!! ### 
 ########  Status report at	 16:59:43:977 ------------------ ##### 
### Collision !!! ### 
 ########  Status report at	 16:59:43:997 ------------------ ##### 
### Collision !!! ### 
 ########  Status report at	 16:59:44:13 ------------------ ##### 
### Collision !!! ### 
 ########  Status report at	 16:59:44:28 ------------------ ##### 
### Collision !!! ### 
 ########  Status report at	 16:59:44:44 ------------------ ##### 
### Collision !!! ### 
 ########  Status report at	 16:59:44:67 ------------------ ##### 
### Collision !!! ### 
 ########  Status report at	 16:59:44:93 ------------------ ##### 
### Collision !!! ### 
 ########  Status report at	 16:59:44:117 ------------------ ##### 
### Collision !!! ### 
 ########  Status report at	 16:59:44:144 ------------------ ##### 
### Collision !!! ### 
 ########  Status report at	 16:59:44:161 ------------------ ##### 
### Collision !!! ### 
 ########  Status report at	 16:59:44:177 ------------------ ##### 
### Collision !!! ### 
 ########  Status report at	 16:59:44:193 ------------------ ##### 
### Collision !!! ### 
 ########  Status report at	 16:59:44:210 ------------------ ##### 
### Collision !!! ### 
 ########  Status report at	 16:59:44:226 ------------------ ##### 
### Collision !!! ### 
 ########  Status report at	 16:59:44:243 ------------------ ##### 
### Collision !!! ### 
 ########  Status report at	 16:59:44:260 ------------------ ##### 
### Collision !!! ### 
 ########  Status report at	 16:59:44:276 ------------------ ##### 
### Collision !!! ### 
 ########  Status report at	 16:59:44:293 ------------------ ##### 
### Collision !!! ### 
 ########  Status report at	 16:59:44:310 ------------------ ##### 
### Collision !!! ### 
 ########  Status report at	 16:59:44:326 ------------------ ##### 
### Collision !!! ### 
 ########  Status report at	 16:59:44:343 ------------------ ##### 
### Collision !!! ### 
 ########  Status report at	 16:59:44:359 ------------------ ##### 
### Collision !!! ### 
 ########  Status report at	 16:59:44:376 ------------------ ##### 
### Collision !!! ### 
 ########  Status report at	 16:59:44:393 ------------------ ##### 
### Collision !!! ### 
 ########  Status report at	 16:59:44:409 ------------------ ##### 
### Collision !!! ### 
 ########  Status report at	 16:59:44:426 ------------------ ##### 
### Collision !!! ### 
 ########  Status report at	 16:59:44:442 ------------------ ##### 
### Collision !!! ### 
 ########  Status report at	 16:59:44:459 ------------------ ##### 
### Collision !!! ### 
 ########  Status report at	 16:59:44:477 ------------------ ##### 
### Collision !!! ### 
 ########  Status report at	 16:59:44:493 ------------------ ##### 
### Collision !!! ### 
 ########  Status report at	 16:59:44:510 ------------------ ##### 
### Collision !!! ### 
 ########  Status report at	 16:59:44:527 ------------------ ##### 
### Collision !!! ### 
 ########  Status report at	 16:59:44:543 ------------------ ##### 
### Collision !!! ### 
 ########  Status report at	 16:59:44:560 ------------------ ##### 
### Collision !!! ### 
 ########  Status report at	 16:59:44:576 ------------------ ##### 
### Collision !!! ### 
 ########  Status report at	 16:59:44:593 ------------------ ##### 
### Collision !!! ### 
 ########  Status report at	 16:59:44:610 ------------------ ##### 
### Collision !!! ### 
 ########  Status report at	 16:59:44:626 ------------------ ##### 
### Collision !!! ### 
 ########  Status report at	 16:59:44:643 ------------------ ##### 
### Collision !!! ### 
 ########  Status report at	 16:59:44:660 ------------------ ##### 
### Collision !!! ### 
 ########  Status report at	 16:59:44:676 ------------------ ##### 
### Collision !!! ### 
 ########  Status report at	 16:59:45:126 ------------------ ##### 
### Collision !!! ### 
 ########  Status report at	 16:59:45:143 ------------------ ##### 
### Collision !!! ### 
 ########  Status report at	 16:59:45:159 ------------------ ##### 
### Collision !!! ### 
 ########  Status report at	 16:59:45:176 ------------------ ##### 
### Collision !!! ### 
 ########  Status report at	 16:59:45:193 ------------------ ##### 
### Collision !!! ### 
 ########  Status report at	 16:59:45:209 ------------------ ##### 
### Collision !!! ### 
 ########  Status report at	 16:59:45:226 ------------------ ##### 
### Collision !!! ### 
 ########  Status report at	 16:59:45:244 ------------------ ##### 
### Collision !!! ### 
 ########  Status report at	 16:59:45:260 ------------------ ##### 
### Collision !!! ### 
 ########  Status report at	 16:59:45:277 ------------------ ##### 
### Collision !!! ### 
 ########  Status report at	 16:59:45:293 ------------------ ##### 
### Collision !!! ### 
 ########  Status report at	 16:59:45:310 ------------------ ##### 
### Collision !!! ### 
 ########  Status report at	 16:59:45:327 ------------------ ##### 
### Collision !!! ### 
 ########  Status report at	 16:59:45:343 ------------------ ##### 
### Collision !!! ### 
 ########  Status report at	 16:59:45:360 ------------------ ##### 
### Collision !!! ### 
 ########  Status report at	 16:59:45:376 ------------------ ##### 
### Collision !!! ### 
 ########  Status report at	 16:59:45:393 ------------------ ##### 
### Collision !!! ### 
 ########  Status report at	 16:59:45:410 ------------------ ##### 
### Collision !!! ### 
 ########  Status report at	 16:59:45:426 ------------------ ##### 
### Collision !!! ### 
 ########  Status report at	 16:59:45:443 ------------------ ##### 
### Collision !!! ### 
 ########  Status report at	 16:59:45:460 ------------------ ##### 
### Collision !!! ### 
 ########  Status report at	 16:59:45:476 ------------------ ##### 
### Collision !!! ### 
 ########  Status report at	 16:59:45:493 ------------------ ##### 
### Collision !!! ### 
 ########  Status report at	 16:59:45:509 ------------------ ##### 
### Collision !!! ### 
 ########  Status report at	 16:59:45:526 ------------------ ##### 
### Collision !!! ### 
 ########  Status report at	 16:59:45:543 ------------------ ##### 
### Collision !!! ### 
 ########  Status report at	 16:59:45:560 ------------------ ##### 
### Collision !!! ### 
 ########  Status report at	 16:59:45:576 ------------------ ##### 
### Collision !!! ### 
 ########  Status report at	 16:59:45:592 ------------------ ##### 
### Collision !!! ### 
 ########  Status report at	 16:59:45:610 ------------------ ##### 
### Collision !!! ### 
 ########  Status report at	 16:59:45:626 ------------------ ##### 
### Collision !!! ### 
 ########  Status report at	 16:59:45:643 ------------------ ##### 
### Collision !!! ### 
 ########  Status report at	 16:59:45:660 ------------------ ##### 
### Collision !!! ### 
 ########  Status report at	 16:59:45:677 ------------------ ##### 
### Collision !!! ### 
 ########  Status report at	 16:59:45:693 ------------------ ##### 
### Collision !!! ### 
 ########  Status report at	 16:59:45:710 ------------------ ##### 
### Collision !!! ### 
 ########  Status report at	 16:59:45:727 ------------------ ##### 
### Collision !!! ### 
 ########  Status report at	 16:59:45:743 ------------------ ##### 
### Collision !!! ### 
 ########  Status report at	 16:59:45:760 ------------------ ##### 
### Collision !!! ### 
 ########  Status report at	 16:59:45:776 ------------------ ##### 
### Collision !!! ### 
 ########  Status report at	 16:59:45:793 ------------------ ##### 
### Collision !!! ### 
 ########  Status report at	 16:59:45:810 ------------------ ##### 
### Collision !!! ### 
 ########  Status report at	 16:59:45:826 ------------------ ##### 
### Collision !!! ### 
 ########  Status report at	 16:59:45:843 ------------------ ##### 
### Collision !!! ### 
 ########  Status report at	 16:59:45:860 ------------------ ##### 
### Collision !!! ### 
 ########  Status report at	 16:59:45:876 ------------------ ##### 
### Collision !!! ### 
 ########  Status report at	 16:59:45:893 ------------------ ##### 
### Collision !!! ### 
 ########  Status report at	 16:59:45:909 ------------------ ##### 
### Collision !!! ### 
 ########  Status report at	 16:59:45:926 ------------------ ##### 
### Collision !!! ### 
 ########  Status report at	 16:59:45:943 ------------------ ##### 
### Collision !!! ### 
 ########  Status report at	 16:59:45:959 ------------------ ##### 
### Collision !!! ### 
 ########  Status report at	 16:59:45:976 ------------------ ##### 
### Collision !!! ### 
 ########  Status report at	 16:59:45:994 ------------------ ##### 
### Collision !!! ### 
 ########  Status report at	 16:59:46:10 ------------------ ##### 
### Collision !!! ### 
 ########  Status report at	 16:59:46:27 ------------------ ##### 
### Collision !!! ### 
 ########  Status report at	 16:59:46:43 ------------------ ##### 
### Collision !!! ### 
 ########  Status report at	 16:59:46:60 ------------------ ##### 
### Collision !!! ### 
 ########  Status report at	 16:59:46:77 ------------------ ##### 
### Collision !!! ### 
 ########  Status report at	 16:59:46:93 ------------------ ##### 
### Collision !!! ### 
 ########  Status report at	 16:59:46:115 ------------------ ##### 
### Collision !!! ### 
 ########  Status report at	 16:59:46:131 ------------------ ##### 
### Collision !!! ### 
 ########  Status report at	 16:59:46:161 ------------------ ##### 
### Collision !!! ### 
 ########  Status report at	 16:59:46:179 ------------------ ##### 
### Collision !!! ### 
 ########  Status report at	 16:59:46:203 ------------------ ##### 
### Collision !!! ### 
 ########  Status report at	 16:59:46:226 ------------------ ##### 
### Collision !!! ### 
 ########  Status report at	 16:59:46:243 ------------------ ##### 
### Collision !!! ### 
 ########  Status report at	 16:59:46:259 ------------------ ##### 
### Collision !!! ### 
 ########  Status report at	 16:59:46:276 ------------------ ##### 
### Collision !!! ### 
 ########  Status report at	 16:59:46:293 ------------------ ##### 
### Collision !!! ### 
 ########  Status report at	 16:59:46:309 ------------------ ##### 
### Collision !!! ### 
 ########  Status report at	 16:59:46:326 ------------------ ##### 
### Collision !!! ### 
 ########  Status report at	 16:59:46:343 ------------------ ##### 
### Collision !!! ### 
 ########  Status report at	 16:59:46:359 ------------------ ##### 
### Collision !!! ### 
 ########  Status report at	 16:59:46:377 ------------------ ##### 
### Collision !!! ### 
 ########  Status report at	 16:59:46:393 ------------------ ##### 
### Collision !!! ### 
 ########  Status report at	 16:59:46:410 ------------------ ##### 
### Collision !!! ### 
 ########  Status report at	 16:59:46:427 ------------------ ##### 
### Collision !!! ### 
 ########  Status report at	 16:59:46:447 ------------------ ##### 
### Collision !!! ### 
 ########  Status report at	 16:59:46:464 ------------------ ##### 
### Collision !!! ### 
 ########  Status report at	 16:59:46:494 ------------------ ##### 
### Collision !!! ### 
 ########  Status report at	 16:59:46:510 ------------------ ##### 
### Collision !!! ### 
 ########  Status report at	 16:59:46:526 ------------------ ##### 
### Collision !!! ### 
 ########  Status report at	 16:59:46:543 ------------------ ##### 
### Collision !!! ### 
 ########  Status report at	 16:59:46:560 ------------------ ##### 
### Collision !!! ### 
 ########  Status report at	 16:59:46:576 ------------------ ##### 
### Collision !!! ### 
 ########  Status report at	 16:59:46:593 ------------------ ##### 
### Collision !!! ### 
 ########  Status report at	 16:59:46:610 ------------------ ##### 
### Collision !!! ### 
 ########  Status report at	 16:59:46:626 ------------------ ##### 
### Collision !!! ### 
 ########  Status report at	 16:59:46:643 ------------------ ##### 
### Collision !!! ### 
 ########  Status report at	 16:59:46:659 ------------------ ##### 
### Collision !!! ### 
 ########  Status report at	 16:59:46:676 ------------------ ##### 
### Collision !!! ### 
 ########  Status report at	 16:59:46:693 ------------------ ##### 
### Collision !!! ### 
 ########  Status report at	 16:59:46:709 ------------------ ##### 
### Collision !!! ### 
 ########  Status report at	 16:59:46:726 ------------------ ##### 
### Collision !!! ### 
 ########  Status report at	 16:59:46:744 ------------------ ##### 
### Collision !!! ### 
 ########  Status report at	 16:59:46:759 ------------------ ##### 
### Collision !!! ### 
 ########  Status report at	 16:59:46:777 ------------------ ##### 
### Collision !!! ### 
 ########  Status report at	 16:59:46:794 ------------------ ##### 
### Collision !!! ### 
 ########  Status report at	 16:59:46:810 ------------------ ##### 
### Collision !!! ### 
 ########  Status report at	 16:59:46:827 ------------------ ##### 
### Collision !!! ### 
 ########  Status report at	 16:59:46:843 ------------------ ##### 
### Collision !!! ### 
 ########  Status report at	 16:59:46:860 ------------------ ##### 
### Collision !!! ### 
 ########  Status report at	 16:59:46:877 ------------------ ##### 
### Collision !!! ### 
 ########  Status report at	 16:59:46:893 ------------------ ##### 
### Collision !!! ### 
 ########  Status report at	 16:59:46:910 ------------------ ##### 
### Collision !!! ### 
 ########  Status report at	 16:59:46:926 ------------------ ##### 
### Collision !!! ### 
 ########  Status report at	 16:59:46:943 ------------------ ##### 
### Collision !!! ### 
 ########  Status report at	 16:59:46:960 ------------------ ##### 
### Collision !!! ### 
 ########  Status report at	 16:59:46:976 ------------------ ##### 
### Collision !!! ### 
 ########  Status report at	 16:59:46:993 ------------------ ##### 
### Collision !!! ### 
 ########  Status report at	 16:59:47:10 ------------------ ##### 
### Collision !!! ### 
 ########  Status report at	 16:59:47:26 ------------------ ##### 
### Collision !!! ### 
 ########  Status report at	 16:59:47:43 ------------------ ##### 
### Collision !!! ### 
 ########  Status report at	 16:59:47:60 ------------------ ##### 
### Collision !!! ### 
 ########  Status report at	 16:59:47:77 ------------------ ##### 
### Collision !!! ### 
 ########  Status report at	 16:59:47:94 ------------------ ##### 
### Collision !!! ### 
 ########  Status report at	 16:59:47:112 ------------------ ##### 
### Collision !!! ### 
 ########  Status report at	 16:59:47:127 ------------------ ##### 
### Collision !!! ### 
 ########  Status report at	 16:59:47:144 ------------------ ##### 
### Collision !!! ### 
 ########  Status report at	 16:59:47:160 ------------------ ##### 
### Collision !!! ### 
 ########  Status report at	 16:59:47:177 ------------------ ##### 
### Collision !!! ### 
 ########  Status report at	 16:59:47:193 ------------------ ##### 
### Collision !!! ### 
 ########  Status report at	 16:59:47:214 ------------------ ##### 
### Collision !!! ### 
 ########  Status report at	 16:59:47:227 ------------------ ##### 
### Collision !!! ### 
 ########  Status report at	 16:59:47:243 ------------------ ##### 
### Collision !!! ### 
 ########  Status report at	 16:59:47:260 ------------------ ##### 
### Collision !!! ### 
 ########  Status report at	 16:59:47:277 ------------------ ##### 
### Collision !!! ### 
 ########  Status report at	 16:59:47:293 ------------------ ##### 
### Collision !!! ### 
 ########  Status report at	 16:59:47:311 ------------------ ##### 
### Collision !!! ### 
 ########  Status report at	 16:59:47:326 ------------------ ##### 
### Collision !!! ### 
 ########  Status report at	 16:59:47:343 ------------------ ##### 
### Collision !!! ### 
 ########  Status report at	 16:59:47:361 ------------------ ##### 
### Collision !!! ### 
 ########  Status report at	 16:59:47:376 ------------------ ##### 
### Collision !!! ### 
 ########  Status report at	 16:59:47:393 ------------------ ##### 
### Collision !!! ### 
 ########  Status report at	 16:59:47:410 ------------------ ##### 
### Collision !!! ### 
 ########  Status report at	 16:59:47:426 ------------------ ##### 
### Collision !!! ### 
 ########  Status report at	 16:59:47:443 ------------------ ##### 
### Collision !!! ### 
 ########  Status report at	 16:59:47:459 ------------------ ##### 
### Collision !!! ### 
 ########  Status report at	 16:59:47:476 ------------------ ##### 
### Collision !!! ### 
 ########  Status report at	 16:59:47:493 ------------------ ##### 
### Collision !!! ### 
 ########  Status report at	 16:59:47:510 ------------------ ##### 
### Collision !!! ### 
 ########  Status report at	 16:59:47:527 ------------------ ##### 
### Collision !!! ### 
 ########  Status report at	 16:59:47:548 ------------------ ##### 
### Collision !!! ### 
 ########  Status report at	 16:59:47:560 ------------------ ##### 
### Collision !!! ### 
 ########  Status report at	 16:59:47:577 ------------------ ##### 
### Collision !!! ### 
 ########  Status report at	 16:59:47:593 ------------------ ##### 
### Collision !!! ### 
 ########  Status report at	 16:59:47:610 ------------------ ##### 
### Collision !!! ### 
 ########  Status report at	 16:59:47:627 ------------------ ##### 
### Collision !!! ### 
 ########  Status report at	 16:59:47:643 ------------------ ##### 
### Collision !!! ### 
 ########  Status report at	 16:59:47:660 ------------------ ##### 
### Collision !!! ### 
 ########  Status report at	 16:59:47:677 ------------------ ##### 
### Collision !!! ### 
 ########  Status report at	 16:59:47:693 ------------------ ##### 
### Collision !!! ### 
 ########  Status report at	 16:59:47:710 ------------------ ##### 
### Collision !!! ### 
 ########  Status report at	 16:59:47:726 ------------------ ##### 
### Collision !!! ### 
 ########  Status report at	 16:59:47:743 ------------------ ##### 
### Collision !!! ### 
 ########  Status report at	 16:59:47:760 ------------------ ##### 
### Collision !!! ### 
 ########  Status report at	 16:59:47:776 ------------------ ##### 
### Collision !!! ### 
 ########  Status report at	 16:59:47:793 ------------------ ##### 
### Collision !!! ### 
 ########  Status report at	 16:59:47:809 ------------------ ##### 
### Collision !!! ### 
 ########  Status report at	 16:59:47:826 ------------------ ##### 
### Collision !!! ### 
 ########  Status report at	 16:59:47:844 ------------------ ##### 
### Collision !!! ### 
 ########  Status report at	 16:59:47:860 ------------------ ##### 
### Collision !!! ### 
 ########  Status report at	 16:59:47:880 ------------------ ##### 
### Collision !!! ### 
 ########  Status report at	 16:59:47:894 ------------------ ##### 
### Collision !!! ### 
 ########  Status report at	 16:59:47:910 ------------------ ##### 
### Collision !!! ### 
 ########  Status report at	 16:59:47:927 ------------------ ##### 
### Collision !!! ### 
 ########  Status report at	 16:59:47:944 ------------------ ##### 
### Collision !!! ### 
 ########  Status report at	 16:59:47:960 ------------------ ##### 
### Collision !!! ### 
 ########  Status report at	 16:59:47:977 ------------------ ##### 
### Collision !!! ### 
 ########  Status report at	 16:59:47:993 ------------------ ##### 
### Collision !!! ### 
 ########  Status report at	 16:59:48:10 ------------------ ##### 
### Collision !!! ### 
 ########  Status report at	 16:59:48:343 ------------------ ##### 
### Collision !!! ### 
 ########  Status report at	 16:59:48:360 ------------------ ##### 
### Collision !!! ### 
 ########  Status report at	 16:59:48:376 ------------------ ##### 
### Collision !!! ### 
 ########  Status report at	 16:59:48:393 ------------------ ##### 
### Collision !!! ### 
 ########  Status report at	 16:59:48:410 ------------------ ##### 
### Collision !!! ### 
 ########  Status report at	 16:59:48:427 ------------------ ##### 
### Collision !!! ### 
 ########  Status report at	 16:59:48:443 ------------------ ##### 
### Collision !!! ### 
 ########  Status report at	 16:59:48:460 ------------------ ##### 
### Collision !!! ### 
 ########  Status report at	 16:59:48:476 ------------------ ##### 
### Collision !!! ### 
 ########  Status report at	 16:59:48:493 ------------------ ##### 
### Collision !!! ### 
 ########  Status report at	 16:59:48:510 ------------------ ##### 
### Collision !!! ### 
 ########  Status report at	 16:59:48:526 ------------------ ##### 
### Collision !!! ### 
 ########  Status report at	 16:59:48:543 ------------------ ##### 
### Collision !!! ### 
 ########  Status report at	 17:0:0:244 ------------------ ##### 
### Collision !!! ### 
 ########  Status report at	 17:0:0:261 ------------------ ##### 
### Collision !!! ### 
 ########  Status report at	 17:0:0:277 ------------------ ##### 
### Collision !!! ### 
 ########  Status report at	 17:0:0:294 ------------------ ##### 
### Collision !!! ### 
 ########  Status report at	 17:0:0:310 ------------------ ##### 
### Collision !!! ### 
 ########  Status report at	 17:0:0:327 ------------------ ##### 
### Collision !!! ### 
 ########  Status report at	 17:0:0:344 ------------------ ##### 
### Collision !!! ### 
 ########  Status report at	 17:0:0:360 ------------------ ##### 
### Collision !!! ### 
 ########  Status report at	 17:0:0:377 ------------------ ##### 
### Collision !!! ### 
 ########  Status report at	 17:0:0:394 ------------------ ##### 
### Collision !!! ### 
 ########  Status report at	 17:0:0:410 ------------------ ##### 
### Collision !!! ### 
 ########  Status report at	 17:0:0:427 ------------------ ##### 
### Collision !!! ### 
 ########  Status report at	 17:0:0:444 ------------------ ##### 
### Collision !!! ### 
 ########  Status report at	 17:0:0:460 ------------------ ##### 
### Collision !!! ### 
 ########  Status report at	 17:0:0:478 ------------------ ##### 
### Collision !!! ### 
 ########  Status report at	 17:0:0:493 ------------------ ##### 
### Collision !!! ### 
 ########  Status report at	 17:0:0:511 ------------------ ##### 
### Collision !!! ### 
 ########  Status report at	 17:0:0:528 ------------------ ##### 
### Collision !!! ### 
 ########  Status report at	 17:0:0:544 ------------------ ##### 
### Collision !!! ### 
 ########  Status report at	 17:0:0:561 ------------------ ##### 
### Collision !!! ### 
 ########  Status report at	 17:0:0:578 ------------------ ##### 
### Collision !!! ### 
 ########  Status report at	 17:0:0:594 ------------------ ##### 
### Collision !!! ### 
 ########  Status report at	 17:0:0:611 ------------------ ##### 
### Collision !!! ### 
 ########  Status report at	 17:0:0:627 ------------------ ##### 
### Collision !!! ### 
 ########  Status report at	 17:0:0:644 ------------------ ##### 
### Collision !!! ### 
 ########  Status report at	 17:0:0:661 ------------------ ##### 
### Collision !!! ### 
 ########  Status report at	 17:0:0:677 ------------------ ##### 
### Collision !!! ### 
 ########  Status report at	 17:0:0:694 ------------------ ##### 
### Collision !!! ### 
 ########  Status report at	 17:0:0:710 ------------------ ##### 
### Collision !!! ### 
 ########  Status report at	 17:0:0:727 ------------------ ##### 
### Collision !!! ### 
 ########  Status report at	 17:0:0:744 ------------------ ##### 
### Collision !!! ### 
 ########  Status report at	 17:0:0:760 ------------------ ##### 
### Collision !!! ### 
 ########  Status report at	 17:0:0:777 ------------------ ##### 
### Collision !!! ### 
 ########  Status report at	 17:0:0:794 ------------------ ##### 
### Collision !!! ### 
 ########  Status report at	 17:0:0:810 ------------------ ##### 
### Collision !!! ### 
 ########  Status report at	 17:0:0:827 ------------------ ##### 
### Collision !!! ### 
 ########  Status report at	 17:0:0:843 ------------------ ##### 
### Collision !!! ### 
 ########  Status report at	 17:0:0:860 ------------------ ##### 
### Collision !!! ### 
 ########  Status report at	 17:0:0:877 ------------------ ##### 
### Collision !!! ### 
 ########  Status report at	 17:0:0:893 ------------------ ##### 
### Collision !!! ### 
 ########  Status report at	 17:0:0:911 ------------------ ##### 
### Collision !!! ### 
 ########  Status report at	 17:0:0:928 ------------------ ##### 
### Collision !!! ### 
 ########  Status report at	 17:0:0:944 ------------------ ##### 
### Collision !!! ### 
 ########  Status report at	 17:0:0:961 ------------------ ##### 
### Collision !!! ### 
 ########  Status report at	 17:0:0:978 ------------------ ##### 
### Collision !!! ### 
 ########  Status report at	 17:0:0:994 ------------------ ##### 
### Collision !!! ### 
 ########  Status report at	 17:0:1:11 ------------------ ##### 
### Collision !!! ### 
 ########  Status report at	 17:0:1:27 ------------------ ##### 
### Collision !!! ### 
 ########  Status report at	 17:0:1:44 ------------------ ##### 
### Collision !!! ### 
 ########  Status report at	 17:0:1:61 ------------------ ##### 
### Collision !!! ### 
 ########  Status report at	 17:0:1:77 ------------------ ##### 
### Collision !!! ### 
 ########  Status report at	 17:0:1:94 ------------------ ##### 
### Collision !!! ### 
 ########  Status report at	 17:0:1:123 ------------------ ##### 
### Collision !!! ### 
 ########  Status report at	 17:0:1:133 ------------------ ##### 
### Collision !!! ### 
 ########  Status report at	 17:0:1:149 ------------------ ##### 
### Collision !!! ### 
 ########  Status report at	 17:0:1:166 ------------------ ##### 
### Collision !!! ### 
 ########  Status report at	 17:0:1:183 ------------------ ##### 
### Collision !!! ### 
 ########  Status report at	 17:0:1:199 ------------------ ##### 
### Collision !!! ### 
 ########  Status report at	 17:0:1:216 ------------------ ##### 
### Collision !!! ### 
 ########  Status report at	 17:0:1:232 ------------------ ##### 
### Collision !!! ### 
 ########  Status report at	 17:0:1:249 ------------------ ##### 
### Collision !!! ### 
 ########  Status report at	 17:0:1:266 ------------------ ##### 
### Collision !!! ### 
 ########  Status report at	 17:0:1:282 ------------------ ##### 
### Collision !!! ### 
 ########  Status report at	 17:0:1:300 ------------------ ##### 
### Collision !!! ### 
 ########  Status report at	 17:0:1:317 ------------------ ##### 
### Collision !!! ### 
 ########  Status report at	 17:0:1:333 ------------------ ##### 
### Collision !!! ### 
 ########  Status report at	 17:0:1:350 ------------------ ##### 
### Collision !!! ### 
 ########  Status report at	 17:0:1:367 ------------------ ##### 
### Collision !!! ### 
 ########  Status report at	 17:0:1:383 ------------------ ##### 
### Collision !!! ### 
 ########  Status report at	 17:0:1:400 ------------------ ##### 
### Collision !!! ### 
 ########  Status report at	 17:0:1:416 ------------------ ##### 
### Collision !!! ### 
 ########  Status report at	 17:0:1:433 ------------------ ##### 
### Collision !!! ### 
 ########  Status report at	 17:0:1:450 ------------------ ##### 
### Collision !!! ### 
 ########  Status report at	 17:0:1:466 ------------------ ##### 
### Collision !!! ### 
 ########  Status report at	 17:0:1:483 ------------------ ##### 
### Collision !!! ### 
 ########  Status report at	 17:0:1:499 ------------------ ##### 
### Collision !!! ### 
 ########  Status report at	 17:0:1:516 ------------------ ##### 
### Collision !!! ### 
 ########  Status report at	 17:0:1:533 ------------------ ##### 
### Collision !!! ### 
 ########  Status report at	 17:0:1:549 ------------------ ##### 
### Collision !!! ### 
 ########  Status report at	 17:0:1:566 ------------------ ##### 
### Collision !!! ### 
 ########  Status report at	 17:0:1:583 ------------------ ##### 
### Collision !!! ### 
 ########  Status report at	 17:0:1:599 ------------------ ##### 
### Collision !!! ### 
 ########  Status report at	 17:0:1:616 ------------------ ##### 
### Collision !!! ### 
 ########  Status report at	 17:0:1:633 ------------------ ##### 
### Collision !!! ### 
 ########  Status report at	 17:0:1:649 ------------------ ##### 
### Collision !!! ### 
 ########  Status report at	 17:0:1:666 ------------------ ##### 
### Collision !!! ### 
 ########  Status report at	 17:0:1:683 ------------------ ##### 
### Collision !!! ### 
 ########  Status report at	 17:0:1:700 ------------------ ##### 
### Collision !!! ### 
 ########  Status report at	 17:0:1:717 ------------------ ##### 
### Collision !!! ### 
 ########  Status report at	 17:0:1:733 ------------------ ##### 
### Collision !!! ### 
 ########  Status report at	 17:0:1:750 ------------------ ##### 
### Collision !!! ### 
 ########  Status report at	 17:0:1:767 ------------------ ##### 
### Collision !!! ### 
 ########  Status report at	 17:0:1:783 ------------------ ##### 
### Collision !!! ### 
 ########  Status report at	 17:0:1:800 ------------------ ##### 
### Collision !!! ### 
 ########  Status report at	 17:0:1:816 ------------------ ##### 
### Collision !!! ### 
 ########  Status report at	 17:0:1:833 ------------------ ##### 
### Collision !!! ### 
 ########  Status report at	 17:0:1:850 ------------------ ##### 
### Collision !!! ### 
 ########  Status report at	 17:0:1:866 ------------------ ##### 
### Collision !!! ### 
 ########  Status report at	 17:0:1:883 ------------------ ##### 
### Collision !!! ### 
 ########  Status report at	 17:0:1:900 ------------------ ##### 
### Collision !!! ### 
 ########  Status report at	 17:0:1:916 ------------------ ##### 
### Collision !!! ### 
 ########  Status report at	 17:0:1:933 ------------------ ##### 
### Collision !!! ### 
 ########  Status report at	 17:0:1:949 ------------------ ##### 
### Collision !!! ### 
 ########  Status report at	 17:0:1:966 ------------------ ##### 
### Collision !!! ### 
 ########  Status report at	 17:0:1:983 ------------------ ##### 
### Collision !!! ### 
 ########  Status report at	 17:0:1:999 ------------------ ##### 
### Collision !!! ### 
 ########  Status report at	 17:0:12:78 ------------------ ##### 
### Collision !!! ### 
 ########  Status report at	 17:0:12:95 ------------------ ##### 
### Collision !!! ### 
 ########  Status report at	 17:0:12:111 ------------------ ##### 
### Collision !!! ### 
 ########  Status report at	 17:0:12:128 ------------------ ##### 
### Collision !!! ### 
 ########  Status report at	 17:0:12:145 ------------------ ##### 
### Collision !!! ### 
 ########  Status report at	 17:0:12:161 ------------------ ##### 
### Collision !!! ### 
 ########  Status report at	 17:0:12:178 ------------------ ##### 
### Collision !!! ### 
 ########  Status report at	 17:0:12:195 ------------------ ##### 
### Collision !!! ### 
 ########  Status report at	 17:0:12:211 ------------------ ##### 
### Collision !!! ### 
 ########  Status report at	 17:0:12:228 ------------------ ##### 
### Collision !!! ### 
 ########  Status report at	 17:0:12:244 ------------------ ##### 
### Collision !!! ### 
 ########  Status report at	 17:0:12:261 ------------------ ##### 
### Collision !!! ### 
 ########  Status report at	 17:0:12:278 ------------------ ##### 
### Collision !!! ### 
 ########  Status report at	 17:0:12:294 ------------------ ##### 
### Collision !!! ### 
 ########  Status report at	 17:0:12:328 ------------------ ##### 
### Collision !!! ### 
 ########  Status report at	 17:0:12:345 ------------------ ##### 
### Collision !!! ### 
 