La génération a démarré 22/03/2013 20:06:51.
     1>Projet "C:\Users\amghar\Documents\Visual Studio 2010\Projects\secondxp\secondxp\DualTouch\DualTouch.vcxproj" sur le nœud 2 (build cible(s)).
     1>InitializeBuildStatus:
         Création de "Debug\Multi target.unsuccessfulbuild", car "AlwaysCreate" a été spécifié.
       ClCompile:
         C:\Program Files\Microsoft Visual Studio 10.0\VC\bin\CL.exe /c /I"C:\sdk\bullet-2.78\src" /I"C:\sdk\freeglut-2.6.0\include" /ZI /nologo /W3 /WX- /Od /Oy- /D WIN32 /D _DEBUG /D _CONSOLE /D _UNICODE /D UNICODE /Gm /EHsc /RTC1 /MDd /GS /fp:precise /Zc:wchar_t /Zc:forScope /Fo"Debug\\" /Fd"Debug\vc100.pdb" /Gd /TP /analyze- /errorReport:prompt HapticDevice.cpp
         HapticDevice.cpp
     1>c:\users\amghar\documents\visual studio 2010\projects\secondxp\secondxp\dualtouch\hapticdevice.h(39): warning C4305: 'argument' : troncation de 'double' à 'const btScalar'
     1>c:\users\amghar\documents\visual studio 2010\projects\secondxp\secondxp\dualtouch\hapticdevice.h(39): warning C4305: 'argument' : troncation de 'double' à 'const btScalar'
     1>c:\users\amghar\documents\visual studio 2010\projects\secondxp\secondxp\dualtouch\hapticdevice.h(39): warning C4305: 'argument' : troncation de 'double' à 'const btScalar'
     1>c:\users\amghar\documents\visual studio 2010\projects\secondxp\secondxp\dualtouch\hapticdevice.cpp(468): warning C4305: '+=' : troncation de 'double' à 'btScalar'
     1>c:\users\amghar\documents\visual studio 2010\projects\secondxp\secondxp\dualtouch\hapticdevice.cpp(478): warning C4305: '=' : troncation de 'double' à 'btScalar'
     1>c:\users\amghar\documents\visual studio 2010\projects\secondxp\secondxp\dualtouch\hapticdevice.cpp(485): warning C4305: '=' : troncation de 'double' à 'btScalar'
     1>c:\users\amghar\documents\visual studio 2010\projects\secondxp\secondxp\dualtouch\hapticdevice.cpp(493): warning C4305: '=' : troncation de 'double' à 'btScalar'
     1>c:\users\amghar\documents\visual studio 2010\projects\secondxp\secondxp\dualtouch\hapticdevice.cpp(573): warning C4101: 'ttotal' : variable locale non référencée
     1>c:\users\amghar\documents\visual studio 2010\projects\secondxp\secondxp\dualtouch\hapticdevice.cpp(606): warning C4700: variable locale 'tnear' non initialisée utilisée
       ManifestResourceCompile:
         Toutes les sorties sont à jour.
       Link:
         C:\Program Files\Microsoft Visual Studio 10.0\VC\bin\link.exe /ERRORREPORT:PROMPT /OUT:"C:\Users\amghar\Documents\Visual Studio 2010\Projects\secondxp\secondxp\Debug\Multi target.exe" /INCREMENTAL /NOLOGO /LIBPATH:"C:\Program Files\SensAble\3DTouch\utilities\lib\Win32\Debug" /LIBPATH:"C:\Program Files\SensAble\3DTouch\lib\win32" /LIBPATH:"C:\sdk\bullet-2.81-rev2613\bullet-2.81-rev2613\Glut" /LIBPATH:"C:\sdk\bullet-2.81-rev2613\bullet-2.81-rev2613\lib" kernel32.lib user32.lib gdi32.lib winspool.lib comdlg32.lib advapi32.lib shell32.lib ole32.lib oleaut32.lib uuid.lib odbc32.lib odbccp32.lib /NODEFAULTLIB:libcmt.lib /NODEFAULTLIB:libcmtd.lib /MANIFEST /ManifestFile:"Debug\Multi target.exe.intermediate.manifest" /MANIFESTUAC:"level='asInvoker' uiAccess='false'" /DEBUG /PDB:"C:\Users\amghar\Documents\Visual Studio 2010\Projects\secondxp\secondxp\Debug\Multi target.pdb" /SUBSYSTEM:CONSOLE /TLBID:1 /DYNAMICBASE /NXCOMPAT /IMPLIB:"C:\Users\amghar\Documents\Visual Studio 2010\Projects\secondxp\secondxp\Debug\Multi target.lib" /MACHINE:X86 "Debug\Multi target.exe.embed.manifest.res"
         Debug\Camera.obj
         Debug\DualTouch.obj
         Debug\HapticDevice.obj
         Debug\Main.obj
         Debug\Object.obj
         Debug\Physic.obj
         Debug\Renderer.obj
         Debug\WindowsManager.obj
     1>hdu.lib(hduError.obj) : warning LNK4099: PDB 'vc100.pdb' n'a pu être trouvé avec 'hdu.lib(hduError.obj)' ou sur 'C:\Users\amghar\Documents\Visual Studio 2010\Projects\secondxp\secondxp\Debug\vc100.pdb' ; l'objet sera lié sans informations de débogage
       Manifest:
         C:\Program Files\Microsoft SDKs\Windows\v7.0A\bin\mt.exe /nologo /verbose /out:"Debug\Multi target.exe.embed.manifest" /manifest "Debug\Multi target.exe.intermediate.manifest"
         Toutes les sorties sont à jour.
       LinkEmbedManifest:
         Toutes les sorties sont à jour.
         DualTouch.vcxproj -> C:\Users\amghar\Documents\Visual Studio 2010\Projects\secondxp\secondxp\Debug\Multi target.exe
       FinalizeBuildStatus:
         Suppression du fichier "Debug\Multi target.unsuccessfulbuild".
         Mise à jour de l'horodatage "Debug\Multi target.lastbuildstate".
     1>Génération du projet "C:\Users\amghar\Documents\Visual Studio 2010\Projects\secondxp\secondxp\DualTouch\DualTouch.vcxproj" terminée (build cible(s)).

La génération a réussi.

Temps écoulé 00:00:04.80
