C:\USERS\AMGHAR\DOCUMENTS\VISUAL STUDIO 2010\PROJECTS\SECONDXP\SECONDXP\DEBUG\MULTI TARGET.EXE
C:\USERS\AMGHAR\DOCUMENTS\VISUAL STUDIO 2010\PROJECTS\SECONDXP\SECONDXP\DEBUG\MULTI TARGET.ILK
C:\USERS\AMGHAR\DOCUMENTS\VISUAL STUDIO 2010\PROJECTS\SECONDXP\SECONDXP\DEBUG\MULTI TARGET.PDB
C:\USERS\AMGHAR\DOCUMENTS\VISUAL STUDIO 2010\PROJECTS\SECONDXP\SECONDXP\DUALTOUCH\DEBUG\CAMERA.OBJ
C:\Users\amghar\Documents\Visual Studio 2010\Projects\secondxp\secondxp\DualTouch\Debug\cl.command.1.tlog
C:\Users\amghar\Documents\Visual Studio 2010\Projects\secondxp\secondxp\DualTouch\Debug\CL.read.1.tlog
C:\Users\amghar\Documents\Visual Studio 2010\Projects\secondxp\secondxp\DualTouch\Debug\CL.write.1.tlog
C:\USERS\AMGHAR\DOCUMENTS\VISUAL STUDIO 2010\PROJECTS\SECONDXP\SECONDXP\DUALTOUCH\DEBUG\DUALTOUCH.OBJ
C:\USERS\AMGHAR\DOCUMENTS\VISUAL STUDIO 2010\PROJECTS\SECONDXP\SECONDXP\DUALTOUCH\DEBUG\HAPTICDEVICE.OBJ
C:\Users\amghar\Documents\Visual Studio 2010\Projects\secondxp\secondxp\DualTouch\Debug\link.140.read.1.tlog
C:\Users\amghar\Documents\Visual Studio 2010\Projects\secondxp\secondxp\DualTouch\Debug\link.140.read.2.tlog
C:\Users\amghar\Documents\Visual Studio 2010\Projects\secondxp\secondxp\DualTouch\Debug\link.140.write.1.tlog
C:\Users\amghar\Documents\Visual Studio 2010\Projects\secondxp\secondxp\DualTouch\Debug\link.140-cvtres.read.1.tlog
C:\Users\amghar\Documents\Visual Studio 2010\Projects\secondxp\secondxp\DualTouch\Debug\link.140-cvtres.write.1.tlog
C:\Users\amghar\Documents\Visual Studio 2010\Projects\secondxp\secondxp\DualTouch\Debug\link.2896.read.1.tlog
C:\Users\amghar\Documents\Visual Studio 2010\Projects\secondxp\secondxp\DualTouch\Debug\link.2896.read.2.tlog
C:\Users\amghar\Documents\Visual Studio 2010\Projects\secondxp\secondxp\DualTouch\Debug\link.2896.write.1.tlog
C:\Users\amghar\Documents\Visual Studio 2010\Projects\secondxp\secondxp\DualTouch\Debug\link.2896-cvtres.read.1.tlog
C:\Users\amghar\Documents\Visual Studio 2010\Projects\secondxp\secondxp\DualTouch\Debug\link.2896-cvtres.write.1.tlog
C:\Users\amghar\Documents\Visual Studio 2010\Projects\secondxp\secondxp\DualTouch\Debug\link.command.1.tlog
C:\Users\amghar\Documents\Visual Studio 2010\Projects\secondxp\secondxp\DualTouch\Debug\link.read.1.tlog
C:\Users\amghar\Documents\Visual Studio 2010\Projects\secondxp\secondxp\DualTouch\Debug\link.read.2.tlog
C:\Users\amghar\Documents\Visual Studio 2010\Projects\secondxp\secondxp\DualTouch\Debug\link.write.1.tlog
C:\Users\amghar\Documents\Visual Studio 2010\Projects\secondxp\secondxp\DualTouch\Debug\link-cvtres.read.1.tlog
C:\Users\amghar\Documents\Visual Studio 2010\Projects\secondxp\secondxp\DualTouch\Debug\link-cvtres.write.1.tlog
C:\USERS\AMGHAR\DOCUMENTS\VISUAL STUDIO 2010\PROJECTS\SECONDXP\SECONDXP\DUALTOUCH\DEBUG\MAIN.OBJ
C:\Users\amghar\Documents\Visual Studio 2010\Projects\secondxp\secondxp\DualTouch\Debug\mt.command.1.tlog
C:\Users\amghar\Documents\Visual Studio 2010\Projects\secondxp\secondxp\DualTouch\Debug\mt.read.1.tlog
C:\Users\amghar\Documents\Visual Studio 2010\Projects\secondxp\secondxp\DualTouch\Debug\mt.write.1.tlog
C:\USERS\AMGHAR\DOCUMENTS\VISUAL STUDIO 2010\PROJECTS\SECONDXP\SECONDXP\DUALTOUCH\DEBUG\MULTI TARGET.EXE.EMBED.MANIFEST
C:\USERS\AMGHAR\DOCUMENTS\VISUAL STUDIO 2010\PROJECTS\SECONDXP\SECONDXP\DUALTOUCH\DEBUG\MULTI TARGET.EXE.EMBED.MANIFEST.RES
C:\USERS\AMGHAR\DOCUMENTS\VISUAL STUDIO 2010\PROJECTS\SECONDXP\SECONDXP\DUALTOUCH\DEBUG\MULTI TARGET.EXE.INTERMEDIATE.MANIFEST
C:\Users\amghar\Documents\Visual Studio 2010\Projects\secondxp\secondxp\DualTouch\Debug\Multi target_manifest.rc
C:\USERS\AMGHAR\DOCUMENTS\VISUAL STUDIO 2010\PROJECTS\SECONDXP\SECONDXP\DUALTOUCH\DEBUG\OBJECT.OBJ
C:\USERS\AMGHAR\DOCUMENTS\VISUAL STUDIO 2010\PROJECTS\SECONDXP\SECONDXP\DUALTOUCH\DEBUG\PHYSIC.OBJ
C:\Users\amghar\Documents\Visual Studio 2010\Projects\secondxp\secondxp\DualTouch\Debug\rc.command.1.tlog
C:\Users\amghar\Documents\Visual Studio 2010\Projects\secondxp\secondxp\DualTouch\Debug\rc.read.1.tlog
C:\Users\amghar\Documents\Visual Studio 2010\Projects\secondxp\secondxp\DualTouch\Debug\rc.write.1.tlog
C:\USERS\AMGHAR\DOCUMENTS\VISUAL STUDIO 2010\PROJECTS\SECONDXP\SECONDXP\DUALTOUCH\DEBUG\RENDERER.OBJ
C:\Users\amghar\Documents\Visual Studio 2010\Projects\secondxp\secondxp\DualTouch\Debug\vc100.idb
C:\USERS\AMGHAR\DOCUMENTS\VISUAL STUDIO 2010\PROJECTS\SECONDXP\SECONDXP\DUALTOUCH\DEBUG\VC100.PDB
C:\USERS\AMGHAR\DOCUMENTS\VISUAL STUDIO 2010\PROJECTS\SECONDXP\SECONDXP\DUALTOUCH\DEBUG\WINDOWSMANAGER.OBJ
